loading app simple_switch_14.py
Using TensorFlow backend.
loading app ryu.controller.ofp_handler
instantiating app simple_switch_14.py of SimpleSwitch14
2019-04-05 21:13:18.162769: I tensorflow/core/platform/cpu_feature_guard.cc:141] Your CPU supports instructions that this TensorFlow binary was not compiled to use: AVX2
/usr/local/lib/python2.7/dist-packages/sklearn/base.py:251: UserWarning: Trying to unpickle estimator StandardScaler from version 0.20.3 when using version 0.20.2. This might lead to breaking code or invalid results. Use at your own risk.
  UserWarning)
05-04-2019 21:13:19 [DNN module] DNN module initialized
05-04-2019 21:13:19 [DNN module] Waiting for forwarders...
instantiating app ryu.controller.ofp_handler of OFPHandler
05-04-2019 21:13:20 [DNN module] Getting datapaths of the forwarders...
05-04-2019 21:13:20 [DNN module] Starting new iteration...
05-04-2019 21:13:20 [DNN module] Updating the status of the forwarders...
05-04-2019 21:13:20 [DNN module] Getting active ports of the forwarders...
05-04-2019 21:13:20 [DNN module] Datapath: <ryu.controller.controller.Datapath object at 0x7f0b08234090>
[3]: Requesting port stats...
05-04-2019 21:13:20 [DNN module] Datapath: <ryu.controller.controller.Datapath object at 0x7f0b0821cfd0>
[1]: Requesting port stats...
05-04-2019 21:13:20 [DNN module] Datapath: <ryu.controller.controller.Datapath object at 0x7f0b08234150>
[2]: Requesting port stats...
[1]: Received port stats
[2]: Received port stats
[3]: Received port stats
05-04-2019 21:13:21 [DNN module] Forwarders: {<ryu.controller.controller.Datapath object at 0x7f0b08234090>: [1, 4294967294], <ryu.controller.controller.Datapath object at 0x7f0b0821cfd0>: [1, 4294967294], <ryu.controller.controller.Datapath object at 0x7f0b08234150>: [4294967294, 1, 2]}
[3]: Requesting flow stats...
[3]: Requesting flow stats...
[1]: Requesting flow stats...
[1]: Requesting flow stats...
[2]: Requesting flow stats...
[2]: Requesting flow stats...
[2]: Requesting flow stats...
[1]: Received flow stats
[1]: Received flow stats
[2]: Received flow stats
[2]: Received flow stats
[2]: Received flow stats
[3]: Received flow stats
[3]: Received flow stats
[3]: Counters reset done
[1]: Counters reset done
[2]: Counters reset done
05-04-2019 21:13:22 [DNN module] No flow stats available
05-04-2019 21:13:22 [DNN module] Iteration done.
05-04-2019 21:13:22  ************************************************************
05-04-2019 21:13:27 [DNN module] Starting new iteration...
05-04-2019 21:13:27 [DNN module] Updating the status of the forwarders...
05-04-2019 21:13:27 [DNN module] Getting active ports of the forwarders...
05-04-2019 21:13:27 [DNN module] Datapath: <ryu.controller.controller.Datapath object at 0x7f0b08234090>
[3]: Requesting port stats...
05-04-2019 21:13:27 [DNN module] Datapath: <ryu.controller.controller.Datapath object at 0x7f0b0821cfd0>
[1]: Requesting port stats...
05-04-2019 21:13:27 [DNN module] Datapath: <ryu.controller.controller.Datapath object at 0x7f0b08234150>
[2]: Requesting port stats...
[1]: Received port stats
[2]: Received port stats
[3]: Received port stats
05-04-2019 21:13:28 [DNN module] Forwarders: {<ryu.controller.controller.Datapath object at 0x7f0b08234090>: [1, 4294967294], <ryu.controller.controller.Datapath object at 0x7f0b0821cfd0>: [1, 4294967294], <ryu.controller.controller.Datapath object at 0x7f0b08234150>: [4294967294, 1, 2]}
[3]: Requesting flow stats...
[3]: Requesting flow stats...
[1]: Requesting flow stats...
[1]: Requesting flow stats...
[2]: Requesting flow stats...
[2]: Requesting flow stats...
[2]: Requesting flow stats...
[1]: Received flow stats
[1]: Received flow stats
[3]: Received flow stats
[3]: Received flow stats
[2]: Received flow stats
[2]: Received flow stats
[2]: Received flow stats
[3]: Counters reset done
[1]: Counters reset done
[2]: Counters reset done
05-04-2019 21:13:29 [DNN module] No flow stats available
05-04-2019 21:13:29 [DNN module] Iteration done.
05-04-2019 21:13:29  ************************************************************
05-04-2019 21:13:34 [DNN module] Starting new iteration...
05-04-2019 21:13:34 [DNN module] Updating the status of the forwarders...
05-04-2019 21:13:34 [DNN module] Getting active ports of the forwarders...
05-04-2019 21:13:34 [DNN module] Datapath: <ryu.controller.controller.Datapath object at 0x7f0b08234090>
[3]: Requesting port stats...
05-04-2019 21:13:34 [DNN module] Datapath: <ryu.controller.controller.Datapath object at 0x7f0b0821cfd0>
[1]: Requesting port stats...
05-04-2019 21:13:34 [DNN module] Datapath: <ryu.controller.controller.Datapath object at 0x7f0b08234150>
[2]: Requesting port stats...
[1]: Received port stats
[3]: Received port stats
[2]: Received port stats
05-04-2019 21:13:35 [DNN module] Forwarders: {<ryu.controller.controller.Datapath object at 0x7f0b08234090>: [1, 4294967294], <ryu.controller.controller.Datapath object at 0x7f0b0821cfd0>: [1, 4294967294], <ryu.controller.controller.Datapath object at 0x7f0b08234150>: [4294967294, 1, 2]}
[3]: Requesting flow stats...
[3]: Requesting flow stats...
[1]: Requesting flow stats...
[1]: Requesting flow stats...
[2]: Requesting flow stats...
[2]: Requesting flow stats...
[2]: Requesting flow stats...
[1]: Received flow stats
[1]: Received flow stats
[2]: Received flow stats
[2]: Received flow stats
[2]: Received flow stats
[3]: Received flow stats
[3]: Received flow stats
[3]: Counters reset done
[1]: Counters reset done
[2]: Counters reset done
05-04-2019 21:13:36 [DNN module] No flow stats available
05-04-2019 21:13:36 [DNN module] Actual MAC to port table:
05-04-2019 21:13:36 Switch 1:
05-04-2019 21:13:36 00:00:00:00:00:02 1
05-04-2019 21:13:36 Switch 2:
05-04-2019 21:13:36 00:00:00:00:00:02 2
05-04-2019 21:13:36 [DNN module] Iteration done.
05-04-2019 21:13:36  ************************************************************
05-04-2019 21:13:41 [DNN module] Starting new iteration...
05-04-2019 21:13:41 [DNN module] Updating the status of the forwarders...
05-04-2019 21:13:41 [DNN module] Getting active ports of the forwarders...
05-04-2019 21:13:41 [DNN module] Datapath: <ryu.controller.controller.Datapath object at 0x7f0b08234090>
[3]: Requesting port stats...
05-04-2019 21:13:41 [DNN module] Datapath: <ryu.controller.controller.Datapath object at 0x7f0b0821cfd0>
[1]: Requesting port stats...
05-04-2019 21:13:41 [DNN module] Datapath: <ryu.controller.controller.Datapath object at 0x7f0b08234150>
[2]: Requesting port stats...
[1]: Received port stats
[3]: Received port stats
[2]: Received port stats
05-04-2019 21:13:42 [DNN module] Forwarders: {<ryu.controller.controller.Datapath object at 0x7f0b08234090>: [1, 4294967294], <ryu.controller.controller.Datapath object at 0x7f0b0821cfd0>: [1, 4294967294], <ryu.controller.controller.Datapath object at 0x7f0b08234150>: [4294967294, 1, 2]}
[3]: Requesting flow stats...
[3]: Requesting flow stats...
[1]: Requesting flow stats...
[1]: Requesting flow stats...
[2]: Requesting flow stats...
[2]: Requesting flow stats...
[2]: Requesting flow stats...
[1]: Received flow stats
[1]: Received flow stats
[2]: Received flow stats
[2]: Received flow stats
[2]: Received flow stats
[3]: Received flow stats
[3]: Received flow stats
[3]: Counters reset done
[1]: Counters reset done
[2]: Counters reset done
05-04-2019 21:13:43 [DNN module] No flow stats available
05-04-2019 21:13:43 [DNN module] Actual MAC to port table:
05-04-2019 21:13:43 Switch 1:
05-04-2019 21:13:43 00:00:00:00:00:02 1
05-04-2019 21:13:43 Switch 2:
05-04-2019 21:13:43 00:00:00:00:00:02 2
05-04-2019 21:13:43 [DNN module] Iteration done.
05-04-2019 21:13:43  ************************************************************
05-04-2019 21:13:48 [DNN module] Starting new iteration...
05-04-2019 21:13:48 [DNN module] Updating the status of the forwarders...
05-04-2019 21:13:48 [DNN module] Getting active ports of the forwarders...
05-04-2019 21:13:48 [DNN module] Datapath: <ryu.controller.controller.Datapath object at 0x7f0b08234090>
[3]: Requesting port stats...
05-04-2019 21:13:48 [DNN module] Datapath: <ryu.controller.controller.Datapath object at 0x7f0b0821cfd0>
[1]: Requesting port stats...
05-04-2019 21:13:48 [DNN module] Datapath: <ryu.controller.controller.Datapath object at 0x7f0b08234150>
[2]: Requesting port stats...
[3]: Received port stats
[1]: Received port stats
[2]: Received port stats
05-04-2019 21:13:49 [DNN module] Forwarders: {<ryu.controller.controller.Datapath object at 0x7f0b08234090>: [1, 4294967294], <ryu.controller.controller.Datapath object at 0x7f0b0821cfd0>: [1, 4294967294], <ryu.controller.controller.Datapath object at 0x7f0b08234150>: [4294967294, 1, 2]}
[3]: Requesting flow stats...
[3]: Requesting flow stats...
[1]: Requesting flow stats...
[1]: Requesting flow stats...
[2]: Requesting flow stats...
[2]: Requesting flow stats...
[2]: Requesting flow stats...
[3]: Received flow stats
[3]: Received flow stats
[1]: Received flow stats
[1]: Received flow stats
[2]: Received flow stats
[2]: Received flow stats
[2]: Received flow stats
[3]: Counters reset done
[1]: Counters reset done
[2]: Counters reset done
05-04-2019 21:13:50 [DNN module] No flow stats available
05-04-2019 21:13:50 [DNN module] Actual MAC to port table:
05-04-2019 21:13:50 Switch 1:
05-04-2019 21:13:50 00:00:00:00:00:02 1
05-04-2019 21:13:50 Switch 2:
05-04-2019 21:13:50 00:00:00:00:00:02 2
05-04-2019 21:13:50 [DNN module] Iteration done.
05-04-2019 21:13:50  ************************************************************
05-04-2019 21:13:55 [DNN module] Starting new iteration...
05-04-2019 21:13:55 [DNN module] Updating the status of the forwarders...
05-04-2019 21:13:55 [DNN module] Getting active ports of the forwarders...
05-04-2019 21:13:55 [DNN module] Datapath: <ryu.controller.controller.Datapath object at 0x7f0b08234090>
[3]: Requesting port stats...
05-04-2019 21:13:55 [DNN module] Datapath: <ryu.controller.controller.Datapath object at 0x7f0b0821cfd0>
[1]: Requesting port stats...
05-04-2019 21:13:55 [DNN module] Datapath: <ryu.controller.controller.Datapath object at 0x7f0b08234150>
[2]: Requesting port stats...
[1]: Received port stats
[2]: Received port stats
[3]: Received port stats
05-04-2019 21:13:56 [DNN module] Forwarders: {<ryu.controller.controller.Datapath object at 0x7f0b08234090>: [1, 4294967294], <ryu.controller.controller.Datapath object at 0x7f0b0821cfd0>: [1, 4294967294], <ryu.controller.controller.Datapath object at 0x7f0b08234150>: [4294967294, 1, 2]}
[3]: Requesting flow stats...
[3]: Requesting flow stats...
[1]: Requesting flow stats...
[1]: Requesting flow stats...
[2]: Requesting flow stats...
[2]: Requesting flow stats...
[2]: Requesting flow stats...
[2]: Received flow stats
[2]: Received flow stats
[2]: Received flow stats
[3]: Received flow stats
[3]: Received flow stats
[1]: Received flow stats
[1]: Received flow stats
[3]: Counters reset done
[1]: Counters reset done
[2]: Counters reset done
05-04-2019 21:13:57 [DNN module] No flow stats available
05-04-2019 21:13:57 [DNN module] Actual MAC to port table:
05-04-2019 21:13:57 Switch 1:
05-04-2019 21:13:57 00:00:00:00:00:02 1
05-04-2019 21:13:57 Switch 2:
05-04-2019 21:13:57 00:00:00:00:00:02 2
05-04-2019 21:13:57 [DNN module] Iteration done.
05-04-2019 21:13:57  ************************************************************
05-04-2019 21:14:02 [DNN module] Starting new iteration...
05-04-2019 21:14:02 [DNN module] Updating the status of the forwarders...
05-04-2019 21:14:02 [DNN module] Getting active ports of the forwarders...
05-04-2019 21:14:02 [DNN module] Datapath: <ryu.controller.controller.Datapath object at 0x7f0b08234090>
[3]: Requesting port stats...
05-04-2019 21:14:02 [DNN module] Datapath: <ryu.controller.controller.Datapath object at 0x7f0b0821cfd0>
[1]: Requesting port stats...
05-04-2019 21:14:02 [DNN module] Datapath: <ryu.controller.controller.Datapath object at 0x7f0b08234150>
[2]: Requesting port stats...
[1]: Received port stats
[3]: Received port stats
[2]: Received port stats
05-04-2019 21:14:03 [DNN module] Forwarders: {<ryu.controller.controller.Datapath object at 0x7f0b08234090>: [1, 4294967294], <ryu.controller.controller.Datapath object at 0x7f0b0821cfd0>: [1, 4294967294], <ryu.controller.controller.Datapath object at 0x7f0b08234150>: [4294967294, 1, 2]}
[3]: Requesting flow stats...
[3]: Requesting flow stats...
[1]: Requesting flow stats...
[1]: Requesting flow stats...
[2]: Requesting flow stats...
[2]: Requesting flow stats...
[2]: Requesting flow stats...
[1]: Received flow stats
[1]: Received flow stats
[2]: Received flow stats
[2]: Received flow stats
[2]: Received flow stats
[3]: Received flow stats
[3]: Received flow stats
[3]: Counters reset done
[1]: Counters reset done
[2]: Counters reset done
05-04-2019 21:14:04 [DNN module] No flow stats available
05-04-2019 21:14:04 [DNN module] Actual MAC to port table:
05-04-2019 21:14:04 Switch 1:
05-04-2019 21:14:04 00:00:00:00:00:02 1
05-04-2019 21:14:04 Switch 2:
05-04-2019 21:14:04 00:00:00:00:00:02 2
05-04-2019 21:14:04 [DNN module] Iteration done.
05-04-2019 21:14:04  ************************************************************
05-04-2019 21:14:09 [DNN module] Starting new iteration...
05-04-2019 21:14:09 [DNN module] Updating the status of the forwarders...
05-04-2019 21:14:09 [DNN module] Getting active ports of the forwarders...
05-04-2019 21:14:09 [DNN module] Datapath: <ryu.controller.controller.Datapath object at 0x7f0b08234090>
[3]: Requesting port stats...
05-04-2019 21:14:09 [DNN module] Datapath: <ryu.controller.controller.Datapath object at 0x7f0b0821cfd0>
[1]: Requesting port stats...
05-04-2019 21:14:09 [DNN module] Datapath: <ryu.controller.controller.Datapath object at 0x7f0b08234150>
[2]: Requesting port stats...
[1]: Received port stats
[3]: Received port stats
[2]: Received port stats
05-04-2019 21:14:10 [DNN module] Forwarders: {<ryu.controller.controller.Datapath object at 0x7f0b08234090>: [1, 4294967294], <ryu.controller.controller.Datapath object at 0x7f0b0821cfd0>: [1, 4294967294], <ryu.controller.controller.Datapath object at 0x7f0b08234150>: [4294967294, 1, 2]}
[3]: Requesting flow stats...
[3]: Requesting flow stats...
[1]: Requesting flow stats...
[1]: Requesting flow stats...
[2]: Requesting flow stats...
[2]: Requesting flow stats...
[2]: Requesting flow stats...
[1]: Received flow stats
[1]: Received flow stats
[3]: Received flow stats
[3]: Received flow stats
[2]: Received flow stats
[2]: Received flow stats
[2]: Received flow stats
[3]: Counters reset done
[1]: Counters reset done
[2]: Counters reset done
05-04-2019 21:14:11 [DNN module] Processing 329 packet_ins...
05-04-2019 21:14:11 Packet_ins flows before unique:
05-04-2019 21:14:11 Unique packet_ins flows:
05-04-2019 21:14:11 [DNN module] After unifying we have 329 packet_ins.
/home/jozef/PycharmProjects/DP_Security_improvements/controller_scripts/dnn_module.py:481: DataConversionWarning: Data with input dtype object were all converted to float64 by StandardScaler.
  return self.scaler.transform(samples)
05-04-2019 21:14:11 [DNN module] Evaluation of the flows is going to be saved into ../results/tmp.dump
05-04-2019 21:14:11 [DNN module] Evaluation of the flows is successfully saved
05-04-2019 21:14:11 [DNN module] Actual MAC to port table:
05-04-2019 21:14:11 Switch 1:
05-04-2019 21:14:11 00:00:00:00:00:02 1
05-04-2019 21:14:11 Switch 2:
05-04-2019 21:14:11 00:00:00:00:00:02 2
05-04-2019 21:14:11 00:00:00:00:00:01 1
05-04-2019 21:14:11 Switch 3:
05-04-2019 21:14:11 00:00:00:00:00:01 1
05-04-2019 21:14:11 [DNN module] Iteration done.
05-04-2019 21:14:11  ************************************************************
05-04-2019 21:14:16 [DNN module] Starting new iteration...
05-04-2019 21:14:16 [DNN module] Updating the status of the forwarders...
05-04-2019 21:14:16 [DNN module] Getting active ports of the forwarders...
05-04-2019 21:14:16 [DNN module] Datapath: <ryu.controller.controller.Datapath object at 0x7f0b08234090>
[3]: Requesting port stats...
05-04-2019 21:14:17 [DNN module] Datapath: <ryu.controller.controller.Datapath object at 0x7f0b0821cfd0>
[1]: Requesting port stats...
05-04-2019 21:14:17 [DNN module] Datapath: <ryu.controller.controller.Datapath object at 0x7f0b08234150>
[2]: Requesting port stats...
[1]: Received port stats
[2]: Received port stats
[3]: Received port stats
05-04-2019 21:14:18 [DNN module] Forwarders: {<ryu.controller.controller.Datapath object at 0x7f0b08234090>: [1, 4294967294], <ryu.controller.controller.Datapath object at 0x7f0b0821cfd0>: [1, 4294967294], <ryu.controller.controller.Datapath object at 0x7f0b08234150>: [4294967294, 1, 2]}
[3]: Requesting flow stats...
[3]: Requesting flow stats...
[1]: Requesting flow stats...
[1]: Requesting flow stats...
[2]: Requesting flow stats...
[2]: Requesting flow stats...
[2]: Requesting flow stats...
[3]: Received flow stats
[3]: Received flow stats
[2]: Received flow stats
[2]: Received flow stats
[2]: Received flow stats
[1]: Received flow stats
[1]: Received flow stats
[3]: Counters reset done
[1]: Counters reset done
[2]: Counters reset done
05-04-2019 21:14:19 [DNN module] Processing 571 packet_ins...
05-04-2019 21:14:19 Packet_ins flows before unique:
05-04-2019 21:14:19 Unique packet_ins flows:
05-04-2019 21:14:19 [DNN module] After unifying we have 571 packet_ins.
05-04-2019 21:14:19 [DNN module] Evaluation of the flows is going to be saved into ../results/tmp.dump
05-04-2019 21:14:19 [DNN module] Evaluation of the flows is successfully saved
05-04-2019 21:14:19 [DNN module] Actual MAC to port table:
05-04-2019 21:14:19 Switch 1:
05-04-2019 21:14:19 00:00:00:00:00:02 1
05-04-2019 21:14:19 Switch 2:
05-04-2019 21:14:19 00:00:00:00:00:02 2
05-04-2019 21:14:19 00:00:00:00:00:01 1
05-04-2019 21:14:19 Switch 3:
05-04-2019 21:14:19 00:00:00:00:00:01 1
05-04-2019 21:14:19 [DNN module] Iteration done.
05-04-2019 21:14:19  ************************************************************
05-04-2019 21:14:24 [DNN module] Starting new iteration...
05-04-2019 21:14:24 [DNN module] Updating the status of the forwarders...
05-04-2019 21:14:24 [DNN module] Getting active ports of the forwarders...
05-04-2019 21:14:24 [DNN module] Datapath: <ryu.controller.controller.Datapath object at 0x7f0b08234090>
[3]: Requesting port stats...
05-04-2019 21:14:24 [DNN module] Datapath: <ryu.controller.controller.Datapath object at 0x7f0b0821cfd0>
[1]: Requesting port stats...
05-04-2019 21:14:24 [DNN module] Datapath: <ryu.controller.controller.Datapath object at 0x7f0b08234150>
[2]: Requesting port stats...
[1]: Received port stats
[3]: Received port stats
[2]: Received port stats
05-04-2019 21:14:25 [DNN module] Forwarders: {<ryu.controller.controller.Datapath object at 0x7f0b08234090>: [1, 4294967294], <ryu.controller.controller.Datapath object at 0x7f0b0821cfd0>: [1, 4294967294], <ryu.controller.controller.Datapath object at 0x7f0b08234150>: [4294967294, 1, 2]}
[3]: Requesting flow stats...
[3]: Requesting flow stats...
[1]: Requesting flow stats...
[1]: Requesting flow stats...
[2]: Requesting flow stats...
[2]: Requesting flow stats...
[2]: Requesting flow stats...
[1]: Received flow stats
[1]: Received flow stats
[3]: Received flow stats
[3]: Received flow stats
[2]: Received flow stats
[2]: Received flow stats
[2]: Received flow stats
[3]: Counters reset done
[1]: Counters reset done
[2]: Counters reset done
05-04-2019 21:14:27 [DNN module] Processing 691 packet_ins...
05-04-2019 21:14:27 Packet_ins flows before unique:
05-04-2019 21:14:27 Unique packet_ins flows:
05-04-2019 21:14:27 [DNN module] After unifying we have 691 packet_ins.
05-04-2019 21:14:28 [DNN module] Evaluation of the flows is going to be saved into ../results/tmp.dump
05-04-2019 21:14:28 [DNN module] Evaluation of the flows is successfully saved
05-04-2019 21:14:28 [DNN module] Actual MAC to port table:
05-04-2019 21:14:28 Switch 1:
05-04-2019 21:14:28 00:00:00:00:00:02 1
05-04-2019 21:14:28 Switch 2:
05-04-2019 21:14:28 00:00:00:00:00:02 2
05-04-2019 21:14:28 00:00:00:00:00:01 1
05-04-2019 21:14:28 Switch 3:
05-04-2019 21:14:28 00:00:00:00:00:01 1
05-04-2019 21:14:28 [DNN module] Iteration done.
05-04-2019 21:14:28  ************************************************************
05-04-2019 21:14:33 [DNN module] Starting new iteration...
05-04-2019 21:14:33 [DNN module] Updating the status of the forwarders...
05-04-2019 21:14:33 [DNN module] Getting active ports of the forwarders...
05-04-2019 21:14:33 [DNN module] Datapath: <ryu.controller.controller.Datapath object at 0x7f0b08234090>
[3]: Requesting port stats...
05-04-2019 21:14:33 [DNN module] Datapath: <ryu.controller.controller.Datapath object at 0x7f0b0821cfd0>
[1]: Requesting port stats...
05-04-2019 21:14:33 [DNN module] Datapath: <ryu.controller.controller.Datapath object at 0x7f0b08234150>
[2]: Requesting port stats...
[1]: Received port stats
[2]: Received port stats
[3]: Received port stats
05-04-2019 21:14:34 [DNN module] Forwarders: {<ryu.controller.controller.Datapath object at 0x7f0b08234090>: [1, 4294967294], <ryu.controller.controller.Datapath object at 0x7f0b0821cfd0>: [1, 4294967294], <ryu.controller.controller.Datapath object at 0x7f0b08234150>: [4294967294, 1, 2]}
[3]: Requesting flow stats...
[3]: Requesting flow stats...
[1]: Requesting flow stats...
[1]: Requesting flow stats...
[2]: Requesting flow stats...
[2]: Requesting flow stats...
[2]: Requesting flow stats...
[3]: Received flow stats
[3]: Received flow stats
[2]: Received flow stats
[2]: Received flow stats
[2]: Received flow stats
[2]: Received flow stats
[1]: Received flow stats
[1]: Received flow stats
05-04-2019 21:15:04 [DNN module] Wrong number of flow stats replies received
05-04-2019 21:15:04 [DNN module] Record count is 7
05-04-2019 21:15:04 [DNN module] Size of the queue is 8
05-04-2019 21:15:04 [DNN module] Actual MAC to port table:
05-04-2019 21:15:04 Switch 1:
05-04-2019 21:15:04 00:00:00:00:00:02 1
05-04-2019 21:15:04 Switch 2:
05-04-2019 21:15:04 00:00:00:00:00:02 2
05-04-2019 21:15:04 00:00:00:00:00:01 1
05-04-2019 21:15:04 Switch 3:
05-04-2019 21:15:04 00:00:00:00:00:01 1
05-04-2019 21:15:04 [DNN module] Iteration done.
05-04-2019 21:15:04  ************************************************************
05-04-2019 21:15:09 [DNN module] Starting new iteration...
05-04-2019 21:15:09 [DNN module] Updating the status of the forwarders...
05-04-2019 21:15:09 [DNN module] Getting active ports of the forwarders...
05-04-2019 21:15:09 [DNN module] Datapath: <ryu.controller.controller.Datapath object at 0x7f0b08234090>
[3]: Requesting port stats...
05-04-2019 21:15:09 [DNN module] Datapath: <ryu.controller.controller.Datapath object at 0x7f0b0821cfd0>
[1]: Requesting port stats...
05-04-2019 21:15:09 [DNN module] Datapath: <ryu.controller.controller.Datapath object at 0x7f0b08234150>
[2]: Requesting port stats...
[1]: Received port stats
[2]: Received port stats
[3]: Received port stats
05-04-2019 21:15:10 [DNN module] Forwarders: {<ryu.controller.controller.Datapath object at 0x7f0b08234090>: [1, 4294967294], <ryu.controller.controller.Datapath object at 0x7f0b0821cfd0>: [1, 4294967294], <ryu.controller.controller.Datapath object at 0x7f0b08234150>: [4294967294, 1, 2]}
[3]: Requesting flow stats...
[3]: Requesting flow stats...
[1]: Requesting flow stats...
[1]: Requesting flow stats...
[2]: Requesting flow stats...
[2]: Requesting flow stats...
[2]: Requesting flow stats...
[1]: Received flow stats
[1]: Received flow stats
[2]: Received flow stats
[3]: Received flow stats
[3]: Received flow stats
[2]: Received flow stats
[2]: Received flow stats
[2]: Received flow stats
[2]: Received flow stats
[2]: Received flow stats
05-04-2019 21:15:40 [DNN module] Wrong number of flow stats replies received
05-04-2019 21:15:40 [DNN module] Record count is 7
05-04-2019 21:15:40 [DNN module] Size of the queue is 10
05-04-2019 21:15:40 [DNN module] Actual MAC to port table:
05-04-2019 21:15:40 Switch 1:
05-04-2019 21:15:40 00:00:00:00:00:02 1
05-04-2019 21:15:40 Switch 2:
05-04-2019 21:15:40 00:00:00:00:00:02 2
05-04-2019 21:15:40 00:00:00:00:00:01 1
05-04-2019 21:15:40 Switch 3:
05-04-2019 21:15:40 00:00:00:00:00:01 1
05-04-2019 21:15:40 [DNN module] Iteration done.
05-04-2019 21:15:40  ************************************************************
05-04-2019 21:15:45 [DNN module] Starting new iteration...
05-04-2019 21:15:45 [DNN module] Updating the status of the forwarders...
05-04-2019 21:15:45 [DNN module] Getting active ports of the forwarders...
05-04-2019 21:15:45 [DNN module] Datapath: <ryu.controller.controller.Datapath object at 0x7f0b08234090>
[3]: Requesting port stats...
05-04-2019 21:15:45 [DNN module] Datapath: <ryu.controller.controller.Datapath object at 0x7f0b0821cfd0>
[1]: Requesting port stats...
05-04-2019 21:15:45 [DNN module] Datapath: <ryu.controller.controller.Datapath object at 0x7f0b08234150>
[2]: Requesting port stats...
[1]: Received port stats
[2]: Received port stats
[3]: Received port stats
05-04-2019 21:15:46 [DNN module] Forwarders: {<ryu.controller.controller.Datapath object at 0x7f0b08234090>: [1, 4294967294], <ryu.controller.controller.Datapath object at 0x7f0b0821cfd0>: [1, 4294967294], <ryu.controller.controller.Datapath object at 0x7f0b08234150>: [4294967294, 1, 2]}
[3]: Requesting flow stats...
[3]: Requesting flow stats...
[1]: Requesting flow stats...
[1]: Requesting flow stats...
[2]: Requesting flow stats...
[2]: Requesting flow stats...
[2]: Requesting flow stats...
[1]: Received flow stats
[1]: Received flow stats
[3]: Received flow stats
[3]: Received flow stats
[2]: Received flow stats
[2]: Received flow stats
[2]: Received flow stats
[2]: Received flow stats
[2]: Received flow stats
[2]: Received flow stats
05-04-2019 21:16:16 [DNN module] Wrong number of flow stats replies received
05-04-2019 21:16:16 [DNN module] Record count is 7
05-04-2019 21:16:16 [DNN module] Size of the queue is 10
05-04-2019 21:16:16 [DNN module] Actual MAC to port table:
05-04-2019 21:16:16 Switch 1:
05-04-2019 21:16:16 00:00:00:00:00:02 1
05-04-2019 21:16:16 Switch 2:
05-04-2019 21:16:16 00:00:00:00:00:02 2
05-04-2019 21:16:16 00:00:00:00:00:01 1
05-04-2019 21:16:16 Switch 3:
05-04-2019 21:16:16 00:00:00:00:00:01 1
05-04-2019 21:16:16 [DNN module] Iteration done.
05-04-2019 21:16:16  ************************************************************
05-04-2019 21:16:21 [DNN module] Starting new iteration...
05-04-2019 21:16:21 [DNN module] Updating the status of the forwarders...
05-04-2019 21:16:21 [DNN module] Getting active ports of the forwarders...
05-04-2019 21:16:21 [DNN module] Datapath: <ryu.controller.controller.Datapath object at 0x7f0b08234090>
[3]: Requesting port stats...
05-04-2019 21:16:21 [DNN module] Datapath: <ryu.controller.controller.Datapath object at 0x7f0b0821cfd0>
[1]: Requesting port stats...
05-04-2019 21:16:21 [DNN module] Datapath: <ryu.controller.controller.Datapath object at 0x7f0b08234150>
[2]: Requesting port stats...
[1]: Received port stats
[2]: Received port stats
[3]: Received port stats
05-04-2019 21:16:22 [DNN module] Forwarders: {<ryu.controller.controller.Datapath object at 0x7f0b08234090>: [1, 4294967294], <ryu.controller.controller.Datapath object at 0x7f0b0821cfd0>: [1, 4294967294], <ryu.controller.controller.Datapath object at 0x7f0b08234150>: [4294967294, 1, 2]}
[3]: Requesting flow stats...
[3]: Requesting flow stats...
[1]: Requesting flow stats...
[1]: Requesting flow stats...
[2]: Requesting flow stats...
[2]: Requesting flow stats...
[2]: Requesting flow stats...
[2]: Received flow stats
[1]: Received flow stats
[1]: Received flow stats
[3]: Received flow stats
[3]: Received flow stats
[2]: Received flow stats
[2]: Received flow stats
[2]: Received flow stats
[2]: Received flow stats
[2]: Received flow stats
05-04-2019 21:16:52 [DNN module] Wrong number of flow stats replies received
05-04-2019 21:16:52 [DNN module] Record count is 7
05-04-2019 21:16:52 [DNN module] Size of the queue is 10
05-04-2019 21:16:52 [DNN module] Actual MAC to port table:
05-04-2019 21:16:52 Switch 1:
05-04-2019 21:16:52 00:00:00:00:00:02 1
05-04-2019 21:16:52 Switch 2:
05-04-2019 21:16:52 00:00:00:00:00:02 2
05-04-2019 21:16:52 00:00:00:00:00:01 1
05-04-2019 21:16:52 Switch 3:
05-04-2019 21:16:52 00:00:00:00:00:01 1
05-04-2019 21:16:52 [DNN module] Iteration done.
05-04-2019 21:16:52  ************************************************************
05-04-2019 21:16:57 [DNN module] Starting new iteration...
05-04-2019 21:16:57 [DNN module] Updating the status of the forwarders...
05-04-2019 21:16:57 [DNN module] Getting active ports of the forwarders...
05-04-2019 21:16:57 [DNN module] Datapath: <ryu.controller.controller.Datapath object at 0x7f0b08234090>
[3]: Requesting port stats...
05-04-2019 21:16:57 [DNN module] Datapath: <ryu.controller.controller.Datapath object at 0x7f0b0821cfd0>
[1]: Requesting port stats...
05-04-2019 21:16:57 [DNN module] Datapath: <ryu.controller.controller.Datapath object at 0x7f0b08234150>
[2]: Requesting port stats...
[2]: Received port stats
[3]: Received port stats
[1]: Received port stats
05-04-2019 21:16:58 [DNN module] Forwarders: {<ryu.controller.controller.Datapath object at 0x7f0b08234090>: [1, 4294967294], <ryu.controller.controller.Datapath object at 0x7f0b0821cfd0>: [1, 4294967294], <ryu.controller.controller.Datapath object at 0x7f0b08234150>: [4294967294, 1, 2]}
[3]: Requesting flow stats...
[3]: Requesting flow stats...
[1]: Requesting flow stats...
[1]: Requesting flow stats...
[2]: Requesting flow stats...
[2]: Requesting flow stats...
[2]: Requesting flow stats...
[1]: Received flow stats
[1]: Received flow stats
[3]: Received flow stats
[3]: Received flow stats
[2]: Received flow stats
[2]: Received flow stats
[2]: Received flow stats
[2]: Received flow stats
[2]: Received flow stats
[2]: Received flow stats
05-04-2019 21:17:28 [DNN module] Wrong number of flow stats replies received
05-04-2019 21:17:28 [DNN module] Record count is 7
05-04-2019 21:17:28 [DNN module] Size of the queue is 10
05-04-2019 21:17:28 [DNN module] Actual MAC to port table:
05-04-2019 21:17:28 Switch 1:
05-04-2019 21:17:28 00:00:00:00:00:02 1
05-04-2019 21:17:28 Switch 2:
05-04-2019 21:17:28 00:00:00:00:00:02 2
05-04-2019 21:17:28 00:00:00:00:00:01 1
05-04-2019 21:17:28 Switch 3:
05-04-2019 21:17:28 00:00:00:00:00:01 1
05-04-2019 21:17:28 [DNN module] Iteration done.
05-04-2019 21:17:28  ************************************************************
