loading app simple_switch_14.py
Using TensorFlow backend.
loading app ryu.controller.ofp_handler
instantiating app simple_switch_14.py of SimpleSwitch14
07-04-2019 19:42:15 REFRESH_RATE is 5
07-04-2019 19:42:15 FW_REFRESH_RATE is 1
07-04-2019 19:42:15 TIMEOUT is 30
07-04-2019 19:42:15 FLOWS_DUMP_FILE is ../results/pcap1.dump
2019-04-07 19:42:16.136137: I tensorflow/core/platform/cpu_feature_guard.cc:141] Your CPU supports instructions that this TensorFlow binary was not compiled to use: AVX2
07-04-2019 19:42:17 DNN_MODEL is ../models/DNN_model_all_binary_full.h5
/usr/local/lib/python2.7/dist-packages/sklearn/base.py:251: UserWarning: Trying to unpickle estimator StandardScaler from version 0.20.3 when using version 0.20.2. This might lead to breaking code or invalid results. Use at your own risk.
  UserWarning)
07-04-2019 19:42:19 DNN_SCALER is ../models/DNN_model_all_binary_full_scaler.sav
07-04-2019 19:42:19 [DNN module] DNN module initialized
07-04-2019 19:42:19 [DNN module] Waiting for forwarders...
instantiating app ryu.controller.ofp_handler of OFPHandler
07-04-2019 19:42:20 [DNN module] Getting datapaths of the forwarders...
07-04-2019 19:42:20 [DNN module] Starting new iteration...
07-04-2019 19:42:20 [DNN module] Updating the status of the forwarders...
07-04-2019 19:42:20 [DNN module] Getting active ports of the forwarders...
07-04-2019 19:42:20 [DNN module] Datapath: <ryu.controller.controller.Datapath object at 0x7fea5fd41210>
[2]: Requesting port stats...
07-04-2019 19:42:20 [DNN module] Datapath: <ryu.controller.controller.Datapath object at 0x7fea5fd410d0>
[1]: Requesting port stats...
07-04-2019 19:42:20 [DNN module] Datapath: <ryu.controller.controller.Datapath object at 0x7fea5fd41150>
[3]: Requesting port stats...
[1]: Received port stats
[2]: Received port stats
[3]: Received port stats
07-04-2019 19:42:21 [DNN module] Forwarders: {<ryu.controller.controller.Datapath object at 0x7fea5fd41210>: [4294967294, 1, 2], <ryu.controller.controller.Datapath object at 0x7fea5fd410d0>: [1, 4294967294], <ryu.controller.controller.Datapath object at 0x7fea5fd41150>: [1, 4294967294]}
[2]: Requesting flow stats...
[2]: Requesting flow stats...
[2]: Requesting flow stats...
[1]: Requesting flow stats...
[1]: Requesting flow stats...
[3]: Requesting flow stats...
[3]: Requesting flow stats...
[2]: Received flow stats
[2]: Received flow stats
[2]: Received flow stats
[3]: Received flow stats
[3]: Received flow stats
[1]: Received flow stats
[1]: Received flow stats
[2]: Counters reset done
[1]: Counters reset done
[3]: Counters reset done
07-04-2019 19:42:22 [DNN module] No flow stats available
07-04-2019 19:42:22 [DNN module] Iteration done.
07-04-2019 19:42:22  ************************************************************
07-04-2019 19:42:27 [DNN module] Starting new iteration...
07-04-2019 19:42:27 [DNN module] Updating the status of the forwarders...
07-04-2019 19:42:27 [DNN module] Getting active ports of the forwarders...
07-04-2019 19:42:27 [DNN module] Datapath: <ryu.controller.controller.Datapath object at 0x7fea5fd41210>
[2]: Requesting port stats...
07-04-2019 19:42:27 [DNN module] Datapath: <ryu.controller.controller.Datapath object at 0x7fea5fd410d0>
[1]: Requesting port stats...
07-04-2019 19:42:27 [DNN module] Datapath: <ryu.controller.controller.Datapath object at 0x7fea5fd41150>
[3]: Requesting port stats...
[1]: Received port stats
[2]: Received port stats
[3]: Received port stats
07-04-2019 19:42:28 [DNN module] Forwarders: {<ryu.controller.controller.Datapath object at 0x7fea5fd41210>: [4294967294, 1, 2], <ryu.controller.controller.Datapath object at 0x7fea5fd410d0>: [1, 4294967294], <ryu.controller.controller.Datapath object at 0x7fea5fd41150>: [1, 4294967294]}
[2]: Requesting flow stats...
[2]: Requesting flow stats...
[2]: Requesting flow stats...
[1]: Requesting flow stats...
[1]: Requesting flow stats...
[3]: Requesting flow stats...
[3]: Requesting flow stats...
[1]: Received flow stats
[1]: Received flow stats
[2]: Received flow stats
[2]: Received flow stats
[2]: Received flow stats
[3]: Received flow stats
[3]: Received flow stats
[2]: Counters reset done
[1]: Counters reset done
[3]: Counters reset done
07-04-2019 19:42:29 [DNN module] No flow stats available
07-04-2019 19:42:29 [DNN module] Iteration done.
07-04-2019 19:42:29  ************************************************************
07-04-2019 19:42:34 [DNN module] Starting new iteration...
07-04-2019 19:42:34 [DNN module] Updating the status of the forwarders...
07-04-2019 19:42:34 [DNN module] Getting active ports of the forwarders...
07-04-2019 19:42:34 [DNN module] Datapath: <ryu.controller.controller.Datapath object at 0x7fea5fd41210>
[2]: Requesting port stats...
07-04-2019 19:42:34 [DNN module] Datapath: <ryu.controller.controller.Datapath object at 0x7fea5fd410d0>
[1]: Requesting port stats...
07-04-2019 19:42:34 [DNN module] Datapath: <ryu.controller.controller.Datapath object at 0x7fea5fd41150>
[3]: Requesting port stats...
[1]: Received port stats
[3]: Received port stats
[2]: Received port stats
07-04-2019 19:42:35 [DNN module] Forwarders: {<ryu.controller.controller.Datapath object at 0x7fea5fd41210>: [4294967294, 1, 2], <ryu.controller.controller.Datapath object at 0x7fea5fd410d0>: [1, 4294967294], <ryu.controller.controller.Datapath object at 0x7fea5fd41150>: [1, 4294967294]}
[2]: Requesting flow stats...
[2]: Requesting flow stats...
[2]: Requesting flow stats...
[1]: Requesting flow stats...
[1]: Requesting flow stats...
[3]: Requesting flow stats...
[3]: Requesting flow stats...
[3]: Received flow stats
[3]: Received flow stats
[1]: Received flow stats
[1]: Received flow stats
[2]: Received flow stats
[2]: Received flow stats
[2]: Received flow stats
[2]: Counters reset done
[1]: Counters reset done
[3]: Counters reset done
07-04-2019 19:42:36 [DNN module] No flow stats available
07-04-2019 19:42:36 [DNN module] Actual MAC to port table:
07-04-2019 19:42:36 Switch 1:
07-04-2019 19:42:36 00:00:00:00:00:02 1
07-04-2019 19:42:36 Switch 2:
07-04-2019 19:42:36 00:00:00:00:00:02 2
07-04-2019 19:42:36 [DNN module] Iteration done.
07-04-2019 19:42:36  ************************************************************
07-04-2019 19:42:41 [DNN module] Starting new iteration...
07-04-2019 19:42:41 [DNN module] Updating the status of the forwarders...
07-04-2019 19:42:41 [DNN module] Getting active ports of the forwarders...
07-04-2019 19:42:41 [DNN module] Datapath: <ryu.controller.controller.Datapath object at 0x7fea5fd41210>
[2]: Requesting port stats...
07-04-2019 19:42:41 [DNN module] Datapath: <ryu.controller.controller.Datapath object at 0x7fea5fd410d0>
[1]: Requesting port stats...
07-04-2019 19:42:41 [DNN module] Datapath: <ryu.controller.controller.Datapath object at 0x7fea5fd41150>
[3]: Requesting port stats...
[1]: Received port stats
[2]: Received port stats
[3]: Received port stats
07-04-2019 19:42:42 [DNN module] Forwarders: {<ryu.controller.controller.Datapath object at 0x7fea5fd41210>: [4294967294, 1, 2], <ryu.controller.controller.Datapath object at 0x7fea5fd410d0>: [1, 4294967294], <ryu.controller.controller.Datapath object at 0x7fea5fd41150>: [1, 4294967294]}
[2]: Requesting flow stats...
[2]: Requesting flow stats...
[2]: Requesting flow stats...
[1]: Requesting flow stats...
[1]: Requesting flow stats...
[3]: Requesting flow stats...
[3]: Requesting flow stats...
[1]: Received flow stats
[1]: Received flow stats
[2]: Received flow stats
[2]: Received flow stats
[2]: Received flow stats
[3]: Received flow stats
[3]: Received flow stats
[2]: Counters reset done
[1]: Counters reset done
[3]: Counters reset done
07-04-2019 19:42:43 [DNN module] No flow stats available
07-04-2019 19:42:43 [DNN module] Actual MAC to port table:
07-04-2019 19:42:43 Switch 1:
07-04-2019 19:42:43 00:00:00:00:00:02 1
07-04-2019 19:42:43 Switch 2:
07-04-2019 19:42:43 00:00:00:00:00:02 2
07-04-2019 19:42:43 [DNN module] Iteration done.
07-04-2019 19:42:43  ************************************************************
07-04-2019 19:42:48 [DNN module] Starting new iteration...
07-04-2019 19:42:48 [DNN module] Updating the status of the forwarders...
07-04-2019 19:42:48 [DNN module] Getting active ports of the forwarders...
07-04-2019 19:42:48 [DNN module] Datapath: <ryu.controller.controller.Datapath object at 0x7fea5fd41210>
[2]: Requesting port stats...
07-04-2019 19:42:48 [DNN module] Datapath: <ryu.controller.controller.Datapath object at 0x7fea5fd410d0>
[1]: Requesting port stats...
07-04-2019 19:42:48 [DNN module] Datapath: <ryu.controller.controller.Datapath object at 0x7fea5fd41150>
[3]: Requesting port stats...
[1]: Received port stats
[2]: Received port stats
[3]: Received port stats
07-04-2019 19:42:49 [DNN module] Forwarders: {<ryu.controller.controller.Datapath object at 0x7fea5fd41210>: [4294967294, 1, 2], <ryu.controller.controller.Datapath object at 0x7fea5fd410d0>: [1, 4294967294], <ryu.controller.controller.Datapath object at 0x7fea5fd41150>: [1, 4294967294]}
[2]: Requesting flow stats...
[2]: Requesting flow stats...
[2]: Requesting flow stats...
[1]: Requesting flow stats...
[1]: Requesting flow stats...
[3]: Requesting flow stats...
[3]: Requesting flow stats...
[3]: Received flow stats
[3]: Received flow stats
[1]: Received flow stats
[1]: Received flow stats
[2]: Received flow stats
[2]: Received flow stats
[2]: Received flow stats
[2]: Counters reset done
[1]: Counters reset done
[3]: Counters reset done
07-04-2019 19:42:50 [DNN module] No flow stats available
07-04-2019 19:42:50 [DNN module] Actual MAC to port table:
07-04-2019 19:42:50 Switch 1:
07-04-2019 19:42:50 00:00:00:00:00:02 1
07-04-2019 19:42:50 Switch 2:
07-04-2019 19:42:50 00:00:00:00:00:02 2
07-04-2019 19:42:50 [DNN module] Iteration done.
07-04-2019 19:42:50  ************************************************************
07-04-2019 19:42:55 [DNN module] Starting new iteration...
07-04-2019 19:42:55 [DNN module] Updating the status of the forwarders...
07-04-2019 19:42:55 [DNN module] Getting active ports of the forwarders...
07-04-2019 19:42:55 [DNN module] Datapath: <ryu.controller.controller.Datapath object at 0x7fea5fd41210>
[2]: Requesting port stats...
07-04-2019 19:42:55 [DNN module] Datapath: <ryu.controller.controller.Datapath object at 0x7fea5fd410d0>
[1]: Requesting port stats...
07-04-2019 19:42:55 [DNN module] Datapath: <ryu.controller.controller.Datapath object at 0x7fea5fd41150>
[3]: Requesting port stats...
[3]: Received port stats
[1]: Received port stats
[2]: Received port stats
07-04-2019 19:42:56 [DNN module] Forwarders: {<ryu.controller.controller.Datapath object at 0x7fea5fd41210>: [4294967294, 1, 2], <ryu.controller.controller.Datapath object at 0x7fea5fd410d0>: [1, 4294967294], <ryu.controller.controller.Datapath object at 0x7fea5fd41150>: [1, 4294967294]}
[2]: Requesting flow stats...
[2]: Requesting flow stats...
[2]: Requesting flow stats...
[1]: Requesting flow stats...
[1]: Requesting flow stats...
[3]: Requesting flow stats...
[3]: Requesting flow stats...
[1]: Received flow stats
[1]: Received flow stats
[2]: Received flow stats
[2]: Received flow stats
[2]: Received flow stats
[3]: Received flow stats
[3]: Received flow stats
[2]: Counters reset done
[1]: Counters reset done
[3]: Counters reset done
07-04-2019 19:42:57 [DNN module] No flow stats available
07-04-2019 19:42:57 [DNN module] Actual MAC to port table:
07-04-2019 19:42:57 Switch 1:
07-04-2019 19:42:57 00:00:00:00:00:02 1
07-04-2019 19:42:57 Switch 2:
07-04-2019 19:42:57 00:00:00:00:00:02 2
07-04-2019 19:42:57 [DNN module] Iteration done.
07-04-2019 19:42:57  ************************************************************
07-04-2019 19:43:02 [DNN module] Starting new iteration...
07-04-2019 19:43:02 [DNN module] Updating the status of the forwarders...
07-04-2019 19:43:02 [DNN module] Getting active ports of the forwarders...
07-04-2019 19:43:02 [DNN module] Datapath: <ryu.controller.controller.Datapath object at 0x7fea5fd41210>
[2]: Requesting port stats...
07-04-2019 19:43:02 [DNN module] Datapath: <ryu.controller.controller.Datapath object at 0x7fea5fd410d0>
[1]: Requesting port stats...
07-04-2019 19:43:02 [DNN module] Datapath: <ryu.controller.controller.Datapath object at 0x7fea5fd41150>
[3]: Requesting port stats...
[1]: Received port stats
[2]: Received port stats
[3]: Received port stats
07-04-2019 19:43:03 [DNN module] Forwarders: {<ryu.controller.controller.Datapath object at 0x7fea5fd41210>: [4294967294, 1, 2], <ryu.controller.controller.Datapath object at 0x7fea5fd410d0>: [1, 4294967294], <ryu.controller.controller.Datapath object at 0x7fea5fd41150>: [1, 4294967294]}
[2]: Requesting flow stats...
[2]: Requesting flow stats...
[2]: Requesting flow stats...
[1]: Requesting flow stats...
[1]: Requesting flow stats...
[3]: Requesting flow stats...
[3]: Requesting flow stats...
[3]: Received flow stats
[3]: Received flow stats
[1]: Received flow stats
[1]: Received flow stats
[2]: Received flow stats
[2]: Received flow stats
[2]: Received flow stats
[2]: Counters reset done
[1]: Counters reset done
[3]: Counters reset done
07-04-2019 19:43:04 [DNN module] No flow stats available
07-04-2019 19:43:04 [DNN module] Actual MAC to port table:
07-04-2019 19:43:04 Switch 1:
07-04-2019 19:43:04 00:00:00:00:00:02 1
07-04-2019 19:43:04 Switch 2:
07-04-2019 19:43:04 00:00:00:00:00:02 2
07-04-2019 19:43:04 [DNN module] Iteration done.
07-04-2019 19:43:04  ************************************************************
07-04-2019 19:43:09 [DNN module] Starting new iteration...
07-04-2019 19:43:09 [DNN module] Updating the status of the forwarders...
07-04-2019 19:43:09 [DNN module] Getting active ports of the forwarders...
07-04-2019 19:43:09 [DNN module] Datapath: <ryu.controller.controller.Datapath object at 0x7fea5fd41210>
[2]: Requesting port stats...
07-04-2019 19:43:09 [DNN module] Datapath: <ryu.controller.controller.Datapath object at 0x7fea5fd410d0>
[1]: Requesting port stats...
07-04-2019 19:43:09 [DNN module] Datapath: <ryu.controller.controller.Datapath object at 0x7fea5fd41150>
[3]: Requesting port stats...
[2]: Received port stats
[3]: Received port stats
[1]: Received port stats
07-04-2019 19:43:10 [DNN module] Forwarders: {<ryu.controller.controller.Datapath object at 0x7fea5fd41210>: [4294967294, 1, 2], <ryu.controller.controller.Datapath object at 0x7fea5fd410d0>: [1, 4294967294], <ryu.controller.controller.Datapath object at 0x7fea5fd41150>: [1, 4294967294]}
[2]: Requesting flow stats...
[2]: Requesting flow stats...
[2]: Requesting flow stats...
[1]: Requesting flow stats...
[1]: Requesting flow stats...
[3]: Requesting flow stats...
[3]: Requesting flow stats...
[2]: Received flow stats
[2]: Received flow stats
[2]: Received flow stats
[3]: Received flow stats
[3]: Received flow stats
[1]: Received flow stats
[1]: Received flow stats
[2]: Counters reset done
[1]: Counters reset done
[3]: Counters reset done
07-04-2019 19:43:11 [DNN module] Processing 238 packet_ins...
07-04-2019 19:43:11 [DNN module] After unifying we have 238 packet_ins.
/home/jozef/PycharmProjects/DP_Security_improvements/controller_scripts/dnn_module.py:492: DataConversionWarning: Data with input dtype object were all converted to float64 by StandardScaler.
  return self.scaler.transform(samples)
07-04-2019 19:43:11 [DNN module] Evaluation of the flows is going to be saved into ../results/pcap1.dump
07-04-2019 19:43:11 [DNN module] Evaluation of the flows is successfully saved
07-04-2019 19:43:11 [DNN module] Actual MAC to port table:
07-04-2019 19:43:11 Switch 1:
07-04-2019 19:43:11 00:00:00:00:00:02 1
07-04-2019 19:43:11 Switch 2:
07-04-2019 19:43:11 00:00:00:00:00:02 2
07-04-2019 19:43:11 00:00:00:00:00:01 1
07-04-2019 19:43:11 Switch 3:
07-04-2019 19:43:11 00:00:00:00:00:01 1
07-04-2019 19:43:11 [DNN module] Iteration done.
07-04-2019 19:43:11  ************************************************************
07-04-2019 19:43:16 [DNN module] Starting new iteration...
07-04-2019 19:43:16 [DNN module] Updating the status of the forwarders...
07-04-2019 19:43:16 [DNN module] Getting active ports of the forwarders...
07-04-2019 19:43:16 [DNN module] Datapath: <ryu.controller.controller.Datapath object at 0x7fea5fd41210>
[2]: Requesting port stats...
07-04-2019 19:43:16 [DNN module] Datapath: <ryu.controller.controller.Datapath object at 0x7fea5fd410d0>
[1]: Requesting port stats...
07-04-2019 19:43:16 [DNN module] Datapath: <ryu.controller.controller.Datapath object at 0x7fea5fd41150>
[3]: Requesting port stats...
[1]: Received port stats
[3]: Received port stats
[2]: Received port stats
07-04-2019 19:43:17 [DNN module] Forwarders: {<ryu.controller.controller.Datapath object at 0x7fea5fd41210>: [4294967294, 1, 2], <ryu.controller.controller.Datapath object at 0x7fea5fd410d0>: [1, 4294967294], <ryu.controller.controller.Datapath object at 0x7fea5fd41150>: [1, 4294967294]}
[2]: Requesting flow stats...
[2]: Requesting flow stats...
[2]: Requesting flow stats...
[1]: Requesting flow stats...
[1]: Requesting flow stats...
[3]: Requesting flow stats...
[3]: Requesting flow stats...
[1]: Received flow stats
[1]: Received flow stats
[2]: Received flow stats
[3]: Received flow stats
[3]: Received flow stats
[2]: Received flow stats
[2]: Received flow stats
[2]: Counters reset done
[1]: Counters reset done
[3]: Counters reset done
07-04-2019 19:43:19 [DNN module] Processing 581 packet_ins...
07-04-2019 19:43:19 [DNN module] After unifying we have 581 packet_ins.
07-04-2019 19:43:19 [DNN module] Evaluation of the flows is going to be saved into ../results/pcap1.dump
07-04-2019 19:43:19 [DNN module] Evaluation of the flows is successfully saved
07-04-2019 19:43:19 [DNN module] Actual MAC to port table:
07-04-2019 19:43:19 Switch 1:
07-04-2019 19:43:19 00:00:00:00:00:02 1
07-04-2019 19:43:19 Switch 2:
07-04-2019 19:43:19 00:00:00:00:00:02 2
07-04-2019 19:43:19 00:00:00:00:00:01 1
07-04-2019 19:43:19 Switch 3:
07-04-2019 19:43:19 00:00:00:00:00:01 1
07-04-2019 19:43:19 [DNN module] Iteration done.
07-04-2019 19:43:19  ************************************************************
07-04-2019 19:43:24 [DNN module] Starting new iteration...
07-04-2019 19:43:24 [DNN module] Updating the status of the forwarders...
07-04-2019 19:43:24 [DNN module] Getting active ports of the forwarders...
07-04-2019 19:43:24 [DNN module] Datapath: <ryu.controller.controller.Datapath object at 0x7fea5fd41210>
[2]: Requesting port stats...
07-04-2019 19:43:24 [DNN module] Datapath: <ryu.controller.controller.Datapath object at 0x7fea5fd410d0>
[1]: Requesting port stats...
07-04-2019 19:43:24 [DNN module] Datapath: <ryu.controller.controller.Datapath object at 0x7fea5fd41150>
[3]: Requesting port stats...
[3]: Received port stats
[1]: Received port stats
[2]: Received port stats
07-04-2019 19:43:25 [DNN module] Forwarders: {<ryu.controller.controller.Datapath object at 0x7fea5fd41210>: [4294967294, 1, 2], <ryu.controller.controller.Datapath object at 0x7fea5fd410d0>: [1, 4294967294], <ryu.controller.controller.Datapath object at 0x7fea5fd41150>: [1, 4294967294]}
[2]: Requesting flow stats...
[2]: Requesting flow stats...
[2]: Requesting flow stats...
[1]: Requesting flow stats...
[1]: Requesting flow stats...
[3]: Requesting flow stats...
[3]: Requesting flow stats...
[1]: Received flow stats
[1]: Received flow stats
[2]: Received flow stats
[2]: Received flow stats
[2]: Received flow stats
[3]: Received flow stats
[3]: Received flow stats
[2]: Counters reset done
[1]: Counters reset done
[3]: Counters reset done
07-04-2019 19:43:27 [DNN module] No new packet_ins.
07-04-2019 19:43:27 [DNN module] No flow stats available
07-04-2019 19:43:27 [DNN module] Actual MAC to port table:
07-04-2019 19:43:27 Switch 1:
07-04-2019 19:43:27 00:00:00:00:00:02 1
07-04-2019 19:43:27 Switch 2:
07-04-2019 19:43:27 00:00:00:00:00:02 2
07-04-2019 19:43:27 00:00:00:00:00:01 1
07-04-2019 19:43:27 Switch 3:
07-04-2019 19:43:27 00:00:00:00:00:01 1
07-04-2019 19:43:27 [DNN module] Iteration done.
07-04-2019 19:43:27  ************************************************************
07-04-2019 19:43:32 [DNN module] Starting new iteration...
07-04-2019 19:43:32 [DNN module] Updating the status of the forwarders...
07-04-2019 19:43:32 [DNN module] Getting active ports of the forwarders...
07-04-2019 19:43:32 [DNN module] Datapath: <ryu.controller.controller.Datapath object at 0x7fea5fd41210>
[2]: Requesting port stats...
07-04-2019 19:43:32 [DNN module] Datapath: <ryu.controller.controller.Datapath object at 0x7fea5fd410d0>
[1]: Requesting port stats...
07-04-2019 19:43:32 [DNN module] Datapath: <ryu.controller.controller.Datapath object at 0x7fea5fd41150>
[3]: Requesting port stats...
[1]: Received port stats
[2]: Received port stats
[3]: Received port stats
07-04-2019 19:43:33 [DNN module] Forwarders: {<ryu.controller.controller.Datapath object at 0x7fea5fd41210>: [4294967294, 1, 2], <ryu.controller.controller.Datapath object at 0x7fea5fd410d0>: [1, 4294967294], <ryu.controller.controller.Datapath object at 0x7fea5fd41150>: [1, 4294967294]}
[2]: Requesting flow stats...
[2]: Requesting flow stats...
[2]: Requesting flow stats...
[1]: Requesting flow stats...
[1]: Requesting flow stats...
[3]: Requesting flow stats...
[3]: Requesting flow stats...
[1]: Received flow stats
[1]: Received flow stats
[2]: Received flow stats
[2]: Received flow stats
[2]: Received flow stats
[3]: Received flow stats
[3]: Received flow stats
[2]: Counters reset done
[1]: Counters reset done
[3]: Counters reset done
07-04-2019 19:43:34 [DNN module] No new packet_ins.
07-04-2019 19:43:34 [DNN module] No flow stats available
07-04-2019 19:43:34 [DNN module] Actual MAC to port table:
07-04-2019 19:43:34 Switch 1:
07-04-2019 19:43:34 00:00:00:00:00:02 1
07-04-2019 19:43:34 Switch 2:
07-04-2019 19:43:34 00:00:00:00:00:02 2
07-04-2019 19:43:34 00:00:00:00:00:01 1
07-04-2019 19:43:34 Switch 3:
07-04-2019 19:43:34 00:00:00:00:00:01 1
07-04-2019 19:43:34 [DNN module] Iteration done.
07-04-2019 19:43:34  ************************************************************
