loading app simple_switch_14.py
Using TensorFlow backend.
loading app ryu.controller.ofp_handler
instantiating app simple_switch_14.py of SimpleSwitch14
07-04-2019 17:30:41 REFRESH_RATE is 5
07-04-2019 17:30:41 FW_REFRESH_RATE is 1
07-04-2019 17:30:41 TIMEOUT is 30
07-04-2019 17:30:41 FLOWS_DUMP_FILE is ../results/pcap1.dump
2019-04-07 17:30:41.376953: I tensorflow/core/platform/cpu_feature_guard.cc:141] Your CPU supports instructions that this TensorFlow binary was not compiled to use: AVX2
07-04-2019 17:30:42 DNN_MODEL is ../models/DNN_model_all_binary_full.h5
/usr/local/lib/python2.7/dist-packages/sklearn/base.py:251: UserWarning: Trying to unpickle estimator StandardScaler from version 0.20.3 when using version 0.20.2. This might lead to breaking code or invalid results. Use at your own risk.
  UserWarning)
07-04-2019 17:30:42 DNN_SCALER is ../models/DNN_model_all_binary_full_scaler.sav
07-04-2019 17:30:42 [DNN module] DNN module initialized
07-04-2019 17:30:42 [DNN module] Waiting for forwarders...
instantiating app ryu.controller.ofp_handler of OFPHandler
07-04-2019 17:30:43 [DNN module] Getting datapaths of the forwarders...
07-04-2019 17:30:43 [DNN module] Starting new iteration...
07-04-2019 17:30:43 [DNN module] Updating the status of the forwarders...
07-04-2019 17:30:43 [DNN module] Getting active ports of the forwarders...
07-04-2019 17:30:43 [DNN module] Datapath: <ryu.controller.controller.Datapath object at 0x7f073c138210>
[2]: Requesting port stats...
07-04-2019 17:30:43 [DNN module] Datapath: <ryu.controller.controller.Datapath object at 0x7f073c1380d0>
[1]: Requesting port stats...
07-04-2019 17:30:43 [DNN module] Datapath: <ryu.controller.controller.Datapath object at 0x7f073c138150>
[3]: Requesting port stats...
[1]: Received port stats
[3]: Received port stats
[2]: Received port stats
07-04-2019 17:30:44 [DNN module] Forwarders: {<ryu.controller.controller.Datapath object at 0x7f073c138210>: [4294967294, 1, 2], <ryu.controller.controller.Datapath object at 0x7f073c1380d0>: [1, 4294967294], <ryu.controller.controller.Datapath object at 0x7f073c138150>: [1, 4294967294]}
[2]: Requesting flow stats...
[2]: Requesting flow stats...
[2]: Requesting flow stats...
[1]: Requesting flow stats...
[1]: Requesting flow stats...
[3]: Requesting flow stats...
[3]: Requesting flow stats...
[2]: Received flow stats
[2]: Received flow stats
[2]: Received flow stats
[1]: Received flow stats
[1]: Received flow stats
[3]: Received flow stats
[3]: Received flow stats
[2]: Counters reset done
[1]: Counters reset done
[3]: Counters reset done
07-04-2019 17:30:45 [DNN module] No flow stats available
07-04-2019 17:30:45 [DNN module] Iteration done.
07-04-2019 17:30:45  ************************************************************
07-04-2019 17:30:50 [DNN module] Starting new iteration...
07-04-2019 17:30:50 [DNN module] Updating the status of the forwarders...
07-04-2019 17:30:50 [DNN module] Getting active ports of the forwarders...
07-04-2019 17:30:50 [DNN module] Datapath: <ryu.controller.controller.Datapath object at 0x7f073c138210>
[2]: Requesting port stats...
07-04-2019 17:30:50 [DNN module] Datapath: <ryu.controller.controller.Datapath object at 0x7f073c1380d0>
[1]: Requesting port stats...
07-04-2019 17:30:50 [DNN module] Datapath: <ryu.controller.controller.Datapath object at 0x7f073c138150>
[3]: Requesting port stats...
[2]: Received port stats
[1]: Received port stats
[3]: Received port stats
07-04-2019 17:30:51 [DNN module] Forwarders: {<ryu.controller.controller.Datapath object at 0x7f073c138210>: [4294967294, 1, 2], <ryu.controller.controller.Datapath object at 0x7f073c1380d0>: [1, 4294967294], <ryu.controller.controller.Datapath object at 0x7f073c138150>: [1, 4294967294]}
[2]: Requesting flow stats...
[2]: Requesting flow stats...
[2]: Requesting flow stats...
[1]: Requesting flow stats...
[1]: Requesting flow stats...
[3]: Requesting flow stats...
[3]: Requesting flow stats...
[1]: Received flow stats
[1]: Received flow stats
[3]: Received flow stats
[3]: Received flow stats
[2]: Received flow stats
[2]: Received flow stats
[2]: Received flow stats
[2]: Counters reset done
[1]: Counters reset done
[3]: Counters reset done
07-04-2019 17:30:52 [DNN module] Processing 495 packet_ins...
07-04-2019 17:30:53 [DNN module] After unifying we have 495 packet_ins.
07-04-2019 17:30:53 [DNN module] Exception during evaluation process. Operation will continue in the next iteration.
07-04-2019 17:30:53 cannot set a row with mismatched columns
07-04-2019 17:30:53 [DNN module] Actual MAC to port table:
07-04-2019 17:30:53 Switch 1:
07-04-2019 17:30:53 00:00:00:00:00:02 1
07-04-2019 17:30:53 Switch 2:
07-04-2019 17:30:53 00:00:00:00:00:02 2
07-04-2019 17:30:53 00:00:00:00:00:01 1
07-04-2019 17:30:53 Switch 3:
07-04-2019 17:30:53 00:00:00:00:00:01 1
07-04-2019 17:30:53 [DNN module] Iteration done.
07-04-2019 17:30:53  ************************************************************
07-04-2019 17:30:58 [DNN module] Starting new iteration...
07-04-2019 17:30:58 [DNN module] Updating the status of the forwarders...
07-04-2019 17:30:58 [DNN module] Getting active ports of the forwarders...
07-04-2019 17:30:58 [DNN module] Datapath: <ryu.controller.controller.Datapath object at 0x7f073c138210>
[2]: Requesting port stats...
07-04-2019 17:30:58 [DNN module] Datapath: <ryu.controller.controller.Datapath object at 0x7f073c1380d0>
[1]: Requesting port stats...
07-04-2019 17:30:58 [DNN module] Datapath: <ryu.controller.controller.Datapath object at 0x7f073c138150>
[3]: Requesting port stats...
[1]: Received port stats
[3]: Received port stats
[2]: Received port stats
07-04-2019 17:30:59 [DNN module] Forwarders: {<ryu.controller.controller.Datapath object at 0x7f073c138210>: [4294967294, 1, 2], <ryu.controller.controller.Datapath object at 0x7f073c1380d0>: [1, 4294967294], <ryu.controller.controller.Datapath object at 0x7f073c138150>: [1, 4294967294]}
[2]: Requesting flow stats...
[2]: Requesting flow stats...
[2]: Requesting flow stats...
[1]: Requesting flow stats...
[1]: Requesting flow stats...
[3]: Requesting flow stats...
[3]: Requesting flow stats...
[1]: Received flow stats
[1]: Received flow stats
[2]: Received flow stats
[2]: Received flow stats
[2]: Received flow stats
[3]: Received flow stats
[3]: Received flow stats
[2]: Counters reset done
[1]: Counters reset done
[3]: Counters reset done
07-04-2019 17:31:00 [DNN module] Processing 262 packet_ins...
07-04-2019 17:31:00 [DNN module] After unifying we have 262 packet_ins.
07-04-2019 17:31:00 [DNN module] Exception during evaluation process. Operation will continue in the next iteration.
07-04-2019 17:31:00 cannot set a row with mismatched columns
07-04-2019 17:31:00 [DNN module] Actual MAC to port table:
07-04-2019 17:31:00 Switch 1:
07-04-2019 17:31:00 00:00:00:00:00:02 1
07-04-2019 17:31:00 Switch 2:
07-04-2019 17:31:00 00:00:00:00:00:02 2
07-04-2019 17:31:00 00:00:00:00:00:01 1
07-04-2019 17:31:00 Switch 3:
07-04-2019 17:31:00 00:00:00:00:00:01 1
07-04-2019 17:31:00 [DNN module] Iteration done.
07-04-2019 17:31:00  ************************************************************
07-04-2019 17:31:05 [DNN module] Starting new iteration...
07-04-2019 17:31:05 [DNN module] Updating the status of the forwarders...
07-04-2019 17:31:05 [DNN module] Getting active ports of the forwarders...
07-04-2019 17:31:05 [DNN module] Datapath: <ryu.controller.controller.Datapath object at 0x7f073c138210>
[2]: Requesting port stats...
07-04-2019 17:31:05 [DNN module] Datapath: <ryu.controller.controller.Datapath object at 0x7f073c1380d0>
[1]: Requesting port stats...
07-04-2019 17:31:05 [DNN module] Datapath: <ryu.controller.controller.Datapath object at 0x7f073c138150>
[3]: Requesting port stats...
[1]: Received port stats
[2]: Received port stats
[3]: Received port stats
07-04-2019 17:31:06 [DNN module] Forwarders: {<ryu.controller.controller.Datapath object at 0x7f073c138210>: [4294967294, 1, 2], <ryu.controller.controller.Datapath object at 0x7f073c1380d0>: [1, 4294967294], <ryu.controller.controller.Datapath object at 0x7f073c138150>: [1, 4294967294]}
[2]: Requesting flow stats...
[2]: Requesting flow stats...
[2]: Requesting flow stats...
[1]: Requesting flow stats...
[1]: Requesting flow stats...
[3]: Requesting flow stats...
[3]: Requesting flow stats...
[1]: Received flow stats
[1]: Received flow stats
[2]: Received flow stats
[2]: Received flow stats
[2]: Received flow stats
[3]: Received flow stats
[3]: Received flow stats
[2]: Counters reset done
[1]: Counters reset done
[3]: Counters reset done
07-04-2019 17:31:07 [DNN module] No new packet_ins.
07-04-2019 17:31:07 [DNN module] No flow stats available
07-04-2019 17:31:07 [DNN module] Actual MAC to port table:
07-04-2019 17:31:07 Switch 1:
07-04-2019 17:31:07 00:00:00:00:00:02 1
07-04-2019 17:31:07 Switch 2:
07-04-2019 17:31:07 00:00:00:00:00:02 2
07-04-2019 17:31:07 00:00:00:00:00:01 1
07-04-2019 17:31:07 Switch 3:
07-04-2019 17:31:07 00:00:00:00:00:01 1
07-04-2019 17:31:07 [DNN module] Iteration done.
07-04-2019 17:31:07  ************************************************************
