loading app simple_switch_13.py
Using TensorFlow backend.
loading app ryu.controller.ofp_handler
instantiating app simple_switch_13.py of SimpleSwitch13
DNN module is enabled
28-04-2019 23:11:10 REFRESH_RATE is 10
28-04-2019 23:11:10 FW_REFRESH_RATE is 1
28-04-2019 23:11:10 TIMEOUT is 180
28-04-2019 23:11:10 FLOWS_DUMP_FILE is ../results/22-01-2015_1_50000_pcap0_w10.dump
2019-04-28 23:11:11.157545: I tensorflow/core/platform/cpu_feature_guard.cc:141] Your CPU supports instructions that this TensorFlow binary was not compiled to use: AVX2
28-04-2019 23:11:12 DNN_MODEL is ../models/DNN_model_all_binary_full.h5
/usr/local/lib/python2.7/dist-packages/sklearn/base.py:251: UserWarning: Trying to unpickle estimator StandardScaler from version 0.20.3 when using version 0.20.2. This might lead to breaking code or invalid results. Use at your own risk.
  UserWarning)
28-04-2019 23:11:12 DNN_SCALER is ../models/DNN_model_all_binary_full_scaler.sav
28-04-2019 23:11:12 Intervals are:
28-04-2019 23:11:12 Normal is [0.0, 0.5]
28-04-2019 23:11:12 Warning is [0.5, 0.8]
28-04-2019 23:11:12 Best Effort is [0.8, 0.95]
28-04-2019 23:11:12 Attack is [0.95, 1.0]
28-04-2019 23:11:12 [DNN module] DNN module initialized
28-04-2019 23:11:12 [DNN module] Starting new iteration...
28-04-2019 23:11:12 [DNN module] Updating the status of the forwarders...
28-04-2019 23:11:12 [DNN module] Getting active ports of the forwarders...
28-04-2019 23:11:12 [DNN module] No forwarders are online
28-04-2019 23:11:12 [DNN module] An error occured during updating forwarders. Skipping requesting of flow stats.
28-04-2019 23:11:12 [DNN module] Iteration done.
28-04-2019 23:11:12  ************************************************************
instantiating app ryu.controller.ofp_handler of OFPHandler
MeterStats of 1: ['meter_id=0x00000001 len=56 flow_count=0 packet_in_count=0 byte_in_count=0 duration_sec=3363 duration_nsec=9000000 band_stats=[OFPMeterBandStats(byte_band_count=0,packet_band_count=0)]', 'meter_id=0x00000002 len=56 flow_count=0 packet_in_count=0 byte_in_count=0 duration_sec=3363 duration_nsec=9000000 band_stats=[OFPMeterBandStats(byte_band_count=0,packet_band_count=0)]', 'meter_id=0x00000003 len=56 flow_count=0 packet_in_count=0 byte_in_count=0 duration_sec=3363 duration_nsec=9000000 band_stats=[OFPMeterBandStats(byte_band_count=0,packet_band_count=0)]']
MeterStats of 2: ['meter_id=0x00000001 len=56 flow_count=0 packet_in_count=0 byte_in_count=0 duration_sec=3363 duration_nsec=15000000 band_stats=[OFPMeterBandStats(byte_band_count=0,packet_band_count=0)]', 'meter_id=0x00000002 len=56 flow_count=0 packet_in_count=0 byte_in_count=0 duration_sec=3363 duration_nsec=15000000 band_stats=[OFPMeterBandStats(byte_band_count=0,packet_band_count=0)]', 'meter_id=0x00000003 len=56 flow_count=0 packet_in_count=0 byte_in_count=0 duration_sec=3363 duration_nsec=15000000 band_stats=[OFPMeterBandStats(byte_band_count=0,packet_band_count=0)]']
MeterStats of 3: ['meter_id=0x00000001 len=56 flow_count=0 packet_in_count=0 byte_in_count=0 duration_sec=3363 duration_nsec=15000000 band_stats=[OFPMeterBandStats(byte_band_count=0,packet_band_count=0)]', 'meter_id=0x00000002 len=56 flow_count=0 packet_in_count=0 byte_in_count=0 duration_sec=3363 duration_nsec=15000000 band_stats=[OFPMeterBandStats(byte_band_count=0,packet_band_count=0)]', 'meter_id=0x00000003 len=56 flow_count=0 packet_in_count=0 byte_in_count=0 duration_sec=3363 duration_nsec=15000000 band_stats=[OFPMeterBandStats(byte_band_count=0,packet_band_count=0)]']
28-04-2019 23:11:22 [DNN module] Starting new iteration...
28-04-2019 23:11:22 [DNN module] Updating the status of the forwarders...
28-04-2019 23:11:22 [DNN module] Getting active ports of the forwarders...
28-04-2019 23:11:22 [DNN module] Datapath: <ryu.controller.controller.Datapath object at 0x7f31063f3310>
[2]: Requesting port stats...
28-04-2019 23:11:22 [DNN module] Datapath: <ryu.controller.controller.Datapath object at 0x7f31063f31d0>
[1]: Requesting port stats...
28-04-2019 23:11:22 [DNN module] Datapath: <ryu.controller.controller.Datapath object at 0x7f31063f3250>
[3]: Requesting port stats...
[3]: Received port stats
[1]: Received port stats
[2]: Received port stats
28-04-2019 23:11:23 [DNN module] Forwarders: {<ryu.controller.controller.Datapath object at 0x7f31063f3310>: [1, 2], <ryu.controller.controller.Datapath object at 0x7f31063f31d0>: [1], <ryu.controller.controller.Datapath object at 0x7f31063f3250>: [1]}
[2]: Requesting flow stats...
[2]: Requesting flow stats...
[1]: Requesting flow stats...
[3]: Requesting flow stats...
[2]: Received flow stats
More flow stats replies are expected from port 1
[2]: Received flow stats
More flow stats replies are expected from port 1
[2]: Received flow stats
Number of received stats 1522 from port 1
[2]: Received flow stats
More flow stats replies are expected from port 2
[2]: Received flow stats
More flow stats replies are expected from port 2
[2]: Received flow stats
More flow stats replies are expected from port 2
[2]: Received flow stats
More flow stats replies are expected from port 2
[2]: Received flow stats
Number of received stats 2680 from port 2
[1]: Received flow stats
No flow stats received
[3]: Received flow stats
More flow stats replies are expected from port 1
[3]: Received flow stats
More flow stats replies are expected from port 1
[3]: Received flow stats
Number of received stats 1212 from port 1
28-04-2019 23:11:31 [DNN module] No new packet_ins.
/home/jozef/PycharmProjects/DP_Security_improvements/controller_scripts/dnn_module.py:510: DataConversionWarning: Data with input dtype object were all converted to float64 by StandardScaler.
  return self.scaler.transform(samples)
28-04-2019 23:11:32 [DNN module] Evaluation of the flows is going to be saved into ../results/22-01-2015_1_50000_pcap0_w10.dump
28-04-2019 23:11:32 [DNN module] Evaluation of the flows is successfully saved
28-04-2019 23:11:32 [DNN module] Number of saved flows is 191
28-04-2019 23:11:32 Malicious flows are 9
28-04-2019 23:11:32 [DNN module] Prevention mode is disabled
28-04-2019 23:11:32 [DNN module] Actual MAC to port table:
28-04-2019 23:11:32 Switch 1:
28-04-2019 23:11:32 00:00:00:00:00:02 1
28-04-2019 23:11:32 Switch 3:
28-04-2019 23:11:32 00:00:00:00:00:01 1
28-04-2019 23:11:32 [DNN module] Iteration done.
28-04-2019 23:11:32  ************************************************************
28-04-2019 23:11:42 [DNN module] Starting new iteration...
28-04-2019 23:11:42 [DNN module] Updating the status of the forwarders...
28-04-2019 23:11:42 [DNN module] Getting active ports of the forwarders...
28-04-2019 23:11:42 [DNN module] Datapath: <ryu.controller.controller.Datapath object at 0x7f31063f3310>
[2]: Requesting port stats...
28-04-2019 23:11:42 [DNN module] Datapath: <ryu.controller.controller.Datapath object at 0x7f31063f31d0>
[1]: Requesting port stats...
28-04-2019 23:11:42 [DNN module] Datapath: <ryu.controller.controller.Datapath object at 0x7f31063f3250>
[3]: Requesting port stats...
[2]: Received port stats
[1]: Received port stats
[3]: Received port stats
