loading app simple_switch_13.py
Using TensorFlow backend.
loading app ryu.controller.ofp_handler
instantiating app simple_switch_13.py of SimpleSwitch13
DNN module is enabled
28-04-2019 23:33:56 REFRESH_RATE is 30
28-04-2019 23:33:56 FW_REFRESH_RATE is 1
28-04-2019 23:33:56 TIMEOUT is 180
28-04-2019 23:33:56 FLOWS_DUMP_FILE is ../results/22-01-2015_1_50000_pcap0_w30.dump
2019-04-28 23:33:56.373704: I tensorflow/core/platform/cpu_feature_guard.cc:141] Your CPU supports instructions that this TensorFlow binary was not compiled to use: AVX2
28-04-2019 23:33:57 DNN_MODEL is ../models/DNN_model_all_binary_full.h5
/usr/local/lib/python2.7/dist-packages/sklearn/base.py:251: UserWarning: Trying to unpickle estimator StandardScaler from version 0.20.3 when using version 0.20.2. This might lead to breaking code or invalid results. Use at your own risk.
  UserWarning)
28-04-2019 23:33:58 DNN_SCALER is ../models/DNN_model_all_binary_full_scaler.sav
28-04-2019 23:33:58 Intervals are:
28-04-2019 23:33:58 Normal is [0.0, 0.5]
28-04-2019 23:33:58 Warning is [0.5, 0.8]
28-04-2019 23:33:58 Best Effort is [0.8, 0.95]
28-04-2019 23:33:58 Attack is [0.95, 1.0]
28-04-2019 23:33:58 [DNN module] DNN module initialized
28-04-2019 23:33:58 [DNN module] Starting new iteration...
28-04-2019 23:33:58 [DNN module] Updating the status of the forwarders...
28-04-2019 23:33:58 [DNN module] Getting active ports of the forwarders...
28-04-2019 23:33:58 [DNN module] No forwarders are online
28-04-2019 23:33:58 [DNN module] An error occured during updating forwarders. Skipping requesting of flow stats.
28-04-2019 23:33:58 [DNN module] Iteration done.
28-04-2019 23:33:58  ************************************************************
instantiating app ryu.controller.ofp_handler of OFPHandler
MeterStats of 1: ['meter_id=0x00000001 len=56 flow_count=0 packet_in_count=0 byte_in_count=0 duration_sec=4729 duration_nsec=3000000 band_stats=[OFPMeterBandStats(byte_band_count=0,packet_band_count=0)]', 'meter_id=0x00000002 len=56 flow_count=0 packet_in_count=0 byte_in_count=0 duration_sec=4729 duration_nsec=3000000 band_stats=[OFPMeterBandStats(byte_band_count=0,packet_band_count=0)]', 'meter_id=0x00000003 len=56 flow_count=0 packet_in_count=0 byte_in_count=0 duration_sec=4729 duration_nsec=3000000 band_stats=[OFPMeterBandStats(byte_band_count=0,packet_band_count=0)]']
MeterStats of 2: ['meter_id=0x00000001 len=56 flow_count=0 packet_in_count=0 byte_in_count=0 duration_sec=4732 duration_nsec=996000000 band_stats=[OFPMeterBandStats(byte_band_count=0,packet_band_count=0)]', 'meter_id=0x00000002 len=56 flow_count=0 packet_in_count=0 byte_in_count=0 duration_sec=4732 duration_nsec=996000000 band_stats=[OFPMeterBandStats(byte_band_count=0,packet_band_count=0)]', 'meter_id=0x00000003 len=56 flow_count=0 packet_in_count=0 byte_in_count=0 duration_sec=4732 duration_nsec=996000000 band_stats=[OFPMeterBandStats(byte_band_count=0,packet_band_count=0)]']
MeterStats of 3: ['meter_id=0x00000001 len=56 flow_count=0 packet_in_count=0 byte_in_count=0 duration_sec=4738 duration_nsec=994000000 band_stats=[OFPMeterBandStats(byte_band_count=0,packet_band_count=0)]', 'meter_id=0x00000002 len=56 flow_count=0 packet_in_count=0 byte_in_count=0 duration_sec=4738 duration_nsec=994000000 band_stats=[OFPMeterBandStats(byte_band_count=0,packet_band_count=0)]', 'meter_id=0x00000003 len=56 flow_count=0 packet_in_count=0 byte_in_count=0 duration_sec=4738 duration_nsec=994000000 band_stats=[OFPMeterBandStats(byte_band_count=0,packet_band_count=0)]']
28-04-2019 23:34:28 [DNN module] Starting new iteration...
28-04-2019 23:34:28 [DNN module] Updating the status of the forwarders...
28-04-2019 23:34:28 [DNN module] Getting active ports of the forwarders...
28-04-2019 23:34:28 [DNN module] Datapath: <ryu.controller.controller.Datapath object at 0x7f9e9127c290>
[2]: Requesting port stats...
28-04-2019 23:34:28 [DNN module] Datapath: <ryu.controller.controller.Datapath object at 0x7f9e9127c1d0>
[1]: Requesting port stats...
28-04-2019 23:34:28 [DNN module] Datapath: <ryu.controller.controller.Datapath object at 0x7f9ec9350090>
[3]: Requesting port stats...
[1]: Received port stats
[3]: Received port stats
[2]: Received port stats
28-04-2019 23:34:29 [DNN module] Forwarders: {<ryu.controller.controller.Datapath object at 0x7f9e9127c290>: [1, 2], <ryu.controller.controller.Datapath object at 0x7f9e9127c1d0>: [1], <ryu.controller.controller.Datapath object at 0x7f9ec9350090>: [1]}
[2]: Requesting flow stats...
[2]: Requesting flow stats...
[1]: Requesting flow stats...
[3]: Requesting flow stats...
[2]: Received flow stats
More flow stats replies are expected from port 1
[2]: Received flow stats
More flow stats replies are expected from port 1
[2]: Received flow stats
Number of received stats 1522 from port 1
[2]: Received flow stats
More flow stats replies are expected from port 2
[2]: Received flow stats
More flow stats replies are expected from port 2
[2]: Received flow stats
More flow stats replies are expected from port 2
[2]: Received flow stats
More flow stats replies are expected from port 2
[2]: Received flow stats
Number of received stats 2680 from port 2
[1]: Received flow stats
No flow stats received
[3]: Received flow stats
More flow stats replies are expected from port 1
[3]: Received flow stats
More flow stats replies are expected from port 1
[3]: Received flow stats
Number of received stats 1212 from port 1
28-04-2019 23:34:36 [DNN module] No new packet_ins.
28-04-2019 23:34:36 [DNN module] No flow stats available
28-04-2019 23:34:36 [DNN module] Actual MAC to port table:
28-04-2019 23:34:36 Switch 1:
28-04-2019 23:34:36 00:00:00:00:00:02 1
28-04-2019 23:34:36 [DNN module] Iteration done.
28-04-2019 23:34:36  ************************************************************
28-04-2019 23:35:06 [DNN module] Starting new iteration...
28-04-2019 23:35:06 [DNN module] Updating the status of the forwarders...
28-04-2019 23:35:06 [DNN module] Getting active ports of the forwarders...
28-04-2019 23:35:06 [DNN module] Datapath: <ryu.controller.controller.Datapath object at 0x7f9e9127c290>
[2]: Requesting port stats...
28-04-2019 23:35:06 [DNN module] Datapath: <ryu.controller.controller.Datapath object at 0x7f9e9127c1d0>
[1]: Requesting port stats...
28-04-2019 23:35:06 [DNN module] Datapath: <ryu.controller.controller.Datapath object at 0x7f9ec9350090>
[3]: Requesting port stats...
[3]: Received port stats
[1]: Received port stats
[2]: Received port stats
28-04-2019 23:35:07 [DNN module] Forwarders: {<ryu.controller.controller.Datapath object at 0x7f9e9127c290>: [1, 2], <ryu.controller.controller.Datapath object at 0x7f9e9127c1d0>: [1], <ryu.controller.controller.Datapath object at 0x7f9ec9350090>: [1]}
[2]: Requesting flow stats...
[2]: Requesting flow stats...
[1]: Requesting flow stats...
[3]: Requesting flow stats...
[2]: Received flow stats
More flow stats replies are expected from port 1
[2]: Received flow stats
More flow stats replies are expected from port 1
[2]: Received flow stats
Number of received stats 1522 from port 1
[2]: Received flow stats
More flow stats replies are expected from port 2
[2]: Received flow stats
More flow stats replies are expected from port 2
[2]: Received flow stats
More flow stats replies are expected from port 2
[2]: Received flow stats
More flow stats replies are expected from port 2
[2]: Received flow stats
Number of received stats 2680 from port 2
[3]: Received flow stats
More flow stats replies are expected from port 1
[3]: Received flow stats
More flow stats replies are expected from port 1
[3]: Received flow stats
Number of received stats 1212 from port 1
[1]: Received flow stats
No flow stats received
28-04-2019 23:35:16 [DNN module] No new packet_ins.
/home/jozef/PycharmProjects/DP_Security_improvements/controller_scripts/dnn_module.py:510: DataConversionWarning: Data with input dtype object were all converted to float64 by StandardScaler.
  return self.scaler.transform(samples)
28-04-2019 23:35:21 [DNN module] Evaluation of the flows is going to be saved into ../results/22-01-2015_1_50000_pcap0_w30.dump
28-04-2019 23:35:21 [DNN module] Evaluation of the flows is successfully saved
28-04-2019 23:35:21 [DNN module] Number of saved flows is 648
28-04-2019 23:35:21 Malicious flows are 26
28-04-2019 23:35:21 [DNN module] Prevention mode is disabled
28-04-2019 23:35:21 [DNN module] Actual MAC to port table:
28-04-2019 23:35:21 Switch 1:
28-04-2019 23:35:21 00:00:00:00:00:02 1
28-04-2019 23:35:21 Switch 3:
28-04-2019 23:35:21 00:00:00:00:00:01 1
28-04-2019 23:35:21 [DNN module] Iteration done.
28-04-2019 23:35:21  ************************************************************
MeterStats of 3: ['meter_id=0x00000001 len=56 flow_count=0 packet_in_count=0 byte_in_count=0 duration_sec=4811 duration_nsec=955000000 band_stats=[OFPMeterBandStats(byte_band_count=0,packet_band_count=0)]', 'meter_id=0x00000002 len=56 flow_count=0 packet_in_count=0 byte_in_count=0 duration_sec=4811 duration_nsec=955000000 band_stats=[OFPMeterBandStats(byte_band_count=0,packet_band_count=0)]', 'meter_id=0x00000003 len=56 flow_count=0 packet_in_count=0 byte_in_count=0 duration_sec=4811 duration_nsec=955000000 band_stats=[OFPMeterBandStats(byte_band_count=0,packet_band_count=0)]']
MeterStats of 2: ['meter_id=0x00000001 len=56 flow_count=0 packet_in_count=0 byte_in_count=0 duration_sec=4811 duration_nsec=956000000 band_stats=[OFPMeterBandStats(byte_band_count=0,packet_band_count=0)]', 'meter_id=0x00000002 len=56 flow_count=0 packet_in_count=0 byte_in_count=0 duration_sec=4811 duration_nsec=956000000 band_stats=[OFPMeterBandStats(byte_band_count=0,packet_band_count=0)]', 'meter_id=0x00000003 len=56 flow_count=0 packet_in_count=0 byte_in_count=0 duration_sec=4811 duration_nsec=956000000 band_stats=[OFPMeterBandStats(byte_band_count=0,packet_band_count=0)]']
28-04-2019 23:35:51 [DNN module] Starting new iteration...
28-04-2019 23:35:51 [DNN module] Updating the status of the forwarders...
28-04-2019 23:35:51 [DNN module] Getting active ports of the forwarders...
28-04-2019 23:35:51 [DNN module] Datapath: <ryu.controller.controller.Datapath object at 0x7f9e8b6471d0>
[2]: Requesting port stats...
28-04-2019 23:35:51 [DNN module] Datapath: <ryu.controller.controller.Datapath object at 0x7f9e9127c1d0>
[1]: Requesting port stats...
28-04-2019 23:35:51 [DNN module] Datapath: <ryu.controller.controller.Datapath object at 0x7f9e8b5f9650>
[3]: Requesting port stats...
[1]: Received port stats
[3]: Received port stats
[2]: Received port stats
28-04-2019 23:35:52 [DNN module] Forwarders: {<ryu.controller.controller.Datapath object at 0x7f9e8b6471d0>: [1, 2], <ryu.controller.controller.Datapath object at 0x7f9e9127c1d0>: [1], <ryu.controller.controller.Datapath object at 0x7f9e8b5f9650>: [1]}
[2]: Requesting flow stats...
[2]: Requesting flow stats...
[1]: Requesting flow stats...
[3]: Requesting flow stats...
[1]: Received flow stats
No flow stats received
[3]: Received flow stats
More flow stats replies are expected from port 1
[3]: Received flow stats
More flow stats replies are expected from port 1
[3]: Received flow stats
Number of received stats 1212 from port 1
[2]: Received flow stats
More flow stats replies are expected from port 1
[2]: Received flow stats
More flow stats replies are expected from port 1
[2]: Received flow stats
Number of received stats 1522 from port 1
[2]: Received flow stats
More flow stats replies are expected from port 2
[2]: Received flow stats
More flow stats replies are expected from port 2
[2]: Received flow stats
More flow stats replies are expected from port 2
[2]: Received flow stats
More flow stats replies are expected from port 2
[2]: Received flow stats
Number of received stats 2680 from port 2
28-04-2019 23:36:01 [DNN module] No new packet_ins.
28-04-2019 23:36:06 [DNN module] Evaluation of the flows is going to be saved into ../results/22-01-2015_1_50000_pcap0_w30.dump
28-04-2019 23:36:06 [DNN module] Evaluation of the flows is successfully saved
28-04-2019 23:36:06 [DNN module] Number of saved flows is 834
28-04-2019 23:36:06 Malicious flows are 5
28-04-2019 23:36:06 [DNN module] Prevention mode is disabled
28-04-2019 23:36:06 [DNN module] Actual MAC to port table:
28-04-2019 23:36:06 Switch 1:
28-04-2019 23:36:06 00:00:00:00:00:02 1
28-04-2019 23:36:06 Switch 3:
28-04-2019 23:36:06 00:00:00:00:00:01 1
28-04-2019 23:36:06 [DNN module] Iteration done.
28-04-2019 23:36:06  ************************************************************
MeterStats of 3: ['meter_id=0x00000001 len=56 flow_count=0 packet_in_count=0 byte_in_count=0 duration_sec=4856 duration_nsec=864000000 band_stats=[OFPMeterBandStats(byte_band_count=0,packet_band_count=0)]', 'meter_id=0x00000002 len=56 flow_count=0 packet_in_count=0 byte_in_count=0 duration_sec=4856 duration_nsec=864000000 band_stats=[OFPMeterBandStats(byte_band_count=0,packet_band_count=0)]', 'meter_id=0x00000003 len=56 flow_count=0 packet_in_count=0 byte_in_count=0 duration_sec=4856 duration_nsec=864000000 band_stats=[OFPMeterBandStats(byte_band_count=0,packet_band_count=0)]']
MeterStats of 2: ['meter_id=0x00000001 len=56 flow_count=0 packet_in_count=0 byte_in_count=0 duration_sec=4856 duration_nsec=998000000 band_stats=[OFPMeterBandStats(byte_band_count=0,packet_band_count=0)]', 'meter_id=0x00000002 len=56 flow_count=0 packet_in_count=0 byte_in_count=0 duration_sec=4856 duration_nsec=998000000 band_stats=[OFPMeterBandStats(byte_band_count=0,packet_band_count=0)]', 'meter_id=0x00000003 len=56 flow_count=0 packet_in_count=0 byte_in_count=0 duration_sec=4856 duration_nsec=998000000 band_stats=[OFPMeterBandStats(byte_band_count=0,packet_band_count=0)]']
MeterStats of 1: ['meter_id=0x00000001 len=56 flow_count=0 packet_in_count=0 byte_in_count=0 duration_sec=4858 duration_nsec=999000000 band_stats=[OFPMeterBandStats(byte_band_count=0,packet_band_count=0)]', 'meter_id=0x00000002 len=56 flow_count=0 packet_in_count=0 byte_in_count=0 duration_sec=4858 duration_nsec=999000000 band_stats=[OFPMeterBandStats(byte_band_count=0,packet_band_count=0)]', 'meter_id=0x00000003 len=56 flow_count=0 packet_in_count=0 byte_in_count=0 duration_sec=4858 duration_nsec=999000000 band_stats=[OFPMeterBandStats(byte_band_count=0,packet_band_count=0)]']
28-04-2019 23:36:36 [DNN module] Starting new iteration...
28-04-2019 23:36:36 [DNN module] Updating the status of the forwarders...
28-04-2019 23:36:36 [DNN module] Getting active ports of the forwarders...
28-04-2019 23:36:36 [DNN module] Datapath: <ryu.controller.controller.Datapath object at 0x7f9e89aaf150>
[2]: Requesting port stats...
28-04-2019 23:36:36 [DNN module] Datapath: <ryu.controller.controller.Datapath object at 0x7f9e9127c350>
[1]: Requesting port stats...
28-04-2019 23:36:36 [DNN module] Datapath: <ryu.controller.controller.Datapath object at 0x7f9ec8ea8450>
[3]: Requesting port stats...
[1]: Received port stats
[3]: Received port stats
[2]: Received port stats
28-04-2019 23:36:37 [DNN module] Forwarders: {<ryu.controller.controller.Datapath object at 0x7f9e89aaf150>: [1, 2], <ryu.controller.controller.Datapath object at 0x7f9e9127c350>: [1], <ryu.controller.controller.Datapath object at 0x7f9ec8ea8450>: [1]}
[2]: Requesting flow stats...
[2]: Requesting flow stats...
[1]: Requesting flow stats...
[3]: Requesting flow stats...
[2]: Received flow stats
More flow stats replies are expected from port 1
[2]: Received flow stats
More flow stats replies are expected from port 1
[2]: Received flow stats
Number of received stats 1522 from port 1
[2]: Received flow stats
More flow stats replies are expected from port 2
[2]: Received flow stats
More flow stats replies are expected from port 2
[2]: Received flow stats
More flow stats replies are expected from port 2
[2]: Received flow stats
More flow stats replies are expected from port 2
[2]: Received flow stats
Number of received stats 2680 from port 2
[1]: Received flow stats
No flow stats received
[3]: Received flow stats
More flow stats replies are expected from port 1
[3]: Received flow stats
More flow stats replies are expected from port 1
[3]: Received flow stats
Number of received stats 1212 from port 1
28-04-2019 23:36:46 [DNN module] No new packet_ins.
28-04-2019 23:36:46 [DNN module] No flow stats available
28-04-2019 23:36:46 [DNN module] Actual MAC to port table:
28-04-2019 23:36:46 Switch 1:
28-04-2019 23:36:46 00:00:00:00:00:02 1
28-04-2019 23:36:46 Switch 3:
28-04-2019 23:36:46 00:00:00:00:00:01 1
28-04-2019 23:36:46 [DNN module] Iteration done.
28-04-2019 23:36:46  ************************************************************
28-04-2019 23:37:16 [DNN module] Starting new iteration...
28-04-2019 23:37:16 [DNN module] Updating the status of the forwarders...
28-04-2019 23:37:16 [DNN module] Getting active ports of the forwarders...
28-04-2019 23:37:16 [DNN module] Datapath: <ryu.controller.controller.Datapath object at 0x7f9e89aaf150>
[2]: Requesting port stats...
28-04-2019 23:37:16 [DNN module] Datapath: <ryu.controller.controller.Datapath object at 0x7f9e9127c350>
[1]: Requesting port stats...
28-04-2019 23:37:16 [DNN module] Datapath: <ryu.controller.controller.Datapath object at 0x7f9ec8ea8450>
[3]: Requesting port stats...
[1]: Received port stats
[3]: Received port stats
[2]: Received port stats
28-04-2019 23:37:17 [DNN module] Forwarders: {<ryu.controller.controller.Datapath object at 0x7f9e89aaf150>: [1, 2], <ryu.controller.controller.Datapath object at 0x7f9e9127c350>: [1], <ryu.controller.controller.Datapath object at 0x7f9ec8ea8450>: [1]}
[2]: Requesting flow stats...
[2]: Requesting flow stats...
[1]: Requesting flow stats...
[3]: Requesting flow stats...
[3]: Received flow stats
More flow stats replies are expected from port 1
[3]: Received flow stats
More flow stats replies are expected from port 1
[3]: Received flow stats
Number of received stats 1212 from port 1
[1]: Received flow stats
No flow stats received
[2]: Received flow stats
More flow stats replies are expected from port 1
[2]: Received flow stats
More flow stats replies are expected from port 1
[2]: Received flow stats
Number of received stats 1522 from port 1
[2]: Received flow stats
More flow stats replies are expected from port 2
[2]: Received flow stats
More flow stats replies are expected from port 2
[2]: Received flow stats
More flow stats replies are expected from port 2
[2]: Received flow stats
More flow stats replies are expected from port 2
[2]: Received flow stats
Number of received stats 2680 from port 2
28-04-2019 23:37:25 [DNN module] No new packet_ins.
28-04-2019 23:37:25 [DNN module] No flow stats available
28-04-2019 23:37:25 [DNN module] Actual MAC to port table:
28-04-2019 23:37:25 Switch 1:
28-04-2019 23:37:25 00:00:00:00:00:02 1
28-04-2019 23:37:25 Switch 3:
28-04-2019 23:37:25 00:00:00:00:00:01 1
28-04-2019 23:37:25 [DNN module] Iteration done.
28-04-2019 23:37:25  ************************************************************
28-04-2019 23:37:55 [DNN module] Starting new iteration...
28-04-2019 23:37:55 [DNN module] Updating the status of the forwarders...
28-04-2019 23:37:55 [DNN module] Getting active ports of the forwarders...
28-04-2019 23:37:55 [DNN module] Datapath: <ryu.controller.controller.Datapath object at 0x7f9e89aaf150>
[2]: Requesting port stats...
28-04-2019 23:37:55 [DNN module] Datapath: <ryu.controller.controller.Datapath object at 0x7f9e9127c350>
[1]: Requesting port stats...
28-04-2019 23:37:55 [DNN module] Datapath: <ryu.controller.controller.Datapath object at 0x7f9ec8ea8450>
[3]: Requesting port stats...
[1]: Received port stats
[2]: Received port stats
[3]: Received port stats
28-04-2019 23:37:56 [DNN module] Forwarders: {<ryu.controller.controller.Datapath object at 0x7f9e89aaf150>: [1, 2], <ryu.controller.controller.Datapath object at 0x7f9e9127c350>: [1], <ryu.controller.controller.Datapath object at 0x7f9ec8ea8450>: [1]}
[2]: Requesting flow stats...
[2]: Requesting flow stats...
[1]: Requesting flow stats...
[3]: Requesting flow stats...
[1]: Received flow stats
No flow stats received
[3]: Received flow stats
More flow stats replies are expected from port 1
[3]: Received flow stats
More flow stats replies are expected from port 1
[3]: Received flow stats
Number of received stats 1212 from port 1
[2]: Received flow stats
More flow stats replies are expected from port 1
[2]: Received flow stats
More flow stats replies are expected from port 1
[2]: Received flow stats
Number of received stats 1522 from port 1
[2]: Received flow stats
More flow stats replies are expected from port 2
[2]: Received flow stats
More flow stats replies are expected from port 2
[2]: Received flow stats
More flow stats replies are expected from port 2
[2]: Received flow stats
More flow stats replies are expected from port 2
[2]: Received flow stats
Number of received stats 2680 from port 2
28-04-2019 23:38:04 [DNN module] No new packet_ins.
28-04-2019 23:38:04 [DNN module] No flow stats available
28-04-2019 23:38:04 [DNN module] Actual MAC to port table:
28-04-2019 23:38:04 Switch 1:
28-04-2019 23:38:04 00:00:00:00:00:02 1
28-04-2019 23:38:04 Switch 3:
28-04-2019 23:38:04 00:00:00:00:00:01 1
28-04-2019 23:38:04 [DNN module] Iteration done.
28-04-2019 23:38:04  ************************************************************
28-04-2019 23:38:34 [DNN module] Starting new iteration...
28-04-2019 23:38:34 [DNN module] Updating the status of the forwarders...
28-04-2019 23:38:34 [DNN module] Getting active ports of the forwarders...
28-04-2019 23:38:34 [DNN module] Datapath: <ryu.controller.controller.Datapath object at 0x7f9e89aaf150>
[2]: Requesting port stats...
28-04-2019 23:38:34 [DNN module] Datapath: <ryu.controller.controller.Datapath object at 0x7f9e9127c350>
[1]: Requesting port stats...
28-04-2019 23:38:34 [DNN module] Datapath: <ryu.controller.controller.Datapath object at 0x7f9ec8ea8450>
[3]: Requesting port stats...
[2]: Received port stats
[1]: Received port stats
[3]: Received port stats
28-04-2019 23:38:35 [DNN module] Forwarders: {<ryu.controller.controller.Datapath object at 0x7f9e89aaf150>: [1, 2], <ryu.controller.controller.Datapath object at 0x7f9e9127c350>: [1], <ryu.controller.controller.Datapath object at 0x7f9ec8ea8450>: [1]}
[2]: Requesting flow stats...
[2]: Requesting flow stats...
[1]: Requesting flow stats...
[3]: Requesting flow stats...
[1]: Received flow stats
No flow stats received
[3]: Received flow stats
More flow stats replies are expected from port 1
[3]: Received flow stats
More flow stats replies are expected from port 1
[3]: Received flow stats
Number of received stats 1212 from port 1
[2]: Received flow stats
More flow stats replies are expected from port 1
[2]: Received flow stats
More flow stats replies are expected from port 1
[2]: Received flow stats
Number of received stats 1522 from port 1
[2]: Received flow stats
More flow stats replies are expected from port 2
[2]: Received flow stats
More flow stats replies are expected from port 2
[2]: Received flow stats
More flow stats replies are expected from port 2
[2]: Received flow stats
More flow stats replies are expected from port 2
[2]: Received flow stats
Number of received stats 2680 from port 2
28-04-2019 23:38:42 [DNN module] No new packet_ins.
28-04-2019 23:38:42 [DNN module] No flow stats available
28-04-2019 23:38:42 [DNN module] Actual MAC to port table:
28-04-2019 23:38:42 Switch 1:
28-04-2019 23:38:42 00:00:00:00:00:02 1
28-04-2019 23:38:42 Switch 3:
28-04-2019 23:38:42 00:00:00:00:00:01 1
28-04-2019 23:38:42 [DNN module] Iteration done.
28-04-2019 23:38:42  ************************************************************
28-04-2019 23:39:12 [DNN module] Starting new iteration...
28-04-2019 23:39:12 [DNN module] Updating the status of the forwarders...
28-04-2019 23:39:12 [DNN module] Getting active ports of the forwarders...
28-04-2019 23:39:12 [DNN module] Datapath: <ryu.controller.controller.Datapath object at 0x7f9e89aaf150>
[2]: Requesting port stats...
28-04-2019 23:39:12 [DNN module] Datapath: <ryu.controller.controller.Datapath object at 0x7f9e9127c350>
[1]: Requesting port stats...
28-04-2019 23:39:12 [DNN module] Datapath: <ryu.controller.controller.Datapath object at 0x7f9ec8ea8450>
[3]: Requesting port stats...
[3]: Received port stats
[2]: Received port stats
[1]: Received port stats
28-04-2019 23:39:13 [DNN module] Forwarders: {<ryu.controller.controller.Datapath object at 0x7f9e89aaf150>: [1, 2], <ryu.controller.controller.Datapath object at 0x7f9e9127c350>: [1], <ryu.controller.controller.Datapath object at 0x7f9ec8ea8450>: [1]}
[2]: Requesting flow stats...
[2]: Requesting flow stats...
[1]: Requesting flow stats...
[3]: Requesting flow stats...
[1]: Received flow stats
No flow stats received
[3]: Received flow stats
More flow stats replies are expected from port 1
[3]: Received flow stats
More flow stats replies are expected from port 1
[3]: Received flow stats
Number of received stats 1212 from port 1
[2]: Received flow stats
More flow stats replies are expected from port 1
[2]: Received flow stats
More flow stats replies are expected from port 1
[2]: Received flow stats
Number of received stats 1522 from port 1
[2]: Received flow stats
More flow stats replies are expected from port 2
[2]: Received flow stats
More flow stats replies are expected from port 2
[2]: Received flow stats
More flow stats replies are expected from port 2
[2]: Received flow stats
More flow stats replies are expected from port 2
[2]: Received flow stats
Number of received stats 2680 from port 2
28-04-2019 23:39:21 [DNN module] No new packet_ins.
28-04-2019 23:39:21 [DNN module] No flow stats available
28-04-2019 23:39:21 [DNN module] Actual MAC to port table:
28-04-2019 23:39:21 Switch 1:
28-04-2019 23:39:21 00:00:00:00:00:02 1
28-04-2019 23:39:21 Switch 3:
28-04-2019 23:39:21 00:00:00:00:00:01 1
28-04-2019 23:39:21 [DNN module] Iteration done.
28-04-2019 23:39:21  ************************************************************
28-04-2019 23:39:51 [DNN module] Starting new iteration...
28-04-2019 23:39:51 [DNN module] Updating the status of the forwarders...
28-04-2019 23:39:51 [DNN module] Getting active ports of the forwarders...
28-04-2019 23:39:51 [DNN module] Datapath: <ryu.controller.controller.Datapath object at 0x7f9e89aaf150>
[2]: Requesting port stats...
28-04-2019 23:39:51 [DNN module] Datapath: <ryu.controller.controller.Datapath object at 0x7f9e9127c350>
[1]: Requesting port stats...
28-04-2019 23:39:51 [DNN module] Datapath: <ryu.controller.controller.Datapath object at 0x7f9ec8ea8450>
[3]: Requesting port stats...
[1]: Received port stats
[3]: Received port stats
[2]: Received port stats
28-04-2019 23:39:52 [DNN module] Forwarders: {<ryu.controller.controller.Datapath object at 0x7f9e89aaf150>: [1, 2], <ryu.controller.controller.Datapath object at 0x7f9e9127c350>: [1], <ryu.controller.controller.Datapath object at 0x7f9ec8ea8450>: [1]}
[2]: Requesting flow stats...
[2]: Requesting flow stats...
[1]: Requesting flow stats...
[3]: Requesting flow stats...
[1]: Received flow stats
No flow stats received
[3]: Received flow stats
More flow stats replies are expected from port 1
[3]: Received flow stats
More flow stats replies are expected from port 1
[3]: Received flow stats
Number of received stats 1212 from port 1
[2]: Received flow stats
More flow stats replies are expected from port 1
[2]: Received flow stats
More flow stats replies are expected from port 1
[2]: Received flow stats
Number of received stats 1522 from port 1
[2]: Received flow stats
More flow stats replies are expected from port 2
[2]: Received flow stats
More flow stats replies are expected from port 2
[2]: Received flow stats
More flow stats replies are expected from port 2
[2]: Received flow stats
More flow stats replies are expected from port 2
[2]: Received flow stats
Number of received stats 2680 from port 2
28-04-2019 23:40:00 [DNN module] No new packet_ins.
28-04-2019 23:40:00 [DNN module] No flow stats available
28-04-2019 23:40:00 [DNN module] Actual MAC to port table:
28-04-2019 23:40:00 Switch 1:
28-04-2019 23:40:00 00:00:00:00:00:02 1
28-04-2019 23:40:00 Switch 3:
28-04-2019 23:40:00 00:00:00:00:00:01 1
28-04-2019 23:40:00 [DNN module] Iteration done.
28-04-2019 23:40:00  ************************************************************
28-04-2019 23:40:30 [DNN module] Starting new iteration...
28-04-2019 23:40:30 [DNN module] Updating the status of the forwarders...
28-04-2019 23:40:30 [DNN module] Getting active ports of the forwarders...
28-04-2019 23:40:30 [DNN module] Datapath: <ryu.controller.controller.Datapath object at 0x7f9e89aaf150>
[2]: Requesting port stats...
28-04-2019 23:40:30 [DNN module] Datapath: <ryu.controller.controller.Datapath object at 0x7f9e9127c350>
[1]: Requesting port stats...
28-04-2019 23:40:30 [DNN module] Datapath: <ryu.controller.controller.Datapath object at 0x7f9ec8ea8450>
[3]: Requesting port stats...
[1]: Received port stats
[2]: Received port stats
[3]: Received port stats
