loading app simple_switch_13.py
Using TensorFlow backend.
loading app ryu.controller.ofp_handler
instantiating app simple_switch_13.py of SimpleSwitch13
DNN module is enabled
28-04-2019 18:59:47 REFRESH_RATE is 30
28-04-2019 18:59:47 FW_REFRESH_RATE is 1
28-04-2019 18:59:47 TIMEOUT is 180
28-04-2019 18:59:47 FLOWS_DUMP_FILE is ../results/22-01-2015_1_200000_pcap0_w30.dump
2019-04-28 18:59:48.174323: I tensorflow/core/platform/cpu_feature_guard.cc:141] Your CPU supports instructions that this TensorFlow binary was not compiled to use: AVX2
28-04-2019 18:59:49 DNN_MODEL is ../models/DNN_model_all_binary_full.h5
/usr/local/lib/python2.7/dist-packages/sklearn/base.py:251: UserWarning: Trying to unpickle estimator StandardScaler from version 0.20.3 when using version 0.20.2. This might lead to breaking code or invalid results. Use at your own risk.
  UserWarning)
28-04-2019 18:59:50 DNN_SCALER is ../models/DNN_model_all_binary_full_scaler.sav
28-04-2019 18:59:50 Intervals are:
28-04-2019 18:59:50 Normal is [0.0, 0.5]
28-04-2019 18:59:50 Warning is [0.5, 0.8]
28-04-2019 18:59:50 Best Effort is [0.8, 0.95]
28-04-2019 18:59:50 Attack is [0.95, 1.0]
28-04-2019 18:59:50 [DNN module] DNN module initialized
28-04-2019 18:59:50 [DNN module] Starting new iteration...
28-04-2019 18:59:50 [DNN module] Updating the status of the forwarders...
28-04-2019 18:59:50 [DNN module] Getting active ports of the forwarders...
28-04-2019 18:59:50 [DNN module] No forwarders are online
28-04-2019 18:59:50 [DNN module] An error occured during updating forwarders. Skipping requesting of flow stats.
28-04-2019 18:59:50 [DNN module] Iteration done.
28-04-2019 18:59:50  ************************************************************
instantiating app ryu.controller.ofp_handler of OFPHandler
MeterStats of 1: ['meter_id=0x00000001 len=56 flow_count=0 packet_in_count=0 byte_in_count=0 duration_sec=1628 duration_nsec=845000000 band_stats=[OFPMeterBandStats(byte_band_count=0,packet_band_count=0)]', 'meter_id=0x00000002 len=56 flow_count=0 packet_in_count=0 byte_in_count=0 duration_sec=1628 duration_nsec=845000000 band_stats=[OFPMeterBandStats(byte_band_count=0,packet_band_count=0)]', 'meter_id=0x00000003 len=56 flow_count=0 packet_in_count=0 byte_in_count=0 duration_sec=1628 duration_nsec=845000000 band_stats=[OFPMeterBandStats(byte_band_count=0,packet_band_count=0)]']
MeterStats of 2: ['meter_id=0x00000001 len=56 flow_count=0 packet_in_count=0 byte_in_count=0 duration_sec=1628 duration_nsec=805000000 band_stats=[OFPMeterBandStats(byte_band_count=0,packet_band_count=0)]', 'meter_id=0x00000002 len=56 flow_count=0 packet_in_count=0 byte_in_count=0 duration_sec=1628 duration_nsec=806000000 band_stats=[OFPMeterBandStats(byte_band_count=0,packet_band_count=0)]', 'meter_id=0x00000003 len=56 flow_count=0 packet_in_count=0 byte_in_count=0 duration_sec=1628 duration_nsec=806000000 band_stats=[OFPMeterBandStats(byte_band_count=0,packet_band_count=0)]']
MeterStats of 3: ['meter_id=0x00000001 len=56 flow_count=0 packet_in_count=0 byte_in_count=0 duration_sec=1628 duration_nsec=748000000 band_stats=[OFPMeterBandStats(byte_band_count=0,packet_band_count=0)]', 'meter_id=0x00000002 len=56 flow_count=0 packet_in_count=0 byte_in_count=0 duration_sec=1628 duration_nsec=748000000 band_stats=[OFPMeterBandStats(byte_band_count=0,packet_band_count=0)]', 'meter_id=0x00000003 len=56 flow_count=0 packet_in_count=0 byte_in_count=0 duration_sec=1628 duration_nsec=748000000 band_stats=[OFPMeterBandStats(byte_band_count=0,packet_band_count=0)]']
28-04-2019 19:00:20 [DNN module] Starting new iteration...
28-04-2019 19:00:20 [DNN module] Updating the status of the forwarders...
28-04-2019 19:00:20 [DNN module] Getting active ports of the forwarders...
28-04-2019 19:00:20 [DNN module] Datapath: <ryu.controller.controller.Datapath object at 0x7f9152afa310>
[2]: Requesting port stats...
28-04-2019 19:00:20 [DNN module] Datapath: <ryu.controller.controller.Datapath object at 0x7f9152afa1d0>
[1]: Requesting port stats...
28-04-2019 19:00:20 [DNN module] Datapath: <ryu.controller.controller.Datapath object at 0x7f9152afa250>
[3]: Requesting port stats...
[1]: Received port stats
[2]: Received port stats
[3]: Received port stats
28-04-2019 19:00:21 [DNN module] Forwarders: {<ryu.controller.controller.Datapath object at 0x7f9152afa310>: [1, 2], <ryu.controller.controller.Datapath object at 0x7f9152afa1d0>: [1], <ryu.controller.controller.Datapath object at 0x7f9152afa250>: [1]}
[2]: Requesting flow stats...
[2]: Requesting flow stats...
[1]: Requesting flow stats...
[3]: Requesting flow stats...
[2]: Received flow stats
More flow stats replies are expected from port 1
[2]: Received flow stats
More flow stats replies are expected from port 1
[2]: Received flow stats
More flow stats replies are expected from port 1
[2]: Received flow stats
More flow stats replies are expected from port 1
[2]: Received flow stats
More flow stats replies are expected from port 1
[2]: Received flow stats
More flow stats replies are expected from port 1
[2]: Received flow stats
Number of received stats 3598 from port 1
[2]: Received flow stats
More flow stats replies are expected from port 2
[2]: Received flow stats
More flow stats replies are expected from port 2
[2]: Received flow stats
More flow stats replies are expected from port 2
[2]: Received flow stats
More flow stats replies are expected from port 2
[2]: Received flow stats
More flow stats replies are expected from port 2
[2]: Received flow stats
More flow stats replies are expected from port 2
[2]: Received flow stats
More flow stats replies are expected from port 2
[2]: Received flow stats
More flow stats replies are expected from port 2
[2]: Received flow stats
More flow stats replies are expected from port 2
[2]: Received flow stats
Number of received stats 5935 from port 2
[3]: Received flow stats
More flow stats replies are expected from port 1
[3]: Received flow stats
More flow stats replies are expected from port 1
[3]: Received flow stats
More flow stats replies are expected from port 1
[3]: Received flow stats
More flow stats replies are expected from port 1
[3]: Received flow stats
More flow stats replies are expected from port 1
[3]: Received flow stats
More flow stats replies are expected from port 1
[3]: Received flow stats
Number of received stats 3414 from port 1
[1]: Received flow stats
No flow stats received
28-04-2019 19:00:58 [DNN module] No new packet_ins.
28-04-2019 19:00:58 [DNN module] No flow stats available
28-04-2019 19:00:58 [DNN module] Actual MAC to port table:
28-04-2019 19:00:58 Switch 1:
28-04-2019 19:00:58 00:00:00:00:00:02 1
28-04-2019 19:00:58 [DNN module] Iteration done.
28-04-2019 19:00:58  ************************************************************
MeterStats of 2: ['meter_id=0x00000001 len=56 flow_count=0 packet_in_count=0 byte_in_count=0 duration_sec=1697 duration_nsec=150000000 band_stats=[OFPMeterBandStats(byte_band_count=0,packet_band_count=0)]', 'meter_id=0x00000002 len=56 flow_count=0 packet_in_count=0 byte_in_count=0 duration_sec=1697 duration_nsec=150000000 band_stats=[OFPMeterBandStats(byte_band_count=0,packet_band_count=0)]', 'meter_id=0x00000003 len=56 flow_count=0 packet_in_count=0 byte_in_count=0 duration_sec=1697 duration_nsec=150000000 band_stats=[OFPMeterBandStats(byte_band_count=0,packet_band_count=0)]']
MeterStats of 1: ['meter_id=0x00000001 len=56 flow_count=0 packet_in_count=0 byte_in_count=0 duration_sec=1697 duration_nsec=843000000 band_stats=[OFPMeterBandStats(byte_band_count=0,packet_band_count=0)]', 'meter_id=0x00000002 len=56 flow_count=0 packet_in_count=0 byte_in_count=0 duration_sec=1697 duration_nsec=843000000 band_stats=[OFPMeterBandStats(byte_band_count=0,packet_band_count=0)]', 'meter_id=0x00000003 len=56 flow_count=0 packet_in_count=0 byte_in_count=0 duration_sec=1697 duration_nsec=843000000 band_stats=[OFPMeterBandStats(byte_band_count=0,packet_band_count=0)]']
MeterStats of 3: ['meter_id=0x00000001 len=56 flow_count=0 packet_in_count=0 byte_in_count=0 duration_sec=1697 duration_nsec=741000000 band_stats=[OFPMeterBandStats(byte_band_count=0,packet_band_count=0)]', 'meter_id=0x00000002 len=56 flow_count=0 packet_in_count=0 byte_in_count=0 duration_sec=1697 duration_nsec=741000000 band_stats=[OFPMeterBandStats(byte_band_count=0,packet_band_count=0)]', 'meter_id=0x00000003 len=56 flow_count=0 packet_in_count=0 byte_in_count=0 duration_sec=1697 duration_nsec=741000000 band_stats=[OFPMeterBandStats(byte_band_count=0,packet_band_count=0)]']
28-04-2019 19:01:28 [DNN module] Starting new iteration...
28-04-2019 19:01:28 [DNN module] Updating the status of the forwarders...
28-04-2019 19:01:28 [DNN module] Getting active ports of the forwarders...
28-04-2019 19:01:28 [DNN module] Datapath: <ryu.controller.controller.Datapath object at 0x7f913a8e9710>
[1]: Requesting port stats...
28-04-2019 19:01:28 [DNN module] Datapath: <ryu.controller.controller.Datapath object at 0x7f913a8a0450>
[2]: Requesting port stats...
28-04-2019 19:01:28 [DNN module] Datapath: <ryu.controller.controller.Datapath object at 0x7f913bd47910>
[3]: Requesting port stats...
[3]: Received port stats
[2]: Received port stats
[1]: Received port stats
28-04-2019 19:01:33 [DNN module] Forwarders: {<ryu.controller.controller.Datapath object at 0x7f913a8e9710>: [1], <ryu.controller.controller.Datapath object at 0x7f913a8a0450>: [1, 2], <ryu.controller.controller.Datapath object at 0x7f913bd47910>: [1]}
[1]: Requesting flow stats...
[2]: Requesting flow stats...
[2]: Requesting flow stats...
[3]: Requesting flow stats...
[3]: Received flow stats
More flow stats replies are expected from port 1
[3]: Received flow stats
More flow stats replies are expected from port 1
[3]: Received flow stats
More flow stats replies are expected from port 1
[3]: Received flow stats
More flow stats replies are expected from port 1
[3]: Received flow stats
More flow stats replies are expected from port 1
[3]: Received flow stats
More flow stats replies are expected from port 1
[3]: Received flow stats
Number of received stats 3414 from port 1
[2]: Received flow stats
More flow stats replies are expected from port 1
[2]: Received flow stats
More flow stats replies are expected from port 1
[2]: Received flow stats
More flow stats replies are expected from port 1
[2]: Received flow stats
More flow stats replies are expected from port 1
[2]: Received flow stats
More flow stats replies are expected from port 1
[2]: Received flow stats
More flow stats replies are expected from port 1
[2]: Received flow stats
Number of received stats 3598 from port 1
[2]: Received flow stats
More flow stats replies are expected from port 2
[2]: Received flow stats
More flow stats replies are expected from port 2
[2]: Received flow stats
More flow stats replies are expected from port 2
[2]: Received flow stats
More flow stats replies are expected from port 2
[2]: Received flow stats
More flow stats replies are expected from port 2
[2]: Received flow stats
More flow stats replies are expected from port 2
[2]: Received flow stats
More flow stats replies are expected from port 2
[2]: Received flow stats
More flow stats replies are expected from port 2
[2]: Received flow stats
More flow stats replies are expected from port 2
[2]: Received flow stats
Number of received stats 5935 from port 2
[1]: Received flow stats
No flow stats received
28-04-2019 19:02:30 [DNN module] No new packet_ins.
/home/jozef/PycharmProjects/DP_Security_improvements/controller_scripts/dnn_module.py:510: DataConversionWarning: Data with input dtype object were all converted to float64 by StandardScaler.
  return self.scaler.transform(samples)
28-04-2019 19:03:00 [DNN module] Evaluation of the flows is going to be saved into ../results/22-01-2015_1_200000_pcap0_w30.dump
28-04-2019 19:03:01 [DNN module] Evaluation of the flows is successfully saved
28-04-2019 19:03:01 [DNN module] Number of saved flows is 2077
28-04-2019 19:03:01 Malicious flows are 25
28-04-2019 19:03:01 [DNN module] Prevention mode is disabled
28-04-2019 19:03:01 [DNN module] Actual MAC to port table:
28-04-2019 19:03:01 Switch 1:
28-04-2019 19:03:01 00:00:00:00:00:02 1
28-04-2019 19:03:01 [DNN module] Iteration done.
28-04-2019 19:03:01  ************************************************************
MeterStats of 3: ['meter_id=0x00000001 len=56 flow_count=0 packet_in_count=0 byte_in_count=0 duration_sec=1819 duration_nsec=989000000 band_stats=[OFPMeterBandStats(byte_band_count=0,packet_band_count=0)]', 'meter_id=0x00000002 len=56 flow_count=0 packet_in_count=0 byte_in_count=0 duration_sec=1819 duration_nsec=989000000 band_stats=[OFPMeterBandStats(byte_band_count=0,packet_band_count=0)]', 'meter_id=0x00000003 len=56 flow_count=0 packet_in_count=0 byte_in_count=0 duration_sec=1819 duration_nsec=989000000 band_stats=[OFPMeterBandStats(byte_band_count=0,packet_band_count=0)]']
MeterStats of 2: ['meter_id=0x00000001 len=56 flow_count=0 packet_in_count=0 byte_in_count=0 duration_sec=1820 duration_nsec=48000000 band_stats=[OFPMeterBandStats(byte_band_count=0,packet_band_count=0)]', 'meter_id=0x00000002 len=56 flow_count=0 packet_in_count=0 byte_in_count=0 duration_sec=1820 duration_nsec=48000000 band_stats=[OFPMeterBandStats(byte_band_count=0,packet_band_count=0)]', 'meter_id=0x00000003 len=56 flow_count=0 packet_in_count=0 byte_in_count=0 duration_sec=1820 duration_nsec=48000000 band_stats=[OFPMeterBandStats(byte_band_count=0,packet_band_count=0)]']
MeterStats of 1: ['meter_id=0x00000001 len=56 flow_count=0 packet_in_count=0 byte_in_count=0 duration_sec=1820 duration_nsec=842000000 band_stats=[OFPMeterBandStats(byte_band_count=0,packet_band_count=0)]', 'meter_id=0x00000002 len=56 flow_count=0 packet_in_count=0 byte_in_count=0 duration_sec=1820 duration_nsec=842000000 band_stats=[OFPMeterBandStats(byte_band_count=0,packet_band_count=0)]', 'meter_id=0x00000003 len=56 flow_count=0 packet_in_count=0 byte_in_count=0 duration_sec=1820 duration_nsec=842000000 band_stats=[OFPMeterBandStats(byte_band_count=0,packet_band_count=0)]']
28-04-2019 19:03:31 [DNN module] Starting new iteration...
28-04-2019 19:03:31 [DNN module] Updating the status of the forwarders...
28-04-2019 19:03:31 [DNN module] Getting active ports of the forwarders...
28-04-2019 19:03:31 [DNN module] Datapath: <ryu.controller.controller.Datapath object at 0x7f91514cb0d0>
[2]: Requesting port stats...
28-04-2019 19:03:31 [DNN module] Datapath: <ryu.controller.controller.Datapath object at 0x7f9150091550>
[1]: Requesting port stats...
28-04-2019 19:03:31 [DNN module] Datapath: <ryu.controller.controller.Datapath object at 0x7f91514cb110>
[3]: Requesting port stats...
[3]: Received port stats
[1]: Received port stats
[2]: Received port stats
28-04-2019 19:03:32 [DNN module] Forwarders: {<ryu.controller.controller.Datapath object at 0x7f91514cb0d0>: [1, 2], <ryu.controller.controller.Datapath object at 0x7f9150091550>: [1], <ryu.controller.controller.Datapath object at 0x7f91514cb110>: [1]}
[2]: Requesting flow stats...
[2]: Requesting flow stats...
[1]: Requesting flow stats...
[3]: Requesting flow stats...
[2]: Received flow stats
More flow stats replies are expected from port 1
[2]: Received flow stats
More flow stats replies are expected from port 1
[2]: Received flow stats
More flow stats replies are expected from port 1
[2]: Received flow stats
More flow stats replies are expected from port 1
[2]: Received flow stats
More flow stats replies are expected from port 1
[2]: Received flow stats
More flow stats replies are expected from port 1
[2]: Received flow stats
Number of received stats 3598 from port 1
[2]: Received flow stats
More flow stats replies are expected from port 2
[2]: Received flow stats
More flow stats replies are expected from port 2
[2]: Received flow stats
More flow stats replies are expected from port 2
[2]: Received flow stats
More flow stats replies are expected from port 2
[2]: Received flow stats
More flow stats replies are expected from port 2
[2]: Received flow stats
More flow stats replies are expected from port 2
[2]: Received flow stats
More flow stats replies are expected from port 2
[2]: Received flow stats
More flow stats replies are expected from port 2
[2]: Received flow stats
More flow stats replies are expected from port 2
[2]: Received flow stats
Number of received stats 5935 from port 2
[3]: Received flow stats
More flow stats replies are expected from port 1
[3]: Received flow stats
More flow stats replies are expected from port 1
[3]: Received flow stats
More flow stats replies are expected from port 1
[3]: Received flow stats
More flow stats replies are expected from port 1
[3]: Received flow stats
More flow stats replies are expected from port 1
[3]: Received flow stats
More flow stats replies are expected from port 1
[3]: Received flow stats
Number of received stats 3414 from port 1
[1]: Received flow stats
No flow stats received
28-04-2019 19:04:30 [DNN module] No new packet_ins.
28-04-2019 19:04:38 [DNN module] Evaluation of the flows is going to be saved into ../results/22-01-2015_1_200000_pcap0_w30.dump
28-04-2019 19:04:38 [DNN module] Evaluation of the flows is successfully saved
28-04-2019 19:04:38 [DNN module] Number of saved flows is 795
28-04-2019 19:04:38 Malicious flows are 16
28-04-2019 19:04:38 [DNN module] Prevention mode is disabled
28-04-2019 19:04:38 [DNN module] Actual MAC to port table:
28-04-2019 19:04:38 Switch 1:
28-04-2019 19:04:38 00:00:00:00:00:02 1
28-04-2019 19:04:38 [DNN module] Iteration done.
28-04-2019 19:04:38  ************************************************************
MeterStats of 1: ['meter_id=0x00000001 len=56 flow_count=0 packet_in_count=0 byte_in_count=0 duration_sec=1917 duration_nsec=844000000 band_stats=[OFPMeterBandStats(byte_band_count=0,packet_band_count=0)]', 'meter_id=0x00000002 len=56 flow_count=0 packet_in_count=0 byte_in_count=0 duration_sec=1917 duration_nsec=844000000 band_stats=[OFPMeterBandStats(byte_band_count=0,packet_band_count=0)]', 'meter_id=0x00000003 len=56 flow_count=0 packet_in_count=0 byte_in_count=0 duration_sec=1917 duration_nsec=844000000 band_stats=[OFPMeterBandStats(byte_band_count=0,packet_band_count=0)]']
MeterStats of 2: ['meter_id=0x00000001 len=56 flow_count=0 packet_in_count=0 byte_in_count=0 duration_sec=1917 duration_nsec=795000000 band_stats=[OFPMeterBandStats(byte_band_count=0,packet_band_count=0)]', 'meter_id=0x00000002 len=56 flow_count=0 packet_in_count=0 byte_in_count=0 duration_sec=1917 duration_nsec=795000000 band_stats=[OFPMeterBandStats(byte_band_count=0,packet_band_count=0)]', 'meter_id=0x00000003 len=56 flow_count=0 packet_in_count=0 byte_in_count=0 duration_sec=1917 duration_nsec=795000000 band_stats=[OFPMeterBandStats(byte_band_count=0,packet_band_count=0)]']
MeterStats of 3: ['meter_id=0x00000001 len=56 flow_count=0 packet_in_count=0 byte_in_count=0 duration_sec=1918 duration_nsec=735000000 band_stats=[OFPMeterBandStats(byte_band_count=0,packet_band_count=0)]', 'meter_id=0x00000002 len=56 flow_count=0 packet_in_count=0 byte_in_count=0 duration_sec=1918 duration_nsec=736000000 band_stats=[OFPMeterBandStats(byte_band_count=0,packet_band_count=0)]', 'meter_id=0x00000003 len=56 flow_count=0 packet_in_count=0 byte_in_count=0 duration_sec=1918 duration_nsec=736000000 band_stats=[OFPMeterBandStats(byte_band_count=0,packet_band_count=0)]']
28-04-2019 19:05:08 [DNN module] Starting new iteration...
28-04-2019 19:05:08 [DNN module] Updating the status of the forwarders...
28-04-2019 19:05:08 [DNN module] Getting active ports of the forwarders...
28-04-2019 19:05:08 [DNN module] Datapath: <ryu.controller.controller.Datapath object at 0x7f913a85e390>
[2]: Requesting port stats...
28-04-2019 19:05:08 [DNN module] Datapath: <ryu.controller.controller.Datapath object at 0x7f913a85ea50>
[1]: Requesting port stats...
28-04-2019 19:05:08 [DNN module] Datapath: <ryu.controller.controller.Datapath object at 0x7f913a85eed0>
[3]: Requesting port stats...
[2]: Received port stats
[1]: Received port stats
[3]: Received port stats
28-04-2019 19:05:09 [DNN module] Forwarders: {<ryu.controller.controller.Datapath object at 0x7f913a85e390>: [1, 2], <ryu.controller.controller.Datapath object at 0x7f913a85ea50>: [1], <ryu.controller.controller.Datapath object at 0x7f913a85eed0>: [1]}
[2]: Requesting flow stats...
[2]: Requesting flow stats...
[1]: Requesting flow stats...
[3]: Requesting flow stats...
[1]: Received flow stats
No flow stats received
[3]: Received flow stats
More flow stats replies are expected from port 1
[3]: Received flow stats
More flow stats replies are expected from port 1
[3]: Received flow stats
More flow stats replies are expected from port 1
[3]: Received flow stats
More flow stats replies are expected from port 1
[3]: Received flow stats
More flow stats replies are expected from port 1
[3]: Received flow stats
More flow stats replies are expected from port 1
[3]: Received flow stats
Number of received stats 3414 from port 1
[2]: Received flow stats
More flow stats replies are expected from port 1
[2]: Received flow stats
More flow stats replies are expected from port 1
[2]: Received flow stats
More flow stats replies are expected from port 1
[2]: Received flow stats
More flow stats replies are expected from port 1
[2]: Received flow stats
More flow stats replies are expected from port 1
[2]: Received flow stats
More flow stats replies are expected from port 1
[2]: Received flow stats
Number of received stats 3598 from port 1
[2]: Received flow stats
More flow stats replies are expected from port 2
[2]: Received flow stats
More flow stats replies are expected from port 2
[2]: Received flow stats
More flow stats replies are expected from port 2
[2]: Received flow stats
More flow stats replies are expected from port 2
[2]: Received flow stats
More flow stats replies are expected from port 2
[2]: Received flow stats
More flow stats replies are expected from port 2
[2]: Received flow stats
More flow stats replies are expected from port 2
[2]: Received flow stats
More flow stats replies are expected from port 2
[2]: Received flow stats
More flow stats replies are expected from port 2
[2]: Received flow stats
Number of received stats 5935 from port 2
28-04-2019 19:06:08 [DNN module] No new packet_ins.
28-04-2019 19:06:08 [DNN module] No flow stats available
28-04-2019 19:06:08 [DNN module] Actual MAC to port table:
28-04-2019 19:06:08 Switch 1:
28-04-2019 19:06:08 00:00:00:00:00:02 1
28-04-2019 19:06:08 [DNN module] Iteration done.
28-04-2019 19:06:08  ************************************************************
MeterStats of 3: ['meter_id=0x00000001 len=56 flow_count=0 packet_in_count=0 byte_in_count=0 duration_sec=2006 duration_nsec=734000000 band_stats=[OFPMeterBandStats(byte_band_count=0,packet_band_count=0)]', 'meter_id=0x00000002 len=56 flow_count=0 packet_in_count=0 byte_in_count=0 duration_sec=2006 duration_nsec=734000000 band_stats=[OFPMeterBandStats(byte_band_count=0,packet_band_count=0)]', 'meter_id=0x00000003 len=56 flow_count=0 packet_in_count=0 byte_in_count=0 duration_sec=2006 duration_nsec=734000000 band_stats=[OFPMeterBandStats(byte_band_count=0,packet_band_count=0)]']
MeterStats of 2: ['meter_id=0x00000001 len=56 flow_count=0 packet_in_count=0 byte_in_count=0 duration_sec=2006 duration_nsec=793000000 band_stats=[OFPMeterBandStats(byte_band_count=0,packet_band_count=0)]', 'meter_id=0x00000002 len=56 flow_count=0 packet_in_count=0 byte_in_count=0 duration_sec=2006 duration_nsec=793000000 band_stats=[OFPMeterBandStats(byte_band_count=0,packet_band_count=0)]', 'meter_id=0x00000003 len=56 flow_count=0 packet_in_count=0 byte_in_count=0 duration_sec=2006 duration_nsec=793000000 band_stats=[OFPMeterBandStats(byte_band_count=0,packet_band_count=0)]']
MeterStats of 1: ['meter_id=0x00000001 len=56 flow_count=0 packet_in_count=0 byte_in_count=0 duration_sec=2007 duration_nsec=843000000 band_stats=[OFPMeterBandStats(byte_band_count=0,packet_band_count=0)]', 'meter_id=0x00000002 len=56 flow_count=0 packet_in_count=0 byte_in_count=0 duration_sec=2007 duration_nsec=843000000 band_stats=[OFPMeterBandStats(byte_band_count=0,packet_band_count=0)]', 'meter_id=0x00000003 len=56 flow_count=0 packet_in_count=0 byte_in_count=0 duration_sec=2007 duration_nsec=843000000 band_stats=[OFPMeterBandStats(byte_band_count=0,packet_band_count=0)]']
28-04-2019 19:06:38 [DNN module] Starting new iteration...
28-04-2019 19:06:38 [DNN module] Updating the status of the forwarders...
28-04-2019 19:06:38 [DNN module] Getting active ports of the forwarders...
28-04-2019 19:06:38 [DNN module] Datapath: <ryu.controller.controller.Datapath object at 0x7f91505acb90>
[2]: Requesting port stats...
28-04-2019 19:06:38 [DNN module] Datapath: <ryu.controller.controller.Datapath object at 0x7f91505ac710>
[1]: Requesting port stats...
28-04-2019 19:06:38 [DNN module] Datapath: <ryu.controller.controller.Datapath object at 0x7f91505acd10>
[3]: Requesting port stats...
[1]: Received port stats
[3]: Received port stats
[2]: Received port stats
28-04-2019 19:06:39 [DNN module] Forwarders: {<ryu.controller.controller.Datapath object at 0x7f91505acb90>: [1, 2], <ryu.controller.controller.Datapath object at 0x7f91505ac710>: [1], <ryu.controller.controller.Datapath object at 0x7f91505acd10>: [1]}
[2]: Requesting flow stats...
[2]: Requesting flow stats...
[1]: Requesting flow stats...
[3]: Requesting flow stats...
[1]: Received flow stats
No flow stats received
[3]: Received flow stats
More flow stats replies are expected from port 1
[3]: Received flow stats
More flow stats replies are expected from port 1
[3]: Received flow stats
More flow stats replies are expected from port 1
[3]: Received flow stats
More flow stats replies are expected from port 1
[3]: Received flow stats
More flow stats replies are expected from port 1
[3]: Received flow stats
More flow stats replies are expected from port 1
[3]: Received flow stats
Number of received stats 3414 from port 1
[2]: Received flow stats
More flow stats replies are expected from port 1
[2]: Received flow stats
More flow stats replies are expected from port 1
[2]: Received flow stats
More flow stats replies are expected from port 1
[2]: Received flow stats
More flow stats replies are expected from port 1
[2]: Received flow stats
More flow stats replies are expected from port 1
[2]: Received flow stats
More flow stats replies are expected from port 1
[2]: Received flow stats
Number of received stats 3598 from port 1
[2]: Received flow stats
More flow stats replies are expected from port 2
[2]: Received flow stats
More flow stats replies are expected from port 2
[2]: Received flow stats
More flow stats replies are expected from port 2
[2]: Received flow stats
More flow stats replies are expected from port 2
[2]: Received flow stats
More flow stats replies are expected from port 2
[2]: Received flow stats
More flow stats replies are expected from port 2
[2]: Received flow stats
More flow stats replies are expected from port 2
[2]: Received flow stats
More flow stats replies are expected from port 2
[2]: Received flow stats
More flow stats replies are expected from port 2
[2]: Received flow stats
Number of received stats 5935 from port 2
28-04-2019 19:07:39 [DNN module] No new packet_ins.
28-04-2019 19:07:39 [DNN module] No flow stats available
28-04-2019 19:07:39 [DNN module] Actual MAC to port table:
28-04-2019 19:07:39 Switch 1:
28-04-2019 19:07:39 00:00:00:00:00:02 1
28-04-2019 19:07:39 [DNN module] Iteration done.
28-04-2019 19:07:39  ************************************************************
MeterStats of 1: ['meter_id=0x00000001 len=56 flow_count=0 packet_in_count=0 byte_in_count=0 duration_sec=2097 duration_nsec=850000000 band_stats=[OFPMeterBandStats(byte_band_count=0,packet_band_count=0)]', 'meter_id=0x00000002 len=56 flow_count=0 packet_in_count=0 byte_in_count=0 duration_sec=2097 duration_nsec=850000000 band_stats=[OFPMeterBandStats(byte_band_count=0,packet_band_count=0)]', 'meter_id=0x00000003 len=56 flow_count=0 packet_in_count=0 byte_in_count=0 duration_sec=2097 duration_nsec=850000000 band_stats=[OFPMeterBandStats(byte_band_count=0,packet_band_count=0)]']
MeterStats of 2: ['meter_id=0x00000001 len=56 flow_count=0 packet_in_count=0 byte_in_count=0 duration_sec=2097 duration_nsec=816000000 band_stats=[OFPMeterBandStats(byte_band_count=0,packet_band_count=0)]', 'meter_id=0x00000002 len=56 flow_count=0 packet_in_count=0 byte_in_count=0 duration_sec=2097 duration_nsec=816000000 band_stats=[OFPMeterBandStats(byte_band_count=0,packet_band_count=0)]', 'meter_id=0x00000003 len=56 flow_count=0 packet_in_count=0 byte_in_count=0 duration_sec=2097 duration_nsec=816000000 band_stats=[OFPMeterBandStats(byte_band_count=0,packet_band_count=0)]']
MeterStats of 3: ['meter_id=0x00000001 len=56 flow_count=0 packet_in_count=0 byte_in_count=0 duration_sec=2098 duration_nsec=735000000 band_stats=[OFPMeterBandStats(byte_band_count=0,packet_band_count=0)]', 'meter_id=0x00000002 len=56 flow_count=0 packet_in_count=0 byte_in_count=0 duration_sec=2098 duration_nsec=735000000 band_stats=[OFPMeterBandStats(byte_band_count=0,packet_band_count=0)]', 'meter_id=0x00000003 len=56 flow_count=0 packet_in_count=0 byte_in_count=0 duration_sec=2098 duration_nsec=735000000 band_stats=[OFPMeterBandStats(byte_band_count=0,packet_band_count=0)]']
28-04-2019 19:08:09 [DNN module] Starting new iteration...
28-04-2019 19:08:09 [DNN module] Updating the status of the forwarders...
28-04-2019 19:08:09 [DNN module] Getting active ports of the forwarders...
28-04-2019 19:08:09 [DNN module] Datapath: <ryu.controller.controller.Datapath object at 0x7f913a84fa50>
[2]: Requesting port stats...
28-04-2019 19:08:09 [DNN module] Datapath: <ryu.controller.controller.Datapath object at 0x7f913a84f450>
[1]: Requesting port stats...
28-04-2019 19:08:09 [DNN module] Datapath: <ryu.controller.controller.Datapath object at 0x7f913a84f950>
[3]: Requesting port stats...
[3]: Received port stats
[1]: Received port stats
[2]: Received port stats
28-04-2019 19:08:10 [DNN module] Forwarders: {<ryu.controller.controller.Datapath object at 0x7f913a84fa50>: [1, 2], <ryu.controller.controller.Datapath object at 0x7f913a84f450>: [1], <ryu.controller.controller.Datapath object at 0x7f913a84f950>: [1]}
[2]: Requesting flow stats...
[2]: Requesting flow stats...
[1]: Requesting flow stats...
[3]: Requesting flow stats...
[2]: Received flow stats
More flow stats replies are expected from port 1
[2]: Received flow stats
More flow stats replies are expected from port 1
[2]: Received flow stats
More flow stats replies are expected from port 1
[2]: Received flow stats
More flow stats replies are expected from port 1
[2]: Received flow stats
More flow stats replies are expected from port 1
[2]: Received flow stats
More flow stats replies are expected from port 1
[2]: Received flow stats
Number of received stats 3598 from port 1
[2]: Received flow stats
More flow stats replies are expected from port 2
[2]: Received flow stats
More flow stats replies are expected from port 2
[2]: Received flow stats
More flow stats replies are expected from port 2
[2]: Received flow stats
More flow stats replies are expected from port 2
[2]: Received flow stats
More flow stats replies are expected from port 2
[2]: Received flow stats
More flow stats replies are expected from port 2
[2]: Received flow stats
More flow stats replies are expected from port 2
[2]: Received flow stats
More flow stats replies are expected from port 2
[2]: Received flow stats
More flow stats replies are expected from port 2
[2]: Received flow stats
Number of received stats 5935 from port 2
[3]: Received flow stats
More flow stats replies are expected from port 1
[3]: Received flow stats
More flow stats replies are expected from port 1
[3]: Received flow stats
More flow stats replies are expected from port 1
[3]: Received flow stats
More flow stats replies are expected from port 1
[3]: Received flow stats
More flow stats replies are expected from port 1
[3]: Received flow stats
More flow stats replies are expected from port 1
[3]: Received flow stats
Number of received stats 3414 from port 1
[1]: Received flow stats
No flow stats received
28-04-2019 19:09:19 [DNN module] No new packet_ins.
28-04-2019 19:09:19 [DNN module] No flow stats available
28-04-2019 19:09:19 [DNN module] Actual MAC to port table:
28-04-2019 19:09:19 Switch 1:
28-04-2019 19:09:19 00:00:00:00:00:02 1
28-04-2019 19:09:19 [DNN module] Iteration done.
28-04-2019 19:09:19  ************************************************************
MeterStats of 3: ['meter_id=0x00000001 len=56 flow_count=0 packet_in_count=0 byte_in_count=0 duration_sec=2197 duration_nsec=737000000 band_stats=[OFPMeterBandStats(byte_band_count=0,packet_band_count=0)]', 'meter_id=0x00000002 len=56 flow_count=0 packet_in_count=0 byte_in_count=0 duration_sec=2197 duration_nsec=738000000 band_stats=[OFPMeterBandStats(byte_band_count=0,packet_band_count=0)]', 'meter_id=0x00000003 len=56 flow_count=0 packet_in_count=0 byte_in_count=0 duration_sec=2197 duration_nsec=738000000 band_stats=[OFPMeterBandStats(byte_band_count=0,packet_band_count=0)]']
MeterStats of 2: ['meter_id=0x00000001 len=56 flow_count=0 packet_in_count=0 byte_in_count=0 duration_sec=2198 duration_nsec=819000000 band_stats=[OFPMeterBandStats(byte_band_count=0,packet_band_count=0)]', 'meter_id=0x00000002 len=56 flow_count=0 packet_in_count=0 byte_in_count=0 duration_sec=2198 duration_nsec=819000000 band_stats=[OFPMeterBandStats(byte_band_count=0,packet_band_count=0)]', 'meter_id=0x00000003 len=56 flow_count=0 packet_in_count=0 byte_in_count=0 duration_sec=2198 duration_nsec=819000000 band_stats=[OFPMeterBandStats(byte_band_count=0,packet_band_count=0)]']
MeterStats of 1: ['meter_id=0x00000001 len=56 flow_count=0 packet_in_count=0 byte_in_count=0 duration_sec=2198 duration_nsec=869000000 band_stats=[OFPMeterBandStats(byte_band_count=0,packet_band_count=0)]', 'meter_id=0x00000002 len=56 flow_count=0 packet_in_count=0 byte_in_count=0 duration_sec=2198 duration_nsec=869000000 band_stats=[OFPMeterBandStats(byte_band_count=0,packet_band_count=0)]', 'meter_id=0x00000003 len=56 flow_count=0 packet_in_count=0 byte_in_count=0 duration_sec=2198 duration_nsec=869000000 band_stats=[OFPMeterBandStats(byte_band_count=0,packet_band_count=0)]']
28-04-2019 19:09:49 [DNN module] Starting new iteration...
28-04-2019 19:09:49 [DNN module] Updating the status of the forwarders...
28-04-2019 19:09:49 [DNN module] Getting active ports of the forwarders...
28-04-2019 19:09:49 [DNN module] Datapath: <ryu.controller.controller.Datapath object at 0x7f913adbd210>
[2]: Requesting port stats...
28-04-2019 19:09:49 [DNN module] Datapath: <ryu.controller.controller.Datapath object at 0x7f913adbdf50>
[1]: Requesting port stats...
28-04-2019 19:09:49 [DNN module] Datapath: <ryu.controller.controller.Datapath object at 0x7f913adbda50>
[3]: Requesting port stats...
[1]: Received port stats
[3]: Received port stats
[2]: Received port stats
28-04-2019 19:09:50 [DNN module] Forwarders: {<ryu.controller.controller.Datapath object at 0x7f913adbd210>: [1, 2], <ryu.controller.controller.Datapath object at 0x7f913adbdf50>: [1], <ryu.controller.controller.Datapath object at 0x7f913adbda50>: [1]}
[2]: Requesting flow stats...
[2]: Requesting flow stats...
[1]: Requesting flow stats...
[3]: Requesting flow stats...
[1]: Received flow stats
No flow stats received
[3]: Received flow stats
More flow stats replies are expected from port 1
[3]: Received flow stats
More flow stats replies are expected from port 1
[3]: Received flow stats
More flow stats replies are expected from port 1
[3]: Received flow stats
More flow stats replies are expected from port 1
[3]: Received flow stats
More flow stats replies are expected from port 1
[3]: Received flow stats
More flow stats replies are expected from port 1
[3]: Received flow stats
Number of received stats 3414 from port 1
[2]: Received flow stats
More flow stats replies are expected from port 1
[2]: Received flow stats
More flow stats replies are expected from port 1
[2]: Received flow stats
More flow stats replies are expected from port 1
[2]: Received flow stats
More flow stats replies are expected from port 1
[2]: Received flow stats
More flow stats replies are expected from port 1
[2]: Received flow stats
More flow stats replies are expected from port 1
[2]: Received flow stats
Number of received stats 3598 from port 1
[2]: Received flow stats
More flow stats replies are expected from port 2
[2]: Received flow stats
More flow stats replies are expected from port 2
[2]: Received flow stats
More flow stats replies are expected from port 2
[2]: Received flow stats
More flow stats replies are expected from port 2
[2]: Received flow stats
More flow stats replies are expected from port 2
[2]: Received flow stats
More flow stats replies are expected from port 2
[2]: Received flow stats
More flow stats replies are expected from port 2
[2]: Received flow stats
More flow stats replies are expected from port 2
[2]: Received flow stats
More flow stats replies are expected from port 2
[2]: Received flow stats
Number of received stats 5935 from port 2
28-04-2019 19:11:02 [DNN module] No new packet_ins.
28-04-2019 19:11:02 [DNN module] No flow stats available
28-04-2019 19:11:02 [DNN module] Actual MAC to port table:
28-04-2019 19:11:02 Switch 1:
28-04-2019 19:11:02 00:00:00:00:00:02 1
28-04-2019 19:11:02 [DNN module] Iteration done.
28-04-2019 19:11:02  ************************************************************
MeterStats of 3: ['meter_id=0x00000001 len=56 flow_count=0 packet_in_count=0 byte_in_count=0 duration_sec=2300 duration_nsec=741000000 band_stats=[OFPMeterBandStats(byte_band_count=0,packet_band_count=0)]', 'meter_id=0x00000002 len=56 flow_count=0 packet_in_count=0 byte_in_count=0 duration_sec=2300 duration_nsec=742000000 band_stats=[OFPMeterBandStats(byte_band_count=0,packet_band_count=0)]', 'meter_id=0x00000003 len=56 flow_count=0 packet_in_count=0 byte_in_count=0 duration_sec=2300 duration_nsec=742000000 band_stats=[OFPMeterBandStats(byte_band_count=0,packet_band_count=0)]']
MeterStats of 2: ['meter_id=0x00000001 len=56 flow_count=0 packet_in_count=0 byte_in_count=0 duration_sec=2300 duration_nsec=806000000 band_stats=[OFPMeterBandStats(byte_band_count=0,packet_band_count=0)]', 'meter_id=0x00000002 len=56 flow_count=0 packet_in_count=0 byte_in_count=0 duration_sec=2300 duration_nsec=806000000 band_stats=[OFPMeterBandStats(byte_band_count=0,packet_band_count=0)]', 'meter_id=0x00000003 len=56 flow_count=0 packet_in_count=0 byte_in_count=0 duration_sec=2300 duration_nsec=806000000 band_stats=[OFPMeterBandStats(byte_band_count=0,packet_band_count=0)]']
MeterStats of 1: ['meter_id=0x00000001 len=56 flow_count=0 packet_in_count=0 byte_in_count=0 duration_sec=2301 duration_nsec=845000000 band_stats=[OFPMeterBandStats(byte_band_count=0,packet_band_count=0)]', 'meter_id=0x00000002 len=56 flow_count=0 packet_in_count=0 byte_in_count=0 duration_sec=2301 duration_nsec=845000000 band_stats=[OFPMeterBandStats(byte_band_count=0,packet_band_count=0)]', 'meter_id=0x00000003 len=56 flow_count=0 packet_in_count=0 byte_in_count=0 duration_sec=2301 duration_nsec=845000000 band_stats=[OFPMeterBandStats(byte_band_count=0,packet_band_count=0)]']
28-04-2019 19:11:32 [DNN module] Starting new iteration...
28-04-2019 19:11:32 [DNN module] Updating the status of the forwarders...
28-04-2019 19:11:32 [DNN module] Getting active ports of the forwarders...
28-04-2019 19:11:32 [DNN module] Datapath: <ryu.controller.controller.Datapath object at 0x7f913922f990>
[1]: Requesting port stats...
28-04-2019 19:11:32 [DNN module] Datapath: <ryu.controller.controller.Datapath object at 0x7f913922fad0>
[2]: Requesting port stats...
28-04-2019 19:11:32 [DNN module] Datapath: <ryu.controller.controller.Datapath object at 0x7f913922f8d0>
[3]: Requesting port stats...
[1]: Received port stats
[2]: Received port stats
[3]: Received port stats
28-04-2019 19:11:33 [DNN module] Forwarders: {<ryu.controller.controller.Datapath object at 0x7f913922f990>: [1], <ryu.controller.controller.Datapath object at 0x7f913922fad0>: [1, 2], <ryu.controller.controller.Datapath object at 0x7f913922f8d0>: [1]}
[1]: Requesting flow stats...
[2]: Requesting flow stats...
[2]: Requesting flow stats...
[3]: Requesting flow stats...
[1]: Received flow stats
No flow stats received
[2]: Received flow stats
More flow stats replies are expected from port 1
[2]: Received flow stats
More flow stats replies are expected from port 1
[2]: Received flow stats
More flow stats replies are expected from port 1
[2]: Received flow stats
More flow stats replies are expected from port 1
[2]: Received flow stats
More flow stats replies are expected from port 1
[2]: Received flow stats
More flow stats replies are expected from port 1
[2]: Received flow stats
Number of received stats 3598 from port 1
[2]: Received flow stats
More flow stats replies are expected from port 2
[2]: Received flow stats
More flow stats replies are expected from port 2
[2]: Received flow stats
More flow stats replies are expected from port 2
[2]: Received flow stats
More flow stats replies are expected from port 2
[2]: Received flow stats
More flow stats replies are expected from port 2
[2]: Received flow stats
More flow stats replies are expected from port 2
[2]: Received flow stats
More flow stats replies are expected from port 2
[2]: Received flow stats
More flow stats replies are expected from port 2
[2]: Received flow stats
More flow stats replies are expected from port 2
[2]: Received flow stats
Number of received stats 5935 from port 2
[3]: Received flow stats
More flow stats replies are expected from port 1
[3]: Received flow stats
More flow stats replies are expected from port 1
[3]: Received flow stats
More flow stats replies are expected from port 1
[3]: Received flow stats
More flow stats replies are expected from port 1
[3]: Received flow stats
More flow stats replies are expected from port 1
[3]: Received flow stats
More flow stats replies are expected from port 1
[3]: Received flow stats
Number of received stats 3414 from port 1
Exception in thread Thread-1:
Traceback (most recent call last):
  File "/usr/lib/python2.7/threading.py", line 801, in __bootstrap_inner
    self.run()
  File "/home/jozef/PycharmProjects/DP_Security_improvements/controller_scripts/dnn_module.py", line 96, in run
    parsed_flows = self.flow_stats_parser(stats, packet_ins)
  File "/home/jozef/PycharmProjects/DP_Security_improvements/controller_scripts/dnn_module.py", line 246, in flow_stats_parser
    parsed_flows = self.unique_flows(parsed_flows)
  File "/home/jozef/PycharmProjects/DP_Security_improvements/controller_scripts/dnn_module.py", line 323, in unique_flows
    if (flows[f]['ipv4_src'] == unique_flows[u]['ipv4_src']
KeyboardInterrupt

MeterStats of 1: ['meter_id=0x00000001 len=56 flow_count=0 packet_in_count=0 byte_in_count=0 duration_sec=2372 duration_nsec=65000000 band_stats=[OFPMeterBandStats(byte_band_count=0,packet_band_count=0)]', 'meter_id=0x00000002 len=56 flow_count=0 packet_in_count=0 byte_in_count=0 duration_sec=2372 duration_nsec=65000000 band_stats=[OFPMeterBandStats(byte_band_count=0,packet_band_count=0)]', 'meter_id=0x00000003 len=56 flow_count=0 packet_in_count=0 byte_in_count=0 duration_sec=2372 duration_nsec=65000000 band_stats=[OFPMeterBandStats(byte_band_count=0,packet_band_count=0)]']
MeterStats of 3: ['meter_id=0x00000001 len=56 flow_count=0 packet_in_count=0 byte_in_count=0 duration_sec=2372 duration_nsec=734000000 band_stats=[OFPMeterBandStats(byte_band_count=0,packet_band_count=0)]', 'meter_id=0x00000002 len=56 flow_count=0 packet_in_count=0 byte_in_count=0 duration_sec=2372 duration_nsec=734000000 band_stats=[OFPMeterBandStats(byte_band_count=0,packet_band_count=0)]', 'meter_id=0x00000003 len=56 flow_count=0 packet_in_count=0 byte_in_count=0 duration_sec=2372 duration_nsec=735000000 band_stats=[OFPMeterBandStats(byte_band_count=0,packet_band_count=0)]']
MeterStats of 2: ['meter_id=0x00000001 len=56 flow_count=0 packet_in_count=0 byte_in_count=0 duration_sec=2372 duration_nsec=806000000 band_stats=[OFPMeterBandStats(byte_band_count=0,packet_band_count=0)]', 'meter_id=0x00000002 len=56 flow_count=0 packet_in_count=0 byte_in_count=0 duration_sec=2372 duration_nsec=806000000 band_stats=[OFPMeterBandStats(byte_band_count=0,packet_band_count=0)]', 'meter_id=0x00000003 len=56 flow_count=0 packet_in_count=0 byte_in_count=0 duration_sec=2372 duration_nsec=806000000 band_stats=[OFPMeterBandStats(byte_band_count=0,packet_band_count=0)]']
