loading app simple_switch_13.py
Using TensorFlow backend.
loading app ryu.controller.ofp_handler
instantiating app simple_switch_13.py of SimpleSwitch13
23-04-2019 16:00:07 REFRESH_RATE is 30
23-04-2019 16:00:07 FW_REFRESH_RATE is 1
23-04-2019 16:00:07 TIMEOUT is 60
23-04-2019 16:00:07 FLOWS_DUMP_FILE is ../results/pcap_22-01-2015_1_topspeed.dump
2019-04-23 16:00:07.851190: I tensorflow/core/platform/cpu_feature_guard.cc:141] Your CPU supports instructions that this TensorFlow binary was not compiled to use: AVX2
23-04-2019 16:00:09 DNN_MODEL is ../models/DNN_model_all_binary_full.h5
/usr/local/lib/python2.7/dist-packages/sklearn/base.py:251: UserWarning: Trying to unpickle estimator StandardScaler from version 0.20.3 when using version 0.20.2. This might lead to breaking code or invalid results. Use at your own risk.
  UserWarning)
23-04-2019 16:00:10 DNN_SCALER is ../models/DNN_model_all_binary_full_scaler.sav
23-04-2019 16:00:10 Intervals are:
23-04-2019 16:00:10 Normal is [0.0, 0.5]
23-04-2019 16:00:10 Warning is [0.5, 0.8]
23-04-2019 16:00:10 Best Effort is [0.8, 0.95]
23-04-2019 16:00:10 Attack is [0.95, 1.0]
23-04-2019 16:00:10 [DNN module] DNN module initialized
23-04-2019 16:00:10 [DNN module] Starting new iteration...
23-04-2019 16:00:10 [DNN module] Updating the status of the forwarders...
23-04-2019 16:00:10 [DNN module] Getting active ports of the forwarders...
23-04-2019 16:00:10 [DNN module] No forwarders are online
23-04-2019 16:00:10 [DNN module] An error occured during updating forwarders. Skipping requesting of flow stats.
23-04-2019 16:00:10 [DNN module] Iteration done.
23-04-2019 16:00:10  ************************************************************
instantiating app ryu.controller.ofp_handler of OFPHandler
MeterStats of 1: ['meter_id=0x00000001 len=56 flow_count=0 packet_in_count=0 byte_in_count=0 duration_sec=0 duration_nsec=0 band_stats=[OFPMeterBandStats(byte_band_count=0,packet_band_count=0)]', 'meter_id=0x00000002 len=56 flow_count=0 packet_in_count=0 byte_in_count=0 duration_sec=0 duration_nsec=0 band_stats=[OFPMeterBandStats(byte_band_count=0,packet_band_count=0)]']
MeterStats of 2: ['meter_id=0x00000001 len=56 flow_count=0 packet_in_count=0 byte_in_count=0 duration_sec=0 duration_nsec=0 band_stats=[OFPMeterBandStats(byte_band_count=0,packet_band_count=0)]', 'meter_id=0x00000002 len=56 flow_count=0 packet_in_count=0 byte_in_count=0 duration_sec=0 duration_nsec=0 band_stats=[OFPMeterBandStats(byte_band_count=0,packet_band_count=0)]']
MeterStats of 3: ['meter_id=0x00000001 len=56 flow_count=0 packet_in_count=0 byte_in_count=0 duration_sec=0 duration_nsec=0 band_stats=[OFPMeterBandStats(byte_band_count=0,packet_band_count=0)]', 'meter_id=0x00000002 len=56 flow_count=0 packet_in_count=0 byte_in_count=0 duration_sec=0 duration_nsec=0 band_stats=[OFPMeterBandStats(byte_band_count=0,packet_band_count=0)]']
23-04-2019 16:00:40 [DNN module] Starting new iteration...
23-04-2019 16:00:40 [DNN module] Updating the status of the forwarders...
23-04-2019 16:00:40 [DNN module] Getting active ports of the forwarders...
23-04-2019 16:00:40 [DNN module] Datapath: <ryu.controller.controller.Datapath object at 0x7f585dffec10>
[1]: Requesting port stats...
23-04-2019 16:00:40 [DNN module] Datapath: <ryu.controller.controller.Datapath object at 0x7f585dffed50>
[2]: Requesting port stats...
23-04-2019 16:00:40 [DNN module] Datapath: <ryu.controller.controller.Datapath object at 0x7f585dffec90>
[3]: Requesting port stats...
[1]: Received port stats
[2]: Received port stats
[3]: Received port stats
23-04-2019 16:00:41 [DNN module] Forwarders: {<ryu.controller.controller.Datapath object at 0x7f585dffec10>: [1], <ryu.controller.controller.Datapath object at 0x7f585dffed50>: [1, 2], <ryu.controller.controller.Datapath object at 0x7f585dffec90>: [1]}
[1]: Requesting flow stats...
[2]: Requesting flow stats...
[2]: Requesting flow stats...
[3]: Requesting flow stats...
[2]: Received flow stats
No flow stats received
[2]: Received flow stats
No flow stats received
[1]: Received flow stats
No flow stats received
[3]: Received flow stats
No flow stats received
23-04-2019 16:00:42 [DNN module] No flow stats available
23-04-2019 16:00:42 [DNN module] Iteration done.
23-04-2019 16:00:42  ************************************************************
23-04-2019 16:01:12 [DNN module] Starting new iteration...
23-04-2019 16:01:12 [DNN module] Updating the status of the forwarders...
23-04-2019 16:01:12 [DNN module] Getting active ports of the forwarders...
23-04-2019 16:01:12 [DNN module] Datapath: <ryu.controller.controller.Datapath object at 0x7f585dffec10>
[1]: Requesting port stats...
23-04-2019 16:01:12 [DNN module] Datapath: <ryu.controller.controller.Datapath object at 0x7f585dffed50>
[2]: Requesting port stats...
23-04-2019 16:01:12 [DNN module] Datapath: <ryu.controller.controller.Datapath object at 0x7f585dffec90>
[3]: Requesting port stats...
[1]: Received port stats
[2]: Received port stats
[3]: Received port stats
23-04-2019 16:01:13 [DNN module] Forwarders: {<ryu.controller.controller.Datapath object at 0x7f585dffec10>: [1], <ryu.controller.controller.Datapath object at 0x7f585dffed50>: [1, 2], <ryu.controller.controller.Datapath object at 0x7f585dffec90>: [1]}
[1]: Requesting flow stats...
[2]: Requesting flow stats...
[2]: Requesting flow stats...
[3]: Requesting flow stats...
[2]: Received flow stats
No flow stats received
[2]: Received flow stats
No flow stats received
[3]: Received flow stats
No flow stats received
[1]: Received flow stats
No flow stats received
23-04-2019 16:01:14 [DNN module] No flow stats available
23-04-2019 16:01:14 [DNN module] Iteration done.
23-04-2019 16:01:14  ************************************************************
23-04-2019 16:01:44 [DNN module] Starting new iteration...
23-04-2019 16:01:44 [DNN module] Updating the status of the forwarders...
23-04-2019 16:01:44 [DNN module] Getting active ports of the forwarders...
23-04-2019 16:01:44 [DNN module] Datapath: <ryu.controller.controller.Datapath object at 0x7f585dffec10>
[1]: Requesting port stats...
23-04-2019 16:01:44 [DNN module] Datapath: <ryu.controller.controller.Datapath object at 0x7f585dffed50>
[2]: Requesting port stats...
23-04-2019 16:01:44 [DNN module] Datapath: <ryu.controller.controller.Datapath object at 0x7f585dffec90>
[3]: Requesting port stats...
[1]: Received port stats
[2]: Received port stats
[3]: Received port stats
23-04-2019 16:01:45 [DNN module] Forwarders: {<ryu.controller.controller.Datapath object at 0x7f585dffec10>: [1], <ryu.controller.controller.Datapath object at 0x7f585dffed50>: [1, 2], <ryu.controller.controller.Datapath object at 0x7f585dffec90>: [1]}
[1]: Requesting flow stats...
[2]: Requesting flow stats...
[2]: Requesting flow stats...
[3]: Requesting flow stats...
[1]: Received flow stats
No flow stats received
[2]: Received flow stats
No flow stats received
[2]: Received flow stats
No flow stats received
[3]: Received flow stats
No flow stats received
23-04-2019 16:01:46 [DNN module] No flow stats available
23-04-2019 16:01:46 [DNN module] Iteration done.
23-04-2019 16:01:46  ************************************************************
23-04-2019 16:02:16 [DNN module] Starting new iteration...
23-04-2019 16:02:16 [DNN module] Updating the status of the forwarders...
23-04-2019 16:02:16 [DNN module] Getting active ports of the forwarders...
23-04-2019 16:02:16 [DNN module] Datapath: <ryu.controller.controller.Datapath object at 0x7f585dffec10>
[1]: Requesting port stats...
23-04-2019 16:02:16 [DNN module] Datapath: <ryu.controller.controller.Datapath object at 0x7f585dffed50>
[2]: Requesting port stats...
23-04-2019 16:02:16 [DNN module] Datapath: <ryu.controller.controller.Datapath object at 0x7f585dffec90>
[3]: Requesting port stats...
[2]: Received port stats
[1]: Received port stats
[3]: Received port stats
23-04-2019 16:02:17 [DNN module] Forwarders: {<ryu.controller.controller.Datapath object at 0x7f585dffec10>: [1], <ryu.controller.controller.Datapath object at 0x7f585dffed50>: [1, 2], <ryu.controller.controller.Datapath object at 0x7f585dffec90>: [1]}
[1]: Requesting flow stats...
[2]: Requesting flow stats...
[2]: Requesting flow stats...
[3]: Requesting flow stats...
[1]: Received flow stats
No flow stats received
[2]: Received flow stats
No flow stats received
[2]: Received flow stats
No flow stats received
[3]: Received flow stats
No flow stats received
23-04-2019 16:02:18 [DNN module] No flow stats available
23-04-2019 16:02:18 [DNN module] Iteration done.
23-04-2019 16:02:18  ************************************************************
23-04-2019 16:02:48 [DNN module] Starting new iteration...
23-04-2019 16:02:48 [DNN module] Updating the status of the forwarders...
23-04-2019 16:02:48 [DNN module] Getting active ports of the forwarders...
23-04-2019 16:02:48 [DNN module] Datapath: <ryu.controller.controller.Datapath object at 0x7f585dffec10>
[1]: Requesting port stats...
23-04-2019 16:02:48 [DNN module] Datapath: <ryu.controller.controller.Datapath object at 0x7f585dffed50>
[2]: Requesting port stats...
23-04-2019 16:02:48 [DNN module] Datapath: <ryu.controller.controller.Datapath object at 0x7f585dffec90>
[3]: Requesting port stats...
[1]: Received port stats
[3]: Received port stats
[2]: Received port stats
23-04-2019 16:03:21 [DNN module] Forwarders: {<ryu.controller.controller.Datapath object at 0x7f585dffec10>: [1], <ryu.controller.controller.Datapath object at 0x7f585dffed50>: [1, 2], <ryu.controller.controller.Datapath object at 0x7f585dffec90>: [1]}
[1]: Requesting flow stats...
[2]: Requesting flow stats...
[2]: Requesting flow stats...
[3]: Requesting flow stats...
[1]: Received flow stats
No flow stats received
[3]: Received flow stats
More flow stats replies are expected from port 1
[3]: Received flow stats
Number of received stats 1067 from port 1
[2]: Received flow stats
More flow stats replies are expected from port 1
[2]: Received flow stats
More flow stats replies are expected from port 1
[2]: Received flow stats
Number of received stats 1248 from port 1
[2]: Received flow stats
More flow stats replies are expected from port 2
[2]: Received flow stats
More flow stats replies are expected from port 2
[2]: Received flow stats
More flow stats replies are expected from port 2
[2]: Received flow stats
Number of received stats 2155 from port 2
23-04-2019 16:03:26 [DNN module] Processing 22068 packet_ins...
23-04-2019 16:06:02 [DNN module] After unifying we have 19044 packet_ins.
/home/jozef/PycharmProjects/DP_Security_improvements/controller_scripts/dnn_module.py:506: DataConversionWarning: Data with input dtype object were all converted to float64 by StandardScaler.
  return self.scaler.transform(samples)
23-04-2019 16:06:19 [DNN module] Evaluation of the flows is going to be saved into ../results/pcap_22-01-2015_1_topspeed.dump
23-04-2019 16:06:19 [DNN module] Evaluation of the flows is successfully saved
23-04-2019 16:06:19 [DNN module] Number of saved flows is 854
23-04-2019 16:06:19 Warnings are 9
23-04-2019 16:06:19 Attacks are 2
23-04-2019 16:06:19 Applying restrictions against warnings
23-04-2019 16:06:19 Warning: {'port_dst': 80, 'ipv4_src': '175.45.176.2', 'dst_count': 4, 'packets_dst': 24, 'ipv4_dst': '149.171.126.16', 'proto': 6, 'bytes_src': 1104, 'packets_src': 12, 'port_src': 23357, 'bytes_dst': 25900, 'srv_dst_count': 2}
23-04-2019 16:06:19 Meter ID: 1
23-04-2019 16:06:19 Params: {'ipv4_dst': '149.171.126.16', 'proto': 6, 'port_dst': 80, 'ipv4_src': '175.45.176.2', 'eth_type': 2048, 'port_src': 23357}
23-04-2019 16:06:19 Warning: {'port_dst': 80, 'ipv4_src': '175.45.176.2', 'dst_count': 2, 'packets_dst': 6, 'ipv4_dst': '149.171.126.10', 'proto': 6, 'bytes_src': 996, 'packets_src': 10, 'port_src': 26939, 'bytes_dst': 364, 'srv_dst_count': 1}
23-04-2019 16:06:19 Meter ID: 1
23-04-2019 16:06:19 Params: {'ipv4_dst': '149.171.126.10', 'proto': 6, 'port_dst': 80, 'ipv4_src': '175.45.176.2', 'eth_type': 2048, 'port_src': 26939}
23-04-2019 16:06:19 Warning: {'port_dst': 80, 'ipv4_src': '175.45.176.0', 'dst_count': 2, 'packets_dst': 6, 'ipv4_dst': '149.171.126.15', 'proto': 6, 'bytes_src': 1366, 'packets_src': 10, 'port_src': 39500, 'bytes_dst': 364, 'srv_dst_count': 2}
23-04-2019 16:06:19 Meter ID: 1
23-04-2019 16:06:19 Params: {'ipv4_dst': '149.171.126.15', 'proto': 6, 'port_dst': 80, 'ipv4_src': '175.45.176.0', 'eth_type': 2048, 'port_src': 39500}
23-04-2019 16:06:19 Warning: {'port_dst': 3000, 'ipv4_src': '175.45.176.0', 'dst_count': 1, 'packets_dst': 6, 'ipv4_dst': '149.171.126.14', 'proto': 6, 'bytes_src': 996, 'packets_src': 10, 'port_src': 29309, 'bytes_dst': 364, 'srv_dst_count': 1}
23-04-2019 16:06:19 Meter ID: 2
23-04-2019 16:06:19 Params: {'ipv4_dst': '149.171.126.14', 'proto': 6, 'port_dst': 3000, 'ipv4_src': '175.45.176.0', 'eth_type': 2048, 'port_src': 29309}
23-04-2019 16:06:19 Warning: {'port_dst': 80, 'ipv4_src': '175.45.176.0', 'dst_count': 2, 'packets_dst': 8, 'ipv4_dst': '149.171.126.18', 'proto': 6, 'bytes_src': 956, 'packets_src': 10, 'port_src': 61089, 'bytes_dst': 1072, 'srv_dst_count': 2}
23-04-2019 16:06:19 Meter ID: 1
23-04-2019 16:06:19 Params: {'ipv4_dst': '149.171.126.18', 'proto': 6, 'port_dst': 80, 'ipv4_src': '175.45.176.0', 'eth_type': 2048, 'port_src': 61089}
23-04-2019 16:06:19 Warning: {'port_dst': 80, 'ipv4_src': '175.45.176.0', 'dst_count': 2, 'packets_dst': 6, 'ipv4_dst': '149.171.126.15', 'proto': 6, 'bytes_src': 2296, 'packets_src': 14, 'port_src': 23910, 'bytes_dst': 364, 'srv_dst_count': 2}
23-04-2019 16:06:19 Meter ID: 1
23-04-2019 16:06:19 Params: {'ipv4_dst': '149.171.126.15', 'proto': 6, 'port_dst': 80, 'ipv4_src': '175.45.176.0', 'eth_type': 2048, 'port_src': 23910}
23-04-2019 16:06:19 Warning: {'port_dst': 6661, 'ipv4_src': '175.45.176.0', 'dst_count': 2, 'packets_dst': 6, 'ipv4_dst': '149.171.126.10', 'proto': 6, 'bytes_src': 1132, 'packets_src': 10, 'port_src': 9590, 'bytes_dst': 364, 'srv_dst_count': 1}
23-04-2019 16:06:19 Meter ID: 1
23-04-2019 16:06:19 Params: {'ipv4_dst': '149.171.126.10', 'proto': 6, 'port_dst': 6661, 'ipv4_src': '175.45.176.0', 'eth_type': 2048, 'port_src': 9590}
23-04-2019 16:06:19 Warning: {'port_dst': 111, 'ipv4_src': '175.45.176.0', 'dst_count': 4, 'packets_dst': 8, 'ipv4_dst': '149.171.126.16', 'proto': 6, 'bytes_src': 716, 'packets_src': 10, 'port_src': 27804, 'bytes_dst': 484, 'srv_dst_count': 1}
23-04-2019 16:06:19 Meter ID: 1
23-04-2019 16:06:19 Params: {'ipv4_dst': '149.171.126.16', 'proto': 6, 'port_dst': 111, 'ipv4_src': '175.45.176.0', 'eth_type': 2048, 'port_src': 27804}
23-04-2019 16:06:19 Warning: {'port_dst': 8080, 'ipv4_src': '175.45.176.2', 'dst_count': 1, 'packets_dst': 8, 'ipv4_dst': '149.171.126.11', 'proto': 6, 'bytes_src': 1494, 'packets_src': 12, 'port_src': 63163, 'bytes_dst': 1296, 'srv_dst_count': 1}
23-04-2019 16:06:19 Meter ID: 1
23-04-2019 16:06:19 Params: {'ipv4_dst': '149.171.126.11', 'proto': 6, 'port_dst': 8080, 'ipv4_src': '175.45.176.2', 'eth_type': 2048, 'port_src': 63163}
23-04-2019 16:06:19 Applying restrictions against attacks
23-04-2019 16:06:19 Attack: {'port_dst': 80, 'ipv4_src': '175.45.176.0', 'dst_count': 2, 'packets_dst': 114, 'ipv4_dst': '149.171.126.17', 'proto': 6, 'bytes_src': 1930, 'packets_src': 26, 'port_src': 36918, 'bytes_dst': 143374, 'srv_dst_count': 2}
23-04-2019 16:06:19 Attack: {'port_dst': 80, 'ipv4_src': '175.45.176.2', 'dst_count': 2, 'packets_dst': 42, 'ipv4_dst': '149.171.126.17', 'proto': 6, 'bytes_src': 1586, 'packets_src': 14, 'port_src': 15985, 'bytes_dst': 49686, 'srv_dst_count': 2}
23-04-2019 16:06:19 [DNN module] Actual MAC to port table:
23-04-2019 16:06:19 Switch 1:
23-04-2019 16:06:19 00:00:00:00:00:02 1
23-04-2019 16:06:19 Switch 2:
23-04-2019 16:06:19 00:00:00:00:00:02 2
23-04-2019 16:06:19 00:00:00:00:00:01 1
23-04-2019 16:06:19 Switch 3:
23-04-2019 16:06:19 00:00:00:00:00:02 1
23-04-2019 16:06:19 00:00:00:00:00:01 1
23-04-2019 16:06:19 [DNN module] Iteration done.
23-04-2019 16:06:19  ************************************************************
MeterStats of 1: ['meter_id=0x00000001 len=56 flow_count=0 packet_in_count=0 byte_in_count=0 duration_sec=369 duration_nsec=8000000 band_stats=[OFPMeterBandStats(byte_band_count=0,packet_band_count=0)]', 'meter_id=0x00000002 len=56 flow_count=0 packet_in_count=0 byte_in_count=0 duration_sec=369 duration_nsec=8000000 band_stats=[OFPMeterBandStats(byte_band_count=0,packet_band_count=0)]']
MeterStats of 2: ['meter_id=0x00000001 len=56 flow_count=0 packet_in_count=0 byte_in_count=0 duration_sec=369 duration_nsec=6000000 band_stats=[OFPMeterBandStats(byte_band_count=0,packet_band_count=0)]', 'meter_id=0x00000002 len=56 flow_count=0 packet_in_count=0 byte_in_count=0 duration_sec=369 duration_nsec=6000000 band_stats=[OFPMeterBandStats(byte_band_count=0,packet_band_count=0)]']
MeterStats of 3: ['meter_id=0x00000001 len=56 flow_count=0 packet_in_count=0 byte_in_count=0 duration_sec=369 duration_nsec=996000000 band_stats=[OFPMeterBandStats(byte_band_count=0,packet_band_count=0)]', 'meter_id=0x00000002 len=56 flow_count=0 packet_in_count=0 byte_in_count=0 duration_sec=369 duration_nsec=996000000 band_stats=[OFPMeterBandStats(byte_band_count=0,packet_band_count=0)]']
23-04-2019 16:06:49 [DNN module] Starting new iteration...
23-04-2019 16:06:49 [DNN module] Updating the status of the forwarders...
23-04-2019 16:06:49 [DNN module] Getting active ports of the forwarders...
23-04-2019 16:06:49 [DNN module] Datapath: <ryu.controller.controller.Datapath object at 0x7f585cd05910>
[1]: Requesting port stats...
23-04-2019 16:06:49 [DNN module] Datapath: <ryu.controller.controller.Datapath object at 0x7f585cd05e90>
[2]: Requesting port stats...
23-04-2019 16:06:49 [DNN module] Datapath: <ryu.controller.controller.Datapath object at 0x7f585cd05ad0>
[3]: Requesting port stats...
[1]: Received port stats
[3]: Received port stats
[2]: Received port stats
23-04-2019 16:06:50 [DNN module] Forwarders: {<ryu.controller.controller.Datapath object at 0x7f585cd05910>: [1], <ryu.controller.controller.Datapath object at 0x7f585cd05e90>: [1, 2], <ryu.controller.controller.Datapath object at 0x7f585cd05ad0>: [1]}
[1]: Requesting flow stats...
[2]: Requesting flow stats...
[2]: Requesting flow stats...
[3]: Requesting flow stats...
[1]: Received flow stats
No flow stats received
[2]: Received flow stats
More flow stats replies are expected from port 1
[2]: Received flow stats
More flow stats replies are expected from port 1
[2]: Received flow stats
Number of received stats 1248 from port 1
[2]: Received flow stats
More flow stats replies are expected from port 2
[2]: Received flow stats
More flow stats replies are expected from port 2
[2]: Received flow stats
More flow stats replies are expected from port 2
[2]: Received flow stats
Number of received stats 2155 from port 2
[3]: Received flow stats
More flow stats replies are expected from port 1
[3]: Received flow stats
Number of received stats 1067 from port 1
23-04-2019 16:06:55 [DNN module] No new packet_ins.
23-04-2019 16:06:55 [DNN module] No flow stats available
23-04-2019 16:06:55 [DNN module] Actual MAC to port table:
23-04-2019 16:06:55 Switch 1:
23-04-2019 16:06:55 00:00:00:00:00:02 1
23-04-2019 16:06:55 Switch 2:
23-04-2019 16:06:55 00:00:00:00:00:02 2
23-04-2019 16:06:55 00:00:00:00:00:01 1
23-04-2019 16:06:55 Switch 3:
23-04-2019 16:06:55 00:00:00:00:00:02 1
23-04-2019 16:06:55 00:00:00:00:00:01 1
23-04-2019 16:06:55 [DNN module] Iteration done.
23-04-2019 16:06:55  ************************************************************
