loading app simple_switch_13.py
Using TensorFlow backend.
loading app ryu.controller.ofp_handler
instantiating app simple_switch_13.py of SimpleSwitch13
DNN module is enabled
28-04-2019 18:23:07 REFRESH_RATE is 30
28-04-2019 18:23:07 FW_REFRESH_RATE is 1
28-04-2019 18:23:07 TIMEOUT is 180
28-04-2019 18:23:07 FLOWS_DUMP_FILE is ../results/22-01-2015_1_100000_pcap0_w30.dump
2019-04-28 18:23:07.688061: I tensorflow/core/platform/cpu_feature_guard.cc:141] Your CPU supports instructions that this TensorFlow binary was not compiled to use: AVX2
28-04-2019 18:23:09 DNN_MODEL is ../models/DNN_model_all_binary_full.h5
/usr/local/lib/python2.7/dist-packages/sklearn/base.py:251: UserWarning: Trying to unpickle estimator StandardScaler from version 0.20.3 when using version 0.20.2. This might lead to breaking code or invalid results. Use at your own risk.
  UserWarning)
28-04-2019 18:23:09 DNN_SCALER is ../models/DNN_model_all_binary_full_scaler.sav
28-04-2019 18:23:09 Intervals are:
28-04-2019 18:23:09 Normal is [0.0, 0.5]
28-04-2019 18:23:09 Warning is [0.5, 0.8]
28-04-2019 18:23:09 Best Effort is [0.8, 0.95]
28-04-2019 18:23:09 Attack is [0.95, 1.0]
28-04-2019 18:23:10 [DNN module] DNN module initialized
28-04-2019 18:23:10 [DNN module] Starting new iteration...
28-04-2019 18:23:10 [DNN module] Updating the status of the forwarders...
28-04-2019 18:23:10 [DNN module] Getting active ports of the forwarders...
28-04-2019 18:23:10 [DNN module] No forwarders are online
28-04-2019 18:23:10 [DNN module] An error occured during updating forwarders. Skipping requesting of flow stats.
28-04-2019 18:23:10 [DNN module] Iteration done.
28-04-2019 18:23:10  ************************************************************
instantiating app ryu.controller.ofp_handler of OFPHandler
MeterStats of 1: ['meter_id=0x00000001 len=56 flow_count=0 packet_in_count=0 byte_in_count=0 duration_sec=3135 duration_nsec=1000000 band_stats=[OFPMeterBandStats(byte_band_count=0,packet_band_count=0)]', 'meter_id=0x00000002 len=56 flow_count=0 packet_in_count=0 byte_in_count=0 duration_sec=3135 duration_nsec=1000000 band_stats=[OFPMeterBandStats(byte_band_count=0,packet_band_count=0)]', 'meter_id=0x00000003 len=56 flow_count=0 packet_in_count=0 byte_in_count=0 duration_sec=3135 duration_nsec=1000000 band_stats=[OFPMeterBandStats(byte_band_count=0,packet_band_count=0)]']
MeterStats of 2: ['meter_id=0x00000001 len=56 flow_count=0 packet_in_count=0 byte_in_count=0 duration_sec=3135 duration_nsec=8000000 band_stats=[OFPMeterBandStats(byte_band_count=0,packet_band_count=0)]', 'meter_id=0x00000002 len=56 flow_count=0 packet_in_count=0 byte_in_count=0 duration_sec=3135 duration_nsec=8000000 band_stats=[OFPMeterBandStats(byte_band_count=0,packet_band_count=0)]', 'meter_id=0x00000003 len=56 flow_count=0 packet_in_count=0 byte_in_count=0 duration_sec=3135 duration_nsec=8000000 band_stats=[OFPMeterBandStats(byte_band_count=0,packet_band_count=0)]']
MeterStats of 3: ['meter_id=0x00000001 len=56 flow_count=0 packet_in_count=0 byte_in_count=0 duration_sec=3135 duration_nsec=8000000 band_stats=[OFPMeterBandStats(byte_band_count=0,packet_band_count=0)]', 'meter_id=0x00000002 len=56 flow_count=0 packet_in_count=0 byte_in_count=0 duration_sec=3135 duration_nsec=8000000 band_stats=[OFPMeterBandStats(byte_band_count=0,packet_band_count=0)]', 'meter_id=0x00000003 len=56 flow_count=0 packet_in_count=0 byte_in_count=0 duration_sec=3135 duration_nsec=8000000 band_stats=[OFPMeterBandStats(byte_band_count=0,packet_band_count=0)]']
28-04-2019 18:23:40 [DNN module] Starting new iteration...
28-04-2019 18:23:40 [DNN module] Updating the status of the forwarders...
28-04-2019 18:23:40 [DNN module] Getting active ports of the forwarders...
28-04-2019 18:23:40 [DNN module] Datapath: <ryu.controller.controller.Datapath object at 0x7fb6050fc310>
[2]: Requesting port stats...
28-04-2019 18:23:40 [DNN module] Datapath: <ryu.controller.controller.Datapath object at 0x7fb6050fc1d0>
[1]: Requesting port stats...
28-04-2019 18:23:40 [DNN module] Datapath: <ryu.controller.controller.Datapath object at 0x7fb6050fc250>
[3]: Requesting port stats...
[3]: Received port stats
[1]: Received port stats
[2]: Received port stats
28-04-2019 18:23:41 [DNN module] Forwarders: {<ryu.controller.controller.Datapath object at 0x7fb6050fc310>: [1, 2], <ryu.controller.controller.Datapath object at 0x7fb6050fc1d0>: [1], <ryu.controller.controller.Datapath object at 0x7fb6050fc250>: [1]}
[2]: Requesting flow stats...
[2]: Requesting flow stats...
[1]: Requesting flow stats...
[3]: Requesting flow stats...
[1]: Received flow stats
No flow stats received
[3]: Received flow stats
More flow stats replies are expected from port 1
[3]: Received flow stats
More flow stats replies are expected from port 1
[3]: Received flow stats
More flow stats replies are expected from port 1
[3]: Received flow stats
Number of received stats 1892 from port 1
[2]: Received flow stats
More flow stats replies are expected from port 1
[2]: Received flow stats
More flow stats replies are expected from port 1
[2]: Received flow stats
More flow stats replies are expected from port 1
[2]: Received flow stats
More flow stats replies are expected from port 1
[2]: Received flow stats
Number of received stats 2218 from port 1
[2]: Received flow stats
More flow stats replies are expected from port 2
[2]: Received flow stats
More flow stats replies are expected from port 2
[2]: Received flow stats
More flow stats replies are expected from port 2
[2]: Received flow stats
More flow stats replies are expected from port 2
[2]: Received flow stats
More flow stats replies are expected from port 2
[2]: Received flow stats
More flow stats replies are expected from port 2
[2]: Received flow stats
Number of received stats 3848 from port 2
28-04-2019 18:23:59 [DNN module] No new packet_ins.
28-04-2019 18:23:59 [DNN module] No flow stats available
28-04-2019 18:23:59 [DNN module] Actual MAC to port table:
28-04-2019 18:23:59 Switch 1:
28-04-2019 18:23:59 00:00:00:00:00:02 1
28-04-2019 18:23:59 [DNN module] Iteration done.
28-04-2019 18:23:59  ************************************************************
MeterStats of 3: ['meter_id=0x00000001 len=56 flow_count=0 packet_in_count=0 byte_in_count=0 duration_sec=3183 duration_nsec=613000000 band_stats=[OFPMeterBandStats(byte_band_count=0,packet_band_count=0)]', 'meter_id=0x00000002 len=56 flow_count=0 packet_in_count=0 byte_in_count=0 duration_sec=3183 duration_nsec=613000000 band_stats=[OFPMeterBandStats(byte_band_count=0,packet_band_count=0)]', 'meter_id=0x00000003 len=56 flow_count=0 packet_in_count=0 byte_in_count=0 duration_sec=3183 duration_nsec=613000000 band_stats=[OFPMeterBandStats(byte_band_count=0,packet_band_count=0)]']
MeterStats of 2: ['meter_id=0x00000001 len=56 flow_count=0 packet_in_count=0 byte_in_count=0 duration_sec=3183 duration_nsec=613000000 band_stats=[OFPMeterBandStats(byte_band_count=0,packet_band_count=0)]', 'meter_id=0x00000002 len=56 flow_count=0 packet_in_count=0 byte_in_count=0 duration_sec=3183 duration_nsec=613000000 band_stats=[OFPMeterBandStats(byte_band_count=0,packet_band_count=0)]', 'meter_id=0x00000003 len=56 flow_count=0 packet_in_count=0 byte_in_count=0 duration_sec=3183 duration_nsec=613000000 band_stats=[OFPMeterBandStats(byte_band_count=0,packet_band_count=0)]']
MeterStats of 1: ['meter_id=0x00000001 len=56 flow_count=0 packet_in_count=0 byte_in_count=0 duration_sec=3183 duration_nsec=616000000 band_stats=[OFPMeterBandStats(byte_band_count=0,packet_band_count=0)]', 'meter_id=0x00000002 len=56 flow_count=0 packet_in_count=0 byte_in_count=0 duration_sec=3183 duration_nsec=616000000 band_stats=[OFPMeterBandStats(byte_band_count=0,packet_band_count=0)]', 'meter_id=0x00000003 len=56 flow_count=0 packet_in_count=0 byte_in_count=0 duration_sec=3183 duration_nsec=616000000 band_stats=[OFPMeterBandStats(byte_band_count=0,packet_band_count=0)]']
28-04-2019 18:24:29 [DNN module] Starting new iteration...
28-04-2019 18:24:29 [DNN module] Updating the status of the forwarders...
28-04-2019 18:24:29 [DNN module] Getting active ports of the forwarders...
28-04-2019 18:24:29 [DNN module] Datapath: <ryu.controller.controller.Datapath object at 0x7fb5fe823f10>
[1]: Requesting port stats...
28-04-2019 18:24:29 [DNN module] Datapath: <ryu.controller.controller.Datapath object at 0x7fb5fe8236d0>
[2]: Requesting port stats...
28-04-2019 18:24:29 [DNN module] Datapath: <ryu.controller.controller.Datapath object at 0x7fb5fe823a90>
[3]: Requesting port stats...
[3]: Received port stats
[2]: Received port stats
[1]: Received port stats
28-04-2019 18:24:36 [DNN module] Forwarders: {<ryu.controller.controller.Datapath object at 0x7fb5fe823f10>: [1], <ryu.controller.controller.Datapath object at 0x7fb5fe8236d0>: [1, 2], <ryu.controller.controller.Datapath object at 0x7fb5fe823a90>: [1]}
[1]: Requesting flow stats...
[2]: Requesting flow stats...
[2]: Requesting flow stats...
[3]: Requesting flow stats...
[2]: Received flow stats
More flow stats replies are expected from port 1
[3]: Received flow stats
More flow stats replies are expected from port 1
[2]: Received flow stats
More flow stats replies are expected from port 1
[3]: Received flow stats
More flow stats replies are expected from port 1
[2]: Received flow stats
More flow stats replies are expected from port 1
[3]: Received flow stats
More flow stats replies are expected from port 1
[2]: Received flow stats
More flow stats replies are expected from port 1
[3]: Received flow stats
Number of received stats 1892 from port 1
[2]: Received flow stats
Number of received stats 2218 from port 1
[2]: Received flow stats
More flow stats replies are expected from port 2
[2]: Received flow stats
More flow stats replies are expected from port 2
[2]: Received flow stats
More flow stats replies are expected from port 2
[2]: Received flow stats
More flow stats replies are expected from port 2
[2]: Received flow stats
More flow stats replies are expected from port 2
[2]: Received flow stats
More flow stats replies are expected from port 2
[2]: Received flow stats
Number of received stats 3848 from port 2
[1]: Received flow stats
No flow stats received
28-04-2019 18:25:01 [DNN module] No new packet_ins.
/home/jozef/PycharmProjects/DP_Security_improvements/controller_scripts/dnn_module.py:510: DataConversionWarning: Data with input dtype object were all converted to float64 by StandardScaler.
  return self.scaler.transform(samples)
28-04-2019 18:25:18 [DNN module] Evaluation of the flows is going to be saved into ../results/22-01-2015_1_100000_pcap0_w30.dump
28-04-2019 18:25:18 [DNN module] Evaluation of the flows is successfully saved
28-04-2019 18:25:18 [DNN module] Number of saved flows is 1549
28-04-2019 18:25:18 Malicious flows are 18
28-04-2019 18:25:18 [DNN module] Prevention mode is disabled
28-04-2019 18:25:18 [DNN module] Actual MAC to port table:
28-04-2019 18:25:18 Switch 1:
28-04-2019 18:25:18 00:00:00:00:00:02 1
28-04-2019 18:25:18 Switch 3:
28-04-2019 18:25:18 00:00:00:00:00:01 1
28-04-2019 18:25:18 [DNN module] Iteration done.
28-04-2019 18:25:18  ************************************************************
MeterStats of 3: ['meter_id=0x00000001 len=56 flow_count=0 packet_in_count=0 byte_in_count=0 duration_sec=3262 duration_nsec=785000000 band_stats=[OFPMeterBandStats(byte_band_count=0,packet_band_count=0)]', 'meter_id=0x00000002 len=56 flow_count=0 packet_in_count=0 byte_in_count=0 duration_sec=3262 duration_nsec=785000000 band_stats=[OFPMeterBandStats(byte_band_count=0,packet_band_count=0)]', 'meter_id=0x00000003 len=56 flow_count=0 packet_in_count=0 byte_in_count=0 duration_sec=3262 duration_nsec=785000000 band_stats=[OFPMeterBandStats(byte_band_count=0,packet_band_count=0)]']
MeterStats of 1: ['meter_id=0x00000001 len=56 flow_count=0 packet_in_count=0 byte_in_count=0 duration_sec=3262 duration_nsec=788000000 band_stats=[OFPMeterBandStats(byte_band_count=0,packet_band_count=0)]', 'meter_id=0x00000002 len=56 flow_count=0 packet_in_count=0 byte_in_count=0 duration_sec=3262 duration_nsec=788000000 band_stats=[OFPMeterBandStats(byte_band_count=0,packet_band_count=0)]', 'meter_id=0x00000003 len=56 flow_count=0 packet_in_count=0 byte_in_count=0 duration_sec=3262 duration_nsec=788000000 band_stats=[OFPMeterBandStats(byte_band_count=0,packet_band_count=0)]']
MeterStats of 2: ['meter_id=0x00000001 len=56 flow_count=0 packet_in_count=0 byte_in_count=0 duration_sec=3263 duration_nsec=392000000 band_stats=[OFPMeterBandStats(byte_band_count=0,packet_band_count=0)]', 'meter_id=0x00000002 len=56 flow_count=0 packet_in_count=0 byte_in_count=0 duration_sec=3263 duration_nsec=392000000 band_stats=[OFPMeterBandStats(byte_band_count=0,packet_band_count=0)]', 'meter_id=0x00000003 len=56 flow_count=0 packet_in_count=0 byte_in_count=0 duration_sec=3263 duration_nsec=392000000 band_stats=[OFPMeterBandStats(byte_band_count=0,packet_band_count=0)]']
28-04-2019 18:25:48 [DNN module] Starting new iteration...
28-04-2019 18:25:48 [DNN module] Updating the status of the forwarders...
28-04-2019 18:25:48 [DNN module] Getting active ports of the forwarders...
28-04-2019 18:25:48 [DNN module] Datapath: <ryu.controller.controller.Datapath object at 0x7fb60484b310>
[3]: Requesting port stats...
28-04-2019 18:25:48 [DNN module] Datapath: <ryu.controller.controller.Datapath object at 0x7fb5fe7dd210>
[2]: Requesting port stats...
28-04-2019 18:25:48 [DNN module] Datapath: <ryu.controller.controller.Datapath object at 0x7fb60484b290>
[1]: Requesting port stats...
[3]: Received port stats
[2]: Received port stats
[1]: Received port stats
28-04-2019 18:25:49 [DNN module] Forwarders: {<ryu.controller.controller.Datapath object at 0x7fb60484b310>: [1], <ryu.controller.controller.Datapath object at 0x7fb5fe7dd210>: [1, 2], <ryu.controller.controller.Datapath object at 0x7fb60484b290>: [1]}
[3]: Requesting flow stats...
[2]: Requesting flow stats...
[2]: Requesting flow stats...
[1]: Requesting flow stats...
[3]: Received flow stats
More flow stats replies are expected from port 1
[3]: Received flow stats
More flow stats replies are expected from port 1
[3]: Received flow stats
More flow stats replies are expected from port 1
[3]: Received flow stats
Number of received stats 1892 from port 1
[2]: Received flow stats
More flow stats replies are expected from port 1
[2]: Received flow stats
More flow stats replies are expected from port 1
[2]: Received flow stats
More flow stats replies are expected from port 1
[2]: Received flow stats
More flow stats replies are expected from port 1
[2]: Received flow stats
Number of received stats 2218 from port 1
[2]: Received flow stats
More flow stats replies are expected from port 2
[2]: Received flow stats
More flow stats replies are expected from port 2
[2]: Received flow stats
More flow stats replies are expected from port 2
[2]: Received flow stats
More flow stats replies are expected from port 2
[2]: Received flow stats
More flow stats replies are expected from port 2
[2]: Received flow stats
More flow stats replies are expected from port 2
[2]: Received flow stats
Number of received stats 3848 from port 2
[1]: Received flow stats
No flow stats received
28-04-2019 18:26:08 [DNN module] No new packet_ins.
28-04-2019 18:26:11 [DNN module] Evaluation of the flows is going to be saved into ../results/22-01-2015_1_100000_pcap0_w30.dump
28-04-2019 18:26:11 [DNN module] Evaluation of the flows is successfully saved
28-04-2019 18:26:11 [DNN module] Number of saved flows is 315
28-04-2019 18:26:11 Malicious flows are 17
28-04-2019 18:26:11 [DNN module] Prevention mode is disabled
28-04-2019 18:26:11 [DNN module] Actual MAC to port table:
28-04-2019 18:26:11 Switch 1:
28-04-2019 18:26:11 00:00:00:00:00:02 1
28-04-2019 18:26:11 Switch 3:
28-04-2019 18:26:11 00:00:00:00:00:01 1
28-04-2019 18:26:11 [DNN module] Iteration done.
28-04-2019 18:26:11  ************************************************************
MeterStats of 1: ['meter_id=0x00000001 len=56 flow_count=0 packet_in_count=0 byte_in_count=0 duration_sec=3315 duration_nsec=631000000 band_stats=[OFPMeterBandStats(byte_band_count=0,packet_band_count=0)]', 'meter_id=0x00000002 len=56 flow_count=0 packet_in_count=0 byte_in_count=0 duration_sec=3315 duration_nsec=631000000 band_stats=[OFPMeterBandStats(byte_band_count=0,packet_band_count=0)]', 'meter_id=0x00000003 len=56 flow_count=0 packet_in_count=0 byte_in_count=0 duration_sec=3315 duration_nsec=631000000 band_stats=[OFPMeterBandStats(byte_band_count=0,packet_band_count=0)]']
MeterStats of 3: ['meter_id=0x00000001 len=56 flow_count=0 packet_in_count=0 byte_in_count=0 duration_sec=3315 duration_nsec=641000000 band_stats=[OFPMeterBandStats(byte_band_count=0,packet_band_count=0)]', 'meter_id=0x00000002 len=56 flow_count=0 packet_in_count=0 byte_in_count=0 duration_sec=3315 duration_nsec=641000000 band_stats=[OFPMeterBandStats(byte_band_count=0,packet_band_count=0)]', 'meter_id=0x00000003 len=56 flow_count=0 packet_in_count=0 byte_in_count=0 duration_sec=3315 duration_nsec=641000000 band_stats=[OFPMeterBandStats(byte_band_count=0,packet_band_count=0)]']
MeterStats of 2: ['meter_id=0x00000001 len=56 flow_count=0 packet_in_count=0 byte_in_count=0 duration_sec=3315 duration_nsec=641000000 band_stats=[OFPMeterBandStats(byte_band_count=0,packet_band_count=0)]', 'meter_id=0x00000002 len=56 flow_count=0 packet_in_count=0 byte_in_count=0 duration_sec=3315 duration_nsec=641000000 band_stats=[OFPMeterBandStats(byte_band_count=0,packet_band_count=0)]', 'meter_id=0x00000003 len=56 flow_count=0 packet_in_count=0 byte_in_count=0 duration_sec=3315 duration_nsec=641000000 band_stats=[OFPMeterBandStats(byte_band_count=0,packet_band_count=0)]']
28-04-2019 18:26:41 [DNN module] Starting new iteration...
28-04-2019 18:26:41 [DNN module] Updating the status of the forwarders...
28-04-2019 18:26:41 [DNN module] Getting active ports of the forwarders...
28-04-2019 18:26:41 [DNN module] Datapath: <ryu.controller.controller.Datapath object at 0x7fb5fd158910>
[3]: Requesting port stats...
28-04-2019 18:26:41 [DNN module] Datapath: <ryu.controller.controller.Datapath object at 0x7fb5fd158ad0>
[2]: Requesting port stats...
28-04-2019 18:26:41 [DNN module] Datapath: <ryu.controller.controller.Datapath object at 0x7fb5fd158790>
[1]: Requesting port stats...
[3]: Received port stats
[1]: Received port stats
[2]: Received port stats
28-04-2019 18:26:42 [DNN module] Forwarders: {<ryu.controller.controller.Datapath object at 0x7fb5fd158910>: [1], <ryu.controller.controller.Datapath object at 0x7fb5fd158ad0>: [1, 2], <ryu.controller.controller.Datapath object at 0x7fb5fd158790>: [1]}
[3]: Requesting flow stats...
[2]: Requesting flow stats...
[2]: Requesting flow stats...
[1]: Requesting flow stats...
[3]: Received flow stats
More flow stats replies are expected from port 1
[3]: Received flow stats
More flow stats replies are expected from port 1
[3]: Received flow stats
More flow stats replies are expected from port 1
[3]: Received flow stats
Number of received stats 1892 from port 1
[1]: Received flow stats
No flow stats received
[2]: Received flow stats
More flow stats replies are expected from port 1
[2]: Received flow stats
More flow stats replies are expected from port 1
[2]: Received flow stats
More flow stats replies are expected from port 1
[2]: Received flow stats
More flow stats replies are expected from port 1
[2]: Received flow stats
Number of received stats 2218 from port 1
[2]: Received flow stats
More flow stats replies are expected from port 2
[2]: Received flow stats
More flow stats replies are expected from port 2
[2]: Received flow stats
More flow stats replies are expected from port 2
[2]: Received flow stats
More flow stats replies are expected from port 2
[2]: Received flow stats
More flow stats replies are expected from port 2
[2]: Received flow stats
More flow stats replies are expected from port 2
[2]: Received flow stats
Number of received stats 3848 from port 2
28-04-2019 18:27:03 [DNN module] No new packet_ins.
28-04-2019 18:27:03 [DNN module] No flow stats available
28-04-2019 18:27:03 [DNN module] Actual MAC to port table:
28-04-2019 18:27:03 Switch 1:
28-04-2019 18:27:03 00:00:00:00:00:02 1
28-04-2019 18:27:03 Switch 3:
28-04-2019 18:27:03 00:00:00:00:00:01 1
28-04-2019 18:27:03 [DNN module] Iteration done.
28-04-2019 18:27:03  ************************************************************
MeterStats of 3: ['meter_id=0x00000001 len=56 flow_count=0 packet_in_count=0 byte_in_count=0 duration_sec=3367 duration_nsec=197000000 band_stats=[OFPMeterBandStats(byte_band_count=0,packet_band_count=0)]', 'meter_id=0x00000002 len=56 flow_count=0 packet_in_count=0 byte_in_count=0 duration_sec=3367 duration_nsec=197000000 band_stats=[OFPMeterBandStats(byte_band_count=0,packet_band_count=0)]', 'meter_id=0x00000003 len=56 flow_count=0 packet_in_count=0 byte_in_count=0 duration_sec=3367 duration_nsec=197000000 band_stats=[OFPMeterBandStats(byte_band_count=0,packet_band_count=0)]']
MeterStats of 2: ['meter_id=0x00000001 len=56 flow_count=0 packet_in_count=0 byte_in_count=0 duration_sec=3367 duration_nsec=201000000 band_stats=[OFPMeterBandStats(byte_band_count=0,packet_band_count=0)]', 'meter_id=0x00000002 len=56 flow_count=0 packet_in_count=0 byte_in_count=0 duration_sec=3367 duration_nsec=201000000 band_stats=[OFPMeterBandStats(byte_band_count=0,packet_band_count=0)]', 'meter_id=0x00000003 len=56 flow_count=0 packet_in_count=0 byte_in_count=0 duration_sec=3367 duration_nsec=201000000 band_stats=[OFPMeterBandStats(byte_band_count=0,packet_band_count=0)]']
MeterStats of 1: ['meter_id=0x00000001 len=56 flow_count=0 packet_in_count=0 byte_in_count=0 duration_sec=3367 duration_nsec=996000000 band_stats=[OFPMeterBandStats(byte_band_count=0,packet_band_count=0)]', 'meter_id=0x00000002 len=56 flow_count=0 packet_in_count=0 byte_in_count=0 duration_sec=3367 duration_nsec=996000000 band_stats=[OFPMeterBandStats(byte_band_count=0,packet_band_count=0)]', 'meter_id=0x00000003 len=56 flow_count=0 packet_in_count=0 byte_in_count=0 duration_sec=3367 duration_nsec=996000000 band_stats=[OFPMeterBandStats(byte_band_count=0,packet_band_count=0)]']
