loading app simple_switch_14.py
Using TensorFlow backend.
loading app ryu.controller.ofp_handler
instantiating app simple_switch_14.py of SimpleSwitch14
07-04-2019 20:08:14 REFRESH_RATE is 5
07-04-2019 20:08:14 FW_REFRESH_RATE is 1
07-04-2019 20:08:14 TIMEOUT is 30
07-04-2019 20:08:14 FLOWS_DUMP_FILE is ../results/pcap1000.dump
2019-04-07 20:08:15.065384: I tensorflow/core/platform/cpu_feature_guard.cc:141] Your CPU supports instructions that this TensorFlow binary was not compiled to use: AVX2
07-04-2019 20:08:16 DNN_MODEL is ../models/DNN_model_all_binary_full.h5
/usr/local/lib/python2.7/dist-packages/sklearn/base.py:251: UserWarning: Trying to unpickle estimator StandardScaler from version 0.20.3 when using version 0.20.2. This might lead to breaking code or invalid results. Use at your own risk.
  UserWarning)
07-04-2019 20:08:17 DNN_SCALER is ../models/DNN_model_all_binary_full_scaler.sav
07-04-2019 20:08:17 [DNN module] DNN module initialized
07-04-2019 20:08:18 [DNN module] Waiting for forwarders...
instantiating app ryu.controller.ofp_handler of OFPHandler
07-04-2019 20:08:19 [DNN module] Getting datapaths of the forwarders...
07-04-2019 20:08:19 [DNN module] Starting new iteration...
07-04-2019 20:08:19 [DNN module] Updating the status of the forwarders...
07-04-2019 20:08:19 [DNN module] Getting active ports of the forwarders...
07-04-2019 20:08:19 [DNN module] Datapath: <ryu.controller.controller.Datapath object at 0x7f83081b8210>
[2]: Requesting port stats...
07-04-2019 20:08:19 [DNN module] Datapath: <ryu.controller.controller.Datapath object at 0x7f83081b80d0>
[1]: Requesting port stats...
07-04-2019 20:08:19 [DNN module] Datapath: <ryu.controller.controller.Datapath object at 0x7f83081b8150>
[3]: Requesting port stats...
[1]: Received port stats
[3]: Received port stats
[2]: Received port stats
07-04-2019 20:08:20 [DNN module] Forwarders: {<ryu.controller.controller.Datapath object at 0x7f83081b8210>: [4294967294, 1, 2], <ryu.controller.controller.Datapath object at 0x7f83081b80d0>: [1, 4294967294], <ryu.controller.controller.Datapath object at 0x7f83081b8150>: [1, 4294967294]}
[2]: Requesting flow stats...
[2]: Requesting flow stats...
[2]: Requesting flow stats...
[1]: Requesting flow stats...
[1]: Requesting flow stats...
[3]: Requesting flow stats...
[3]: Requesting flow stats...
[2]: Received flow stats
[2]: Received flow stats
[2]: Received flow stats
[3]: Received flow stats
[3]: Received flow stats
[1]: Received flow stats
[1]: Received flow stats
[2]: Counters reset done
[1]: Counters reset done
[3]: Counters reset done
07-04-2019 20:08:21 [DNN module] No flow stats available
07-04-2019 20:08:21 [DNN module] Iteration done.
07-04-2019 20:08:21  ************************************************************
07-04-2019 20:08:26 [DNN module] Starting new iteration...
07-04-2019 20:08:26 [DNN module] Updating the status of the forwarders...
07-04-2019 20:08:26 [DNN module] Getting active ports of the forwarders...
07-04-2019 20:08:26 [DNN module] Datapath: <ryu.controller.controller.Datapath object at 0x7f83081b8210>
[2]: Requesting port stats...
07-04-2019 20:08:26 [DNN module] Datapath: <ryu.controller.controller.Datapath object at 0x7f83081b80d0>
[1]: Requesting port stats...
07-04-2019 20:08:26 [DNN module] Datapath: <ryu.controller.controller.Datapath object at 0x7f83081b8150>
[3]: Requesting port stats...
[1]: Received port stats
[2]: Received port stats
[3]: Received port stats
07-04-2019 20:08:27 [DNN module] Forwarders: {<ryu.controller.controller.Datapath object at 0x7f83081b8210>: [4294967294, 1, 2], <ryu.controller.controller.Datapath object at 0x7f83081b80d0>: [1, 4294967294], <ryu.controller.controller.Datapath object at 0x7f83081b8150>: [1, 4294967294]}
[2]: Requesting flow stats...
[2]: Requesting flow stats...
[2]: Requesting flow stats...
[1]: Requesting flow stats...
[1]: Requesting flow stats...
[3]: Requesting flow stats...
[3]: Requesting flow stats...
[1]: Received flow stats
[1]: Received flow stats
[3]: Received flow stats
[3]: Received flow stats
[2]: Received flow stats
[2]: Received flow stats
[2]: Received flow stats
[2]: Counters reset done
[1]: Counters reset done
[3]: Counters reset done
07-04-2019 20:08:28 [DNN module] No flow stats available
07-04-2019 20:08:28 [DNN module] Iteration done.
07-04-2019 20:08:28  ************************************************************
07-04-2019 20:08:33 [DNN module] Starting new iteration...
07-04-2019 20:08:33 [DNN module] Updating the status of the forwarders...
07-04-2019 20:08:33 [DNN module] Getting active ports of the forwarders...
07-04-2019 20:08:33 [DNN module] Datapath: <ryu.controller.controller.Datapath object at 0x7f83081b8210>
[2]: Requesting port stats...
07-04-2019 20:08:33 [DNN module] Datapath: <ryu.controller.controller.Datapath object at 0x7f83081b80d0>
[1]: Requesting port stats...
07-04-2019 20:08:33 [DNN module] Datapath: <ryu.controller.controller.Datapath object at 0x7f83081b8150>
[3]: Requesting port stats...
[3]: Received port stats
[1]: Received port stats
[2]: Received port stats
07-04-2019 20:08:35 [DNN module] Forwarders: {<ryu.controller.controller.Datapath object at 0x7f83081b8210>: [4294967294, 1, 2], <ryu.controller.controller.Datapath object at 0x7f83081b80d0>: [1, 4294967294], <ryu.controller.controller.Datapath object at 0x7f83081b8150>: [1, 4294967294]}
[2]: Requesting flow stats...
[2]: Requesting flow stats...
[2]: Requesting flow stats...
[1]: Requesting flow stats...
[1]: Requesting flow stats...
[3]: Requesting flow stats...
[3]: Requesting flow stats...
[1]: Received flow stats
[1]: Received flow stats
[2]: Received flow stats
[2]: Received flow stats
[2]: Received flow stats
[3]: Received flow stats
[3]: Received flow stats
[2]: Counters reset done
[1]: Counters reset done
[3]: Counters reset done
07-04-2019 20:08:36 [DNN module] Processing 902 packet_ins...
07-04-2019 20:08:36 [DNN module] After unifying we have 902 packet_ins.
/home/jozef/PycharmProjects/DP_Security_improvements/controller_scripts/dnn_module.py:492: DataConversionWarning: Data with input dtype object were all converted to float64 by StandardScaler.
  return self.scaler.transform(samples)
07-04-2019 20:08:37 [DNN module] Evaluation of the flows is going to be saved into ../results/pcap1000.dump
07-04-2019 20:08:37 [DNN module] Evaluation of the flows is successfully saved
07-04-2019 20:08:37 [DNN module] Actual MAC to port table:
07-04-2019 20:08:37 Switch 1:
07-04-2019 20:08:37 00:00:00:00:00:02 1
07-04-2019 20:08:37 Switch 2:
07-04-2019 20:08:37 00:00:00:00:00:02 2
07-04-2019 20:08:37 00:00:00:00:00:01 1
07-04-2019 20:08:37 Switch 3:
07-04-2019 20:08:37 00:00:00:00:00:01 1
07-04-2019 20:08:37 [DNN module] Iteration done.
07-04-2019 20:08:37  ************************************************************
07-04-2019 20:08:42 [DNN module] Starting new iteration...
07-04-2019 20:08:42 [DNN module] Updating the status of the forwarders...
07-04-2019 20:08:42 [DNN module] Getting active ports of the forwarders...
07-04-2019 20:08:42 [DNN module] Datapath: <ryu.controller.controller.Datapath object at 0x7f83081b8210>
[2]: Requesting port stats...
07-04-2019 20:08:42 [DNN module] Datapath: <ryu.controller.controller.Datapath object at 0x7f83081b80d0>
[1]: Requesting port stats...
07-04-2019 20:08:42 [DNN module] Datapath: <ryu.controller.controller.Datapath object at 0x7f83081b8150>
[3]: Requesting port stats...
[1]: Received port stats
[3]: Received port stats
[2]: Received port stats
07-04-2019 20:08:43 [DNN module] Forwarders: {<ryu.controller.controller.Datapath object at 0x7f83081b8210>: [4294967294, 1, 2], <ryu.controller.controller.Datapath object at 0x7f83081b80d0>: [1, 4294967294], <ryu.controller.controller.Datapath object at 0x7f83081b8150>: [1, 4294967294]}
[2]: Requesting flow stats...
[2]: Requesting flow stats...
[2]: Requesting flow stats...
[1]: Requesting flow stats...
[1]: Requesting flow stats...
[3]: Requesting flow stats...
[3]: Requesting flow stats...
[1]: Received flow stats
[1]: Received flow stats
[3]: Received flow stats
[3]: Received flow stats
[2]: Received flow stats
[2]: Received flow stats
[2]: Received flow stats
[2]: Counters reset done
[1]: Counters reset done
[3]: Counters reset done
07-04-2019 20:08:44 [DNN module] No new packet_ins.
07-04-2019 20:08:44 [DNN module] No flow stats available
07-04-2019 20:08:44 [DNN module] Actual MAC to port table:
07-04-2019 20:08:44 Switch 1:
07-04-2019 20:08:44 00:00:00:00:00:02 1
07-04-2019 20:08:44 Switch 2:
07-04-2019 20:08:44 00:00:00:00:00:02 2
07-04-2019 20:08:44 00:00:00:00:00:01 1
07-04-2019 20:08:44 Switch 3:
07-04-2019 20:08:44 00:00:00:00:00:01 1
07-04-2019 20:08:44 [DNN module] Iteration done.
07-04-2019 20:08:44  ************************************************************
07-04-2019 20:08:49 [DNN module] Starting new iteration...
07-04-2019 20:08:49 [DNN module] Updating the status of the forwarders...
07-04-2019 20:08:49 [DNN module] Getting active ports of the forwarders...
07-04-2019 20:08:49 [DNN module] Datapath: <ryu.controller.controller.Datapath object at 0x7f83081b8210>
[2]: Requesting port stats...
07-04-2019 20:08:49 [DNN module] Datapath: <ryu.controller.controller.Datapath object at 0x7f83081b80d0>
[1]: Requesting port stats...
07-04-2019 20:08:49 [DNN module] Datapath: <ryu.controller.controller.Datapath object at 0x7f83081b8150>
[3]: Requesting port stats...
[2]: Received port stats
[1]: Received port stats
[3]: Received port stats
07-04-2019 20:08:50 [DNN module] Forwarders: {<ryu.controller.controller.Datapath object at 0x7f83081b8210>: [4294967294, 1, 2], <ryu.controller.controller.Datapath object at 0x7f83081b80d0>: [1, 4294967294], <ryu.controller.controller.Datapath object at 0x7f83081b8150>: [1, 4294967294]}
[2]: Requesting flow stats...
[2]: Requesting flow stats...
[2]: Requesting flow stats...
[1]: Requesting flow stats...
[1]: Requesting flow stats...
[3]: Requesting flow stats...
[3]: Requesting flow stats...
[1]: Received flow stats
[1]: Received flow stats
[2]: Received flow stats
[2]: Received flow stats
[2]: Received flow stats
[3]: Received flow stats
[3]: Received flow stats
[2]: Counters reset done
[1]: Counters reset done
[3]: Counters reset done
07-04-2019 20:08:51 [DNN module] No new packet_ins.
07-04-2019 20:08:51 [DNN module] No flow stats available
07-04-2019 20:08:51 [DNN module] Actual MAC to port table:
07-04-2019 20:08:51 Switch 1:
07-04-2019 20:08:51 00:00:00:00:00:02 1
07-04-2019 20:08:51 Switch 2:
07-04-2019 20:08:51 00:00:00:00:00:02 2
07-04-2019 20:08:51 00:00:00:00:00:01 1
07-04-2019 20:08:51 Switch 3:
07-04-2019 20:08:51 00:00:00:00:00:01 1
07-04-2019 20:08:51 [DNN module] Iteration done.
07-04-2019 20:08:51  ************************************************************
07-04-2019 20:08:56 [DNN module] Starting new iteration...
07-04-2019 20:08:56 [DNN module] Updating the status of the forwarders...
07-04-2019 20:08:56 [DNN module] Getting active ports of the forwarders...
07-04-2019 20:08:56 [DNN module] Datapath: <ryu.controller.controller.Datapath object at 0x7f83081b8210>
[2]: Requesting port stats...
07-04-2019 20:08:56 [DNN module] Datapath: <ryu.controller.controller.Datapath object at 0x7f83081b80d0>
[1]: Requesting port stats...
07-04-2019 20:08:56 [DNN module] Datapath: <ryu.controller.controller.Datapath object at 0x7f83081b8150>
[3]: Requesting port stats...
[3]: Received port stats
[2]: Received port stats
[1]: Received port stats
07-04-2019 20:08:57 [DNN module] Forwarders: {<ryu.controller.controller.Datapath object at 0x7f83081b8210>: [4294967294, 1, 2], <ryu.controller.controller.Datapath object at 0x7f83081b80d0>: [1, 4294967294], <ryu.controller.controller.Datapath object at 0x7f83081b8150>: [1, 4294967294]}
[2]: Requesting flow stats...
[2]: Requesting flow stats...
[2]: Requesting flow stats...
[1]: Requesting flow stats...
[1]: Requesting flow stats...
[3]: Requesting flow stats...
[3]: Requesting flow stats...
[1]: Received flow stats
[1]: Received flow stats
[2]: Received flow stats
[2]: Received flow stats
[2]: Received flow stats
[3]: Received flow stats
[3]: Received flow stats
[2]: Counters reset done
[1]: Counters reset done
[3]: Counters reset done
07-04-2019 20:08:58 [DNN module] No new packet_ins.
07-04-2019 20:08:58 [DNN module] No flow stats available
07-04-2019 20:08:58 [DNN module] Actual MAC to port table:
07-04-2019 20:08:58 Switch 1:
07-04-2019 20:08:58 00:00:00:00:00:02 1
07-04-2019 20:08:58 Switch 2:
07-04-2019 20:08:58 00:00:00:00:00:02 2
07-04-2019 20:08:58 00:00:00:00:00:01 1
07-04-2019 20:08:58 Switch 3:
07-04-2019 20:08:58 00:00:00:00:00:01 1
07-04-2019 20:08:58 [DNN module] Iteration done.
07-04-2019 20:08:58  ************************************************************
