loading app simple_switch_13.py
Using TensorFlow backend.
loading app ryu.controller.ofp_handler
instantiating app simple_switch_13.py of SimpleSwitch13
22-04-2019 04:15:58 REFRESH_RATE is 10
22-04-2019 04:15:58 FW_REFRESH_RATE is 1
22-04-2019 04:15:58 TIMEOUT is 30
22-04-2019 04:15:58 FLOWS_DUMP_FILE is ../results/pcap375_topspeed.dump
2019-04-22 04:15:58.875542: I tensorflow/core/platform/cpu_feature_guard.cc:141] Your CPU supports instructions that this TensorFlow binary was not compiled to use: AVX2
22-04-2019 04:16:00 DNN_MODEL is ../models/DNN_model_all_binary_full.h5
/usr/local/lib/python2.7/dist-packages/sklearn/base.py:251: UserWarning: Trying to unpickle estimator StandardScaler from version 0.20.3 when using version 0.20.2. This might lead to breaking code or invalid results. Use at your own risk.
  UserWarning)
22-04-2019 04:16:00 DNN_SCALER is ../models/DNN_model_all_binary_full_scaler.sav
22-04-2019 04:16:00 Intervals are:
22-04-2019 04:16:00 Normal is [0.0, 0.5]
22-04-2019 04:16:00 Warning is [0.5, 0.85]
22-04-2019 04:16:00 Best Effort is [0.85, 0.95]
22-04-2019 04:16:00 Attack is [0.95, 1.0]
22-04-2019 04:16:00 [DNN module] DNN module initialized
22-04-2019 04:16:00 [DNN module] Starting new iteration...
22-04-2019 04:16:00 [DNN module] Updating the status of the forwarders...
22-04-2019 04:16:00 [DNN module] Getting active ports of the forwarders...
22-04-2019 04:16:00 [DNN module] No forwarders are online
22-04-2019 04:16:00 [DNN module] An error occured during updating forwarders. Skipping requesting of flow stats.
22-04-2019 04:16:00 [DNN module] Iteration done.
22-04-2019 04:16:00  ************************************************************
instantiating app ryu.controller.ofp_handler of OFPHandler
MeterStats of 1: ['meter_id=0x00000001 len=56 flow_count=0 packet_in_count=0 byte_in_count=0 duration_sec=0 duration_nsec=0 band_stats=[OFPMeterBandStats(byte_band_count=0,packet_band_count=0)]', 'meter_id=0x00000002 len=56 flow_count=0 packet_in_count=0 byte_in_count=0 duration_sec=0 duration_nsec=0 band_stats=[OFPMeterBandStats(byte_band_count=0,packet_band_count=0)]']
MeterStats of 2: ['meter_id=0x00000001 len=56 flow_count=0 packet_in_count=0 byte_in_count=0 duration_sec=0 duration_nsec=0 band_stats=[OFPMeterBandStats(byte_band_count=0,packet_band_count=0)]', 'meter_id=0x00000002 len=56 flow_count=0 packet_in_count=0 byte_in_count=0 duration_sec=0 duration_nsec=0 band_stats=[OFPMeterBandStats(byte_band_count=0,packet_band_count=0)]']
MeterStats of 3: ['meter_id=0x00000001 len=56 flow_count=0 packet_in_count=0 byte_in_count=0 duration_sec=0 duration_nsec=0 band_stats=[OFPMeterBandStats(byte_band_count=0,packet_band_count=0)]', 'meter_id=0x00000002 len=56 flow_count=0 packet_in_count=0 byte_in_count=0 duration_sec=0 duration_nsec=0 band_stats=[OFPMeterBandStats(byte_band_count=0,packet_band_count=0)]']
22-04-2019 04:16:10 [DNN module] Starting new iteration...
22-04-2019 04:16:10 [DNN module] Updating the status of the forwarders...
22-04-2019 04:16:10 [DNN module] Getting active ports of the forwarders...
22-04-2019 04:16:10 [DNN module] Datapath: <ryu.controller.controller.Datapath object at 0x7f66a64ebc10>
[1]: Requesting port stats...
22-04-2019 04:16:10 [DNN module] Datapath: <ryu.controller.controller.Datapath object at 0x7f66a64ebd50>
[2]: Requesting port stats...
22-04-2019 04:16:10 [DNN module] Datapath: <ryu.controller.controller.Datapath object at 0x7f66a64ebc90>
[3]: Requesting port stats...
[2]: Received port stats
[1]: Received port stats
[3]: Received port stats
22-04-2019 04:16:11 [DNN module] Forwarders: {<ryu.controller.controller.Datapath object at 0x7f66a64ebc10>: [1], <ryu.controller.controller.Datapath object at 0x7f66a64ebd50>: [1, 2], <ryu.controller.controller.Datapath object at 0x7f66a64ebc90>: [1]}
[1]: Requesting flow stats...
[2]: Requesting flow stats...
[2]: Requesting flow stats...
[3]: Requesting flow stats...
[2]: Received flow stats
No flow stats received
[2]: Received flow stats
No flow stats received
[1]: Received flow stats
No flow stats received
[3]: Received flow stats
No flow stats received
22-04-2019 04:16:12 [DNN module] No flow stats available
22-04-2019 04:16:12 [DNN module] Iteration done.
22-04-2019 04:16:12  ************************************************************
22-04-2019 04:16:22 [DNN module] Starting new iteration...
22-04-2019 04:16:22 [DNN module] Updating the status of the forwarders...
22-04-2019 04:16:22 [DNN module] Getting active ports of the forwarders...
22-04-2019 04:16:22 [DNN module] Datapath: <ryu.controller.controller.Datapath object at 0x7f66a64ebc10>
[1]: Requesting port stats...
22-04-2019 04:16:22 [DNN module] Datapath: <ryu.controller.controller.Datapath object at 0x7f66a64ebd50>
[2]: Requesting port stats...
22-04-2019 04:16:22 [DNN module] Datapath: <ryu.controller.controller.Datapath object at 0x7f66a64ebc90>
[3]: Requesting port stats...
[3]: Received port stats
[1]: Received port stats
[2]: Received port stats
22-04-2019 04:16:23 [DNN module] Forwarders: {<ryu.controller.controller.Datapath object at 0x7f66a64ebc10>: [1], <ryu.controller.controller.Datapath object at 0x7f66a64ebd50>: [1, 2], <ryu.controller.controller.Datapath object at 0x7f66a64ebc90>: [1]}
[1]: Requesting flow stats...
[2]: Requesting flow stats...
[2]: Requesting flow stats...
[3]: Requesting flow stats...
[1]: Received flow stats
No flow stats received
[3]: Received flow stats
No flow stats received
[2]: Received flow stats
Number of received stats 37 from port 1
[2]: Received flow stats
Number of received stats 45 from port 2
22-04-2019 04:16:24 [DNN module] Processing 996 packet_ins...
22-04-2019 04:16:25 [DNN module] After unifying we have 996 packet_ins.
/home/jozef/PycharmProjects/DP_Security_improvements/controller_scripts/dnn_module.py:506: DataConversionWarning: Data with input dtype object were all converted to float64 by StandardScaler.
  return self.scaler.transform(samples)
22-04-2019 04:16:25 [DNN module] Evaluation of the flows is going to be saved into ../results/pcap375_topspeed.dump
22-04-2019 04:16:25 [DNN module] Evaluation of the flows is successfully saved
22-04-2019 04:16:25 [DNN module] Number of saved flows is 17
22-04-2019 04:16:25 Warnings are 6
22-04-2019 04:16:25 Attacks are 0
22-04-2019 04:16:25 Applying restrictions against warnings
22-04-2019 04:16:25 Warning: {'port_dst': 5190, 'ipv4_src': '59.166.0.5', 'dst_count': 1, 'packets_dst': 2, 'ipv4_dst': '149.171.126.8', 'proto': 6, 'bytes_src': 408, 'packets_src': 6, 'port_src': 44523, 'bytes_dst': 132, 'srv_dst_count': 1}
22-04-2019 04:16:25 Meter ID: 1
22-04-2019 04:16:25 Params: {'ipv4_dst': '149.171.126.8', 'proto': 6, 'port_dst': 5190, 'ipv4_src': '59.166.0.5', 'eth_type': 2048, 'port_src': 44523}
22-04-2019 04:16:25 Warning: {'port_dst': 25, 'ipv4_src': '59.166.0.2', 'dst_count': 1, 'packets_dst': 28, 'ipv4_dst': '149.171.126.2', 'proto': 6, 'bytes_src': 31954, 'packets_src': 42, 'port_src': 20569, 'bytes_dst': 2854, 'srv_dst_count': 1}
22-04-2019 04:16:25 Meter ID: 2
22-04-2019 04:16:25 Params: {'ipv4_dst': '149.171.126.2', 'proto': 6, 'port_dst': 25, 'ipv4_src': '59.166.0.2', 'eth_type': 2048, 'port_src': 20569}
22-04-2019 04:16:25 Warning: {'port_dst': 5190, 'ipv4_src': '59.166.0.6', 'dst_count': 1, 'packets_dst': 14, 'ipv4_dst': '149.171.126.6', 'proto': 6, 'bytes_src': 1778, 'packets_src': 22, 'port_src': 34617, 'bytes_dst': 1924, 'srv_dst_count': 1}
22-04-2019 04:16:25 Meter ID: 1
22-04-2019 04:16:25 Params: {'ipv4_dst': '149.171.126.6', 'proto': 6, 'port_dst': 5190, 'ipv4_src': '59.166.0.6', 'eth_type': 2048, 'port_src': 34617}
22-04-2019 04:16:25 Warning: {'port_dst': 23791, 'ipv4_src': '59.166.0.2', 'dst_count': 3, 'packets_dst': 8, 'ipv4_dst': '149.171.126.3', 'proto': 6, 'bytes_src': 1092, 'packets_src': 10, 'port_src': 61013, 'bytes_dst': 824, 'srv_dst_count': 1}
22-04-2019 04:16:25 Meter ID: 1
22-04-2019 04:16:25 Params: {'ipv4_dst': '149.171.126.3', 'proto': 6, 'port_dst': 23791, 'ipv4_src': '59.166.0.2', 'eth_type': 2048, 'port_src': 61013}
22-04-2019 04:16:25 Warning: {'port_dst': 5190, 'ipv4_src': '59.166.0.5', 'dst_count': 1, 'packets_dst': 12, 'ipv4_dst': '149.171.126.9', 'proto': 6, 'bytes_src': 1238, 'packets_src': 14, 'port_src': 17727, 'bytes_dst': 876, 'srv_dst_count': 1}
22-04-2019 04:16:25 Meter ID: 1
22-04-2019 04:16:25 Params: {'ipv4_dst': '149.171.126.9', 'proto': 6, 'port_dst': 5190, 'ipv4_src': '59.166.0.5', 'eth_type': 2048, 'port_src': 17727}
22-04-2019 04:16:25 Warning: {'port_dst': 5190, 'ipv4_src': '59.166.0.3', 'dst_count': 2, 'packets_dst': 16, 'ipv4_dst': '149.171.126.5', 'proto': 6, 'bytes_src': 1778, 'packets_src': 22, 'port_src': 16961, 'bytes_dst': 2056, 'srv_dst_count': 1}
22-04-2019 04:16:25 Meter ID: 1
22-04-2019 04:16:25 Params: {'ipv4_dst': '149.171.126.5', 'proto': 6, 'port_dst': 5190, 'ipv4_src': '59.166.0.3', 'eth_type': 2048, 'port_src': 16961}
22-04-2019 04:16:25 There are no attacks to apply restrictions
22-04-2019 04:16:25 [DNN module] Actual MAC to port table:
22-04-2019 04:16:25 Switch 1:
22-04-2019 04:16:25 00:00:00:00:00:02 1
22-04-2019 04:16:25 Switch 2:
22-04-2019 04:16:25 00:00:00:00:00:02 2
22-04-2019 04:16:25 00:00:00:00:00:01 1
22-04-2019 04:16:25 Switch 3:
22-04-2019 04:16:25 00:00:00:00:00:01 1
22-04-2019 04:16:25 [DNN module] Iteration done.
22-04-2019 04:16:25  ************************************************************
22-04-2019 04:16:35 [DNN module] Starting new iteration...
22-04-2019 04:16:35 [DNN module] Updating the status of the forwarders...
22-04-2019 04:16:35 [DNN module] Getting active ports of the forwarders...
22-04-2019 04:16:35 [DNN module] Datapath: <ryu.controller.controller.Datapath object at 0x7f66a64ebc10>
[1]: Requesting port stats...
22-04-2019 04:16:35 [DNN module] Datapath: <ryu.controller.controller.Datapath object at 0x7f66a64ebd50>
[2]: Requesting port stats...
22-04-2019 04:16:35 [DNN module] Datapath: <ryu.controller.controller.Datapath object at 0x7f66a64ebc90>
[3]: Requesting port stats...
[1]: Received port stats
[3]: Received port stats
[2]: Received port stats
22-04-2019 04:16:36 [DNN module] Forwarders: {<ryu.controller.controller.Datapath object at 0x7f66a64ebc10>: [1], <ryu.controller.controller.Datapath object at 0x7f66a64ebd50>: [1, 2], <ryu.controller.controller.Datapath object at 0x7f66a64ebc90>: [1]}
[1]: Requesting flow stats...
[2]: Requesting flow stats...
[2]: Requesting flow stats...
[3]: Requesting flow stats...
[1]: Received flow stats
No flow stats received
[2]: Received flow stats
Number of received stats 37 from port 1
[2]: Received flow stats
Number of received stats 45 from port 2
[3]: Received flow stats
No flow stats received
22-04-2019 04:16:37 [DNN module] No new packet_ins.
22-04-2019 04:16:37 [DNN module] No flow stats available
22-04-2019 04:16:37 [DNN module] Actual MAC to port table:
22-04-2019 04:16:37 Switch 1:
22-04-2019 04:16:37 00:00:00:00:00:02 1
22-04-2019 04:16:37 Switch 2:
22-04-2019 04:16:37 00:00:00:00:00:02 2
22-04-2019 04:16:37 00:00:00:00:00:01 1
22-04-2019 04:16:37 Switch 3:
22-04-2019 04:16:37 00:00:00:00:00:01 1
22-04-2019 04:16:37 [DNN module] Iteration done.
22-04-2019 04:16:37  ************************************************************
