loading app simple_switch_14.py
Using TensorFlow backend.
loading app ryu.controller.ofp_handler
instantiating app simple_switch_14.py of SimpleSwitch14
07-04-2019 19:49:09 REFRESH_RATE is 5
07-04-2019 19:49:09 FW_REFRESH_RATE is 1
07-04-2019 19:49:09 TIMEOUT is 30
07-04-2019 19:49:09 FLOWS_DUMP_FILE is ../results/pcap1500-1509.dump
2019-04-07 19:49:09.973505: I tensorflow/core/platform/cpu_feature_guard.cc:141] Your CPU supports instructions that this TensorFlow binary was not compiled to use: AVX2
07-04-2019 19:49:11 DNN_MODEL is ../models/DNN_model_all_binary_full.h5
/usr/local/lib/python2.7/dist-packages/sklearn/base.py:251: UserWarning: Trying to unpickle estimator StandardScaler from version 0.20.3 when using version 0.20.2. This might lead to breaking code or invalid results. Use at your own risk.
  UserWarning)
07-04-2019 19:49:13 DNN_SCALER is ../models/DNN_model_all_binary_full_scaler.sav
07-04-2019 19:49:13 [DNN module] DNN module initialized
07-04-2019 19:49:13 [DNN module] Waiting for forwarders...
instantiating app ryu.controller.ofp_handler of OFPHandler
07-04-2019 19:49:14 [DNN module] Getting datapaths of the forwarders...
07-04-2019 19:49:14 [DNN module] Starting new iteration...
07-04-2019 19:49:14 [DNN module] Updating the status of the forwarders...
07-04-2019 19:49:14 [DNN module] Getting active ports of the forwarders...
07-04-2019 19:49:14 [DNN module] Datapath: <ryu.controller.controller.Datapath object at 0x7f3437374090>
[1]: Requesting port stats...
07-04-2019 19:49:14 [DNN module] Datapath: <ryu.controller.controller.Datapath object at 0x7f34373741d0>
[2]: Requesting port stats...
07-04-2019 19:49:14 [DNN module] Datapath: <ryu.controller.controller.Datapath object at 0x7f3437374110>
[3]: Requesting port stats...
[1]: Received port stats
[2]: Received port stats
[3]: Received port stats
07-04-2019 19:49:15 [DNN module] Forwarders: {<ryu.controller.controller.Datapath object at 0x7f3437374090>: [1, 4294967294], <ryu.controller.controller.Datapath object at 0x7f34373741d0>: [4294967294, 1, 2], <ryu.controller.controller.Datapath object at 0x7f3437374110>: [1, 4294967294]}
[1]: Requesting flow stats...
[1]: Requesting flow stats...
[2]: Requesting flow stats...
[2]: Requesting flow stats...
[2]: Requesting flow stats...
[3]: Requesting flow stats...
[3]: Requesting flow stats...
[1]: Received flow stats
[1]: Received flow stats
[2]: Received flow stats
[2]: Received flow stats
[2]: Received flow stats
[3]: Received flow stats
[3]: Received flow stats
[1]: Counters reset done
[2]: Counters reset done
[3]: Counters reset done
07-04-2019 19:49:16 [DNN module] No flow stats available
07-04-2019 19:49:16 [DNN module] Iteration done.
07-04-2019 19:49:16  ************************************************************
07-04-2019 19:49:21 [DNN module] Starting new iteration...
07-04-2019 19:49:21 [DNN module] Updating the status of the forwarders...
07-04-2019 19:49:21 [DNN module] Getting active ports of the forwarders...
07-04-2019 19:49:21 [DNN module] Datapath: <ryu.controller.controller.Datapath object at 0x7f3437374090>
[1]: Requesting port stats...
07-04-2019 19:49:21 [DNN module] Datapath: <ryu.controller.controller.Datapath object at 0x7f34373741d0>
[2]: Requesting port stats...
07-04-2019 19:49:21 [DNN module] Datapath: <ryu.controller.controller.Datapath object at 0x7f3437374110>
[3]: Requesting port stats...
[1]: Received port stats
[2]: Received port stats
[3]: Received port stats
07-04-2019 19:49:22 [DNN module] Forwarders: {<ryu.controller.controller.Datapath object at 0x7f3437374090>: [1, 4294967294], <ryu.controller.controller.Datapath object at 0x7f34373741d0>: [4294967294, 1, 2], <ryu.controller.controller.Datapath object at 0x7f3437374110>: [1, 4294967294]}
[1]: Requesting flow stats...
[1]: Requesting flow stats...
[2]: Requesting flow stats...
[2]: Requesting flow stats...
[2]: Requesting flow stats...
[3]: Requesting flow stats...
[3]: Requesting flow stats...
[1]: Received flow stats
[1]: Received flow stats
[3]: Received flow stats
[3]: Received flow stats
[2]: Received flow stats
[2]: Received flow stats
[2]: Received flow stats
[1]: Counters reset done
[2]: Counters reset done
[3]: Counters reset done
07-04-2019 19:49:23 [DNN module] No flow stats available
07-04-2019 19:49:23 [DNN module] Iteration done.
07-04-2019 19:49:23  ************************************************************
07-04-2019 19:49:28 [DNN module] Starting new iteration...
07-04-2019 19:49:28 [DNN module] Updating the status of the forwarders...
07-04-2019 19:49:28 [DNN module] Getting active ports of the forwarders...
07-04-2019 19:49:28 [DNN module] Datapath: <ryu.controller.controller.Datapath object at 0x7f3437374090>
[1]: Requesting port stats...
07-04-2019 19:49:28 [DNN module] Datapath: <ryu.controller.controller.Datapath object at 0x7f34373741d0>
[2]: Requesting port stats...
07-04-2019 19:49:28 [DNN module] Datapath: <ryu.controller.controller.Datapath object at 0x7f3437374110>
[3]: Requesting port stats...
[1]: Received port stats
[2]: Received port stats
[3]: Received port stats
07-04-2019 19:49:29 [DNN module] Forwarders: {<ryu.controller.controller.Datapath object at 0x7f3437374090>: [1, 4294967294], <ryu.controller.controller.Datapath object at 0x7f34373741d0>: [4294967294, 1, 2], <ryu.controller.controller.Datapath object at 0x7f3437374110>: [1, 4294967294]}
[1]: Requesting flow stats...
[1]: Requesting flow stats...
[2]: Requesting flow stats...
[2]: Requesting flow stats...
[2]: Requesting flow stats...
[3]: Requesting flow stats...
[3]: Requesting flow stats...
[1]: Received flow stats
[1]: Received flow stats
[3]: Received flow stats
[3]: Received flow stats
[2]: Received flow stats
[2]: Received flow stats
[2]: Received flow stats
[1]: Counters reset done
[2]: Counters reset done
[3]: Counters reset done
07-04-2019 19:49:30 [DNN module] No flow stats available
07-04-2019 19:49:30 [DNN module] Iteration done.
07-04-2019 19:49:30  ************************************************************
07-04-2019 19:49:35 [DNN module] Starting new iteration...
07-04-2019 19:49:35 [DNN module] Updating the status of the forwarders...
07-04-2019 19:49:35 [DNN module] Getting active ports of the forwarders...
07-04-2019 19:49:35 [DNN module] Datapath: <ryu.controller.controller.Datapath object at 0x7f3437374090>
[1]: Requesting port stats...
07-04-2019 19:49:35 [DNN module] Datapath: <ryu.controller.controller.Datapath object at 0x7f34373741d0>
[2]: Requesting port stats...
07-04-2019 19:49:35 [DNN module] Datapath: <ryu.controller.controller.Datapath object at 0x7f3437374110>
[3]: Requesting port stats...
[1]: Received port stats
[3]: Received port stats
[2]: Received port stats
07-04-2019 19:49:36 [DNN module] Forwarders: {<ryu.controller.controller.Datapath object at 0x7f3437374090>: [1, 4294967294], <ryu.controller.controller.Datapath object at 0x7f34373741d0>: [4294967294, 1, 2], <ryu.controller.controller.Datapath object at 0x7f3437374110>: [1, 4294967294]}
[1]: Requesting flow stats...
[1]: Requesting flow stats...
[2]: Requesting flow stats...
[2]: Requesting flow stats...
[2]: Requesting flow stats...
[3]: Requesting flow stats...
[3]: Requesting flow stats...
[1]: Received flow stats
[1]: Received flow stats
[2]: Received flow stats
[2]: Received flow stats
[2]: Received flow stats
[3]: Received flow stats
[3]: Received flow stats
[1]: Counters reset done
[2]: Counters reset done
[3]: Counters reset done
07-04-2019 19:49:37 [DNN module] No flow stats available
07-04-2019 19:49:37 [DNN module] Actual MAC to port table:
07-04-2019 19:49:37 Switch 1:
07-04-2019 19:49:37 00:00:00:00:00:02 1
07-04-2019 19:49:37 Switch 2:
07-04-2019 19:49:37 00:00:00:00:00:02 2
07-04-2019 19:49:37 00:00:00:00:00:01 1
07-04-2019 19:49:37 Switch 3:
07-04-2019 19:49:37 00:00:00:00:00:01 1
07-04-2019 19:49:37 [DNN module] Iteration done.
07-04-2019 19:49:37  ************************************************************
07-04-2019 19:49:42 [DNN module] Starting new iteration...
07-04-2019 19:49:42 [DNN module] Updating the status of the forwarders...
07-04-2019 19:49:42 [DNN module] Getting active ports of the forwarders...
07-04-2019 19:49:42 [DNN module] Datapath: <ryu.controller.controller.Datapath object at 0x7f3437374090>
[1]: Requesting port stats...
07-04-2019 19:49:42 [DNN module] Datapath: <ryu.controller.controller.Datapath object at 0x7f34373741d0>
[2]: Requesting port stats...
07-04-2019 19:49:42 [DNN module] Datapath: <ryu.controller.controller.Datapath object at 0x7f3437374110>
[3]: Requesting port stats...
[2]: Received port stats
[3]: Received port stats
[1]: Received port stats
07-04-2019 19:49:43 [DNN module] Forwarders: {<ryu.controller.controller.Datapath object at 0x7f3437374090>: [1, 4294967294], <ryu.controller.controller.Datapath object at 0x7f34373741d0>: [4294967294, 1, 2], <ryu.controller.controller.Datapath object at 0x7f3437374110>: [1, 4294967294]}
[1]: Requesting flow stats...
[1]: Requesting flow stats...
[2]: Requesting flow stats...
[2]: Requesting flow stats...
[2]: Requesting flow stats...
[3]: Requesting flow stats...
[3]: Requesting flow stats...
[3]: Received flow stats
[3]: Received flow stats
[1]: Received flow stats
[1]: Received flow stats
[2]: Received flow stats
[2]: Received flow stats
[2]: Received flow stats
[1]: Counters reset done
[2]: Counters reset done
[3]: Counters reset done
07-04-2019 19:49:44 [DNN module] Processing 1904 packet_ins...
07-04-2019 19:49:46 [DNN module] After unifying we have 1904 packet_ins.
/home/jozef/PycharmProjects/DP_Security_improvements/controller_scripts/dnn_module.py:492: DataConversionWarning: Data with input dtype object were all converted to float64 by StandardScaler.
  return self.scaler.transform(samples)
07-04-2019 19:49:48 [DNN module] Evaluation of the flows is going to be saved into ../results/pcap1500-1509.dump
07-04-2019 19:49:48 [DNN module] Evaluation of the flows is successfully saved
07-04-2019 19:49:48 [DNN module] Actual MAC to port table:
07-04-2019 19:49:48 Switch 1:
07-04-2019 19:49:48 00:00:00:00:00:02 1
07-04-2019 19:49:48 Switch 2:
07-04-2019 19:49:48 00:00:00:00:00:02 2
07-04-2019 19:49:48 00:00:00:00:00:01 1
07-04-2019 19:49:48 Switch 3:
07-04-2019 19:49:48 00:00:00:00:00:01 1
07-04-2019 19:49:48 [DNN module] Iteration done.
07-04-2019 19:49:48  ************************************************************
07-04-2019 19:49:53 [DNN module] Starting new iteration...
07-04-2019 19:49:53 [DNN module] Updating the status of the forwarders...
07-04-2019 19:49:53 [DNN module] Getting active ports of the forwarders...
07-04-2019 19:49:53 [DNN module] Datapath: <ryu.controller.controller.Datapath object at 0x7f3437374090>
[1]: Requesting port stats...
07-04-2019 19:49:53 [DNN module] Datapath: <ryu.controller.controller.Datapath object at 0x7f34373741d0>
[2]: Requesting port stats...
07-04-2019 19:49:53 [DNN module] Datapath: <ryu.controller.controller.Datapath object at 0x7f3437374110>
[3]: Requesting port stats...
[3]: Received port stats
[1]: Received port stats
[2]: Received port stats
07-04-2019 19:49:57 [DNN module] Forwarders: {<ryu.controller.controller.Datapath object at 0x7f3437374090>: [1, 4294967294], <ryu.controller.controller.Datapath object at 0x7f34373741d0>: [4294967294, 1, 2], <ryu.controller.controller.Datapath object at 0x7f3437374110>: [1, 4294967294]}
[1]: Requesting flow stats...
[1]: Requesting flow stats...
[2]: Requesting flow stats...
[2]: Requesting flow stats...
[2]: Requesting flow stats...
[3]: Requesting flow stats...
[3]: Requesting flow stats...
[1]: Received flow stats
[1]: Received flow stats
[3]: Received flow stats
[3]: Received flow stats
[2]: Received flow stats
[2]: Received flow stats
[2]: Received flow stats
[1]: Counters reset done
[2]: Counters reset done
[3]: Counters reset done
07-04-2019 19:49:58 [DNN module] Processing 3678 packet_ins...
07-04-2019 19:50:04 [DNN module] After unifying we have 3678 packet_ins.
07-04-2019 19:50:05 [DNN module] Evaluation of the flows is going to be saved into ../results/pcap1500-1509.dump
07-04-2019 19:50:05 [DNN module] Evaluation of the flows is successfully saved
07-04-2019 19:50:05 [DNN module] Actual MAC to port table:
07-04-2019 19:50:05 Switch 1:
07-04-2019 19:50:05 00:00:00:00:00:02 1
07-04-2019 19:50:05 Switch 2:
07-04-2019 19:50:05 00:00:00:00:00:02 2
07-04-2019 19:50:05 00:00:00:00:00:01 1
07-04-2019 19:50:05 Switch 3:
07-04-2019 19:50:05 00:00:00:00:00:01 1
07-04-2019 19:50:05 [DNN module] Iteration done.
07-04-2019 19:50:05  ************************************************************
07-04-2019 19:50:10 [DNN module] Starting new iteration...
07-04-2019 19:50:10 [DNN module] Updating the status of the forwarders...
07-04-2019 19:50:10 [DNN module] Getting active ports of the forwarders...
07-04-2019 19:50:10 [DNN module] Datapath: <ryu.controller.controller.Datapath object at 0x7f3437374090>
[1]: Requesting port stats...
07-04-2019 19:50:10 [DNN module] Datapath: <ryu.controller.controller.Datapath object at 0x7f34373741d0>
[2]: Requesting port stats...
07-04-2019 19:50:10 [DNN module] Datapath: <ryu.controller.controller.Datapath object at 0x7f3437374110>
[3]: Requesting port stats...
[1]: Received port stats
[3]: Received port stats
[2]: Received port stats
07-04-2019 19:50:11 [DNN module] Forwarders: {<ryu.controller.controller.Datapath object at 0x7f3437374090>: [1, 4294967294], <ryu.controller.controller.Datapath object at 0x7f34373741d0>: [4294967294, 1, 2], <ryu.controller.controller.Datapath object at 0x7f3437374110>: [1, 4294967294]}
[1]: Requesting flow stats...
[1]: Requesting flow stats...
[2]: Requesting flow stats...
[2]: Requesting flow stats...
[2]: Requesting flow stats...
[3]: Requesting flow stats...
[3]: Requesting flow stats...
[1]: Received flow stats
[1]: Received flow stats
[3]: Received flow stats
[3]: Received flow stats
[2]: Received flow stats
[2]: Received flow stats
[2]: Received flow stats
[1]: Counters reset done
[2]: Counters reset done
[3]: Counters reset done
07-04-2019 19:50:12 [DNN module] No new packet_ins.
07-04-2019 19:50:12 [DNN module] No flow stats available
07-04-2019 19:50:12 [DNN module] Actual MAC to port table:
07-04-2019 19:50:12 Switch 1:
07-04-2019 19:50:12 00:00:00:00:00:02 1
07-04-2019 19:50:12 Switch 2:
07-04-2019 19:50:12 00:00:00:00:00:02 2
07-04-2019 19:50:12 00:00:00:00:00:01 1
07-04-2019 19:50:12 Switch 3:
07-04-2019 19:50:12 00:00:00:00:00:01 1
07-04-2019 19:50:12 [DNN module] Iteration done.
07-04-2019 19:50:12  ************************************************************
