loading app simple_switch_13.py
Using TensorFlow backend.
loading app ryu.controller.ofp_handler
instantiating app simple_switch_13.py of SimpleSwitch13
15-04-2019 12:41:48 REFRESH_RATE is 10
15-04-2019 12:41:48 FW_REFRESH_RATE is 1
15-04-2019 12:41:48 TIMEOUT is 30
15-04-2019 12:41:48 FLOWS_DUMP_FILE is ../results/pcap0-19_w10.dump
2019-04-15 12:41:48.184468: I tensorflow/core/platform/cpu_feature_guard.cc:141] Your CPU supports instructions that this TensorFlow binary was not compiled to use: AVX2
15-04-2019 12:41:49 DNN_MODEL is ../models/DNN_model_all_binary_full.h5
/usr/local/lib/python2.7/dist-packages/sklearn/base.py:251: UserWarning: Trying to unpickle estimator StandardScaler from version 0.20.3 when using version 0.20.2. This might lead to breaking code or invalid results. Use at your own risk.
  UserWarning)
15-04-2019 12:41:49 DNN_SCALER is ../models/DNN_model_all_binary_full_scaler.sav
15-04-2019 12:41:49 Intervals are:
15-04-2019 12:41:49 Normal is [0.0, 0.5]
15-04-2019 12:41:49 Warning is [0.5, 0.85]
15-04-2019 12:41:49 Best Effort is [0.85, 0.95]
15-04-2019 12:41:49 Attack is [0.95, 1.0]
15-04-2019 12:41:49 [DNN module] DNN module initialized
15-04-2019 12:41:49 [DNN module] Starting new iteration...
15-04-2019 12:41:49 [DNN module] Updating the status of the forwarders...
15-04-2019 12:41:49 [DNN module] Getting active ports of the forwarders...
15-04-2019 12:41:49 [DNN module] No forwarders are online
15-04-2019 12:41:49 [DNN module] An error occured during updating forwarders. Skipping requesting of flow stats.
15-04-2019 12:41:49 [DNN module] Iteration done.
15-04-2019 12:41:49  ************************************************************
instantiating app ryu.controller.ofp_handler of OFPHandler
MeterStats of 1: ['meter_id=0x00000001 len=56 flow_count=0 packet_in_count=0 byte_in_count=0 duration_sec=0 duration_nsec=0 band_stats=[OFPMeterBandStats(byte_band_count=0,packet_band_count=0)]', 'meter_id=0x00000002 len=56 flow_count=0 packet_in_count=0 byte_in_count=0 duration_sec=0 duration_nsec=0 band_stats=[OFPMeterBandStats(byte_band_count=0,packet_band_count=0)]']
MeterStats of 2: ['meter_id=0x00000001 len=56 flow_count=0 packet_in_count=0 byte_in_count=0 duration_sec=0 duration_nsec=0 band_stats=[OFPMeterBandStats(byte_band_count=0,packet_band_count=0)]', 'meter_id=0x00000002 len=56 flow_count=0 packet_in_count=0 byte_in_count=0 duration_sec=0 duration_nsec=0 band_stats=[OFPMeterBandStats(byte_band_count=0,packet_band_count=0)]']
MeterStats of 3: ['meter_id=0x00000001 len=56 flow_count=0 packet_in_count=0 byte_in_count=0 duration_sec=0 duration_nsec=0 band_stats=[OFPMeterBandStats(byte_band_count=0,packet_band_count=0)]', 'meter_id=0x00000002 len=56 flow_count=0 packet_in_count=0 byte_in_count=0 duration_sec=0 duration_nsec=0 band_stats=[OFPMeterBandStats(byte_band_count=0,packet_band_count=0)]']
15-04-2019 12:41:59 [DNN module] Starting new iteration...
15-04-2019 12:41:59 [DNN module] Updating the status of the forwarders...
15-04-2019 12:41:59 [DNN module] Getting active ports of the forwarders...
15-04-2019 12:41:59 [DNN module] Datapath: <ryu.controller.controller.Datapath object at 0x7f6b7eae0e90>
[2]: Requesting port stats...
15-04-2019 12:41:59 [DNN module] Datapath: <ryu.controller.controller.Datapath object at 0x7f6b7eae0d50>
[1]: Requesting port stats...
15-04-2019 12:41:59 [DNN module] Datapath: <ryu.controller.controller.Datapath object at 0x7f6b7eae0dd0>
[3]: Requesting port stats...
[1]: Received port stats
[2]: Received port stats
[3]: Received port stats
15-04-2019 12:42:00 [DNN module] Forwarders: {<ryu.controller.controller.Datapath object at 0x7f6b7eae0e90>: [4294967294, 1, 2], <ryu.controller.controller.Datapath object at 0x7f6b7eae0d50>: [1, 4294967294], <ryu.controller.controller.Datapath object at 0x7f6b7eae0dd0>: [1, 4294967294]}
[2]: Requesting flow stats...
[2]: Requesting flow stats...
[2]: Requesting flow stats...
[1]: Requesting flow stats...
[1]: Requesting flow stats...
[3]: Requesting flow stats...
[3]: Requesting flow stats...
[1]: Received flow stats
No flow stats received
[1]: Received flow stats
No flow stats received
[2]: Received flow stats
No flow stats received
[2]: Received flow stats
No flow stats received
[2]: Received flow stats
No flow stats received
[3]: Received flow stats
No flow stats received
[3]: Received flow stats
No flow stats received
15-04-2019 12:42:01 [DNN module] No flow stats available
15-04-2019 12:42:01 [DNN module] Iteration done.
15-04-2019 12:42:01  ************************************************************
15-04-2019 12:42:11 [DNN module] Starting new iteration...
15-04-2019 12:42:11 [DNN module] Updating the status of the forwarders...
15-04-2019 12:42:11 [DNN module] Getting active ports of the forwarders...
15-04-2019 12:42:11 [DNN module] Datapath: <ryu.controller.controller.Datapath object at 0x7f6b7eae0e90>
[2]: Requesting port stats...
15-04-2019 12:42:11 [DNN module] Datapath: <ryu.controller.controller.Datapath object at 0x7f6b7eae0d50>
[1]: Requesting port stats...
15-04-2019 12:42:11 [DNN module] Datapath: <ryu.controller.controller.Datapath object at 0x7f6b7eae0dd0>
[3]: Requesting port stats...
[1]: Received port stats
[2]: Received port stats
[3]: Received port stats
15-04-2019 12:42:12 [DNN module] Forwarders: {<ryu.controller.controller.Datapath object at 0x7f6b7eae0e90>: [4294967294, 1, 2], <ryu.controller.controller.Datapath object at 0x7f6b7eae0d50>: [1, 4294967294], <ryu.controller.controller.Datapath object at 0x7f6b7eae0dd0>: [1, 4294967294]}
[2]: Requesting flow stats...
[2]: Requesting flow stats...
[2]: Requesting flow stats...
[1]: Requesting flow stats...
[1]: Requesting flow stats...
[3]: Requesting flow stats...
[3]: Requesting flow stats...
[1]: Received flow stats
No flow stats received
[1]: Received flow stats
No flow stats received
[2]: Received flow stats
No flow stats received
[2]: Received flow stats
No flow stats received
[2]: Received flow stats
No flow stats received
[3]: Received flow stats
No flow stats received
[3]: Received flow stats
No flow stats received
15-04-2019 12:42:13 [DNN module] No flow stats available
15-04-2019 12:42:13 [DNN module] Actual MAC to port table:
15-04-2019 12:42:13 Switch 1:
15-04-2019 12:42:13 00:00:00:00:00:02 1
15-04-2019 12:42:13 Switch 2:
15-04-2019 12:42:13 00:00:00:00:00:02 2
15-04-2019 12:42:13 [DNN module] Iteration done.
15-04-2019 12:42:13  ************************************************************
15-04-2019 12:42:23 [DNN module] Starting new iteration...
15-04-2019 12:42:23 [DNN module] Updating the status of the forwarders...
15-04-2019 12:42:23 [DNN module] Getting active ports of the forwarders...
15-04-2019 12:42:23 [DNN module] Datapath: <ryu.controller.controller.Datapath object at 0x7f6b7eae0e90>
[2]: Requesting port stats...
15-04-2019 12:42:23 [DNN module] Datapath: <ryu.controller.controller.Datapath object at 0x7f6b7eae0d50>
[1]: Requesting port stats...
15-04-2019 12:42:23 [DNN module] Datapath: <ryu.controller.controller.Datapath object at 0x7f6b7eae0dd0>
[3]: Requesting port stats...
[1]: Received port stats
[2]: Received port stats
[3]: Received port stats
15-04-2019 12:42:24 [DNN module] Forwarders: {<ryu.controller.controller.Datapath object at 0x7f6b7eae0e90>: [4294967294, 1, 2], <ryu.controller.controller.Datapath object at 0x7f6b7eae0d50>: [1, 4294967294], <ryu.controller.controller.Datapath object at 0x7f6b7eae0dd0>: [1, 4294967294]}
[2]: Requesting flow stats...
[2]: Requesting flow stats...
[2]: Requesting flow stats...
[1]: Requesting flow stats...
[1]: Requesting flow stats...
[3]: Requesting flow stats...
[3]: Requesting flow stats...
[1]: Received flow stats
No flow stats received
[1]: Received flow stats
No flow stats received
[3]: Received flow stats
No flow stats received
[3]: Received flow stats
No flow stats received
[2]: Received flow stats
No flow stats received
[2]: Received flow stats
No flow stats received
[2]: Received flow stats
No flow stats received
15-04-2019 12:42:25 [DNN module] No flow stats available
15-04-2019 12:42:25 [DNN module] Actual MAC to port table:
15-04-2019 12:42:25 Switch 1:
15-04-2019 12:42:25 00:00:00:00:00:02 1
15-04-2019 12:42:25 Switch 2:
15-04-2019 12:42:25 00:00:00:00:00:02 2
15-04-2019 12:42:25 [DNN module] Iteration done.
15-04-2019 12:42:25  ************************************************************
15-04-2019 12:42:35 [DNN module] Starting new iteration...
15-04-2019 12:42:35 [DNN module] Updating the status of the forwarders...
15-04-2019 12:42:35 [DNN module] Getting active ports of the forwarders...
15-04-2019 12:42:35 [DNN module] Datapath: <ryu.controller.controller.Datapath object at 0x7f6b7eae0e90>
[2]: Requesting port stats...
15-04-2019 12:42:35 [DNN module] Datapath: <ryu.controller.controller.Datapath object at 0x7f6b7eae0d50>
[1]: Requesting port stats...
15-04-2019 12:42:35 [DNN module] Datapath: <ryu.controller.controller.Datapath object at 0x7f6b7eae0dd0>
[3]: Requesting port stats...
[1]: Received port stats
[2]: Received port stats
[3]: Received port stats
15-04-2019 12:42:36 [DNN module] Forwarders: {<ryu.controller.controller.Datapath object at 0x7f6b7eae0e90>: [4294967294, 1, 2], <ryu.controller.controller.Datapath object at 0x7f6b7eae0d50>: [1, 4294967294], <ryu.controller.controller.Datapath object at 0x7f6b7eae0dd0>: [1, 4294967294]}
[2]: Requesting flow stats...
[2]: Requesting flow stats...
[2]: Requesting flow stats...
[1]: Requesting flow stats...
[1]: Requesting flow stats...
[3]: Requesting flow stats...
[3]: Requesting flow stats...
[1]: Received flow stats
No flow stats received
[1]: Received flow stats
No flow stats received
[2]: Received flow stats
No flow stats received
[2]: Received flow stats
No flow stats received
[2]: Received flow stats
No flow stats received
[3]: Received flow stats
No flow stats received
[3]: Received flow stats
No flow stats received
15-04-2019 12:42:37 [DNN module] No flow stats available
15-04-2019 12:42:37 [DNN module] Actual MAC to port table:
15-04-2019 12:42:37 Switch 1:
15-04-2019 12:42:37 00:00:00:00:00:02 1
15-04-2019 12:42:37 Switch 2:
15-04-2019 12:42:37 00:00:00:00:00:02 2
15-04-2019 12:42:37 [DNN module] Iteration done.
15-04-2019 12:42:37  ************************************************************
15-04-2019 12:42:47 [DNN module] Starting new iteration...
15-04-2019 12:42:47 [DNN module] Updating the status of the forwarders...
15-04-2019 12:42:47 [DNN module] Getting active ports of the forwarders...
15-04-2019 12:42:47 [DNN module] Datapath: <ryu.controller.controller.Datapath object at 0x7f6b7eae0e90>
[2]: Requesting port stats...
15-04-2019 12:42:47 [DNN module] Datapath: <ryu.controller.controller.Datapath object at 0x7f6b7eae0d50>
[1]: Requesting port stats...
15-04-2019 12:42:47 [DNN module] Datapath: <ryu.controller.controller.Datapath object at 0x7f6b7eae0dd0>
[3]: Requesting port stats...
[1]: Received port stats
[2]: Received port stats
[3]: Received port stats
15-04-2019 12:42:48 [DNN module] Forwarders: {<ryu.controller.controller.Datapath object at 0x7f6b7eae0e90>: [4294967294, 1, 2], <ryu.controller.controller.Datapath object at 0x7f6b7eae0d50>: [1, 4294967294], <ryu.controller.controller.Datapath object at 0x7f6b7eae0dd0>: [1, 4294967294]}
[2]: Requesting flow stats...
[2]: Requesting flow stats...
[2]: Requesting flow stats...
[1]: Requesting flow stats...
[1]: Requesting flow stats...
[3]: Requesting flow stats...
[3]: Requesting flow stats...
[1]: Received flow stats
No flow stats received
[1]: Received flow stats
No flow stats received
[2]: Received flow stats
No flow stats received
[2]: Received flow stats
Number of received stats 134 from port 1
[2]: Received flow stats
Number of received stats 219 from port 2
[3]: Received flow stats
No flow stats received
[3]: Received flow stats
No flow stats received
15-04-2019 12:42:49 [DNN module] Processing 536 packet_ins...
15-04-2019 12:42:49 [DNN module] After unifying we have 536 packet_ins.
/home/jozef/PycharmProjects/DP_Security_improvements/controller_scripts/dnn_module.py:535: DataConversionWarning: Data with input dtype object were all converted to float64 by StandardScaler.
  return self.scaler.transform(samples)
15-04-2019 12:42:50 [DNN module] Evaluation of the flows is going to be saved into ../results/pcap0-19_w10.dump
15-04-2019 12:42:50 [DNN module] Evaluation of the flows is successfully saved
15-04-2019 12:42:50 [DNN module] Number of saved flows is 99
15-04-2019 12:42:50 Warnings are 11
15-04-2019 12:42:50 Attacks are 1
15-04-2019 12:42:50 Applying warnings
15-04-2019 12:42:50 Warning: {'port_dst': 80, 'ipv4_src': '175.45.176.0', 'dst_count': 3, 'packets_dst': 6, 'ipv4_dst': '149.171.126.16', 'proto': 6, 'bytes_src': 1620, 'packets_src': 15, 'port_src': 13284, 'bytes_dst': 352, 'srv_dst_count': 2}
15-04-2019 12:42:50 Meter ID: 1
15-04-2019 12:42:50 Params: {'ipv4_dst': '149.171.126.16', 'proto': 6, 'port_dst': 80, 'ipv4_src': '175.45.176.0', 'eth_type': 2048, 'port_src': 13284}
[OFPInstructionActions(actions=[OFPActionOutput(len=16,max_len=65509,port=2,type=0)],len=24,type=4), OFPInstructionMeter(len=8,meter_id=1,type=6)]
15-04-2019 12:42:50 Warning: {'port_dst': 52908, 'ipv4_src': '59.166.0.0', 'dst_count': 14, 'packets_dst': 2, 'ipv4_dst': '149.171.126.9', 'proto': 6, 'bytes_src': 404, 'packets_src': 6, 'port_src': 2109, 'bytes_dst': 140, 'srv_dst_count': 1}
15-04-2019 12:42:50 Meter ID: 1
15-04-2019 12:42:50 Params: {'ipv4_dst': '149.171.126.9', 'proto': 6, 'port_dst': 52908, 'ipv4_src': '59.166.0.0', 'eth_type': 2048, 'port_src': 2109}
15-04-2019 12:42:50 [DNN module] Exception during applying warnings
15-04-2019 12:42:50 'eth_dst'
15-04-2019 12:42:50 [DNN module] Actual MAC to port table:
15-04-2019 12:42:50 Switch 1:
15-04-2019 12:42:50 00:00:00:00:00:02 1
15-04-2019 12:42:50 Switch 2:
15-04-2019 12:42:50 00:00:00:00:00:02 2
15-04-2019 12:42:50 00:00:00:00:00:01 1
15-04-2019 12:42:50 Switch 3:
15-04-2019 12:42:50 00:00:00:00:00:01 1
15-04-2019 12:42:50 [DNN module] Iteration done.
15-04-2019 12:42:50  ************************************************************
15-04-2019 12:43:00 [DNN module] Starting new iteration...
15-04-2019 12:43:00 [DNN module] Updating the status of the forwarders...
15-04-2019 12:43:00 [DNN module] Getting active ports of the forwarders...
15-04-2019 12:43:00 [DNN module] Datapath: <ryu.controller.controller.Datapath object at 0x7f6b7eae0e90>
[2]: Requesting port stats...
15-04-2019 12:43:00 [DNN module] Datapath: <ryu.controller.controller.Datapath object at 0x7f6b7eae0d50>
[1]: Requesting port stats...
15-04-2019 12:43:00 [DNN module] Datapath: <ryu.controller.controller.Datapath object at 0x7f6b7eae0dd0>
[3]: Requesting port stats...
[1]: Received port stats
[2]: Received port stats
[3]: Received port stats
15-04-2019 12:43:01 [DNN module] Forwarders: {<ryu.controller.controller.Datapath object at 0x7f6b7eae0e90>: [4294967294, 1, 2], <ryu.controller.controller.Datapath object at 0x7f6b7eae0d50>: [1, 4294967294], <ryu.controller.controller.Datapath object at 0x7f6b7eae0dd0>: [1, 4294967294]}
[2]: Requesting flow stats...
[2]: Requesting flow stats...
[2]: Requesting flow stats...
[1]: Requesting flow stats...
[1]: Requesting flow stats...
[3]: Requesting flow stats...
[3]: Requesting flow stats...
[3]: Received flow stats
No flow stats received
[3]: Received flow stats
No flow stats received
[2]: Received flow stats
No flow stats received
[2]: Received flow stats
Number of received stats 378 from port 1
[2]: Received flow stats
More flow stats replies are expected from port 2
[2]: Received flow stats
Number of received stats 613 from port 2
[1]: Received flow stats
No flow stats received
[1]: Received flow stats
No flow stats received
15-04-2019 12:43:02 [DNN module] Processing 1047 packet_ins...
15-04-2019 12:43:03 [DNN module] After unifying we have 1047 packet_ins.
15-04-2019 12:43:04 [DNN module] Evaluation of the flows is going to be saved into ../results/pcap0-19_w10.dump
15-04-2019 12:43:04 [DNN module] Evaluation of the flows is successfully saved
15-04-2019 12:43:04 [DNN module] Number of saved flows is 195
15-04-2019 12:43:04 Warnings are 36
15-04-2019 12:43:04 Attacks are 1
15-04-2019 12:43:04 Applying warnings
15-04-2019 12:43:04 Warning: {'port_dst': 80, 'ipv4_src': '175.45.176.0', 'dst_count': 2, 'packets_dst': 6, 'ipv4_dst': '149.171.126.15', 'proto': 6, 'bytes_src': 1292, 'packets_src': 9, 'port_src': 39500, 'bytes_dst': 352, 'srv_dst_count': 2}
15-04-2019 12:43:04 Meter ID: 1
15-04-2019 12:43:04 Params: {'ipv4_dst': '149.171.126.15', 'proto': 6, 'port_dst': 80, 'ipv4_src': '175.45.176.0', 'eth_type': 2048, 'port_src': 39500}
[OFPInstructionActions(actions=[OFPActionOutput(len=16,max_len=65509,port=2,type=0)],len=24,type=4), OFPInstructionMeter(len=8,meter_id=1,type=6)]
15-04-2019 12:43:04 Warning: {'port_dst': 80, 'ipv4_src': '175.45.176.0', 'dst_count': 2, 'packets_dst': 6, 'ipv4_dst': '149.171.126.15', 'proto': 6, 'bytes_src': 2278, 'packets_src': 14, 'port_src': 23910, 'bytes_dst': 352, 'srv_dst_count': 2}
15-04-2019 12:43:04 Meter ID: 1
15-04-2019 12:43:04 Params: {'ipv4_dst': '149.171.126.15', 'proto': 6, 'port_dst': 80, 'ipv4_src': '175.45.176.0', 'eth_type': 2048, 'port_src': 23910}
15-04-2019 12:43:04 [DNN module] Exception during applying warnings
15-04-2019 12:43:04 'eth_dst'
15-04-2019 12:43:04 [DNN module] Actual MAC to port table:
15-04-2019 12:43:04 Switch 1:
15-04-2019 12:43:04 00:00:00:00:00:02 1
15-04-2019 12:43:04 Switch 2:
15-04-2019 12:43:04 00:00:00:00:00:02 2
15-04-2019 12:43:04 00:00:00:00:00:01 1
15-04-2019 12:43:04 Switch 3:
15-04-2019 12:43:04 00:00:00:00:00:01 1
15-04-2019 12:43:04 [DNN module] Iteration done.
15-04-2019 12:43:04  ************************************************************
15-04-2019 12:43:14 [DNN module] Starting new iteration...
15-04-2019 12:43:14 [DNN module] Updating the status of the forwarders...
15-04-2019 12:43:14 [DNN module] Getting active ports of the forwarders...
15-04-2019 12:43:14 [DNN module] Datapath: <ryu.controller.controller.Datapath object at 0x7f6b7eae0e90>
[2]: Requesting port stats...
15-04-2019 12:43:14 [DNN module] Datapath: <ryu.controller.controller.Datapath object at 0x7f6b7eae0d50>
[1]: Requesting port stats...
15-04-2019 12:43:14 [DNN module] Datapath: <ryu.controller.controller.Datapath object at 0x7f6b7eae0dd0>
[3]: Requesting port stats...
[1]: Received port stats
[2]: Received port stats
[3]: Received port stats
15-04-2019 12:43:15 [DNN module] Forwarders: {<ryu.controller.controller.Datapath object at 0x7f6b7eae0e90>: [4294967294, 1, 2], <ryu.controller.controller.Datapath object at 0x7f6b7eae0d50>: [1, 4294967294], <ryu.controller.controller.Datapath object at 0x7f6b7eae0dd0>: [1, 4294967294]}
[2]: Requesting flow stats...
[2]: Requesting flow stats...
[2]: Requesting flow stats...
[1]: Requesting flow stats...
[1]: Requesting flow stats...
[3]: Requesting flow stats...
[3]: Requesting flow stats...
[1]: Received flow stats
No flow stats received
[1]: Received flow stats
No flow stats received
[2]: Received flow stats
No flow stats received
[3]: Received flow stats
No flow stats received
[3]: Received flow stats
No flow stats received
[2]: Received flow stats
More flow stats replies are expected from port 1
[2]: Received flow stats
Number of received stats 606 from port 1
[2]: Received flow stats
More flow stats replies are expected from port 2
[2]: Received flow stats
Number of received stats 999 from port 2
15-04-2019 12:43:17 [DNN module] Processing 1066 packet_ins...
15-04-2019 12:43:17 [DNN module] After unifying we have 1066 packet_ins.
15-04-2019 12:43:18 [DNN module] Evaluation of the flows is going to be saved into ../results/pcap0-19_w10.dump
15-04-2019 12:43:18 [DNN module] Evaluation of the flows is successfully saved
15-04-2019 12:43:18 [DNN module] Number of saved flows is 193
15-04-2019 12:43:18 Warnings are 29
15-04-2019 12:43:18 Attacks are 1
15-04-2019 12:43:18 Applying warnings
15-04-2019 12:43:18 Warning: {'port_dst': 80, 'ipv4_src': '175.45.176.3', 'dst_count': 1, 'packets_dst': 6, 'ipv4_dst': '149.171.126.12', 'proto': 6, 'bytes_src': 1098, 'packets_src': 10, 'port_src': 23776, 'bytes_dst': 364, 'srv_dst_count': 1}
15-04-2019 12:43:18 Meter ID: 1
15-04-2019 12:43:18 Params: {'ipv4_dst': '149.171.126.12', 'proto': 6, 'port_dst': 80, 'ipv4_src': '175.45.176.3', 'eth_type': 2048, 'port_src': 23776}
15-04-2019 12:43:18 [DNN module] Exception during applying warnings
15-04-2019 12:43:18 'eth_dst'
15-04-2019 12:43:18 [DNN module] Actual MAC to port table:
15-04-2019 12:43:18 Switch 1:
15-04-2019 12:43:18 00:00:00:00:00:02 1
15-04-2019 12:43:18 Switch 2:
15-04-2019 12:43:18 00:00:00:00:00:02 2
15-04-2019 12:43:18 00:00:00:00:00:01 1
15-04-2019 12:43:18 Switch 3:
15-04-2019 12:43:18 00:00:00:00:00:01 1
15-04-2019 12:43:18 [DNN module] Iteration done.
15-04-2019 12:43:18  ************************************************************
15-04-2019 12:43:28 [DNN module] Starting new iteration...
15-04-2019 12:43:28 [DNN module] Updating the status of the forwarders...
15-04-2019 12:43:28 [DNN module] Getting active ports of the forwarders...
15-04-2019 12:43:28 [DNN module] Datapath: <ryu.controller.controller.Datapath object at 0x7f6b7eae0e90>
[2]: Requesting port stats...
15-04-2019 12:43:28 [DNN module] Datapath: <ryu.controller.controller.Datapath object at 0x7f6b7eae0d50>
[1]: Requesting port stats...
15-04-2019 12:43:28 [DNN module] Datapath: <ryu.controller.controller.Datapath object at 0x7f6b7eae0dd0>
[3]: Requesting port stats...
[1]: Received port stats
[2]: Received port stats
[3]: Received port stats
15-04-2019 12:43:29 [DNN module] Forwarders: {<ryu.controller.controller.Datapath object at 0x7f6b7eae0e90>: [4294967294, 1, 2], <ryu.controller.controller.Datapath object at 0x7f6b7eae0d50>: [1, 4294967294], <ryu.controller.controller.Datapath object at 0x7f6b7eae0dd0>: [1, 4294967294]}
[2]: Requesting flow stats...
[2]: Requesting flow stats...
[2]: Requesting flow stats...
[1]: Requesting flow stats...
[1]: Requesting flow stats...
[3]: Requesting flow stats...
[3]: Requesting flow stats...
[1]: Received flow stats
No flow stats received
[1]: Received flow stats
No flow stats received
[2]: Received flow stats
No flow stats received
[2]: Received flow stats
More flow stats replies are expected from port 1
[2]: Received flow stats
Number of received stats 1018 from port 1
[2]: Received flow stats
More flow stats replies are expected from port 2
[2]: Received flow stats
More flow stats replies are expected from port 2
[2]: Received flow stats
Number of received stats 1744 from port 2
[3]: Received flow stats
No flow stats received
[3]: Received flow stats
No flow stats received
15-04-2019 12:43:33 [DNN module] Processing 2424 packet_ins...
15-04-2019 12:43:36 [DNN module] After unifying we have 2424 packet_ins.
15-04-2019 12:43:40 [DNN module] Evaluation of the flows is going to be saved into ../results/pcap0-19_w10.dump
15-04-2019 12:43:40 [DNN module] Evaluation of the flows is successfully saved
15-04-2019 12:43:40 [DNN module] Number of saved flows is 572
15-04-2019 12:43:40 Warnings are 5
15-04-2019 12:43:40 Attacks are 0
15-04-2019 12:43:40 Applying warnings
15-04-2019 12:43:40 Warning: {'port_dst': 17453, 'ipv4_src': '59.166.0.1', 'dst_count': 55, 'packets_dst': 6, 'ipv4_dst': '149.171.126.6', 'proto': 6, 'bytes_src': 790, 'packets_src': 8, 'port_src': 64150, 'bytes_dst': 658, 'srv_dst_count': 1}
15-04-2019 12:43:40 Meter ID: 1
15-04-2019 12:43:40 Params: {'ipv4_dst': '149.171.126.6', 'proto': 6, 'port_dst': 17453, 'ipv4_src': '59.166.0.1', 'eth_type': 2048, 'port_src': 64150}
15-04-2019 12:43:40 [DNN module] Exception during applying warnings
15-04-2019 12:43:40 'eth_dst'
15-04-2019 12:43:40 [DNN module] Actual MAC to port table:
15-04-2019 12:43:40 Switch 1:
15-04-2019 12:43:40 00:00:00:00:00:02 1
15-04-2019 12:43:40 Switch 2:
15-04-2019 12:43:40 00:00:00:00:00:02 2
15-04-2019 12:43:40 00:00:00:00:00:01 1
15-04-2019 12:43:40 Switch 3:
15-04-2019 12:43:40 00:00:00:00:00:01 1
15-04-2019 12:43:40 [DNN module] Iteration done.
15-04-2019 12:43:40  ************************************************************
15-04-2019 12:43:50 [DNN module] Starting new iteration...
15-04-2019 12:43:50 [DNN module] Updating the status of the forwarders...
15-04-2019 12:43:50 [DNN module] Getting active ports of the forwarders...
15-04-2019 12:43:50 [DNN module] Datapath: <ryu.controller.controller.Datapath object at 0x7f6b7eae0e90>
[2]: Requesting port stats...
15-04-2019 12:43:50 [DNN module] Datapath: <ryu.controller.controller.Datapath object at 0x7f6b7eae0d50>
[1]: Requesting port stats...
15-04-2019 12:43:50 [DNN module] Datapath: <ryu.controller.controller.Datapath object at 0x7f6b7eae0dd0>
[3]: Requesting port stats...
[2]: Received port stats
[3]: Received port stats
[1]: Received port stats
15-04-2019 12:43:52 [DNN module] Forwarders: {<ryu.controller.controller.Datapath object at 0x7f6b7eae0e90>: [4294967294, 1, 2], <ryu.controller.controller.Datapath object at 0x7f6b7eae0d50>: [1, 4294967294], <ryu.controller.controller.Datapath object at 0x7f6b7eae0dd0>: [1, 4294967294]}
[2]: Requesting flow stats...
[2]: Requesting flow stats...
[2]: Requesting flow stats...
[1]: Requesting flow stats...
[1]: Requesting flow stats...
[3]: Requesting flow stats...
[3]: Requesting flow stats...
[1]: Received flow stats
No flow stats received
[1]: Received flow stats
No flow stats received
[2]: Received flow stats
No flow stats received
[3]: Received flow stats
No flow stats received
[3]: Received flow stats
No flow stats received
[2]: Received flow stats
More flow stats replies are expected from port 1
[2]: Received flow stats
More flow stats replies are expected from port 1
[2]: Received flow stats
Number of received stats 1270 from port 1
[2]: Received flow stats
More flow stats replies are expected from port 2
[2]: Received flow stats
More flow stats replies are expected from port 2
[2]: Received flow stats
More flow stats replies are expected from port 2
[2]: Received flow stats
More flow stats replies are expected from port 2
[2]: Received flow stats
Number of received stats 2659 from port 2
15-04-2019 12:43:57 [DNN module] Processing 3736 packet_ins...
15-04-2019 12:44:03 [DNN module] After unifying we have 3736 packet_ins.
15-04-2019 12:44:09 [DNN module] Evaluation of the flows is going to be saved into ../results/pcap0-19_w10.dump
15-04-2019 12:44:09 [DNN module] Evaluation of the flows is successfully saved
15-04-2019 12:44:09 [DNN module] Number of saved flows is 706
15-04-2019 12:44:09 Warnings are 9
15-04-2019 12:44:09 Attacks are 0
15-04-2019 12:44:09 Applying warnings
15-04-2019 12:44:09 Warning: {'port_dst': 80, 'ipv4_src': '59.166.0.4', 'dst_count': 49, 'packets_dst': 4, 'ipv4_dst': '149.171.126.0', 'proto': 6, 'bytes_src': 0, 'packets_src': 0, 'port_src': 61278, 'bytes_dst': 6056, 'srv_dst_count': 5}
15-04-2019 12:44:09 Meter ID: 1
15-04-2019 12:44:09 Params: {'ipv4_dst': '149.171.126.0', 'proto': 6, 'port_dst': 80, 'ipv4_src': '59.166.0.4', 'eth_type': 2048, 'port_src': 61278}
15-04-2019 12:44:09 [DNN module] Exception during applying warnings
15-04-2019 12:44:09 'eth_dst'
15-04-2019 12:44:09 [DNN module] Actual MAC to port table:
15-04-2019 12:44:09 Switch 1:
15-04-2019 12:44:09 00:00:00:00:00:02 1
15-04-2019 12:44:09 Switch 2:
15-04-2019 12:44:09 00:00:00:00:00:02 2
15-04-2019 12:44:09 00:00:00:00:00:01 1
15-04-2019 12:44:09 Switch 3:
15-04-2019 12:44:09 00:00:00:00:00:01 1
15-04-2019 12:44:09 [DNN module] Iteration done.
15-04-2019 12:44:09  ************************************************************
MeterStats of 1: ['meter_id=0x00000001 len=56 flow_count=0 packet_in_count=0 byte_in_count=0 duration_sec=139 duration_nsec=602000000 band_stats=[OFPMeterBandStats(byte_band_count=0,packet_band_count=0)]', 'meter_id=0x00000002 len=56 flow_count=0 packet_in_count=0 byte_in_count=0 duration_sec=139 duration_nsec=602000000 band_stats=[OFPMeterBandStats(byte_band_count=0,packet_band_count=0)]']
MeterStats of 2: ['meter_id=0x00000001 len=56 flow_count=2 packet_in_count=0 byte_in_count=0 duration_sec=139 duration_nsec=605000000 band_stats=[OFPMeterBandStats(byte_band_count=0,packet_band_count=0)]', 'meter_id=0x00000002 len=56 flow_count=0 packet_in_count=0 byte_in_count=0 duration_sec=139 duration_nsec=605000000 band_stats=[OFPMeterBandStats(byte_band_count=0,packet_band_count=0)]']
MeterStats of 3: ['meter_id=0x00000001 len=56 flow_count=0 packet_in_count=0 byte_in_count=0 duration_sec=139 duration_nsec=605000000 band_stats=[OFPMeterBandStats(byte_band_count=0,packet_band_count=0)]', 'meter_id=0x00000002 len=56 flow_count=0 packet_in_count=0 byte_in_count=0 duration_sec=139 duration_nsec=605000000 band_stats=[OFPMeterBandStats(byte_band_count=0,packet_band_count=0)]']
15-04-2019 12:44:19 [DNN module] Starting new iteration...
15-04-2019 12:44:19 [DNN module] Updating the status of the forwarders...
15-04-2019 12:44:19 [DNN module] Getting active ports of the forwarders...
15-04-2019 12:44:19 [DNN module] Datapath: <ryu.controller.controller.Datapath object at 0x7f6b7d166d10>
[2]: Requesting port stats...
15-04-2019 12:44:19 [DNN module] Datapath: <ryu.controller.controller.Datapath object at 0x7f6b7d166c50>
[3]: Requesting port stats...
15-04-2019 12:44:19 [DNN module] Datapath: <ryu.controller.controller.Datapath object at 0x7f6b7d166b90>
[1]: Requesting port stats...
[3]: Received port stats
[1]: Received port stats
[2]: Received port stats
15-04-2019 12:44:20 [DNN module] Forwarders: {<ryu.controller.controller.Datapath object at 0x7f6b7d166d10>: [4294967294, 1, 2], <ryu.controller.controller.Datapath object at 0x7f6b7d166c50>: [1, 4294967294], <ryu.controller.controller.Datapath object at 0x7f6b7d166b90>: [1, 4294967294]}
[2]: Requesting flow stats...
[2]: Requesting flow stats...
[2]: Requesting flow stats...
[3]: Requesting flow stats...
[3]: Requesting flow stats...
[1]: Requesting flow stats...
[1]: Requesting flow stats...
[3]: Received flow stats
No flow stats received
[3]: Received flow stats
No flow stats received
[2]: Received flow stats
No flow stats received
[2]: Received flow stats
More flow stats replies are expected from port 1
[2]: Received flow stats
More flow stats replies are expected from port 1
[2]: Received flow stats
Number of received stats 1270 from port 1
[2]: Received flow stats
More flow stats replies are expected from port 2
[2]: Received flow stats
More flow stats replies are expected from port 2
[2]: Received flow stats
More flow stats replies are expected from port 2
[2]: Received flow stats
More flow stats replies are expected from port 2
[2]: Received flow stats
Number of received stats 2659 from port 2
[1]: Received flow stats
No flow stats received
[1]: Received flow stats
No flow stats received
15-04-2019 12:44:25 [DNN module] No new packet_ins.
15-04-2019 12:44:25 [DNN module] No flow stats available
15-04-2019 12:44:25 [DNN module] Actual MAC to port table:
15-04-2019 12:44:25 Switch 1:
15-04-2019 12:44:25 00:00:00:00:00:02 1
15-04-2019 12:44:25 Switch 2:
15-04-2019 12:44:25 00:00:00:00:00:02 2
15-04-2019 12:44:25 00:00:00:00:00:01 1
15-04-2019 12:44:25 Switch 3:
15-04-2019 12:44:25 00:00:00:00:00:01 1
15-04-2019 12:44:25 [DNN module] Iteration done.
15-04-2019 12:44:25  ************************************************************
