loading app simple_switch_14.py
Using TensorFlow backend.
loading app ryu.controller.ofp_handler
instantiating app simple_switch_14.py of SimpleSwitch14
10-04-2019 14:57:43 REFRESH_RATE is 10
10-04-2019 14:57:43 FW_REFRESH_RATE is 1
10-04-2019 14:57:43 TIMEOUT is 30
10-04-2019 14:57:43 FLOWS_DUMP_FILE is ../results/pcap518.dump
2019-04-10 14:57:44.402711: I tensorflow/core/platform/cpu_feature_guard.cc:141] Your CPU supports instructions that this TensorFlow binary was not compiled to use: AVX2
10-04-2019 14:57:46 DNN_MODEL is ../models/DNN_model_all_binary_full.h5
/usr/local/lib/python2.7/dist-packages/sklearn/base.py:251: UserWarning: Trying to unpickle estimator StandardScaler from version 0.20.3 when using version 0.20.2. This might lead to breaking code or invalid results. Use at your own risk.
  UserWarning)
10-04-2019 14:57:47 DNN_SCALER is ../models/DNN_model_all_binary_full_scaler.sav
10-04-2019 14:57:47 [DNN module] DNN module initialized
10-04-2019 14:57:47 [DNN module] Waiting for forwarders...
instantiating app ryu.controller.ofp_handler of OFPHandler
10-04-2019 14:57:48 [DNN module] Getting datapaths of the forwarders...
10-04-2019 14:57:48 [DNN module] Starting new iteration...
10-04-2019 14:57:48 [DNN module] Updating the status of the forwarders...
10-04-2019 14:57:48 [DNN module] Getting active ports of the forwarders...
10-04-2019 14:57:48 [DNN module] Datapath: <ryu.controller.controller.Datapath object at 0x7fa022b51190>
[2]: Requesting port stats...
10-04-2019 14:57:48 [DNN module] Datapath: <ryu.controller.controller.Datapath object at 0x7fa022b51050>
[1]: Requesting port stats...
10-04-2019 14:57:48 [DNN module] Datapath: <ryu.controller.controller.Datapath object at 0x7fa022b510d0>
[3]: Requesting port stats...
[2]: Received port stats
[1]: Received port stats
[3]: Received port stats
10-04-2019 14:57:49 [DNN module] Forwarders: {<ryu.controller.controller.Datapath object at 0x7fa022b51190>: [4294967294, 1, 2], <ryu.controller.controller.Datapath object at 0x7fa022b51050>: [1, 4294967294], <ryu.controller.controller.Datapath object at 0x7fa022b510d0>: [1, 4294967294]}
[2]: Requesting flow stats...
[2]: Requesting flow stats...
[2]: Requesting flow stats...
[1]: Requesting flow stats...
[1]: Requesting flow stats...
[3]: Requesting flow stats...
[3]: Requesting flow stats...
[1]: Received flow stats
[1]: Received flow stats
[2]: Received flow stats
[2]: Received flow stats
[2]: Received flow stats
[3]: Received flow stats
[3]: Received flow stats
[2]: Counters reset done
[1]: Counters reset done
[3]: Counters reset done
10-04-2019 14:57:50 [DNN module] No flow stats available
10-04-2019 14:57:50 [DNN module] Iteration done.
10-04-2019 14:57:50  ************************************************************
10-04-2019 14:58:00 [DNN module] Starting new iteration...
10-04-2019 14:58:00 [DNN module] Updating the status of the forwarders...
10-04-2019 14:58:00 [DNN module] Getting active ports of the forwarders...
10-04-2019 14:58:00 [DNN module] Datapath: <ryu.controller.controller.Datapath object at 0x7fa022b51190>
[2]: Requesting port stats...
10-04-2019 14:58:00 [DNN module] Datapath: <ryu.controller.controller.Datapath object at 0x7fa022b51050>
[1]: Requesting port stats...
10-04-2019 14:58:00 [DNN module] Datapath: <ryu.controller.controller.Datapath object at 0x7fa022b510d0>
[3]: Requesting port stats...
[1]: Received port stats
[2]: Received port stats
[3]: Received port stats
10-04-2019 14:58:01 [DNN module] Forwarders: {<ryu.controller.controller.Datapath object at 0x7fa022b51190>: [4294967294, 1, 2], <ryu.controller.controller.Datapath object at 0x7fa022b51050>: [1, 4294967294], <ryu.controller.controller.Datapath object at 0x7fa022b510d0>: [1, 4294967294]}
[2]: Requesting flow stats...
[2]: Requesting flow stats...
[2]: Requesting flow stats...
[1]: Requesting flow stats...
[1]: Requesting flow stats...
[3]: Requesting flow stats...
[3]: Requesting flow stats...
[1]: Received flow stats
[1]: Received flow stats
[3]: Received flow stats
[3]: Received flow stats
[2]: Received flow stats
[2]: Received flow stats
[2]: Received flow stats
[2]: Counters reset done
[1]: Counters reset done
[3]: Counters reset done
10-04-2019 14:58:02 [DNN module] No flow stats available
10-04-2019 14:58:02 [DNN module] Iteration done.
10-04-2019 14:58:02  ************************************************************
10-04-2019 14:58:12 [DNN module] Starting new iteration...
10-04-2019 14:58:12 [DNN module] Updating the status of the forwarders...
10-04-2019 14:58:12 [DNN module] Getting active ports of the forwarders...
10-04-2019 14:58:12 [DNN module] Datapath: <ryu.controller.controller.Datapath object at 0x7fa022b51190>
[2]: Requesting port stats...
10-04-2019 14:58:12 [DNN module] Datapath: <ryu.controller.controller.Datapath object at 0x7fa022b51050>
[1]: Requesting port stats...
10-04-2019 14:58:12 [DNN module] Datapath: <ryu.controller.controller.Datapath object at 0x7fa022b510d0>
[3]: Requesting port stats...
[1]: Received port stats
[3]: Received port stats
[2]: Received port stats
10-04-2019 14:58:13 [DNN module] Forwarders: {<ryu.controller.controller.Datapath object at 0x7fa022b51190>: [4294967294, 1, 2], <ryu.controller.controller.Datapath object at 0x7fa022b51050>: [1, 4294967294], <ryu.controller.controller.Datapath object at 0x7fa022b510d0>: [1, 4294967294]}
[2]: Requesting flow stats...
[2]: Requesting flow stats...
[2]: Requesting flow stats...
[1]: Requesting flow stats...
[1]: Requesting flow stats...
[3]: Requesting flow stats...
[3]: Requesting flow stats...
[1]: Received flow stats
[1]: Received flow stats
[2]: Received flow stats
[2]: Received flow stats
[2]: Received flow stats
[3]: Received flow stats
[3]: Received flow stats
[2]: Counters reset done
[1]: Counters reset done
[3]: Counters reset done
10-04-2019 14:58:14 [DNN module] No flow stats available
10-04-2019 14:58:14 [DNN module] Iteration done.
10-04-2019 14:58:14  ************************************************************
10-04-2019 14:58:24 [DNN module] Starting new iteration...
10-04-2019 14:58:24 [DNN module] Updating the status of the forwarders...
10-04-2019 14:58:24 [DNN module] Getting active ports of the forwarders...
10-04-2019 14:58:24 [DNN module] Datapath: <ryu.controller.controller.Datapath object at 0x7fa022b51190>
[2]: Requesting port stats...
10-04-2019 14:58:24 [DNN module] Datapath: <ryu.controller.controller.Datapath object at 0x7fa022b51050>
[1]: Requesting port stats...
10-04-2019 14:58:24 [DNN module] Datapath: <ryu.controller.controller.Datapath object at 0x7fa022b510d0>
[3]: Requesting port stats...
[1]: Received port stats
[3]: Received port stats
[2]: Received port stats
10-04-2019 14:58:25 [DNN module] Forwarders: {<ryu.controller.controller.Datapath object at 0x7fa022b51190>: [4294967294, 1, 2], <ryu.controller.controller.Datapath object at 0x7fa022b51050>: [1, 4294967294], <ryu.controller.controller.Datapath object at 0x7fa022b510d0>: [1, 4294967294]}
[2]: Requesting flow stats...
[2]: Requesting flow stats...
[2]: Requesting flow stats...
[1]: Requesting flow stats...
[1]: Requesting flow stats...
[3]: Requesting flow stats...
[3]: Requesting flow stats...
[1]: Received flow stats
[1]: Received flow stats
[2]: Received flow stats
[2]: Received flow stats
[2]: Received flow stats
[3]: Received flow stats
[3]: Received flow stats
[2]: Counters reset done
[1]: Counters reset done
[3]: Counters reset done
10-04-2019 14:58:26 [DNN module] No flow stats available
10-04-2019 14:58:26 [DNN module] Iteration done.
10-04-2019 14:58:26  ************************************************************
10-04-2019 14:58:36 [DNN module] Starting new iteration...
10-04-2019 14:58:36 [DNN module] Updating the status of the forwarders...
10-04-2019 14:58:36 [DNN module] Getting active ports of the forwarders...
10-04-2019 14:58:36 [DNN module] Datapath: <ryu.controller.controller.Datapath object at 0x7fa022b51190>
[2]: Requesting port stats...
10-04-2019 14:58:36 [DNN module] Datapath: <ryu.controller.controller.Datapath object at 0x7fa022b51050>
[1]: Requesting port stats...
10-04-2019 14:58:36 [DNN module] Datapath: <ryu.controller.controller.Datapath object at 0x7fa022b510d0>
[3]: Requesting port stats...
[1]: Received port stats
[3]: Received port stats
[2]: Received port stats
10-04-2019 14:58:37 [DNN module] Forwarders: {<ryu.controller.controller.Datapath object at 0x7fa022b51190>: [4294967294, 1, 2], <ryu.controller.controller.Datapath object at 0x7fa022b51050>: [1, 4294967294], <ryu.controller.controller.Datapath object at 0x7fa022b510d0>: [1, 4294967294]}
[2]: Requesting flow stats...
[2]: Requesting flow stats...
[2]: Requesting flow stats...
[1]: Requesting flow stats...
[1]: Requesting flow stats...
[3]: Requesting flow stats...
[3]: Requesting flow stats...
[1]: Received flow stats
[1]: Received flow stats
[3]: Received flow stats
[3]: Received flow stats
[2]: Received flow stats
[2]: Received flow stats
[2]: Received flow stats
[2]: Counters reset done
[1]: Counters reset done
[3]: Counters reset done
10-04-2019 14:58:38 [DNN module] Processing 596 packet_ins...
10-04-2019 14:58:38 [DNN module] After unifying we have 596 packet_ins.
10-04-2019 14:58:38 
   packets_src packets_dst bytes_src bytes_dst srv_dst_count dst_count  \
0          126         234      8622    301930             2         6   
1            4           8       746      1384             1         2   
2           28          14      2186      1924             1         2   
3           32          24      4176      5810             1         1   
4            2           2       158       190             1         2   
5            6           8       404      1938             1         6   
6            8          12       536      8992             1         6   
7           44          44      3122      3778             1         6   
8            6           2      3300       140             1         6   
9          100         202      6872    268954             2         6   
10          44          48      2904     59470             1         2   

   proto_arp proto_icmp proto_igmp proto_ospf proto_other proto_tcp proto_udp  
0          0          0          0          0           0         1         0  
1          0          0          0          0           0         1         0  
2          0          0          0          0           0         1         0  
3          0          0          0          0           0         1         0  
4          0          0          0          0           0         0         1  
5          0          0          0          0           0         1         0  
6          0          0          0          0           0         1         0  
7          0          0          0          0           0         1         0  
8          0          0          0          0           0         1         0  
9          0          0          0          0           0         1         0  
10         0          0          0          0           0         1         0  
/home/jozef/PycharmProjects/DP_Security_improvements/controller_scripts/dnn_module.py:497: DataConversionWarning: Data with input dtype object were all converted to float64 by StandardScaler.
  return self.scaler.transform(samples)
10-04-2019 14:58:39 [DNN module] Evaluation of the flows is going to be saved into ../results/pcap518.dump
10-04-2019 14:58:39 [DNN module] Evaluation of the flows is successfully saved
10-04-2019 14:58:39 [DNN module] Number of saved flows is 11
10-04-2019 14:58:39 [DNN module] Actual MAC to port table:
10-04-2019 14:58:39 Switch 1:
10-04-2019 14:58:39 00:00:00:00:00:02 1
10-04-2019 14:58:39 Switch 2:
10-04-2019 14:58:39 00:00:00:00:00:02 2
10-04-2019 14:58:39 00:00:00:00:00:01 1
10-04-2019 14:58:39 Switch 3:
10-04-2019 14:58:39 00:00:00:00:00:01 1
10-04-2019 14:58:39 [DNN module] Iteration done.
10-04-2019 14:58:39  ************************************************************
10-04-2019 14:58:49 [DNN module] Starting new iteration...
10-04-2019 14:58:49 [DNN module] Updating the status of the forwarders...
10-04-2019 14:58:49 [DNN module] Getting active ports of the forwarders...
10-04-2019 14:58:49 [DNN module] Datapath: <ryu.controller.controller.Datapath object at 0x7fa022b51190>
[2]: Requesting port stats...
10-04-2019 14:58:49 [DNN module] Datapath: <ryu.controller.controller.Datapath object at 0x7fa022b51050>
[1]: Requesting port stats...
10-04-2019 14:58:49 [DNN module] Datapath: <ryu.controller.controller.Datapath object at 0x7fa022b510d0>
[3]: Requesting port stats...
[1]: Received port stats
[2]: Received port stats
[3]: Received port stats
10-04-2019 14:58:50 [DNN module] Forwarders: {<ryu.controller.controller.Datapath object at 0x7fa022b51190>: [4294967294, 1, 2], <ryu.controller.controller.Datapath object at 0x7fa022b51050>: [1, 4294967294], <ryu.controller.controller.Datapath object at 0x7fa022b510d0>: [1, 4294967294]}
[2]: Requesting flow stats...
[2]: Requesting flow stats...
[2]: Requesting flow stats...
[1]: Requesting flow stats...
[1]: Requesting flow stats...
[3]: Requesting flow stats...
[3]: Requesting flow stats...
[1]: Received flow stats
[1]: Received flow stats
[2]: Received flow stats
[2]: Received flow stats
[2]: Received flow stats
[3]: Received flow stats
[3]: Received flow stats
[2]: Counters reset done
[1]: Counters reset done
[3]: Counters reset done
10-04-2019 14:58:51 [DNN module] No new packet_ins.
10-04-2019 14:58:51 [DNN module] No flow stats available
10-04-2019 14:58:51 [DNN module] Actual MAC to port table:
10-04-2019 14:58:51 Switch 1:
10-04-2019 14:58:51 00:00:00:00:00:02 1
10-04-2019 14:58:51 Switch 2:
10-04-2019 14:58:51 00:00:00:00:00:02 2
10-04-2019 14:58:51 00:00:00:00:00:01 1
10-04-2019 14:58:51 Switch 3:
10-04-2019 14:58:51 00:00:00:00:00:01 1
10-04-2019 14:58:51 [DNN module] Iteration done.
10-04-2019 14:58:51  ************************************************************
