loading app simple_switch_13.py
Using TensorFlow backend.
loading app ryu.controller.ofp_handler
instantiating app simple_switch_13.py of SimpleSwitch13
14-04-2019 20:59:42 REFRESH_RATE is 5
14-04-2019 20:59:42 FW_REFRESH_RATE is 1
14-04-2019 20:59:42 TIMEOUT is 30
14-04-2019 20:59:42 FLOWS_DUMP_FILE is ../results/pcap0-4.dump
2019-04-14 20:59:43.129306: I tensorflow/core/platform/cpu_feature_guard.cc:141] Your CPU supports instructions that this TensorFlow binary was not compiled to use: AVX2
14-04-2019 20:59:44 DNN_MODEL is ../models/DNN_model_all_binary_full.h5
/usr/local/lib/python2.7/dist-packages/sklearn/base.py:251: UserWarning: Trying to unpickle estimator StandardScaler from version 0.20.3 when using version 0.20.2. This might lead to breaking code or invalid results. Use at your own risk.
  UserWarning)
14-04-2019 20:59:44 DNN_SCALER is ../models/DNN_model_all_binary_full_scaler.sav
14-04-2019 20:59:44 Intervals are:
14-04-2019 20:59:44 Normal is [0.0, 0.5]
14-04-2019 20:59:44 Warning is [0.5, 0.85]
14-04-2019 20:59:44 Best Effort is [0.85, 0.95]
14-04-2019 20:59:44 Attack is [0.95, 1.0]
14-04-2019 20:59:44 [DNN module] DNN module initialized
14-04-2019 20:59:44 [DNN module] Starting new iteration...
14-04-2019 20:59:44 [DNN module] Updating the status of the forwarders...
14-04-2019 20:59:44 [DNN module] Getting active ports of the forwarders...
14-04-2019 20:59:44 [DNN module] No forwarders are online
14-04-2019 20:59:44 [DNN module] An error occured during updating forwarders. Skipping requesting of flow stats.
14-04-2019 20:59:44 [DNN module] Iteration done.
14-04-2019 20:59:44  ************************************************************
instantiating app ryu.controller.ofp_handler of OFPHandler
MeterStats of 1: ['meter_id=0x00000001 len=56 flow_count=0 packet_in_count=0 byte_in_count=0 duration_sec=172 duration_nsec=2000000 band_stats=[OFPMeterBandStats(byte_band_count=0,packet_band_count=0)]', 'meter_id=0x00000002 len=56 flow_count=0 packet_in_count=0 byte_in_count=0 duration_sec=172 duration_nsec=2000000 band_stats=[OFPMeterBandStats(byte_band_count=0,packet_band_count=0)]']
MeterStats of 3: ['meter_id=0x00000001 len=56 flow_count=0 packet_in_count=0 byte_in_count=0 duration_sec=172 duration_nsec=7000000 band_stats=[OFPMeterBandStats(byte_band_count=0,packet_band_count=0)]', 'meter_id=0x00000002 len=56 flow_count=0 packet_in_count=0 byte_in_count=0 duration_sec=172 duration_nsec=7000000 band_stats=[OFPMeterBandStats(byte_band_count=0,packet_band_count=0)]']
MeterStats of 2: ['meter_id=0x00000001 len=56 flow_count=0 packet_in_count=0 byte_in_count=0 duration_sec=172 duration_nsec=8000000 band_stats=[OFPMeterBandStats(byte_band_count=0,packet_band_count=0)]', 'meter_id=0x00000002 len=56 flow_count=1 packet_in_count=0 byte_in_count=0 duration_sec=172 duration_nsec=7000000 band_stats=[OFPMeterBandStats(byte_band_count=0,packet_band_count=0)]']
14-04-2019 20:59:49 [DNN module] Starting new iteration...
14-04-2019 20:59:49 [DNN module] Updating the status of the forwarders...
14-04-2019 20:59:49 [DNN module] Getting active ports of the forwarders...
14-04-2019 20:59:49 [DNN module] Datapath: <ryu.controller.controller.Datapath object at 0x7f84d9c02f10>
[2]: Requesting port stats...
14-04-2019 20:59:49 [DNN module] Datapath: <ryu.controller.controller.Datapath object at 0x7f84d9c02dd0>
[1]: Requesting port stats...
14-04-2019 20:59:49 [DNN module] Datapath: <ryu.controller.controller.Datapath object at 0x7f84d9c02e50>
[3]: Requesting port stats...
[1]: Received port stats
[2]: Received port stats
[3]: Received port stats
14-04-2019 20:59:50 [DNN module] Forwarders: {<ryu.controller.controller.Datapath object at 0x7f84d9c02f10>: [4294967294, 1, 2], <ryu.controller.controller.Datapath object at 0x7f84d9c02dd0>: [1, 4294967294], <ryu.controller.controller.Datapath object at 0x7f84d9c02e50>: [1, 4294967294]}
[2]: Requesting flow stats...
[2]: Requesting flow stats...
[2]: Requesting flow stats...
[1]: Requesting flow stats...
[1]: Requesting flow stats...
[3]: Requesting flow stats...
[3]: Requesting flow stats...
[2]: Received flow stats
No flow stats received
[2]: Received flow stats
More flow stats replies are expected from port 1
[2]: Received flow stats
Number of received stats 707 from port 1
[2]: Received flow stats
More flow stats replies are expected from port 2
[2]: Received flow stats
Number of received stats 1123 from port 2
[1]: Received flow stats
No flow stats received
[1]: Received flow stats
No flow stats received
[3]: Received flow stats
No flow stats received
[3]: Received flow stats
No flow stats received
[2]: Counters reset done
[1]: Counters reset done
[3]: Counters reset done
14-04-2019 20:59:52 [DNN module] No new packet_ins.
14-04-2019 20:59:52 [DNN module] No flow stats available
14-04-2019 20:59:52 [DNN module] Iteration done.
14-04-2019 20:59:52  ************************************************************
14-04-2019 20:59:57 [DNN module] Starting new iteration...
14-04-2019 20:59:57 [DNN module] Updating the status of the forwarders...
14-04-2019 20:59:57 [DNN module] Getting active ports of the forwarders...
14-04-2019 20:59:57 [DNN module] Datapath: <ryu.controller.controller.Datapath object at 0x7f84d9c02f10>
[2]: Requesting port stats...
14-04-2019 20:59:57 [DNN module] Datapath: <ryu.controller.controller.Datapath object at 0x7f84d9c02dd0>
[1]: Requesting port stats...
14-04-2019 20:59:57 [DNN module] Datapath: <ryu.controller.controller.Datapath object at 0x7f84d9c02e50>
[3]: Requesting port stats...
[1]: Received port stats
[2]: Received port stats
[3]: Received port stats
14-04-2019 20:59:58 [DNN module] Forwarders: {<ryu.controller.controller.Datapath object at 0x7f84d9c02f10>: [4294967294, 1, 2], <ryu.controller.controller.Datapath object at 0x7f84d9c02dd0>: [1, 4294967294], <ryu.controller.controller.Datapath object at 0x7f84d9c02e50>: [1, 4294967294]}
[2]: Requesting flow stats...
[2]: Requesting flow stats...
[2]: Requesting flow stats...
[1]: Requesting flow stats...
[1]: Requesting flow stats...
[3]: Requesting flow stats...
[3]: Requesting flow stats...
[2]: Received flow stats
No flow stats received
[2]: Received flow stats
More flow stats replies are expected from port 1
[2]: Received flow stats
Number of received stats 707 from port 1
[2]: Received flow stats
More flow stats replies are expected from port 2
[2]: Received flow stats
Number of received stats 1123 from port 2
[1]: Received flow stats
No flow stats received
[1]: Received flow stats
No flow stats received
[3]: Received flow stats
No flow stats received
[3]: Received flow stats
No flow stats received
[2]: Counters reset done
[1]: Counters reset done
[3]: Counters reset done
14-04-2019 21:00:00 [DNN module] No new packet_ins.
14-04-2019 21:00:00 [DNN module] No flow stats available
14-04-2019 21:00:00 [DNN module] Actual MAC to port table:
14-04-2019 21:00:00 Switch 1:
14-04-2019 21:00:00 00:00:00:00:00:02 1
14-04-2019 21:00:00 [DNN module] Iteration done.
14-04-2019 21:00:00  ************************************************************
14-04-2019 21:00:05 [DNN module] Starting new iteration...
14-04-2019 21:00:05 [DNN module] Updating the status of the forwarders...
14-04-2019 21:00:05 [DNN module] Getting active ports of the forwarders...
14-04-2019 21:00:05 [DNN module] Datapath: <ryu.controller.controller.Datapath object at 0x7f84d9c02f10>
[2]: Requesting port stats...
14-04-2019 21:00:05 [DNN module] Datapath: <ryu.controller.controller.Datapath object at 0x7f84d9c02dd0>
[1]: Requesting port stats...
14-04-2019 21:00:05 [DNN module] Datapath: <ryu.controller.controller.Datapath object at 0x7f84d9c02e50>
[3]: Requesting port stats...
[1]: Received port stats
[2]: Received port stats
[3]: Received port stats
14-04-2019 21:00:06 [DNN module] Forwarders: {<ryu.controller.controller.Datapath object at 0x7f84d9c02f10>: [4294967294, 1, 2], <ryu.controller.controller.Datapath object at 0x7f84d9c02dd0>: [1, 4294967294], <ryu.controller.controller.Datapath object at 0x7f84d9c02e50>: [1, 4294967294]}
[2]: Requesting flow stats...
[2]: Requesting flow stats...
[2]: Requesting flow stats...
[1]: Requesting flow stats...
[1]: Requesting flow stats...
[3]: Requesting flow stats...
[3]: Requesting flow stats...
[1]: Received flow stats
No flow stats received
[1]: Received flow stats
No flow stats received
[2]: Received flow stats
No flow stats received
[3]: Received flow stats
No flow stats received
[3]: Received flow stats
No flow stats received
[2]: Received flow stats
More flow stats replies are expected from port 1
[2]: Received flow stats
Number of received stats 707 from port 1
[2]: Received flow stats
More flow stats replies are expected from port 2
[2]: Received flow stats
Number of received stats 1123 from port 2
[2]: Counters reset done
[1]: Counters reset done
[3]: Counters reset done
14-04-2019 21:00:08 [DNN module] No new packet_ins.
14-04-2019 21:00:08 [DNN module] No flow stats available
14-04-2019 21:00:08 [DNN module] Actual MAC to port table:
14-04-2019 21:00:08 Switch 1:
14-04-2019 21:00:08 00:00:00:00:00:02 1
14-04-2019 21:00:08 [DNN module] Iteration done.
14-04-2019 21:00:08  ************************************************************
14-04-2019 21:00:13 [DNN module] Starting new iteration...
14-04-2019 21:00:13 [DNN module] Updating the status of the forwarders...
14-04-2019 21:00:13 [DNN module] Getting active ports of the forwarders...
14-04-2019 21:00:13 [DNN module] Datapath: <ryu.controller.controller.Datapath object at 0x7f84d9c02f10>
[2]: Requesting port stats...
14-04-2019 21:00:13 [DNN module] Datapath: <ryu.controller.controller.Datapath object at 0x7f84d9c02dd0>
[1]: Requesting port stats...
14-04-2019 21:00:13 [DNN module] Datapath: <ryu.controller.controller.Datapath object at 0x7f84d9c02e50>
[3]: Requesting port stats...
[1]: Received port stats
[2]: Received port stats
[3]: Received port stats
14-04-2019 21:00:14 [DNN module] Forwarders: {<ryu.controller.controller.Datapath object at 0x7f84d9c02f10>: [4294967294, 1, 2], <ryu.controller.controller.Datapath object at 0x7f84d9c02dd0>: [1, 4294967294], <ryu.controller.controller.Datapath object at 0x7f84d9c02e50>: [1, 4294967294]}
[2]: Requesting flow stats...
[2]: Requesting flow stats...
[2]: Requesting flow stats...
[1]: Requesting flow stats...
[1]: Requesting flow stats...
[3]: Requesting flow stats...
[3]: Requesting flow stats...
[1]: Received flow stats
No flow stats received
[1]: Received flow stats
No flow stats received
[3]: Received flow stats
No flow stats received
[3]: Received flow stats
No flow stats received
[2]: Received flow stats
No flow stats received
[2]: Received flow stats
More flow stats replies are expected from port 1
[2]: Received flow stats
Number of received stats 707 from port 1
[2]: Received flow stats
More flow stats replies are expected from port 2
[2]: Received flow stats
Number of received stats 1123 from port 2
[2]: Counters reset done
[1]: Counters reset done
[3]: Counters reset done
14-04-2019 21:00:16 [DNN module] No new packet_ins.
14-04-2019 21:00:16 [DNN module] No flow stats available
14-04-2019 21:00:16 [DNN module] Actual MAC to port table:
14-04-2019 21:00:16 Switch 1:
14-04-2019 21:00:16 00:00:00:00:00:02 1
14-04-2019 21:00:16 [DNN module] Iteration done.
14-04-2019 21:00:16  ************************************************************
14-04-2019 21:00:22 [DNN module] Starting new iteration...
14-04-2019 21:00:22 [DNN module] Updating the status of the forwarders...
14-04-2019 21:00:22 [DNN module] Getting active ports of the forwarders...
14-04-2019 21:00:22 [DNN module] Datapath: <ryu.controller.controller.Datapath object at 0x7f84d9c02f10>
[2]: Requesting port stats...
14-04-2019 21:00:22 [DNN module] Datapath: <ryu.controller.controller.Datapath object at 0x7f84d9c02dd0>
[1]: Requesting port stats...
14-04-2019 21:00:22 [DNN module] Datapath: <ryu.controller.controller.Datapath object at 0x7f84d9c02e50>
[3]: Requesting port stats...
[1]: Received port stats
[3]: Received port stats
[2]: Received port stats
14-04-2019 21:00:23 [DNN module] Forwarders: {<ryu.controller.controller.Datapath object at 0x7f84d9c02f10>: [4294967294, 1, 2], <ryu.controller.controller.Datapath object at 0x7f84d9c02dd0>: [1, 4294967294], <ryu.controller.controller.Datapath object at 0x7f84d9c02e50>: [1, 4294967294]}
[2]: Requesting flow stats...
[2]: Requesting flow stats...
[2]: Requesting flow stats...
[1]: Requesting flow stats...
[1]: Requesting flow stats...
[3]: Requesting flow stats...
[3]: Requesting flow stats...
[1]: Received flow stats
No flow stats received
[1]: Received flow stats
No flow stats received
[3]: Received flow stats
No flow stats received
[3]: Received flow stats
No flow stats received
[2]: Received flow stats
No flow stats received
[2]: Received flow stats
More flow stats replies are expected from port 1
[2]: Received flow stats
Number of received stats 707 from port 1
[2]: Received flow stats
More flow stats replies are expected from port 2
[2]: Received flow stats
Number of received stats 1123 from port 2
[2]: Counters reset done
[1]: Counters reset done
[3]: Counters reset done
14-04-2019 21:00:25 [DNN module] No new packet_ins.
14-04-2019 21:00:25 [DNN module] No flow stats available
14-04-2019 21:00:25 [DNN module] Actual MAC to port table:
14-04-2019 21:00:25 Switch 1:
14-04-2019 21:00:25 00:00:00:00:00:02 1
14-04-2019 21:00:25 [DNN module] Iteration done.
14-04-2019 21:00:25  ************************************************************
14-04-2019 21:00:30 [DNN module] Starting new iteration...
14-04-2019 21:00:30 [DNN module] Updating the status of the forwarders...
14-04-2019 21:00:30 [DNN module] Getting active ports of the forwarders...
14-04-2019 21:00:30 [DNN module] Datapath: <ryu.controller.controller.Datapath object at 0x7f84d9c02f10>
[2]: Requesting port stats...
14-04-2019 21:00:30 [DNN module] Datapath: <ryu.controller.controller.Datapath object at 0x7f84d9c02dd0>
[1]: Requesting port stats...
14-04-2019 21:00:30 [DNN module] Datapath: <ryu.controller.controller.Datapath object at 0x7f84d9c02e50>
[3]: Requesting port stats...
[1]: Received port stats
[2]: Received port stats
[3]: Received port stats
14-04-2019 21:00:31 [DNN module] Forwarders: {<ryu.controller.controller.Datapath object at 0x7f84d9c02f10>: [4294967294, 1, 2], <ryu.controller.controller.Datapath object at 0x7f84d9c02dd0>: [1, 4294967294], <ryu.controller.controller.Datapath object at 0x7f84d9c02e50>: [1, 4294967294]}
[2]: Requesting flow stats...
[2]: Requesting flow stats...
[2]: Requesting flow stats...
[1]: Requesting flow stats...
[1]: Requesting flow stats...
[3]: Requesting flow stats...
[3]: Requesting flow stats...
[2]: Received flow stats
No flow stats received
[2]: Received flow stats
More flow stats replies are expected from port 1
[2]: Received flow stats
Number of received stats 707 from port 1
[2]: Received flow stats
More flow stats replies are expected from port 2
[2]: Received flow stats
Number of received stats 1123 from port 2
[1]: Received flow stats
No flow stats received
[1]: Received flow stats
No flow stats received
[3]: Received flow stats
No flow stats received
[3]: Received flow stats
No flow stats received
[2]: Counters reset done
[1]: Counters reset done
[3]: Counters reset done
14-04-2019 21:00:33 [DNN module] No new packet_ins.
14-04-2019 21:00:33 [DNN module] No flow stats available
14-04-2019 21:00:33 [DNN module] Actual MAC to port table:
14-04-2019 21:00:33 Switch 1:
14-04-2019 21:00:33 00:00:00:00:00:02 1
14-04-2019 21:00:33 Switch 2:
14-04-2019 21:00:33 00:00:00:00:00:02 2
14-04-2019 21:00:33 Switch 3:
14-04-2019 21:00:33 00:00:00:00:00:01 1
14-04-2019 21:00:33 [DNN module] Iteration done.
14-04-2019 21:00:33  ************************************************************
14-04-2019 21:00:38 [DNN module] Starting new iteration...
14-04-2019 21:00:38 [DNN module] Updating the status of the forwarders...
14-04-2019 21:00:38 [DNN module] Getting active ports of the forwarders...
14-04-2019 21:00:38 [DNN module] Datapath: <ryu.controller.controller.Datapath object at 0x7f84d9c02f10>
[2]: Requesting port stats...
14-04-2019 21:00:38 [DNN module] Datapath: <ryu.controller.controller.Datapath object at 0x7f84d9c02dd0>
[1]: Requesting port stats...
14-04-2019 21:00:38 [DNN module] Datapath: <ryu.controller.controller.Datapath object at 0x7f84d9c02e50>
[3]: Requesting port stats...
[1]: Received port stats
[2]: Received port stats
[3]: Received port stats
14-04-2019 21:00:39 [DNN module] Forwarders: {<ryu.controller.controller.Datapath object at 0x7f84d9c02f10>: [4294967294, 1, 2], <ryu.controller.controller.Datapath object at 0x7f84d9c02dd0>: [1, 4294967294], <ryu.controller.controller.Datapath object at 0x7f84d9c02e50>: [1, 4294967294]}
[2]: Requesting flow stats...
[2]: Requesting flow stats...
[2]: Requesting flow stats...
[1]: Requesting flow stats...
[1]: Requesting flow stats...
[3]: Requesting flow stats...
[3]: Requesting flow stats...
[3]: Received flow stats
No flow stats received
[3]: Received flow stats
No flow stats received
[2]: Received flow stats
No flow stats received
[2]: Received flow stats
More flow stats replies are expected from port 1
[2]: Received flow stats
Number of received stats 707 from port 1
[2]: Received flow stats
More flow stats replies are expected from port 2
[2]: Received flow stats
Number of received stats 1123 from port 2
[1]: Received flow stats
No flow stats received
[1]: Received flow stats
No flow stats received
[2]: Counters reset done
[1]: Counters reset done
[3]: Counters reset done
14-04-2019 21:00:41 [DNN module] No new packet_ins.
/home/jozef/PycharmProjects/DP_Security_improvements/controller_scripts/dnn_module.py:534: DataConversionWarning: Data with input dtype object were all converted to float64 by StandardScaler.
  return self.scaler.transform(samples)
14-04-2019 21:00:41 [DNN module] Evaluation of the flows is going to be saved into ../results/pcap0-4.dump
14-04-2019 21:00:41 [DNN module] Evaluation of the flows is successfully saved
14-04-2019 21:00:41 [DNN module] Number of saved flows is 136
14-04-2019 21:00:41 Warnings are 5
14-04-2019 21:00:41 Attacks are 1
14-04-2019 21:00:41 Applying warnings
14-04-2019 21:00:41 Warning: {'port_dst': 80, 'ipv4_src': '175.45.176.0', 'dst_count': 3, 'packets_dst': 4, 'ipv4_dst': '149.171.126.16', 'proto': 6, 'bytes_src': 1558, 'packets_src': 14, 'port_src': 13284, 'bytes_dst': 228, 'srv_dst_count': 2}
14-04-2019 21:00:41 Meter ID: 1
14-04-2019 21:00:41 Params: {'ipv4_dst': '149.171.126.16', 'proto': 6, 'port_dst': 80, 'ipv4_src': '175.45.176.0', 'eth_type': 2048, 'port_src': 13284}
14-04-2019 21:00:41 [DNN module] Exception during applying warnings
14-04-2019 21:00:41 'eth_dst'
14-04-2019 21:00:41 [DNN module] Actual MAC to port table:
14-04-2019 21:00:41 Switch 1:
14-04-2019 21:00:41 00:00:00:00:00:02 1
14-04-2019 21:00:41 Switch 2:
14-04-2019 21:00:41 00:00:00:00:00:02 2
14-04-2019 21:00:41 Switch 3:
14-04-2019 21:00:41 00:00:00:00:00:01 1
14-04-2019 21:00:41 [DNN module] Iteration done.
14-04-2019 21:00:41  ************************************************************
14-04-2019 21:00:46 [DNN module] Starting new iteration...
14-04-2019 21:00:46 [DNN module] Updating the status of the forwarders...
14-04-2019 21:00:46 [DNN module] Getting active ports of the forwarders...
14-04-2019 21:00:46 [DNN module] Datapath: <ryu.controller.controller.Datapath object at 0x7f84d9c02f10>
[2]: Requesting port stats...
14-04-2019 21:00:46 [DNN module] Datapath: <ryu.controller.controller.Datapath object at 0x7f84d9c02dd0>
[1]: Requesting port stats...
14-04-2019 21:00:46 [DNN module] Datapath: <ryu.controller.controller.Datapath object at 0x7f84d9c02e50>
[3]: Requesting port stats...
[1]: Received port stats
[2]: Received port stats
[3]: Received port stats
14-04-2019 21:00:47 [DNN module] Forwarders: {<ryu.controller.controller.Datapath object at 0x7f84d9c02f10>: [4294967294, 1, 2], <ryu.controller.controller.Datapath object at 0x7f84d9c02dd0>: [1, 4294967294], <ryu.controller.controller.Datapath object at 0x7f84d9c02e50>: [1, 4294967294]}
[2]: Requesting flow stats...
[2]: Requesting flow stats...
[2]: Requesting flow stats...
[1]: Requesting flow stats...
[1]: Requesting flow stats...
[3]: Requesting flow stats...
[3]: Requesting flow stats...
[2]: Received flow stats
No flow stats received
[2]: Received flow stats
More flow stats replies are expected from port 1
[2]: Received flow stats
Number of received stats 707 from port 1
[2]: Received flow stats
More flow stats replies are expected from port 2
[2]: Received flow stats
Number of received stats 1123 from port 2
[1]: Received flow stats
No flow stats received
[1]: Received flow stats
No flow stats received
[3]: Received flow stats
No flow stats received
[3]: Received flow stats
No flow stats received
[2]: Counters reset done
[1]: Counters reset done
[3]: Counters reset done
14-04-2019 21:00:50 [DNN module] No new packet_ins.
14-04-2019 21:00:50 [DNN module] Evaluation of the flows is going to be saved into ../results/pcap0-4.dump
14-04-2019 21:00:50 [DNN module] Evaluation of the flows is successfully saved
14-04-2019 21:00:50 [DNN module] Number of saved flows is 115
14-04-2019 21:00:50 Warnings are 3
14-04-2019 21:00:50 Attacks are 1
14-04-2019 21:00:50 Applying warnings
14-04-2019 21:00:50 Warning: {'port_dst': 80, 'ipv4_src': '175.45.176.3', 'dst_count': 1, 'packets_dst': 10, 'ipv4_dst': '149.171.126.12', 'proto': 6, 'bytes_src': 968, 'packets_src': 10, 'port_src': 44762, 'bytes_dst': 4144, 'srv_dst_count': 1}
14-04-2019 21:00:50 Meter ID: 1
14-04-2019 21:00:50 Params: {'ipv4_dst': '149.171.126.12', 'proto': 6, 'port_dst': 80, 'ipv4_src': '175.45.176.3', 'eth_type': 2048, 'port_src': 44762}
14-04-2019 21:00:50 [DNN module] Exception during applying warnings
14-04-2019 21:00:50 'eth_dst'
14-04-2019 21:00:50 [DNN module] Actual MAC to port table:
14-04-2019 21:00:50 Switch 1:
14-04-2019 21:00:50 00:00:00:00:00:02 1
14-04-2019 21:00:50 Switch 2:
14-04-2019 21:00:50 00:00:00:00:00:02 2
14-04-2019 21:00:50 Switch 3:
14-04-2019 21:00:50 00:00:00:00:00:01 1
14-04-2019 21:00:50 [DNN module] Iteration done.
14-04-2019 21:00:50  ************************************************************
14-04-2019 21:00:55 [DNN module] Starting new iteration...
14-04-2019 21:00:55 [DNN module] Updating the status of the forwarders...
14-04-2019 21:00:55 [DNN module] Getting active ports of the forwarders...
14-04-2019 21:00:55 [DNN module] Datapath: <ryu.controller.controller.Datapath object at 0x7f84d9c02f10>
[2]: Requesting port stats...
14-04-2019 21:00:55 [DNN module] Datapath: <ryu.controller.controller.Datapath object at 0x7f84d9c02dd0>
[1]: Requesting port stats...
14-04-2019 21:00:55 [DNN module] Datapath: <ryu.controller.controller.Datapath object at 0x7f84d9c02e50>
[3]: Requesting port stats...
[2]: Received port stats
[1]: Received port stats
[3]: Received port stats
14-04-2019 21:00:56 [DNN module] Forwarders: {<ryu.controller.controller.Datapath object at 0x7f84d9c02f10>: [4294967294, 1, 2], <ryu.controller.controller.Datapath object at 0x7f84d9c02dd0>: [1, 4294967294], <ryu.controller.controller.Datapath object at 0x7f84d9c02e50>: [1, 4294967294]}
[2]: Requesting flow stats...
[2]: Requesting flow stats...
[2]: Requesting flow stats...
[1]: Requesting flow stats...
[1]: Requesting flow stats...
[3]: Requesting flow stats...
[3]: Requesting flow stats...
[1]: Received flow stats
No flow stats received
[1]: Received flow stats
No flow stats received
[2]: Received flow stats
No flow stats received
[3]: Received flow stats
No flow stats received
[3]: Received flow stats
No flow stats received
[2]: Received flow stats
More flow stats replies are expected from port 1
[2]: Received flow stats
Number of received stats 707 from port 1
[2]: Received flow stats
More flow stats replies are expected from port 2
[2]: Received flow stats
Number of received stats 1123 from port 2
[2]: Counters reset done
[1]: Counters reset done
[3]: Counters reset done
14-04-2019 21:00:58 [DNN module] No new packet_ins.
14-04-2019 21:00:59 [DNN module] Evaluation of the flows is going to be saved into ../results/pcap0-4.dump
14-04-2019 21:00:59 [DNN module] Evaluation of the flows is successfully saved
14-04-2019 21:00:59 [DNN module] Number of saved flows is 110
14-04-2019 21:00:59 Warnings are 5
14-04-2019 21:00:59 Attacks are 1
14-04-2019 21:00:59 Applying warnings
14-04-2019 21:00:59 Warning: {'port_dst': 8080, 'ipv4_src': '175.45.176.2', 'dst_count': 1, 'packets_dst': 0, 'ipv4_dst': '149.171.126.11', 'proto': 6, 'bytes_src': 1234, 'packets_src': 8, 'port_src': 63163, 'bytes_dst': 0, 'srv_dst_count': 1}
14-04-2019 21:00:59 Meter ID: 1
14-04-2019 21:00:59 Params: {'ipv4_dst': '149.171.126.11', 'proto': 6, 'port_dst': 8080, 'ipv4_src': '175.45.176.2', 'eth_type': 2048, 'port_src': 63163}
14-04-2019 21:00:59 [DNN module] Exception during applying warnings
14-04-2019 21:00:59 'eth_dst'
14-04-2019 21:00:59 [DNN module] Actual MAC to port table:
14-04-2019 21:00:59 Switch 1:
14-04-2019 21:00:59 00:00:00:00:00:02 1
14-04-2019 21:00:59 Switch 2:
14-04-2019 21:00:59 00:00:00:00:00:02 2
14-04-2019 21:00:59 Switch 3:
14-04-2019 21:00:59 00:00:00:00:00:01 1
14-04-2019 21:00:59 [DNN module] Iteration done.
14-04-2019 21:00:59  ************************************************************
14-04-2019 21:01:04 [DNN module] Starting new iteration...
14-04-2019 21:01:04 [DNN module] Updating the status of the forwarders...
14-04-2019 21:01:04 [DNN module] Getting active ports of the forwarders...
14-04-2019 21:01:04 [DNN module] Datapath: <ryu.controller.controller.Datapath object at 0x7f84d9c02f10>
[2]: Requesting port stats...
14-04-2019 21:01:04 [DNN module] Datapath: <ryu.controller.controller.Datapath object at 0x7f84d9c02dd0>
[1]: Requesting port stats...
14-04-2019 21:01:04 [DNN module] Datapath: <ryu.controller.controller.Datapath object at 0x7f84d9c02e50>
[3]: Requesting port stats...
[1]: Received port stats
[2]: Received port stats
[3]: Received port stats
14-04-2019 21:01:05 [DNN module] Forwarders: {<ryu.controller.controller.Datapath object at 0x7f84d9c02f10>: [4294967294, 1, 2], <ryu.controller.controller.Datapath object at 0x7f84d9c02dd0>: [1, 4294967294], <ryu.controller.controller.Datapath object at 0x7f84d9c02e50>: [1, 4294967294]}
[2]: Requesting flow stats...
[2]: Requesting flow stats...
[2]: Requesting flow stats...
[1]: Requesting flow stats...
[1]: Requesting flow stats...
[3]: Requesting flow stats...
[3]: Requesting flow stats...
[1]: Received flow stats
No flow stats received
[1]: Received flow stats
No flow stats received
[2]: Received flow stats
No flow stats received
[3]: Received flow stats
No flow stats received
[3]: Received flow stats
No flow stats received
[2]: Received flow stats
More flow stats replies are expected from port 1
[2]: Received flow stats
Number of received stats 707 from port 1
[2]: Received flow stats
More flow stats replies are expected from port 2
[2]: Received flow stats
Number of received stats 1123 from port 2
[2]: Counters reset done
[1]: Counters reset done
[3]: Counters reset done
14-04-2019 21:01:07 [DNN module] No new packet_ins.
14-04-2019 21:01:08 [DNN module] Evaluation of the flows is going to be saved into ../results/pcap0-4.dump
14-04-2019 21:01:08 [DNN module] Evaluation of the flows is successfully saved
14-04-2019 21:01:08 [DNN module] Number of saved flows is 100
14-04-2019 21:01:08 Warnings are 2
14-04-2019 21:01:08 Attacks are 0
14-04-2019 21:01:08 Applying warnings
14-04-2019 21:01:08 Warning: {'port_dst': 80, 'ipv4_src': '175.45.176.3', 'dst_count': 1, 'packets_dst': 0, 'ipv4_dst': '149.171.126.16', 'proto': 6, 'bytes_src': 690, 'packets_src': 6, 'port_src': 26334, 'bytes_dst': 0, 'srv_dst_count': 1}
14-04-2019 21:01:08 Meter ID: 1
14-04-2019 21:01:08 Params: {'ipv4_dst': '149.171.126.16', 'proto': 6, 'port_dst': 80, 'ipv4_src': '175.45.176.3', 'eth_type': 2048, 'port_src': 26334}
14-04-2019 21:01:08 [DNN module] Exception during applying warnings
14-04-2019 21:01:08 'eth_dst'
14-04-2019 21:01:08 [DNN module] Actual MAC to port table:
14-04-2019 21:01:08 Switch 1:
14-04-2019 21:01:08 00:00:00:00:00:02 1
14-04-2019 21:01:08 Switch 2:
14-04-2019 21:01:08 00:00:00:00:00:02 2
14-04-2019 21:01:08 Switch 3:
14-04-2019 21:01:08 00:00:00:00:00:01 1
14-04-2019 21:01:08 [DNN module] Iteration done.
14-04-2019 21:01:08  ************************************************************
14-04-2019 21:01:13 [DNN module] Starting new iteration...
14-04-2019 21:01:13 [DNN module] Updating the status of the forwarders...
14-04-2019 21:01:13 [DNN module] Getting active ports of the forwarders...
14-04-2019 21:01:13 [DNN module] Datapath: <ryu.controller.controller.Datapath object at 0x7f84d9c02f10>
[2]: Requesting port stats...
14-04-2019 21:01:13 [DNN module] Datapath: <ryu.controller.controller.Datapath object at 0x7f84d9c02dd0>
[1]: Requesting port stats...
14-04-2019 21:01:13 [DNN module] Datapath: <ryu.controller.controller.Datapath object at 0x7f84d9c02e50>
[3]: Requesting port stats...
[1]: Received port stats
[3]: Received port stats
[2]: Received port stats
14-04-2019 21:01:14 [DNN module] Forwarders: {<ryu.controller.controller.Datapath object at 0x7f84d9c02f10>: [4294967294, 1, 2], <ryu.controller.controller.Datapath object at 0x7f84d9c02dd0>: [1, 4294967294], <ryu.controller.controller.Datapath object at 0x7f84d9c02e50>: [1, 4294967294]}
[2]: Requesting flow stats...
[2]: Requesting flow stats...
[2]: Requesting flow stats...
[1]: Requesting flow stats...
[1]: Requesting flow stats...
[3]: Requesting flow stats...
[3]: Requesting flow stats...
[1]: Received flow stats
No flow stats received
[1]: Received flow stats
No flow stats received
[3]: Received flow stats
No flow stats received
[3]: Received flow stats
No flow stats received
[2]: Received flow stats
No flow stats received
[2]: Received flow stats
More flow stats replies are expected from port 1
[2]: Received flow stats
Number of received stats 707 from port 1
[2]: Received flow stats
More flow stats replies are expected from port 2
[2]: Received flow stats
Number of received stats 1123 from port 2
[2]: Counters reset done
[1]: Counters reset done
[3]: Counters reset done
14-04-2019 21:01:16 [DNN module] No new packet_ins.
14-04-2019 21:01:16 [DNN module] Evaluation of the flows is going to be saved into ../results/pcap0-4.dump
14-04-2019 21:01:16 [DNN module] Evaluation of the flows is successfully saved
14-04-2019 21:01:16 [DNN module] Number of saved flows is 130
14-04-2019 21:01:16 Warnings are 8
14-04-2019 21:01:16 Attacks are 0
14-04-2019 21:01:16 Applying warnings
14-04-2019 21:01:16 Warning: {'port_dst': 1173, 'ipv4_src': '59.166.0.8', 'dst_count': 9, 'packets_dst': 10, 'ipv4_dst': '149.171.126.3', 'proto': 6, 'bytes_src': 966, 'packets_src': 10, 'port_src': 61715, 'bytes_dst': 922, 'srv_dst_count': 1}
14-04-2019 21:01:16 Meter ID: 1
14-04-2019 21:01:16 Params: {'ipv4_dst': '149.171.126.3', 'proto': 6, 'port_dst': 1173, 'ipv4_src': '59.166.0.8', 'eth_type': 2048, 'port_src': 61715}
14-04-2019 21:01:16 [DNN module] Exception during applying warnings
14-04-2019 21:01:16 'eth_dst'
14-04-2019 21:01:16 [DNN module] Actual MAC to port table:
14-04-2019 21:01:16 Switch 1:
14-04-2019 21:01:16 00:00:00:00:00:02 1
14-04-2019 21:01:16 Switch 2:
14-04-2019 21:01:16 00:00:00:00:00:02 2
14-04-2019 21:01:16 Switch 3:
14-04-2019 21:01:16 00:00:00:00:00:01 1
14-04-2019 21:01:16 [DNN module] Iteration done.
14-04-2019 21:01:16  ************************************************************
14-04-2019 21:01:21 [DNN module] Starting new iteration...
14-04-2019 21:01:21 [DNN module] Updating the status of the forwarders...
14-04-2019 21:01:21 [DNN module] Getting active ports of the forwarders...
14-04-2019 21:01:21 [DNN module] Datapath: <ryu.controller.controller.Datapath object at 0x7f84d9c02f10>
[2]: Requesting port stats...
14-04-2019 21:01:21 [DNN module] Datapath: <ryu.controller.controller.Datapath object at 0x7f84d9c02dd0>
[1]: Requesting port stats...
14-04-2019 21:01:21 [DNN module] Datapath: <ryu.controller.controller.Datapath object at 0x7f84d9c02e50>
[3]: Requesting port stats...
[1]: Received port stats
[2]: Received port stats
[3]: Received port stats
14-04-2019 21:01:22 [DNN module] Forwarders: {<ryu.controller.controller.Datapath object at 0x7f84d9c02f10>: [4294967294, 1, 2], <ryu.controller.controller.Datapath object at 0x7f84d9c02dd0>: [1, 4294967294], <ryu.controller.controller.Datapath object at 0x7f84d9c02e50>: [1, 4294967294]}
[2]: Requesting flow stats...
[2]: Requesting flow stats...
[2]: Requesting flow stats...
[1]: Requesting flow stats...
[1]: Requesting flow stats...
[3]: Requesting flow stats...
[3]: Requesting flow stats...
[1]: Received flow stats
No flow stats received
[1]: Received flow stats
No flow stats received
[2]: Received flow stats
No flow stats received
[3]: Received flow stats
No flow stats received
[3]: Received flow stats
No flow stats received
[2]: Received flow stats
More flow stats replies are expected from port 1
[2]: Received flow stats
Number of received stats 707 from port 1
[2]: Received flow stats
More flow stats replies are expected from port 2
[2]: Received flow stats
Number of received stats 1123 from port 2
[2]: Counters reset done
[1]: Counters reset done
[3]: Counters reset done
14-04-2019 21:01:24 [DNN module] No new packet_ins.
14-04-2019 21:01:24 [DNN module] No flow stats available
14-04-2019 21:01:24 [DNN module] Actual MAC to port table:
14-04-2019 21:01:24 Switch 1:
14-04-2019 21:01:24 00:00:00:00:00:02 1
14-04-2019 21:01:24 Switch 2:
14-04-2019 21:01:24 00:00:00:00:00:02 2
14-04-2019 21:01:24 Switch 3:
14-04-2019 21:01:24 00:00:00:00:00:01 1
14-04-2019 21:01:24 [DNN module] Iteration done.
14-04-2019 21:01:24  ************************************************************
