loading app simple_switch_13.py
Using TensorFlow backend.
loading app ryu.controller.ofp_handler
instantiating app simple_switch_13.py of SimpleSwitch13
15-04-2019 14:47:53 REFRESH_RATE is 10
15-04-2019 14:47:53 FW_REFRESH_RATE is 1
15-04-2019 14:47:53 TIMEOUT is 30
15-04-2019 14:47:53 FLOWS_DUMP_FILE is ../results/pcap0-99_w10.dump
2019-04-15 14:47:53.593251: I tensorflow/core/platform/cpu_feature_guard.cc:141] Your CPU supports instructions that this TensorFlow binary was not compiled to use: AVX2
15-04-2019 14:47:54 DNN_MODEL is ../models/DNN_model_all_binary_full.h5
/usr/local/lib/python2.7/dist-packages/sklearn/base.py:251: UserWarning: Trying to unpickle estimator StandardScaler from version 0.20.3 when using version 0.20.2. This might lead to breaking code or invalid results. Use at your own risk.
  UserWarning)
15-04-2019 14:47:55 DNN_SCALER is ../models/DNN_model_all_binary_full_scaler.sav
15-04-2019 14:47:55 Intervals are:
15-04-2019 14:47:55 Normal is [0.0, 0.5]
15-04-2019 14:47:55 Warning is [0.5, 0.85]
15-04-2019 14:47:55 Best Effort is [0.85, 0.95]
15-04-2019 14:47:55 Attack is [0.95, 1.0]
15-04-2019 14:47:55 [DNN module] DNN module initialized
15-04-2019 14:47:55 [DNN module] Starting new iteration...
15-04-2019 14:47:55 [DNN module] Updating the status of the forwarders...
15-04-2019 14:47:55 [DNN module] Getting active ports of the forwarders...
15-04-2019 14:47:55 [DNN module] No forwarders are online
15-04-2019 14:47:55 [DNN module] An error occured during updating forwarders. Skipping requesting of flow stats.
15-04-2019 14:47:55 [DNN module] Iteration done.
15-04-2019 14:47:55  ************************************************************
instantiating app ryu.controller.ofp_handler of OFPHandler
MeterStats of 1: ['meter_id=0x00000001 len=56 flow_count=0 packet_in_count=0 byte_in_count=0 duration_sec=0 duration_nsec=0 band_stats=[OFPMeterBandStats(byte_band_count=0,packet_band_count=0)]', 'meter_id=0x00000002 len=56 flow_count=0 packet_in_count=0 byte_in_count=0 duration_sec=0 duration_nsec=0 band_stats=[OFPMeterBandStats(byte_band_count=0,packet_band_count=0)]']
MeterStats of 3: ['meter_id=0x00000001 len=56 flow_count=0 packet_in_count=0 byte_in_count=0 duration_sec=0 duration_nsec=0 band_stats=[OFPMeterBandStats(byte_band_count=0,packet_band_count=0)]', 'meter_id=0x00000002 len=56 flow_count=0 packet_in_count=0 byte_in_count=0 duration_sec=0 duration_nsec=0 band_stats=[OFPMeterBandStats(byte_band_count=0,packet_band_count=0)]']
MeterStats of 2: ['meter_id=0x00000001 len=56 flow_count=0 packet_in_count=0 byte_in_count=0 duration_sec=0 duration_nsec=0 band_stats=[OFPMeterBandStats(byte_band_count=0,packet_band_count=0)]', 'meter_id=0x00000002 len=56 flow_count=0 packet_in_count=0 byte_in_count=0 duration_sec=0 duration_nsec=0 band_stats=[OFPMeterBandStats(byte_band_count=0,packet_band_count=0)]']
15-04-2019 14:48:05 [DNN module] Starting new iteration...
15-04-2019 14:48:05 [DNN module] Updating the status of the forwarders...
15-04-2019 14:48:05 [DNN module] Getting active ports of the forwarders...
15-04-2019 14:48:05 [DNN module] Datapath: <ryu.controller.controller.Datapath object at 0x7f0a5d816e90>
[2]: Requesting port stats...
15-04-2019 14:48:05 [DNN module] Datapath: <ryu.controller.controller.Datapath object at 0x7f0a5d816d50>
[1]: Requesting port stats...
15-04-2019 14:48:05 [DNN module] Datapath: <ryu.controller.controller.Datapath object at 0x7f0a5d816dd0>
[3]: Requesting port stats...
[1]: Received port stats
[2]: Received port stats
[3]: Received port stats
15-04-2019 14:48:06 [DNN module] Forwarders: {<ryu.controller.controller.Datapath object at 0x7f0a5d816e90>: [4294967294, 1, 2], <ryu.controller.controller.Datapath object at 0x7f0a5d816d50>: [1, 4294967294], <ryu.controller.controller.Datapath object at 0x7f0a5d816dd0>: [1, 4294967294]}
[2]: Requesting flow stats...
[2]: Requesting flow stats...
[2]: Requesting flow stats...
[1]: Requesting flow stats...
[1]: Requesting flow stats...
[3]: Requesting flow stats...
[3]: Requesting flow stats...
[2]: Received flow stats
No flow stats received
[2]: Received flow stats
No flow stats received
[2]: Received flow stats
No flow stats received
[1]: Received flow stats
No flow stats received
[1]: Received flow stats
No flow stats received
[3]: Received flow stats
No flow stats received
[3]: Received flow stats
No flow stats received
15-04-2019 14:48:07 [DNN module] No flow stats available
15-04-2019 14:48:07 [DNN module] Iteration done.
15-04-2019 14:48:07  ************************************************************
15-04-2019 14:48:17 [DNN module] Starting new iteration...
15-04-2019 14:48:17 [DNN module] Updating the status of the forwarders...
15-04-2019 14:48:17 [DNN module] Getting active ports of the forwarders...
15-04-2019 14:48:17 [DNN module] Datapath: <ryu.controller.controller.Datapath object at 0x7f0a5d816e90>
[2]: Requesting port stats...
15-04-2019 14:48:17 [DNN module] Datapath: <ryu.controller.controller.Datapath object at 0x7f0a5d816d50>
[1]: Requesting port stats...
15-04-2019 14:48:17 [DNN module] Datapath: <ryu.controller.controller.Datapath object at 0x7f0a5d816dd0>
[3]: Requesting port stats...
[1]: Received port stats
[2]: Received port stats
[3]: Received port stats
15-04-2019 14:48:18 [DNN module] Forwarders: {<ryu.controller.controller.Datapath object at 0x7f0a5d816e90>: [4294967294, 1, 2], <ryu.controller.controller.Datapath object at 0x7f0a5d816d50>: [1, 4294967294], <ryu.controller.controller.Datapath object at 0x7f0a5d816dd0>: [1, 4294967294]}
[2]: Requesting flow stats...
[2]: Requesting flow stats...
[2]: Requesting flow stats...
[1]: Requesting flow stats...
[1]: Requesting flow stats...
[3]: Requesting flow stats...
[3]: Requesting flow stats...
[1]: Received flow stats
No flow stats received
[1]: Received flow stats
No flow stats received
[2]: Received flow stats
No flow stats received
[2]: Received flow stats
No flow stats received
[2]: Received flow stats
No flow stats received
[3]: Received flow stats
No flow stats received
[3]: Received flow stats
No flow stats received
15-04-2019 14:48:19 [DNN module] No flow stats available
15-04-2019 14:48:19 [DNN module] Actual MAC to port table:
15-04-2019 14:48:19 Switch 1:
15-04-2019 14:48:19 00:00:00:00:00:02 1
15-04-2019 14:48:19 Switch 2:
15-04-2019 14:48:19 00:00:00:00:00:02 2
15-04-2019 14:48:19 [DNN module] Iteration done.
15-04-2019 14:48:19  ************************************************************
15-04-2019 14:48:29 [DNN module] Starting new iteration...
15-04-2019 14:48:29 [DNN module] Updating the status of the forwarders...
15-04-2019 14:48:29 [DNN module] Getting active ports of the forwarders...
15-04-2019 14:48:29 [DNN module] Datapath: <ryu.controller.controller.Datapath object at 0x7f0a5d816e90>
[2]: Requesting port stats...
15-04-2019 14:48:29 [DNN module] Datapath: <ryu.controller.controller.Datapath object at 0x7f0a5d816d50>
[1]: Requesting port stats...
15-04-2019 14:48:29 [DNN module] Datapath: <ryu.controller.controller.Datapath object at 0x7f0a5d816dd0>
[3]: Requesting port stats...
[1]: Received port stats
[3]: Received port stats
[2]: Received port stats
15-04-2019 14:48:30 [DNN module] Forwarders: {<ryu.controller.controller.Datapath object at 0x7f0a5d816e90>: [4294967294, 1, 2], <ryu.controller.controller.Datapath object at 0x7f0a5d816d50>: [1, 4294967294], <ryu.controller.controller.Datapath object at 0x7f0a5d816dd0>: [1, 4294967294]}
[2]: Requesting flow stats...
[2]: Requesting flow stats...
[2]: Requesting flow stats...
[1]: Requesting flow stats...
[1]: Requesting flow stats...
[3]: Requesting flow stats...
[3]: Requesting flow stats...
[1]: Received flow stats
No flow stats received
[1]: Received flow stats
No flow stats received
[2]: Received flow stats
No flow stats received
[2]: Received flow stats
No flow stats received
[2]: Received flow stats
No flow stats received
[3]: Received flow stats
No flow stats received
[3]: Received flow stats
No flow stats received
15-04-2019 14:48:31 [DNN module] No flow stats available
15-04-2019 14:48:31 [DNN module] Actual MAC to port table:
15-04-2019 14:48:31 Switch 1:
15-04-2019 14:48:31 00:00:00:00:00:02 1
15-04-2019 14:48:31 Switch 2:
15-04-2019 14:48:31 00:00:00:00:00:02 2
15-04-2019 14:48:31 [DNN module] Iteration done.
15-04-2019 14:48:31  ************************************************************
15-04-2019 14:48:41 [DNN module] Starting new iteration...
15-04-2019 14:48:41 [DNN module] Updating the status of the forwarders...
15-04-2019 14:48:41 [DNN module] Getting active ports of the forwarders...
15-04-2019 14:48:41 [DNN module] Datapath: <ryu.controller.controller.Datapath object at 0x7f0a5d816e90>
[2]: Requesting port stats...
15-04-2019 14:48:41 [DNN module] Datapath: <ryu.controller.controller.Datapath object at 0x7f0a5d816d50>
[1]: Requesting port stats...
15-04-2019 14:48:41 [DNN module] Datapath: <ryu.controller.controller.Datapath object at 0x7f0a5d816dd0>
[3]: Requesting port stats...
[1]: Received port stats
[3]: Received port stats
[2]: Received port stats
15-04-2019 14:48:42 [DNN module] Forwarders: {<ryu.controller.controller.Datapath object at 0x7f0a5d816e90>: [4294967294, 1, 2], <ryu.controller.controller.Datapath object at 0x7f0a5d816d50>: [1, 4294967294], <ryu.controller.controller.Datapath object at 0x7f0a5d816dd0>: [1, 4294967294]}
[2]: Requesting flow stats...
[2]: Requesting flow stats...
[2]: Requesting flow stats...
[1]: Requesting flow stats...
[1]: Requesting flow stats...
[3]: Requesting flow stats...
[3]: Requesting flow stats...
[1]: Received flow stats
No flow stats received
[1]: Received flow stats
No flow stats received
[2]: Received flow stats
No flow stats received
[2]: Received flow stats
No flow stats received
[2]: Received flow stats
No flow stats received
[3]: Received flow stats
No flow stats received
[3]: Received flow stats
No flow stats received
15-04-2019 14:48:43 [DNN module] No flow stats available
15-04-2019 14:48:43 [DNN module] Actual MAC to port table:
15-04-2019 14:48:43 Switch 1:
15-04-2019 14:48:43 00:00:00:00:00:02 1
15-04-2019 14:48:43 Switch 2:
15-04-2019 14:48:43 00:00:00:00:00:02 2
15-04-2019 14:48:43 [DNN module] Iteration done.
15-04-2019 14:48:43  ************************************************************
15-04-2019 14:48:53 [DNN module] Starting new iteration...
15-04-2019 14:48:53 [DNN module] Updating the status of the forwarders...
15-04-2019 14:48:53 [DNN module] Getting active ports of the forwarders...
15-04-2019 14:48:53 [DNN module] Datapath: <ryu.controller.controller.Datapath object at 0x7f0a5d816e90>
[2]: Requesting port stats...
15-04-2019 14:48:53 [DNN module] Datapath: <ryu.controller.controller.Datapath object at 0x7f0a5d816d50>
[1]: Requesting port stats...
15-04-2019 14:48:53 [DNN module] Datapath: <ryu.controller.controller.Datapath object at 0x7f0a5d816dd0>
[3]: Requesting port stats...
[1]: Received port stats
[3]: Received port stats
[2]: Received port stats
15-04-2019 14:48:54 [DNN module] Forwarders: {<ryu.controller.controller.Datapath object at 0x7f0a5d816e90>: [4294967294, 1, 2], <ryu.controller.controller.Datapath object at 0x7f0a5d816d50>: [1, 4294967294], <ryu.controller.controller.Datapath object at 0x7f0a5d816dd0>: [1, 4294967294]}
[2]: Requesting flow stats...
[2]: Requesting flow stats...
[2]: Requesting flow stats...
[1]: Requesting flow stats...
[1]: Requesting flow stats...
[3]: Requesting flow stats...
[3]: Requesting flow stats...
[1]: Received flow stats
No flow stats received
[1]: Received flow stats
No flow stats received
[2]: Received flow stats
No flow stats received
[2]: Received flow stats
Number of received stats 200 from port 1
[2]: Received flow stats
Number of received stats 323 from port 2
[3]: Received flow stats
No flow stats received
[3]: Received flow stats
No flow stats received
15-04-2019 14:48:55 [DNN module] Processing 805 packet_ins...
15-04-2019 14:48:55 [DNN module] After unifying we have 805 packet_ins.
/home/jozef/PycharmProjects/DP_Security_improvements/controller_scripts/dnn_module.py:535: DataConversionWarning: Data with input dtype object were all converted to float64 by StandardScaler.
  return self.scaler.transform(samples)
15-04-2019 14:48:56 [DNN module] Evaluation of the flows is going to be saved into ../results/pcap0-99_w10.dump
15-04-2019 14:48:56 [DNN module] Evaluation of the flows is successfully saved
15-04-2019 14:48:56 [DNN module] Number of saved flows is 151
15-04-2019 14:48:56 Warnings are 25
15-04-2019 14:48:56 Attacks are 1
15-04-2019 14:48:56 Applying warnings
15-04-2019 14:48:56 Warning: {'port_dst': 80, 'ipv4_src': '175.45.176.0', 'dst_count': 3, 'packets_dst': 6, 'ipv4_dst': '149.171.126.16', 'proto': 6, 'bytes_src': 1620, 'packets_src': 15, 'port_src': 13284, 'bytes_dst': 352, 'srv_dst_count': 2}
15-04-2019 14:48:56 Meter ID: 1
15-04-2019 14:48:56 Params: {'ipv4_dst': '149.171.126.16', 'proto': 6, 'port_dst': 80, 'ipv4_src': '175.45.176.0', 'eth_type': 2048, 'port_src': 13284}
[OFPInstructionActions(actions=[OFPActionOutput(len=16,max_len=65509,port=2,type=0)],len=24,type=4), OFPInstructionMeter(len=8,meter_id=1,type=6)]
15-04-2019 14:48:56 Warning: {'port_dst': 52908, 'ipv4_src': '59.166.0.0', 'dst_count': 17, 'packets_dst': 3, 'ipv4_dst': '149.171.126.9', 'proto': 6, 'bytes_src': 474, 'packets_src': 7, 'port_src': 2109, 'bytes_dst': 210, 'srv_dst_count': 1}
15-04-2019 14:48:56 Meter ID: 1
15-04-2019 14:48:56 Params: {'ipv4_dst': '149.171.126.9', 'proto': 6, 'port_dst': 52908, 'ipv4_src': '59.166.0.0', 'eth_type': 2048, 'port_src': 2109}
15-04-2019 14:48:56 [DNN module] Exception during applying warnings
15-04-2019 14:48:56 'eth_dst'
15-04-2019 14:48:56 [DNN module] Actual MAC to port table:
15-04-2019 14:48:56 Switch 1:
15-04-2019 14:48:56 00:00:00:00:00:02 1
15-04-2019 14:48:56 Switch 2:
15-04-2019 14:48:56 00:00:00:00:00:02 2
15-04-2019 14:48:56 00:00:00:00:00:01 1
15-04-2019 14:48:56 Switch 3:
15-04-2019 14:48:56 00:00:00:00:00:01 1
15-04-2019 14:48:56 [DNN module] Iteration done.
15-04-2019 14:48:56  ************************************************************
15-04-2019 14:49:06 [DNN module] Starting new iteration...
15-04-2019 14:49:06 [DNN module] Updating the status of the forwarders...
15-04-2019 14:49:06 [DNN module] Getting active ports of the forwarders...
15-04-2019 14:49:06 [DNN module] Datapath: <ryu.controller.controller.Datapath object at 0x7f0a5d816e90>
[2]: Requesting port stats...
15-04-2019 14:49:06 [DNN module] Datapath: <ryu.controller.controller.Datapath object at 0x7f0a5d816d50>
[1]: Requesting port stats...
15-04-2019 14:49:06 [DNN module] Datapath: <ryu.controller.controller.Datapath object at 0x7f0a5d816dd0>
[3]: Requesting port stats...
[3]: Received port stats
[1]: Received port stats
[2]: Received port stats
15-04-2019 14:49:07 [DNN module] Forwarders: {<ryu.controller.controller.Datapath object at 0x7f0a5d816e90>: [4294967294, 1, 2], <ryu.controller.controller.Datapath object at 0x7f0a5d816d50>: [1, 4294967294], <ryu.controller.controller.Datapath object at 0x7f0a5d816dd0>: [1, 4294967294]}
[2]: Requesting flow stats...
[2]: Requesting flow stats...
[2]: Requesting flow stats...
[1]: Requesting flow stats...
[1]: Requesting flow stats...
[3]: Requesting flow stats...
[3]: Requesting flow stats...
[1]: Received flow stats
No flow stats received
[1]: Received flow stats
No flow stats received
[3]: Received flow stats
No flow stats received
[3]: Received flow stats
No flow stats received
[2]: Received flow stats
No flow stats received
[2]: Received flow stats
Number of received stats 423 from port 1
[2]: Received flow stats
More flow stats replies are expected from port 2
[2]: Received flow stats
Number of received stats 685 from port 2
15-04-2019 14:49:08 [DNN module] Processing 986 packet_ins...
15-04-2019 14:49:09 [DNN module] After unifying we have 986 packet_ins.
15-04-2019 14:49:10 [DNN module] Evaluation of the flows is going to be saved into ../results/pcap0-99_w10.dump
15-04-2019 14:49:10 [DNN module] Evaluation of the flows is successfully saved
15-04-2019 14:49:10 [DNN module] Number of saved flows is 181
15-04-2019 14:49:10 Warnings are 26
15-04-2019 14:49:10 Attacks are 1
15-04-2019 14:49:10 Applying warnings
15-04-2019 14:49:10 Warning: {'port_dst': 80, 'ipv4_src': '175.45.176.0', 'dst_count': 1, 'packets_dst': 0, 'ipv4_dst': '149.171.126.15', 'proto': 6, 'bytes_src': 228, 'packets_src': 4, 'port_src': 23910, 'bytes_dst': 0, 'srv_dst_count': 1}
15-04-2019 14:49:10 Meter ID: 1
15-04-2019 14:49:10 Params: {'ipv4_dst': '149.171.126.15', 'proto': 6, 'port_dst': 80, 'ipv4_src': '175.45.176.0', 'eth_type': 2048, 'port_src': 23910}
15-04-2019 14:49:10 [DNN module] Exception during applying warnings
15-04-2019 14:49:10 'eth_dst'
15-04-2019 14:49:10 [DNN module] Actual MAC to port table:
15-04-2019 14:49:10 Switch 1:
15-04-2019 14:49:10 00:00:00:00:00:02 1
15-04-2019 14:49:10 Switch 2:
15-04-2019 14:49:10 00:00:00:00:00:02 2
15-04-2019 14:49:10 00:00:00:00:00:01 1
15-04-2019 14:49:10 Switch 3:
15-04-2019 14:49:10 00:00:00:00:00:01 1
15-04-2019 14:49:10 [DNN module] Iteration done.
15-04-2019 14:49:10  ************************************************************
15-04-2019 14:49:20 [DNN module] Starting new iteration...
15-04-2019 14:49:20 [DNN module] Updating the status of the forwarders...
15-04-2019 14:49:20 [DNN module] Getting active ports of the forwarders...
15-04-2019 14:49:20 [DNN module] Datapath: <ryu.controller.controller.Datapath object at 0x7f0a5d816e90>
[2]: Requesting port stats...
15-04-2019 14:49:20 [DNN module] Datapath: <ryu.controller.controller.Datapath object at 0x7f0a5d816d50>
[1]: Requesting port stats...
15-04-2019 14:49:20 [DNN module] Datapath: <ryu.controller.controller.Datapath object at 0x7f0a5d816dd0>
[3]: Requesting port stats...
[1]: Received port stats
[2]: Received port stats
[3]: Received port stats
15-04-2019 14:49:21 [DNN module] Forwarders: {<ryu.controller.controller.Datapath object at 0x7f0a5d816e90>: [4294967294, 1, 2], <ryu.controller.controller.Datapath object at 0x7f0a5d816d50>: [1, 4294967294], <ryu.controller.controller.Datapath object at 0x7f0a5d816dd0>: [1, 4294967294]}
[2]: Requesting flow stats...
[2]: Requesting flow stats...
[2]: Requesting flow stats...
[1]: Requesting flow stats...
[1]: Requesting flow stats...
[3]: Requesting flow stats...
[3]: Requesting flow stats...
[1]: Received flow stats
No flow stats received
[1]: Received flow stats
No flow stats received
[2]: Received flow stats
No flow stats received
[3]: Received flow stats
No flow stats received
[3]: Received flow stats
No flow stats received
[2]: Received flow stats
More flow stats replies are expected from port 1
[2]: Received flow stats
Number of received stats 660 from port 1
[2]: Received flow stats
More flow stats replies are expected from port 2
[2]: Received flow stats
Number of received stats 1084 from port 2
15-04-2019 14:49:23 [DNN module] Processing 1106 packet_ins...
15-04-2019 14:49:23 [DNN module] After unifying we have 1106 packet_ins.
15-04-2019 14:49:25 [DNN module] Evaluation of the flows is going to be saved into ../results/pcap0-99_w10.dump
15-04-2019 14:49:25 [DNN module] Evaluation of the flows is successfully saved
15-04-2019 14:49:25 [DNN module] Number of saved flows is 292
15-04-2019 14:49:25 Warnings are 35
15-04-2019 14:49:25 Attacks are 1
15-04-2019 14:49:25 Applying warnings
15-04-2019 14:49:25 Warning: {'port_dst': 64808, 'ipv4_src': '59.166.0.3', 'dst_count': 29, 'packets_dst': 6, 'ipv4_dst': '149.171.126.9', 'proto': 6, 'bytes_src': 960, 'packets_src': 8, 'port_src': 59868, 'bytes_dst': 692, 'srv_dst_count': 1}
15-04-2019 14:49:25 Meter ID: 1
15-04-2019 14:49:25 Params: {'ipv4_dst': '149.171.126.9', 'proto': 6, 'port_dst': 64808, 'ipv4_src': '59.166.0.3', 'eth_type': 2048, 'port_src': 59868}
15-04-2019 14:49:25 [DNN module] Exception during applying warnings
15-04-2019 14:49:25 'eth_dst'
15-04-2019 14:49:25 [DNN module] Actual MAC to port table:
15-04-2019 14:49:25 Switch 1:
15-04-2019 14:49:25 00:00:00:00:00:02 1
15-04-2019 14:49:25 Switch 2:
15-04-2019 14:49:25 00:00:00:00:00:02 2
15-04-2019 14:49:25 00:00:00:00:00:01 1
15-04-2019 14:49:25 Switch 3:
15-04-2019 14:49:25 00:00:00:00:00:01 1
15-04-2019 14:49:25 [DNN module] Iteration done.
15-04-2019 14:49:25  ************************************************************
15-04-2019 14:49:35 [DNN module] Starting new iteration...
15-04-2019 14:49:35 [DNN module] Updating the status of the forwarders...
15-04-2019 14:49:35 [DNN module] Getting active ports of the forwarders...
15-04-2019 14:49:35 [DNN module] Datapath: <ryu.controller.controller.Datapath object at 0x7f0a5d816e90>
[2]: Requesting port stats...
15-04-2019 14:49:35 [DNN module] Datapath: <ryu.controller.controller.Datapath object at 0x7f0a5d816d50>
[1]: Requesting port stats...
15-04-2019 14:49:35 [DNN module] Datapath: <ryu.controller.controller.Datapath object at 0x7f0a5d816dd0>
[3]: Requesting port stats...
[3]: Received port stats
[2]: Received port stats
[1]: Received port stats
15-04-2019 14:49:38 [DNN module] Forwarders: {<ryu.controller.controller.Datapath object at 0x7f0a5d816e90>: [4294967294, 1, 2], <ryu.controller.controller.Datapath object at 0x7f0a5d816d50>: [1, 4294967294], <ryu.controller.controller.Datapath object at 0x7f0a5d816dd0>: [1, 4294967294]}
[2]: Requesting flow stats...
[2]: Requesting flow stats...
[2]: Requesting flow stats...
[1]: Requesting flow stats...
[1]: Requesting flow stats...
[3]: Requesting flow stats...
[3]: Requesting flow stats...
[2]: Received flow stats
No flow stats received
[2]: Received flow stats
More flow stats replies are expected from port 1
[2]: Received flow stats
More flow stats replies are expected from port 1
[2]: Received flow stats
Number of received stats 1157 from port 1
[2]: Received flow stats
More flow stats replies are expected from port 2
[2]: Received flow stats
More flow stats replies are expected from port 2
[2]: Received flow stats
More flow stats replies are expected from port 2
[2]: Received flow stats
Number of received stats 2102 from port 2
[3]: Received flow stats
No flow stats received
[3]: Received flow stats
No flow stats received
[1]: Received flow stats
No flow stats received
[1]: Received flow stats
No flow stats received
15-04-2019 14:49:46 [DNN module] Processing 4013 packet_ins...
15-04-2019 14:49:53 [DNN module] After unifying we have 4013 packet_ins.
15-04-2019 14:50:01 [DNN module] Evaluation of the flows is going to be saved into ../results/pcap0-99_w10.dump
15-04-2019 14:50:01 [DNN module] Evaluation of the flows is successfully saved
15-04-2019 14:50:01 [DNN module] Number of saved flows is 725
15-04-2019 14:50:01 Warnings are 0
15-04-2019 14:50:01 Attacks are 0
15-04-2019 14:50:01 Applying warnings
15-04-2019 14:50:01 [DNN module] Actual MAC to port table:
15-04-2019 14:50:01 Switch 1:
15-04-2019 14:50:01 00:00:00:00:00:02 1
15-04-2019 14:50:01 Switch 2:
15-04-2019 14:50:01 00:00:00:00:00:02 2
15-04-2019 14:50:01 00:00:00:00:00:01 1
15-04-2019 14:50:01 Switch 3:
15-04-2019 14:50:01 00:00:00:00:00:01 1
15-04-2019 14:50:01 [DNN module] Iteration done.
15-04-2019 14:50:01  ************************************************************
MeterStats of 1: ['meter_id=0x00000001 len=56 flow_count=0 packet_in_count=0 byte_in_count=0 duration_sec=126 duration_nsec=277000000 band_stats=[OFPMeterBandStats(byte_band_count=0,packet_band_count=0)]', 'meter_id=0x00000002 len=56 flow_count=0 packet_in_count=0 byte_in_count=0 duration_sec=126 duration_nsec=277000000 band_stats=[OFPMeterBandStats(byte_band_count=0,packet_band_count=0)]']
MeterStats of 3: ['meter_id=0x00000001 len=56 flow_count=0 packet_in_count=0 byte_in_count=0 duration_sec=126 duration_nsec=399000000 band_stats=[OFPMeterBandStats(byte_band_count=0,packet_band_count=0)]', 'meter_id=0x00000002 len=56 flow_count=0 packet_in_count=0 byte_in_count=0 duration_sec=126 duration_nsec=399000000 band_stats=[OFPMeterBandStats(byte_band_count=0,packet_band_count=0)]']
MeterStats of 2: ['meter_id=0x00000001 len=56 flow_count=1 packet_in_count=0 byte_in_count=0 duration_sec=126 duration_nsec=399000000 band_stats=[OFPMeterBandStats(byte_band_count=0,packet_band_count=0)]', 'meter_id=0x00000002 len=56 flow_count=0 packet_in_count=0 byte_in_count=0 duration_sec=126 duration_nsec=399000000 band_stats=[OFPMeterBandStats(byte_band_count=0,packet_band_count=0)]']
15-04-2019 14:50:11 [DNN module] Starting new iteration...
15-04-2019 14:50:11 [DNN module] Updating the status of the forwarders...
15-04-2019 14:50:11 [DNN module] Getting active ports of the forwarders...
15-04-2019 14:50:11 [DNN module] Datapath: <ryu.controller.controller.Datapath object at 0x7f0a4edecc50>
[2]: Requesting port stats...
15-04-2019 14:50:11 [DNN module] Datapath: <ryu.controller.controller.Datapath object at 0x7f0a5d831350>
[1]: Requesting port stats...
15-04-2019 14:50:11 [DNN module] Datapath: <ryu.controller.controller.Datapath object at 0x7f0a4edecf10>
[3]: Requesting port stats...
[2]: Received port stats
[3]: Received port stats
[1]: Received port stats
15-04-2019 14:50:13 [DNN module] Forwarders: {<ryu.controller.controller.Datapath object at 0x7f0a4edecc50>: [4294967294, 1, 2], <ryu.controller.controller.Datapath object at 0x7f0a5d831350>: [1, 4294967294], <ryu.controller.controller.Datapath object at 0x7f0a4edecf10>: [1, 4294967294]}
[2]: Requesting flow stats...
[2]: Requesting flow stats...
[2]: Requesting flow stats...
[1]: Requesting flow stats...
[1]: Requesting flow stats...
[3]: Requesting flow stats...
[3]: Requesting flow stats...
[2]: Received flow stats
No flow stats received
[2]: Received flow stats
More flow stats replies are expected from port 1
[2]: Received flow stats
More flow stats replies are expected from port 1
[2]: Received flow stats
Number of received stats 1319 from port 1
[2]: Received flow stats
More flow stats replies are expected from port 2
[2]: Received flow stats
More flow stats replies are expected from port 2
[2]: Received flow stats
More flow stats replies are expected from port 2
[2]: Received flow stats
More flow stats replies are expected from port 2
[2]: Received flow stats
Number of received stats 2892 from port 2
[3]: Received flow stats
No flow stats received
[3]: Received flow stats
No flow stats received
[1]: Received flow stats
No flow stats received
[1]: Received flow stats
No flow stats received
15-04-2019 14:50:21 [DNN module] Processing 3761 packet_ins...
15-04-2019 14:50:28 [DNN module] After unifying we have 3761 packet_ins.
15-04-2019 14:50:36 [DNN module] Evaluation of the flows is going to be saved into ../results/pcap0-99_w10.dump
15-04-2019 14:50:36 [DNN module] Evaluation of the flows is successfully saved
15-04-2019 14:50:36 [DNN module] Number of saved flows is 769
15-04-2019 14:50:36 Warnings are 10
15-04-2019 14:50:36 Attacks are 2
15-04-2019 14:50:36 Applying warnings
15-04-2019 14:50:36 Warning: {'port_dst': 80, 'ipv4_src': '59.166.0.4', 'dst_count': 53, 'packets_dst': 6, 'ipv4_dst': '149.171.126.0', 'proto': 6, 'bytes_src': 132, 'packets_src': 2, 'port_src': 61278, 'bytes_dst': 8764, 'srv_dst_count': 4}
15-04-2019 14:50:36 Meter ID: 1
15-04-2019 14:50:36 Params: {'ipv4_dst': '149.171.126.0', 'proto': 6, 'port_dst': 80, 'ipv4_src': '59.166.0.4', 'eth_type': 2048, 'port_src': 61278}
15-04-2019 14:50:36 [DNN module] Exception during applying warnings
15-04-2019 14:50:36 'eth_dst'
15-04-2019 14:50:36 [DNN module] Actual MAC to port table:
15-04-2019 14:50:36 Switch 1:
15-04-2019 14:50:36 00:00:00:00:00:02 1
15-04-2019 14:50:36 Switch 2:
15-04-2019 14:50:36 00:00:00:00:00:02 2
15-04-2019 14:50:36 00:00:00:00:00:01 1
15-04-2019 14:50:36 Switch 3:
15-04-2019 14:50:36 00:00:00:00:00:01 1
15-04-2019 14:50:36 [DNN module] Iteration done.
15-04-2019 14:50:36  ************************************************************
MeterStats of 1: ['meter_id=0x00000001 len=56 flow_count=0 packet_in_count=0 byte_in_count=0 duration_sec=161 duration_nsec=289000000 band_stats=[OFPMeterBandStats(byte_band_count=0,packet_band_count=0)]', 'meter_id=0x00000002 len=56 flow_count=0 packet_in_count=0 byte_in_count=0 duration_sec=161 duration_nsec=289000000 band_stats=[OFPMeterBandStats(byte_band_count=0,packet_band_count=0)]']
MeterStats of 2: ['meter_id=0x00000001 len=56 flow_count=1 packet_in_count=0 byte_in_count=0 duration_sec=161 duration_nsec=405000000 band_stats=[OFPMeterBandStats(byte_band_count=0,packet_band_count=0)]', 'meter_id=0x00000002 len=56 flow_count=0 packet_in_count=0 byte_in_count=0 duration_sec=161 duration_nsec=405000000 band_stats=[OFPMeterBandStats(byte_band_count=0,packet_band_count=0)]']
MeterStats of 3: ['meter_id=0x00000001 len=56 flow_count=0 packet_in_count=0 byte_in_count=0 duration_sec=161 duration_nsec=419000000 band_stats=[OFPMeterBandStats(byte_band_count=0,packet_band_count=0)]', 'meter_id=0x00000002 len=56 flow_count=0 packet_in_count=0 byte_in_count=0 duration_sec=161 duration_nsec=419000000 band_stats=[OFPMeterBandStats(byte_band_count=0,packet_band_count=0)]']
15-04-2019 14:50:46 [DNN module] Starting new iteration...
15-04-2019 14:50:46 [DNN module] Updating the status of the forwarders...
15-04-2019 14:50:46 [DNN module] Getting active ports of the forwarders...
15-04-2019 14:50:46 [DNN module] Datapath: <ryu.controller.controller.Datapath object at 0x7f0a5d28f610>
[1]: Requesting port stats...
15-04-2019 14:50:46 [DNN module] Datapath: <ryu.controller.controller.Datapath object at 0x7f0a5d28f8d0>
[2]: Requesting port stats...
15-04-2019 14:50:46 [DNN module] Datapath: <ryu.controller.controller.Datapath object at 0x7f0a4e656550>
[3]: Requesting port stats...
[3]: Received port stats
[2]: Received port stats
[1]: Received port stats
15-04-2019 14:50:50 [DNN module] Forwarders: {<ryu.controller.controller.Datapath object at 0x7f0a5d28f610>: [1, 4294967294], <ryu.controller.controller.Datapath object at 0x7f0a5d28f8d0>: [4294967294, 1, 2], <ryu.controller.controller.Datapath object at 0x7f0a4e656550>: [1, 4294967294]}
[1]: Requesting flow stats...
[1]: Requesting flow stats...
[2]: Requesting flow stats...
[2]: Requesting flow stats...
[2]: Requesting flow stats...
[3]: Requesting flow stats...
[3]: Requesting flow stats...
[2]: Received flow stats
No flow stats received
[2]: Received flow stats
More flow stats replies are expected from port 1
[2]: Received flow stats
More flow stats replies are expected from port 1
[2]: Received flow stats
Number of received stats 1493 from port 1
[2]: Received flow stats
More flow stats replies are expected from port 2
[2]: Received flow stats
More flow stats replies are expected from port 2
[2]: Received flow stats
More flow stats replies are expected from port 2
[2]: Received flow stats
More flow stats replies are expected from port 2
[2]: Received flow stats
More flow stats replies are expected from port 2
[2]: Received flow stats
Number of received stats 3459 from port 2
[3]: Received flow stats
No flow stats received
[3]: Received flow stats
No flow stats received
[1]: Received flow stats
No flow stats received
[1]: Received flow stats
No flow stats received
15-04-2019 14:51:02 [DNN module] Processing 2879 packet_ins...
15-04-2019 14:51:07 [DNN module] After unifying we have 2879 packet_ins.
15-04-2019 14:51:14 [DNN module] Evaluation of the flows is going to be saved into ../results/pcap0-99_w10.dump
15-04-2019 14:51:14 [DNN module] Evaluation of the flows is successfully saved
15-04-2019 14:51:14 [DNN module] Number of saved flows is 603
15-04-2019 14:51:14 Warnings are 29
15-04-2019 14:51:14 Attacks are 5
15-04-2019 14:51:14 Applying warnings
15-04-2019 14:51:14 Warning: {'port_dst': 13883, 'ipv4_src': '59.166.0.4', 'dst_count': 54, 'packets_dst': 30, 'ipv4_dst': '149.171.126.9', 'proto': 6, 'bytes_src': 924, 'packets_src': 14, 'port_src': 8987, 'bytes_dst': 38924, 'srv_dst_count': 1}
15-04-2019 14:51:14 Meter ID: 1
15-04-2019 14:51:14 Params: {'ipv4_dst': '149.171.126.9', 'proto': 6, 'port_dst': 13883, 'ipv4_src': '59.166.0.4', 'eth_type': 2048, 'port_src': 8987}
15-04-2019 14:51:15 [DNN module] Exception during applying warnings
15-04-2019 14:51:15 'eth_dst'
15-04-2019 14:51:15 [DNN module] Actual MAC to port table:
15-04-2019 14:51:15 Switch 1:
15-04-2019 14:51:15 00:00:00:00:00:02 1
15-04-2019 14:51:15 Switch 2:
15-04-2019 14:51:15 00:00:00:00:00:02 2
15-04-2019 14:51:15 00:00:00:00:00:01 1
15-04-2019 14:51:15 Switch 3:
15-04-2019 14:51:15 00:00:00:00:00:01 1
15-04-2019 14:51:15 [DNN module] Iteration done.
15-04-2019 14:51:15  ************************************************************
MeterStats of 3: ['meter_id=0x00000001 len=56 flow_count=0 packet_in_count=0 byte_in_count=0 duration_sec=199 duration_nsec=418000000 band_stats=[OFPMeterBandStats(byte_band_count=0,packet_band_count=0)]', 'meter_id=0x00000002 len=56 flow_count=0 packet_in_count=0 byte_in_count=0 duration_sec=199 duration_nsec=418000000 band_stats=[OFPMeterBandStats(byte_band_count=0,packet_band_count=0)]']
MeterStats of 2: ['meter_id=0x00000001 len=56 flow_count=1 packet_in_count=0 byte_in_count=0 duration_sec=199 duration_nsec=418000000 band_stats=[OFPMeterBandStats(byte_band_count=0,packet_band_count=0)]', 'meter_id=0x00000002 len=56 flow_count=0 packet_in_count=0 byte_in_count=0 duration_sec=199 duration_nsec=418000000 band_stats=[OFPMeterBandStats(byte_band_count=0,packet_band_count=0)]']
MeterStats of 1: ['meter_id=0x00000001 len=56 flow_count=0 packet_in_count=0 byte_in_count=0 duration_sec=199 duration_nsec=419000000 band_stats=[OFPMeterBandStats(byte_band_count=0,packet_band_count=0)]', 'meter_id=0x00000002 len=56 flow_count=0 packet_in_count=0 byte_in_count=0 duration_sec=199 duration_nsec=419000000 band_stats=[OFPMeterBandStats(byte_band_count=0,packet_band_count=0)]']
15-04-2019 14:51:25 [DNN module] Starting new iteration...
15-04-2019 14:51:25 [DNN module] Updating the status of the forwarders...
15-04-2019 14:51:25 [DNN module] Getting active ports of the forwarders...
15-04-2019 14:51:25 [DNN module] Datapath: <ryu.controller.controller.Datapath object at 0x7f0a4e5fb9d0>
[1]: Requesting port stats...
15-04-2019 14:51:25 [DNN module] Datapath: <ryu.controller.controller.Datapath object at 0x7f0a4e5fb890>
[2]: Requesting port stats...
15-04-2019 14:51:25 [DNN module] Datapath: <ryu.controller.controller.Datapath object at 0x7f0a4e5fb7d0>
[3]: Requesting port stats...
[1]: Received port stats
[3]: Received port stats
[2]: Received port stats
15-04-2019 14:51:26 [DNN module] Forwarders: {<ryu.controller.controller.Datapath object at 0x7f0a4e5fb9d0>: [1, 4294967294], <ryu.controller.controller.Datapath object at 0x7f0a4e5fb890>: [4294967294, 1, 2], <ryu.controller.controller.Datapath object at 0x7f0a4e5fb7d0>: [1, 4294967294]}
[1]: Requesting flow stats...
[1]: Requesting flow stats...
[2]: Requesting flow stats...
[2]: Requesting flow stats...
[2]: Requesting flow stats...
[3]: Requesting flow stats...
[3]: Requesting flow stats...
[3]: Received flow stats
No flow stats received
[2]: Received flow stats
No flow stats received
[3]: Received flow stats
No flow stats received
[2]: Received flow stats
More flow stats replies are expected from port 1
[2]: Received flow stats
More flow stats replies are expected from port 1
[2]: Received flow stats
More flow stats replies are expected from port 1
[2]: Received flow stats
Number of received stats 1634 from port 1
[2]: Received flow stats
More flow stats replies are expected from port 2
[2]: Received flow stats
More flow stats replies are expected from port 2
[2]: Received flow stats
More flow stats replies are expected from port 2
[2]: Received flow stats
More flow stats replies are expected from port 2
[2]: Received flow stats
More flow stats replies are expected from port 2
[2]: Received flow stats
More flow stats replies are expected from port 2
[2]: Received flow stats
Number of received stats 3807 from port 2
[1]: Received flow stats
No flow stats received
[1]: Received flow stats
No flow stats received
15-04-2019 14:51:34 [DNN module] Processing 3292 packet_ins...
15-04-2019 14:51:39 [DNN module] After unifying we have 3292 packet_ins.
15-04-2019 14:51:44 [DNN module] Evaluation of the flows is going to be saved into ../results/pcap0-99_w10.dump
15-04-2019 14:51:44 [DNN module] Evaluation of the flows is successfully saved
15-04-2019 14:51:44 [DNN module] Number of saved flows is 276
15-04-2019 14:51:44 Warnings are 29
15-04-2019 14:51:44 Attacks are 15
15-04-2019 14:51:44 Applying warnings
15-04-2019 14:51:44 Warning: {'port_dst': 32103, 'ipv4_src': '59.166.0.2', 'dst_count': 22, 'packets_dst': 18, 'ipv4_dst': '149.171.126.5', 'proto': 6, 'bytes_src': 660, 'packets_src': 10, 'port_src': 53437, 'bytes_dst': 19388, 'srv_dst_count': 1}
15-04-2019 14:51:44 Meter ID: 1
15-04-2019 14:51:44 Params: {'ipv4_dst': '149.171.126.5', 'proto': 6, 'port_dst': 32103, 'ipv4_src': '59.166.0.2', 'eth_type': 2048, 'port_src': 53437}
15-04-2019 14:51:44 [DNN module] Exception during applying warnings
15-04-2019 14:51:44 'eth_dst'
15-04-2019 14:51:44 [DNN module] Actual MAC to port table:
15-04-2019 14:51:44 Switch 1:
15-04-2019 14:51:44 00:00:00:00:00:02 1
15-04-2019 14:51:44 Switch 2:
15-04-2019 14:51:44 00:00:00:00:00:02 2
15-04-2019 14:51:44 00:00:00:00:00:01 1
15-04-2019 14:51:44 Switch 3:
15-04-2019 14:51:44 00:00:00:00:00:01 1
15-04-2019 14:51:44 [DNN module] Iteration done.
15-04-2019 14:51:44  ************************************************************
MeterStats of 2: ['meter_id=0x00000001 len=56 flow_count=1 packet_in_count=0 byte_in_count=0 duration_sec=229 duration_nsec=182000000 band_stats=[OFPMeterBandStats(byte_band_count=0,packet_band_count=0)]', 'meter_id=0x00000002 len=56 flow_count=0 packet_in_count=0 byte_in_count=0 duration_sec=229 duration_nsec=182000000 band_stats=[OFPMeterBandStats(byte_band_count=0,packet_band_count=0)]']
MeterStats of 1: ['meter_id=0x00000001 len=56 flow_count=0 packet_in_count=0 byte_in_count=0 duration_sec=229 duration_nsec=184000000 band_stats=[OFPMeterBandStats(byte_band_count=0,packet_band_count=0)]', 'meter_id=0x00000002 len=56 flow_count=0 packet_in_count=0 byte_in_count=0 duration_sec=229 duration_nsec=184000000 band_stats=[OFPMeterBandStats(byte_band_count=0,packet_band_count=0)]']
MeterStats of 3: ['meter_id=0x00000001 len=56 flow_count=0 packet_in_count=0 byte_in_count=0 duration_sec=229 duration_nsec=183000000 band_stats=[OFPMeterBandStats(byte_band_count=0,packet_band_count=0)]', 'meter_id=0x00000002 len=56 flow_count=0 packet_in_count=0 byte_in_count=0 duration_sec=229 duration_nsec=183000000 band_stats=[OFPMeterBandStats(byte_band_count=0,packet_band_count=0)]']
15-04-2019 14:51:54 [DNN module] Starting new iteration...
15-04-2019 14:51:54 [DNN module] Updating the status of the forwarders...
15-04-2019 14:51:54 [DNN module] Getting active ports of the forwarders...
15-04-2019 14:51:54 [DNN module] Datapath: <ryu.controller.controller.Datapath object at 0x7f0a5c026f90>
[2]: Requesting port stats...
15-04-2019 14:51:54 [DNN module] Datapath: <ryu.controller.controller.Datapath object at 0x7f0a5d4d1d10>
[1]: Requesting port stats...
15-04-2019 14:51:54 [DNN module] Datapath: <ryu.controller.controller.Datapath object at 0x7f0a5c3b2d10>
[3]: Requesting port stats...
[3]: Received port stats
[2]: Received port stats
[1]: Received port stats
15-04-2019 14:52:02 [DNN module] Forwarders: {<ryu.controller.controller.Datapath object at 0x7f0a5c026f90>: [4294967294, 1, 2], <ryu.controller.controller.Datapath object at 0x7f0a5d4d1d10>: [1, 4294967294], <ryu.controller.controller.Datapath object at 0x7f0a5c3b2d10>: [1, 4294967294]}
[2]: Requesting flow stats...
[2]: Requesting flow stats...
[2]: Requesting flow stats...
[1]: Requesting flow stats...
[1]: Requesting flow stats...
[3]: Requesting flow stats...
[3]: Requesting flow stats...
[3]: Received flow stats
No flow stats received
[3]: Received flow stats
No flow stats received
[2]: Received flow stats
No flow stats received
[2]: Received flow stats
More flow stats replies are expected from port 1
[2]: Received flow stats
More flow stats replies are expected from port 1
[2]: Received flow stats
More flow stats replies are expected from port 1
[2]: Received flow stats
Number of received stats 1750 from port 1
[2]: Received flow stats
More flow stats replies are expected from port 2
[2]: Received flow stats
More flow stats replies are expected from port 2
[2]: Received flow stats
More flow stats replies are expected from port 2
[2]: Received flow stats
More flow stats replies are expected from port 2
[2]: Received flow stats
More flow stats replies are expected from port 2
[2]: Received flow stats
More flow stats replies are expected from port 2
[2]: Received flow stats
Number of received stats 4090 from port 2
[1]: Received flow stats
No flow stats received
[1]: Received flow stats
No flow stats received
15-04-2019 14:52:20 [DNN module] Processing 5482 packet_ins...
15-04-2019 14:52:33 [DNN module] After unifying we have 5482 packet_ins.
15-04-2019 14:52:40 [DNN module] Evaluation of the flows is going to be saved into ../results/pcap0-99_w10.dump
15-04-2019 14:52:40 [DNN module] Evaluation of the flows is successfully saved
15-04-2019 14:52:40 [DNN module] Number of saved flows is 182
15-04-2019 14:52:40 Warnings are 7
15-04-2019 14:52:40 Attacks are 5
15-04-2019 14:52:40 Applying warnings
15-04-2019 14:52:40 Warning: {'port_dst': 21, 'ipv4_src': '59.166.0.9', 'dst_count': 27, 'packets_dst': 8, 'ipv4_dst': '149.171.126.3', 'proto': 6, 'bytes_src': 690, 'packets_src': 10, 'port_src': 18836, 'bytes_dst': 666, 'srv_dst_count': 2}
15-04-2019 14:52:40 Meter ID: 1
15-04-2019 14:52:40 Params: {'ipv4_dst': '149.171.126.3', 'proto': 6, 'port_dst': 21, 'ipv4_src': '59.166.0.9', 'eth_type': 2048, 'port_src': 18836}
15-04-2019 14:52:40 [DNN module] Exception during applying warnings
15-04-2019 14:52:40 'eth_dst'
15-04-2019 14:52:40 [DNN module] Actual MAC to port table:
15-04-2019 14:52:40 Switch 1:
15-04-2019 14:52:40 00:00:00:00:00:02 1
15-04-2019 14:52:40 Switch 2:
15-04-2019 14:52:40 00:00:00:00:00:02 2
15-04-2019 14:52:40 00:00:00:00:00:01 1
15-04-2019 14:52:40 Switch 3:
15-04-2019 14:52:40 00:00:00:00:00:01 1
15-04-2019 14:52:40 [DNN module] Iteration done.
15-04-2019 14:52:40  ************************************************************
MeterStats of 1: ['meter_id=0x00000001 len=56 flow_count=0 packet_in_count=0 byte_in_count=0 duration_sec=284 duration_nsec=741000000 band_stats=[OFPMeterBandStats(byte_band_count=0,packet_band_count=0)]', 'meter_id=0x00000002 len=56 flow_count=0 packet_in_count=0 byte_in_count=0 duration_sec=284 duration_nsec=741000000 band_stats=[OFPMeterBandStats(byte_band_count=0,packet_band_count=0)]']
MeterStats of 2: ['meter_id=0x00000001 len=56 flow_count=1 packet_in_count=0 byte_in_count=0 duration_sec=284 duration_nsec=741000000 band_stats=[OFPMeterBandStats(byte_band_count=0,packet_band_count=0)]', 'meter_id=0x00000002 len=56 flow_count=0 packet_in_count=0 byte_in_count=0 duration_sec=284 duration_nsec=741000000 band_stats=[OFPMeterBandStats(byte_band_count=0,packet_band_count=0)]']
MeterStats of 3: ['meter_id=0x00000001 len=56 flow_count=0 packet_in_count=0 byte_in_count=0 duration_sec=284 duration_nsec=741000000 band_stats=[OFPMeterBandStats(byte_band_count=0,packet_band_count=0)]', 'meter_id=0x00000002 len=56 flow_count=0 packet_in_count=0 byte_in_count=0 duration_sec=284 duration_nsec=741000000 band_stats=[OFPMeterBandStats(byte_band_count=0,packet_band_count=0)]']
15-04-2019 14:52:50 [DNN module] Starting new iteration...
15-04-2019 14:52:50 [DNN module] Updating the status of the forwarders...
15-04-2019 14:52:50 [DNN module] Getting active ports of the forwarders...
15-04-2019 14:52:50 [DNN module] Datapath: <ryu.controller.controller.Datapath object at 0x7f0a4f3b2210>
[3]: Requesting port stats...
15-04-2019 14:52:50 [DNN module] Datapath: <ryu.controller.controller.Datapath object at 0x7f0a4e985450>
[1]: Requesting port stats...
15-04-2019 14:52:50 [DNN module] Datapath: <ryu.controller.controller.Datapath object at 0x7f0a4f3b5450>
[2]: Requesting port stats...
[1]: Received port stats
[2]: Received port stats
[3]: Received port stats
15-04-2019 14:52:51 [DNN module] Forwarders: {<ryu.controller.controller.Datapath object at 0x7f0a4f3b2210>: [1, 4294967294], <ryu.controller.controller.Datapath object at 0x7f0a4e985450>: [1, 4294967294], <ryu.controller.controller.Datapath object at 0x7f0a4f3b5450>: [4294967294, 1, 2]}
[3]: Requesting flow stats...
[3]: Requesting flow stats...
[1]: Requesting flow stats...
[1]: Requesting flow stats...
[2]: Requesting flow stats...
[2]: Requesting flow stats...
[2]: Requesting flow stats...
[3]: Received flow stats
No flow stats received
[3]: Received flow stats
No flow stats received
[2]: Received flow stats
No flow stats received
[2]: Received flow stats
More flow stats replies are expected from port 1
[2]: Received flow stats
More flow stats replies are expected from port 1
[2]: Received flow stats
More flow stats replies are expected from port 1
[2]: Received flow stats
Number of received stats 1821 from port 1
[2]: Received flow stats
More flow stats replies are expected from port 2
[2]: Received flow stats
More flow stats replies are expected from port 2
[2]: Received flow stats
More flow stats replies are expected from port 2
[2]: Received flow stats
More flow stats replies are expected from port 2
[2]: Received flow stats
More flow stats replies are expected from port 2
[2]: Received flow stats
More flow stats replies are expected from port 2
[2]: Received flow stats
More flow stats replies are expected from port 2
[2]: Received flow stats
Number of received stats 4261 from port 2
[1]: Received flow stats
No flow stats received
[1]: Received flow stats
No flow stats received
15-04-2019 14:53:02 [DNN module] Processing 5441 packet_ins...
15-04-2019 14:53:15 [DNN module] After unifying we have 5441 packet_ins.
15-04-2019 14:53:21 [DNN module] Evaluation of the flows is going to be saved into ../results/pcap0-99_w10.dump
15-04-2019 14:53:21 [DNN module] Evaluation of the flows is successfully saved
15-04-2019 14:53:21 [DNN module] Number of saved flows is 108
15-04-2019 14:53:21 Warnings are 4
15-04-2019 14:53:21 Attacks are 3
15-04-2019 14:53:21 Applying warnings
15-04-2019 14:53:21 Warning: {'port_dst': 5190, 'ipv4_src': '59.166.0.7', 'dst_count': 21, 'packets_dst': 12, 'ipv4_dst': '149.171.126.1', 'proto': 6, 'bytes_src': 1232, 'packets_src': 12, 'port_src': 9877, 'bytes_dst': 2428, 'srv_dst_count': 1}
15-04-2019 14:53:21 Meter ID: 1
15-04-2019 14:53:21 Params: {'ipv4_dst': '149.171.126.1', 'proto': 6, 'port_dst': 5190, 'ipv4_src': '59.166.0.7', 'eth_type': 2048, 'port_src': 9877}
[OFPInstructionActions(actions=[OFPActionOutput(len=16,max_len=65509,port=2,type=0)],len=24,type=4), OFPInstructionMeter(len=8,meter_id=1,type=6)]
15-04-2019 14:53:21 Warning: {'port_dst': 80, 'ipv4_src': '175.45.176.0', 'dst_count': 1, 'packets_dst': 6, 'ipv4_dst': '149.171.126.17', 'proto': 6, 'bytes_src': 1152, 'packets_src': 10, 'port_src': 28807, 'bytes_dst': 364, 'srv_dst_count': 1}
15-04-2019 14:53:21 Meter ID: 1
15-04-2019 14:53:21 Params: {'ipv4_dst': '149.171.126.17', 'proto': 6, 'port_dst': 80, 'ipv4_src': '175.45.176.0', 'eth_type': 2048, 'port_src': 28807}
15-04-2019 14:53:21 [DNN module] Exception during applying warnings
15-04-2019 14:53:21 'eth_dst'
15-04-2019 14:53:21 [DNN module] Actual MAC to port table:
15-04-2019 14:53:21 Switch 1:
15-04-2019 14:53:21 00:00:00:00:00:02 1
15-04-2019 14:53:21 Switch 2:
15-04-2019 14:53:21 00:00:00:00:00:02 2
15-04-2019 14:53:21 00:00:00:00:00:01 1
15-04-2019 14:53:21 Switch 3:
15-04-2019 14:53:21 00:00:00:00:00:01 1
15-04-2019 14:53:21 [DNN module] Iteration done.
15-04-2019 14:53:21  ************************************************************
MeterStats of 2: ['meter_id=0x00000001 len=56 flow_count=1 packet_in_count=0 byte_in_count=0 duration_sec=325 duration_nsec=415000000 band_stats=[OFPMeterBandStats(byte_band_count=0,packet_band_count=0)]', 'meter_id=0x00000002 len=56 flow_count=0 packet_in_count=0 byte_in_count=0 duration_sec=325 duration_nsec=415000000 band_stats=[OFPMeterBandStats(byte_band_count=0,packet_band_count=0)]']
MeterStats of 1: ['meter_id=0x00000001 len=56 flow_count=0 packet_in_count=0 byte_in_count=0 duration_sec=325 duration_nsec=997000000 band_stats=[OFPMeterBandStats(byte_band_count=0,packet_band_count=0)]', 'meter_id=0x00000002 len=56 flow_count=0 packet_in_count=0 byte_in_count=0 duration_sec=325 duration_nsec=997000000 band_stats=[OFPMeterBandStats(byte_band_count=0,packet_band_count=0)]']
MeterStats of 3: ['meter_id=0x00000001 len=56 flow_count=0 packet_in_count=0 byte_in_count=0 duration_sec=326 duration_nsec=0 band_stats=[OFPMeterBandStats(byte_band_count=0,packet_band_count=0)]', 'meter_id=0x00000002 len=56 flow_count=0 packet_in_count=0 byte_in_count=0 duration_sec=326 duration_nsec=0 band_stats=[OFPMeterBandStats(byte_band_count=0,packet_band_count=0)]']
15-04-2019 14:53:31 [DNN module] Starting new iteration...
15-04-2019 14:53:31 [DNN module] Updating the status of the forwarders...
15-04-2019 14:53:31 [DNN module] Getting active ports of the forwarders...
15-04-2019 14:53:31 [DNN module] Datapath: <ryu.controller.controller.Datapath object at 0x7f0a4ccf5e50>
[3]: Requesting port stats...
15-04-2019 14:53:31 [DNN module] Datapath: <ryu.controller.controller.Datapath object at 0x7f0a5d4bc110>
[2]: Requesting port stats...
15-04-2019 14:53:31 [DNN module] Datapath: <ryu.controller.controller.Datapath object at 0x7f0a4ccf54d0>
[1]: Requesting port stats...
[3]: Received port stats
[1]: Received port stats
[2]: Received port stats
15-04-2019 14:53:32 [DNN module] Forwarders: {<ryu.controller.controller.Datapath object at 0x7f0a4ccf5e50>: [1, 4294967294], <ryu.controller.controller.Datapath object at 0x7f0a5d4bc110>: [4294967294, 1, 2], <ryu.controller.controller.Datapath object at 0x7f0a4ccf54d0>: [1, 4294967294]}
[3]: Requesting flow stats...
[3]: Requesting flow stats...
[2]: Requesting flow stats...
[2]: Requesting flow stats...
[2]: Requesting flow stats...
[1]: Requesting flow stats...
[1]: Requesting flow stats...
[3]: Received flow stats
No flow stats received
[3]: Received flow stats
No flow stats received
[2]: Received flow stats
No flow stats received
[2]: Received flow stats
More flow stats replies are expected from port 1
[2]: Received flow stats
More flow stats replies are expected from port 1
[2]: Received flow stats
More flow stats replies are expected from port 1
[2]: Received flow stats
Number of received stats 1821 from port 1
[2]: Received flow stats
More flow stats replies are expected from port 2
[2]: Received flow stats
More flow stats replies are expected from port 2
[2]: Received flow stats
More flow stats replies are expected from port 2
[2]: Received flow stats
More flow stats replies are expected from port 2
[2]: Received flow stats
More flow stats replies are expected from port 2
[2]: Received flow stats
More flow stats replies are expected from port 2
[2]: Received flow stats
More flow stats replies are expected from port 2
[2]: Received flow stats
Number of received stats 4261 from port 2
[1]: Received flow stats
No flow stats received
[1]: Received flow stats
No flow stats received
15-04-2019 14:53:42 [DNN module] No new packet_ins.
15-04-2019 14:53:42 [DNN module] No flow stats available
15-04-2019 14:53:42 [DNN module] Actual MAC to port table:
15-04-2019 14:53:42 Switch 1:
15-04-2019 14:53:42 00:00:00:00:00:02 1
15-04-2019 14:53:42 Switch 2:
15-04-2019 14:53:42 00:00:00:00:00:02 2
15-04-2019 14:53:42 00:00:00:00:00:01 1
15-04-2019 14:53:42 Switch 3:
15-04-2019 14:53:42 00:00:00:00:00:01 1
15-04-2019 14:53:42 [DNN module] Iteration done.
15-04-2019 14:53:42  ************************************************************
MeterStats of 1: ['meter_id=0x00000001 len=56 flow_count=0 packet_in_count=0 byte_in_count=0 duration_sec=346 duration_nsec=999000000 band_stats=[OFPMeterBandStats(byte_band_count=0,packet_band_count=0)]', 'meter_id=0x00000002 len=56 flow_count=0 packet_in_count=0 byte_in_count=0 duration_sec=346 duration_nsec=999000000 band_stats=[OFPMeterBandStats(byte_band_count=0,packet_band_count=0)]']
MeterStats of 3: ['meter_id=0x00000001 len=56 flow_count=0 packet_in_count=0 byte_in_count=0 duration_sec=347 duration_nsec=3000000 band_stats=[OFPMeterBandStats(byte_band_count=0,packet_band_count=0)]', 'meter_id=0x00000002 len=56 flow_count=0 packet_in_count=0 byte_in_count=0 duration_sec=347 duration_nsec=3000000 band_stats=[OFPMeterBandStats(byte_band_count=0,packet_band_count=0)]']
