loading app simple_switch_13.py
Using TensorFlow backend.
loading app ryu.controller.ofp_handler
instantiating app simple_switch_13.py of SimpleSwitch13
15-04-2019 14:54:27 REFRESH_RATE is 20
15-04-2019 14:54:27 FW_REFRESH_RATE is 1
15-04-2019 14:54:27 TIMEOUT is 30
15-04-2019 14:54:27 FLOWS_DUMP_FILE is ../results/pcap0-99_w20.dump
2019-04-15 14:54:27.433956: I tensorflow/core/platform/cpu_feature_guard.cc:141] Your CPU supports instructions that this TensorFlow binary was not compiled to use: AVX2
15-04-2019 14:54:28 DNN_MODEL is ../models/DNN_model_all_binary_full.h5
/usr/local/lib/python2.7/dist-packages/sklearn/base.py:251: UserWarning: Trying to unpickle estimator StandardScaler from version 0.20.3 when using version 0.20.2. This might lead to breaking code or invalid results. Use at your own risk.
  UserWarning)
15-04-2019 14:54:28 DNN_SCALER is ../models/DNN_model_all_binary_full_scaler.sav
15-04-2019 14:54:28 Intervals are:
15-04-2019 14:54:28 Normal is [0.0, 0.5]
15-04-2019 14:54:28 Warning is [0.5, 0.85]
15-04-2019 14:54:28 Best Effort is [0.85, 0.95]
15-04-2019 14:54:28 Attack is [0.95, 1.0]
15-04-2019 14:54:28 [DNN module] DNN module initialized
15-04-2019 14:54:28 [DNN module] Starting new iteration...
15-04-2019 14:54:28 [DNN module] Updating the status of the forwarders...
15-04-2019 14:54:28 [DNN module] Getting active ports of the forwarders...
15-04-2019 14:54:28 [DNN module] No forwarders are online
15-04-2019 14:54:28 [DNN module] An error occured during updating forwarders. Skipping requesting of flow stats.
15-04-2019 14:54:28 [DNN module] Iteration done.
15-04-2019 14:54:28  ************************************************************
instantiating app ryu.controller.ofp_handler of OFPHandler
MeterStats of 1: ['meter_id=0x00000001 len=56 flow_count=0 packet_in_count=0 byte_in_count=0 duration_sec=0 duration_nsec=0 band_stats=[OFPMeterBandStats(byte_band_count=0,packet_band_count=0)]', 'meter_id=0x00000002 len=56 flow_count=0 packet_in_count=0 byte_in_count=0 duration_sec=0 duration_nsec=0 band_stats=[OFPMeterBandStats(byte_band_count=0,packet_band_count=0)]']
MeterStats of 2: ['meter_id=0x00000001 len=56 flow_count=0 packet_in_count=0 byte_in_count=0 duration_sec=0 duration_nsec=0 band_stats=[OFPMeterBandStats(byte_band_count=0,packet_band_count=0)]', 'meter_id=0x00000002 len=56 flow_count=0 packet_in_count=0 byte_in_count=0 duration_sec=0 duration_nsec=0 band_stats=[OFPMeterBandStats(byte_band_count=0,packet_band_count=0)]']
MeterStats of 3: ['meter_id=0x00000001 len=56 flow_count=0 packet_in_count=0 byte_in_count=0 duration_sec=0 duration_nsec=0 band_stats=[OFPMeterBandStats(byte_band_count=0,packet_band_count=0)]', 'meter_id=0x00000002 len=56 flow_count=0 packet_in_count=0 byte_in_count=0 duration_sec=0 duration_nsec=0 band_stats=[OFPMeterBandStats(byte_band_count=0,packet_band_count=0)]']
15-04-2019 14:54:48 [DNN module] Starting new iteration...
15-04-2019 14:54:48 [DNN module] Updating the status of the forwarders...
15-04-2019 14:54:48 [DNN module] Getting active ports of the forwarders...
15-04-2019 14:54:48 [DNN module] Datapath: <ryu.controller.controller.Datapath object at 0x7f376cbc9e10>
[1]: Requesting port stats...
15-04-2019 14:54:48 [DNN module] Datapath: <ryu.controller.controller.Datapath object at 0x7f376cbe56d0>
[3]: Requesting port stats...
15-04-2019 14:54:48 [DNN module] Datapath: <ryu.controller.controller.Datapath object at 0x7f376cbe5090>
[2]: Requesting port stats...
[3]: Received port stats
[2]: Received port stats
[1]: Received port stats
15-04-2019 14:54:49 [DNN module] Forwarders: {<ryu.controller.controller.Datapath object at 0x7f376cbc9e10>: [1, 4294967294], <ryu.controller.controller.Datapath object at 0x7f376cbe56d0>: [1, 4294967294], <ryu.controller.controller.Datapath object at 0x7f376cbe5090>: [4294967294, 1, 2]}
[1]: Requesting flow stats...
[1]: Requesting flow stats...
[3]: Requesting flow stats...
[3]: Requesting flow stats...
[2]: Requesting flow stats...
[2]: Requesting flow stats...
[2]: Requesting flow stats...
[1]: Received flow stats
No flow stats received
[1]: Received flow stats
No flow stats received
[3]: Received flow stats
No flow stats received
[3]: Received flow stats
No flow stats received
[2]: Received flow stats
No flow stats received
[2]: Received flow stats
No flow stats received
[2]: Received flow stats
No flow stats received
15-04-2019 14:54:50 [DNN module] No flow stats available
15-04-2019 14:54:50 [DNN module] Iteration done.
15-04-2019 14:54:50  ************************************************************
15-04-2019 14:55:10 [DNN module] Starting new iteration...
15-04-2019 14:55:10 [DNN module] Updating the status of the forwarders...
15-04-2019 14:55:10 [DNN module] Getting active ports of the forwarders...
15-04-2019 14:55:10 [DNN module] Datapath: <ryu.controller.controller.Datapath object at 0x7f376cbc9e10>
[1]: Requesting port stats...
15-04-2019 14:55:10 [DNN module] Datapath: <ryu.controller.controller.Datapath object at 0x7f376cbe56d0>
[3]: Requesting port stats...
15-04-2019 14:55:10 [DNN module] Datapath: <ryu.controller.controller.Datapath object at 0x7f376cbe5090>
[2]: Requesting port stats...
[2]: Received port stats
[1]: Received port stats
[3]: Received port stats
15-04-2019 14:55:11 [DNN module] Forwarders: {<ryu.controller.controller.Datapath object at 0x7f376cbc9e10>: [1, 4294967294], <ryu.controller.controller.Datapath object at 0x7f376cbe56d0>: [1, 4294967294], <ryu.controller.controller.Datapath object at 0x7f376cbe5090>: [4294967294, 1, 2]}
[1]: Requesting flow stats...
[1]: Requesting flow stats...
[3]: Requesting flow stats...
[3]: Requesting flow stats...
[2]: Requesting flow stats...
[2]: Requesting flow stats...
[2]: Requesting flow stats...
[1]: Received flow stats
No flow stats received
[1]: Received flow stats
No flow stats received
[3]: Received flow stats
No flow stats received
[3]: Received flow stats
No flow stats received
[2]: Received flow stats
No flow stats received
[2]: Received flow stats
No flow stats received
[2]: Received flow stats
No flow stats received
15-04-2019 14:55:12 [DNN module] No flow stats available
15-04-2019 14:55:12 [DNN module] Actual MAC to port table:
15-04-2019 14:55:12 Switch 1:
15-04-2019 14:55:12 00:00:00:00:00:02 1
15-04-2019 14:55:12 Switch 2:
15-04-2019 14:55:12 00:00:00:00:00:02 2
15-04-2019 14:55:12 [DNN module] Iteration done.
15-04-2019 14:55:12  ************************************************************
15-04-2019 14:55:32 [DNN module] Starting new iteration...
15-04-2019 14:55:32 [DNN module] Updating the status of the forwarders...
15-04-2019 14:55:32 [DNN module] Getting active ports of the forwarders...
15-04-2019 14:55:32 [DNN module] Datapath: <ryu.controller.controller.Datapath object at 0x7f376cbc9e10>
[1]: Requesting port stats...
15-04-2019 14:55:32 [DNN module] Datapath: <ryu.controller.controller.Datapath object at 0x7f376cbe56d0>
[3]: Requesting port stats...
15-04-2019 14:55:32 [DNN module] Datapath: <ryu.controller.controller.Datapath object at 0x7f376cbe5090>
[2]: Requesting port stats...
[3]: Received port stats
[2]: Received port stats
[1]: Received port stats
15-04-2019 14:55:33 [DNN module] Forwarders: {<ryu.controller.controller.Datapath object at 0x7f376cbc9e10>: [1, 4294967294], <ryu.controller.controller.Datapath object at 0x7f376cbe56d0>: [1, 4294967294], <ryu.controller.controller.Datapath object at 0x7f376cbe5090>: [4294967294, 1, 2]}
[1]: Requesting flow stats...
[1]: Requesting flow stats...
[3]: Requesting flow stats...
[3]: Requesting flow stats...
[2]: Requesting flow stats...
[2]: Requesting flow stats...
[2]: Requesting flow stats...
[1]: Received flow stats
No flow stats received
[1]: Received flow stats
No flow stats received
[2]: Received flow stats
No flow stats received
[2]: Received flow stats
Number of received stats 91 from port 1
[2]: Received flow stats
Number of received stats 153 from port 2
[3]: Received flow stats
No flow stats received
[3]: Received flow stats
No flow stats received
15-04-2019 14:55:34 [DNN module] Processing 351 packet_ins...
15-04-2019 14:55:35 [DNN module] After unifying we have 351 packet_ins.
/home/jozef/PycharmProjects/DP_Security_improvements/controller_scripts/dnn_module.py:535: DataConversionWarning: Data with input dtype object were all converted to float64 by StandardScaler.
  return self.scaler.transform(samples)
15-04-2019 14:55:35 [DNN module] Evaluation of the flows is going to be saved into ../results/pcap0-99_w20.dump
15-04-2019 14:55:35 [DNN module] Evaluation of the flows is successfully saved
15-04-2019 14:55:35 [DNN module] Number of saved flows is 66
15-04-2019 14:55:35 Warnings are 5
15-04-2019 14:55:35 Attacks are 1
15-04-2019 14:55:35 Applying warnings
15-04-2019 14:55:35 Warning: {'port_dst': 80, 'ipv4_src': '175.45.176.0', 'dst_count': 3, 'packets_dst': 6, 'ipv4_dst': '149.171.126.16', 'proto': 6, 'bytes_src': 1620, 'packets_src': 15, 'port_src': 13284, 'bytes_dst': 352, 'srv_dst_count': 2}
15-04-2019 14:55:35 Meter ID: 1
15-04-2019 14:55:35 Params: {'ipv4_dst': '149.171.126.16', 'proto': 6, 'port_dst': 80, 'ipv4_src': '175.45.176.0', 'eth_type': 2048, 'port_src': 13284}
[OFPInstructionActions(actions=[OFPActionOutput(len=16,max_len=65509,port=2,type=0)],len=24,type=4), OFPInstructionMeter(len=8,meter_id=1,type=6)]
15-04-2019 14:55:35 Warning: {'port_dst': 48017, 'ipv4_src': '59.166.0.9', 'dst_count': 10, 'packets_dst': 2, 'ipv4_dst': '149.171.126.8', 'proto': 6, 'bytes_src': 404, 'packets_src': 6, 'port_src': 42988, 'bytes_dst': 140, 'srv_dst_count': 1}
15-04-2019 14:55:35 Meter ID: 1
15-04-2019 14:55:35 Params: {'ipv4_dst': '149.171.126.8', 'proto': 6, 'port_dst': 48017, 'ipv4_src': '59.166.0.9', 'eth_type': 2048, 'port_src': 42988}
15-04-2019 14:55:35 [DNN module] Exception during applying warnings
15-04-2019 14:55:35 'eth_dst'
15-04-2019 14:55:35 [DNN module] Actual MAC to port table:
15-04-2019 14:55:35 Switch 1:
15-04-2019 14:55:35 00:00:00:00:00:02 1
15-04-2019 14:55:35 Switch 2:
15-04-2019 14:55:35 00:00:00:00:00:02 2
15-04-2019 14:55:35 00:00:00:00:00:01 1
15-04-2019 14:55:35 Switch 3:
15-04-2019 14:55:35 00:00:00:00:00:01 1
15-04-2019 14:55:35 [DNN module] Iteration done.
15-04-2019 14:55:35  ************************************************************
15-04-2019 14:55:55 [DNN module] Starting new iteration...
15-04-2019 14:55:55 [DNN module] Updating the status of the forwarders...
15-04-2019 14:55:55 [DNN module] Getting active ports of the forwarders...
15-04-2019 14:55:55 [DNN module] Datapath: <ryu.controller.controller.Datapath object at 0x7f376cbc9e10>
[1]: Requesting port stats...
15-04-2019 14:55:55 [DNN module] Datapath: <ryu.controller.controller.Datapath object at 0x7f376cbe56d0>
[3]: Requesting port stats...
15-04-2019 14:55:55 [DNN module] Datapath: <ryu.controller.controller.Datapath object at 0x7f376cbe5090>
[2]: Requesting port stats...
[1]: Received port stats
[3]: Received port stats
[2]: Received port stats
15-04-2019 14:55:56 [DNN module] Forwarders: {<ryu.controller.controller.Datapath object at 0x7f376cbc9e10>: [1, 4294967294], <ryu.controller.controller.Datapath object at 0x7f376cbe56d0>: [1, 4294967294], <ryu.controller.controller.Datapath object at 0x7f376cbe5090>: [4294967294, 1, 2]}
[1]: Requesting flow stats...
[1]: Requesting flow stats...
[3]: Requesting flow stats...
[3]: Requesting flow stats...
[2]: Requesting flow stats...
[2]: Requesting flow stats...
[2]: Requesting flow stats...
[2]: Received flow stats
No flow stats received
[2]: Received flow stats
Number of received stats 523 from port 1
[2]: Received flow stats
More flow stats replies are expected from port 2
[2]: Received flow stats
Number of received stats 855 from port 2
[3]: Received flow stats
No flow stats received
[3]: Received flow stats
No flow stats received
[1]: Received flow stats
No flow stats received
[1]: Received flow stats
No flow stats received
15-04-2019 14:55:59 [DNN module] Processing 1890 packet_ins...
15-04-2019 14:56:01 [DNN module] After unifying we have 1890 packet_ins.
15-04-2019 14:56:04 [DNN module] Evaluation of the flows is going to be saved into ../results/pcap0-99_w20.dump
15-04-2019 14:56:04 [DNN module] Evaluation of the flows is successfully saved
15-04-2019 14:56:04 [DNN module] Number of saved flows is 349
15-04-2019 14:56:04 Warnings are 77
15-04-2019 14:56:04 Attacks are 2
15-04-2019 14:56:04 Applying warnings
15-04-2019 14:56:04 Warning: {'port_dst': 53, 'ipv4_src': '59.166.0.8', 'dst_count': 41, 'packets_dst': 2, 'ipv4_dst': '149.171.126.0', 'proto': 17, 'bytes_src': 174, 'packets_src': 2, 'port_src': 1416, 'bytes_dst': 206, 'srv_dst_count': 21}
15-04-2019 14:56:04 Meter ID: 1
15-04-2019 14:56:04 Params: {'ipv4_dst': '149.171.126.0', 'proto': 17, 'port_dst': 53, 'ipv4_src': '59.166.0.8', 'eth_type': 2048, 'port_src': 1416}
15-04-2019 14:56:04 [DNN module] Exception during applying warnings
15-04-2019 14:56:04 'eth_dst'
15-04-2019 14:56:04 [DNN module] Actual MAC to port table:
15-04-2019 14:56:04 Switch 1:
15-04-2019 14:56:04 00:00:00:00:00:02 1
15-04-2019 14:56:04 Switch 2:
15-04-2019 14:56:04 00:00:00:00:00:02 2
15-04-2019 14:56:04 00:00:00:00:00:01 1
15-04-2019 14:56:04 Switch 3:
15-04-2019 14:56:04 00:00:00:00:00:01 1
15-04-2019 14:56:04 [DNN module] Iteration done.
15-04-2019 14:56:04  ************************************************************
15-04-2019 14:56:24 [DNN module] Starting new iteration...
15-04-2019 14:56:24 [DNN module] Updating the status of the forwarders...
15-04-2019 14:56:24 [DNN module] Getting active ports of the forwarders...
15-04-2019 14:56:24 [DNN module] Datapath: <ryu.controller.controller.Datapath object at 0x7f376cbc9e10>
[1]: Requesting port stats...
15-04-2019 14:56:24 [DNN module] Datapath: <ryu.controller.controller.Datapath object at 0x7f376cbe56d0>
[3]: Requesting port stats...
15-04-2019 14:56:24 [DNN module] Datapath: <ryu.controller.controller.Datapath object at 0x7f376cbe5090>
[2]: Requesting port stats...
[3]: Received port stats
[2]: Received port stats
[1]: Received port stats
15-04-2019 14:56:25 [DNN module] Forwarders: {<ryu.controller.controller.Datapath object at 0x7f376cbc9e10>: [1, 4294967294], <ryu.controller.controller.Datapath object at 0x7f376cbe56d0>: [1, 4294967294], <ryu.controller.controller.Datapath object at 0x7f376cbe5090>: [4294967294, 1, 2]}
[1]: Requesting flow stats...
[1]: Requesting flow stats...
[3]: Requesting flow stats...
[3]: Requesting flow stats...
[2]: Requesting flow stats...
[2]: Requesting flow stats...
[2]: Requesting flow stats...
[2]: Received flow stats
No flow stats received
[2]: Received flow stats
More flow stats replies are expected from port 1
[2]: Received flow stats
More flow stats replies are expected from port 1
[2]: Received flow stats
Number of received stats 1238 from port 1
[2]: Received flow stats
More flow stats replies are expected from port 2
[2]: Received flow stats
More flow stats replies are expected from port 2
[2]: Received flow stats
More flow stats replies are expected from port 2
[2]: Received flow stats
Number of received stats 2301 from port 2
[3]: Received flow stats
No flow stats received
[3]: Received flow stats
No flow stats received
[1]: Received flow stats
No flow stats received
[1]: Received flow stats
No flow stats received
15-04-2019 14:56:31 [DNN module] Processing 4394 packet_ins...
15-04-2019 14:56:38 [DNN module] After unifying we have 4394 packet_ins.
15-04-2019 14:56:47 [DNN module] Evaluation of the flows is going to be saved into ../results/pcap0-99_w20.dump
15-04-2019 14:56:47 [DNN module] Evaluation of the flows is successfully saved
15-04-2019 14:56:47 [DNN module] Number of saved flows is 875
15-04-2019 14:56:47 Warnings are 1
15-04-2019 14:56:47 Attacks are 0
15-04-2019 14:56:47 Applying warnings
15-04-2019 14:56:47 Warning: {'port_dst': 80, 'ipv4_src': '175.45.176.3', 'dst_count': 1, 'packets_dst': 8, 'ipv4_dst': '149.171.126.11', 'proto': 6, 'bytes_src': 992, 'packets_src': 10, 'port_src': 31149, 'bytes_dst': 1544, 'srv_dst_count': 1}
15-04-2019 14:56:47 Meter ID: 1
15-04-2019 14:56:47 Params: {'ipv4_dst': '149.171.126.11', 'proto': 6, 'port_dst': 80, 'ipv4_src': '175.45.176.3', 'eth_type': 2048, 'port_src': 31149}
15-04-2019 14:56:47 [DNN module] Exception during applying warnings
15-04-2019 14:56:47 'eth_dst'
15-04-2019 14:56:47 [DNN module] Actual MAC to port table:
15-04-2019 14:56:47 Switch 1:
15-04-2019 14:56:47 00:00:00:00:00:02 1
15-04-2019 14:56:47 Switch 2:
15-04-2019 14:56:47 00:00:00:00:00:02 2
15-04-2019 14:56:47 00:00:00:00:00:01 1
15-04-2019 14:56:47 Switch 3:
15-04-2019 14:56:47 00:00:00:00:00:01 1
15-04-2019 14:56:47 [DNN module] Iteration done.
15-04-2019 14:56:47  ************************************************************
MeterStats of 3: ['meter_id=0x00000001 len=56 flow_count=0 packet_in_count=0 byte_in_count=0 duration_sec=133 duration_nsec=860000000 band_stats=[OFPMeterBandStats(byte_band_count=0,packet_band_count=0)]', 'meter_id=0x00000002 len=56 flow_count=0 packet_in_count=0 byte_in_count=0 duration_sec=133 duration_nsec=860000000 band_stats=[OFPMeterBandStats(byte_band_count=0,packet_band_count=0)]']
MeterStats of 1: ['meter_id=0x00000001 len=56 flow_count=0 packet_in_count=0 byte_in_count=0 duration_sec=133 duration_nsec=929000000 band_stats=[OFPMeterBandStats(byte_band_count=0,packet_band_count=0)]', 'meter_id=0x00000002 len=56 flow_count=0 packet_in_count=0 byte_in_count=0 duration_sec=133 duration_nsec=929000000 band_stats=[OFPMeterBandStats(byte_band_count=0,packet_band_count=0)]']
MeterStats of 2: ['meter_id=0x00000001 len=56 flow_count=1 packet_in_count=0 byte_in_count=0 duration_sec=133 duration_nsec=893000000 band_stats=[OFPMeterBandStats(byte_band_count=0,packet_band_count=0)]', 'meter_id=0x00000002 len=56 flow_count=0 packet_in_count=0 byte_in_count=0 duration_sec=133 duration_nsec=893000000 band_stats=[OFPMeterBandStats(byte_band_count=0,packet_band_count=0)]']
15-04-2019 14:57:07 [DNN module] Starting new iteration...
15-04-2019 14:57:07 [DNN module] Updating the status of the forwarders...
15-04-2019 14:57:07 [DNN module] Getting active ports of the forwarders...
15-04-2019 14:57:07 [DNN module] Datapath: <ryu.controller.controller.Datapath object at 0x7f376bf47610>
[3]: Requesting port stats...
15-04-2019 14:57:07 [DNN module] Datapath: <ryu.controller.controller.Datapath object at 0x7f376bf475d0>
[1]: Requesting port stats...
15-04-2019 14:57:07 [DNN module] Datapath: <ryu.controller.controller.Datapath object at 0x7f376bf476d0>
[2]: Requesting port stats...
[3]: Received port stats
[2]: Received port stats
[1]: Received port stats
15-04-2019 14:57:08 [DNN module] Forwarders: {<ryu.controller.controller.Datapath object at 0x7f376bf47610>: [1, 4294967294], <ryu.controller.controller.Datapath object at 0x7f376bf475d0>: [1, 4294967294], <ryu.controller.controller.Datapath object at 0x7f376bf476d0>: [4294967294, 1, 2]}
[3]: Requesting flow stats...
[3]: Requesting flow stats...
[1]: Requesting flow stats...
[1]: Requesting flow stats...
[2]: Requesting flow stats...
[2]: Requesting flow stats...
[2]: Requesting flow stats...
[2]: Received flow stats
No flow stats received
[2]: Received flow stats
More flow stats replies are expected from port 1
[2]: Received flow stats
More flow stats replies are expected from port 1
[2]: Received flow stats
Number of received stats 1380 from port 1
[2]: Received flow stats
More flow stats replies are expected from port 2
[2]: Received flow stats
More flow stats replies are expected from port 2
[2]: Received flow stats
More flow stats replies are expected from port 2
[2]: Received flow stats
More flow stats replies are expected from port 2
[2]: Received flow stats
More flow stats replies are expected from port 2
[2]: Received flow stats
Number of received stats 3162 from port 2
[3]: Received flow stats
No flow stats received
[3]: Received flow stats
No flow stats received
[1]: Received flow stats
No flow stats received
[1]: Received flow stats
No flow stats received
15-04-2019 14:57:15 [DNN module] Processing 3733 packet_ins...
15-04-2019 14:57:21 [DNN module] After unifying we have 3733 packet_ins.
15-04-2019 14:57:29 [DNN module] Evaluation of the flows is going to be saved into ../results/pcap0-99_w20.dump
15-04-2019 14:57:29 [DNN module] Evaluation of the flows is successfully saved
15-04-2019 14:57:29 [DNN module] Number of saved flows is 820
15-04-2019 14:57:29 Warnings are 9
15-04-2019 14:57:29 Attacks are 3
15-04-2019 14:57:29 Applying warnings
15-04-2019 14:57:29 Warning: {'port_dst': 61361, 'ipv4_src': '59.166.0.0', 'dst_count': 53, 'packets_dst': 58, 'ipv4_dst': '149.171.126.0', 'proto': 6, 'bytes_src': 1234, 'packets_src': 14, 'port_src': 21702, 'bytes_dst': 54140, 'srv_dst_count': 1}
15-04-2019 14:57:29 Meter ID: 1
15-04-2019 14:57:29 Params: {'ipv4_dst': '149.171.126.0', 'proto': 6, 'port_dst': 61361, 'ipv4_src': '59.166.0.0', 'eth_type': 2048, 'port_src': 21702}
15-04-2019 14:57:29 [DNN module] Exception during applying warnings
15-04-2019 14:57:29 'eth_dst'
15-04-2019 14:57:29 [DNN module] Actual MAC to port table:
15-04-2019 14:57:29 Switch 1:
15-04-2019 14:57:29 00:00:00:00:00:02 1
15-04-2019 14:57:29 Switch 2:
15-04-2019 14:57:29 00:00:00:00:00:02 2
15-04-2019 14:57:29 00:00:00:00:00:01 1
15-04-2019 14:57:29 Switch 3:
15-04-2019 14:57:29 00:00:00:00:00:01 1
15-04-2019 14:57:29 [DNN module] Iteration done.
15-04-2019 14:57:29  ************************************************************
MeterStats of 1: ['meter_id=0x00000001 len=56 flow_count=0 packet_in_count=0 byte_in_count=0 duration_sec=176 duration_nsec=531000000 band_stats=[OFPMeterBandStats(byte_band_count=0,packet_band_count=0)]', 'meter_id=0x00000002 len=56 flow_count=0 packet_in_count=0 byte_in_count=0 duration_sec=176 duration_nsec=531000000 band_stats=[OFPMeterBandStats(byte_band_count=0,packet_band_count=0)]']
MeterStats of 3: ['meter_id=0x00000001 len=56 flow_count=0 packet_in_count=0 byte_in_count=0 duration_sec=176 duration_nsec=583000000 band_stats=[OFPMeterBandStats(byte_band_count=0,packet_band_count=0)]', 'meter_id=0x00000002 len=56 flow_count=0 packet_in_count=0 byte_in_count=0 duration_sec=176 duration_nsec=583000000 band_stats=[OFPMeterBandStats(byte_band_count=0,packet_band_count=0)]']
MeterStats of 2: ['meter_id=0x00000001 len=56 flow_count=1 packet_in_count=0 byte_in_count=0 duration_sec=176 duration_nsec=616000000 band_stats=[OFPMeterBandStats(byte_band_count=0,packet_band_count=0)]', 'meter_id=0x00000002 len=56 flow_count=0 packet_in_count=0 byte_in_count=0 duration_sec=176 duration_nsec=616000000 band_stats=[OFPMeterBandStats(byte_band_count=0,packet_band_count=0)]']
15-04-2019 14:57:49 [DNN module] Starting new iteration...
15-04-2019 14:57:49 [DNN module] Updating the status of the forwarders...
15-04-2019 14:57:49 [DNN module] Getting active ports of the forwarders...
15-04-2019 14:57:49 [DNN module] Datapath: <ryu.controller.controller.Datapath object at 0x7f376a14ff50>
[1]: Requesting port stats...
15-04-2019 14:57:49 [DNN module] Datapath: <ryu.controller.controller.Datapath object at 0x7f376cb003d0>
[3]: Requesting port stats...
15-04-2019 14:57:49 [DNN module] Datapath: <ryu.controller.controller.Datapath object at 0x7f376961b450>
[2]: Requesting port stats...
[1]: Received port stats
[3]: Received port stats
[2]: Received port stats
15-04-2019 14:57:50 [DNN module] Forwarders: {<ryu.controller.controller.Datapath object at 0x7f376a14ff50>: [1, 4294967294], <ryu.controller.controller.Datapath object at 0x7f376cb003d0>: [1, 4294967294], <ryu.controller.controller.Datapath object at 0x7f376961b450>: [4294967294, 1, 2]}
[1]: Requesting flow stats...
[1]: Requesting flow stats...
[3]: Requesting flow stats...
[3]: Requesting flow stats...
[2]: Requesting flow stats...
[2]: Requesting flow stats...
[2]: Requesting flow stats...
[2]: Received flow stats
No flow stats received
[2]: Received flow stats
More flow stats replies are expected from port 1
[2]: Received flow stats
More flow stats replies are expected from port 1
[2]: Received flow stats
Number of received stats 1583 from port 1
[2]: Received flow stats
More flow stats replies are expected from port 2
[2]: Received flow stats
More flow stats replies are expected from port 2
[2]: Received flow stats
More flow stats replies are expected from port 2
[2]: Received flow stats
More flow stats replies are expected from port 2
[3]: Received flow stats
No flow stats received
[2]: Received flow stats
More flow stats replies are expected from port 2
[3]: Received flow stats
No flow stats received
[2]: Received flow stats
More flow stats replies are expected from port 2
[2]: Received flow stats
Number of received stats 3730 from port 2
[1]: Received flow stats
No flow stats received
[1]: Received flow stats
No flow stats received
15-04-2019 14:57:58 [DNN module] Processing 2973 packet_ins...
15-04-2019 14:58:02 [DNN module] After unifying we have 2973 packet_ins.
15-04-2019 14:58:07 [DNN module] Evaluation of the flows is going to be saved into ../results/pcap0-99_w20.dump
15-04-2019 14:58:07 [DNN module] Evaluation of the flows is successfully saved
15-04-2019 14:58:07 [DNN module] Number of saved flows is 537
15-04-2019 14:58:07 Warnings are 42
15-04-2019 14:58:07 Attacks are 9
15-04-2019 14:58:07 Applying warnings
15-04-2019 14:58:07 Warning: {'port_dst': 61361, 'ipv4_src': '59.166.0.0', 'dst_count': 48, 'packets_dst': 12, 'ipv4_dst': '149.171.126.0', 'proto': 6, 'bytes_src': 396, 'packets_src': 6, 'port_src': 21702, 'bytes_dst': 11192, 'srv_dst_count': 1}
15-04-2019 14:58:07 Meter ID: 1
15-04-2019 14:58:07 Params: {'ipv4_dst': '149.171.126.0', 'proto': 6, 'port_dst': 61361, 'ipv4_src': '59.166.0.0', 'eth_type': 2048, 'port_src': 21702}
15-04-2019 14:58:07 [DNN module] Exception during applying warnings
15-04-2019 14:58:07 'eth_dst'
15-04-2019 14:58:07 [DNN module] Actual MAC to port table:
15-04-2019 14:58:07 Switch 1:
15-04-2019 14:58:07 00:00:00:00:00:02 1
15-04-2019 14:58:07 Switch 2:
15-04-2019 14:58:07 00:00:00:00:00:02 2
15-04-2019 14:58:07 00:00:00:00:00:01 1
15-04-2019 14:58:07 Switch 3:
15-04-2019 14:58:07 00:00:00:00:00:01 1
15-04-2019 14:58:07 [DNN module] Iteration done.
15-04-2019 14:58:07  ************************************************************
MeterStats of 2: ['meter_id=0x00000001 len=56 flow_count=1 packet_in_count=0 byte_in_count=0 duration_sec=214 duration_nsec=545000000 band_stats=[OFPMeterBandStats(byte_band_count=0,packet_band_count=0)]', 'meter_id=0x00000002 len=56 flow_count=0 packet_in_count=0 byte_in_count=0 duration_sec=214 duration_nsec=545000000 band_stats=[OFPMeterBandStats(byte_band_count=0,packet_band_count=0)]']
MeterStats of 3: ['meter_id=0x00000001 len=56 flow_count=0 packet_in_count=0 byte_in_count=0 duration_sec=214 duration_nsec=512000000 band_stats=[OFPMeterBandStats(byte_band_count=0,packet_band_count=0)]', 'meter_id=0x00000002 len=56 flow_count=0 packet_in_count=0 byte_in_count=0 duration_sec=214 duration_nsec=512000000 band_stats=[OFPMeterBandStats(byte_band_count=0,packet_band_count=0)]']
MeterStats of 1: ['meter_id=0x00000001 len=56 flow_count=0 packet_in_count=0 byte_in_count=0 duration_sec=214 duration_nsec=580000000 band_stats=[OFPMeterBandStats(byte_band_count=0,packet_band_count=0)]', 'meter_id=0x00000002 len=56 flow_count=0 packet_in_count=0 byte_in_count=0 duration_sec=214 duration_nsec=580000000 band_stats=[OFPMeterBandStats(byte_band_count=0,packet_band_count=0)]']
15-04-2019 14:58:27 [DNN module] Starting new iteration...
15-04-2019 14:58:27 [DNN module] Updating the status of the forwarders...
15-04-2019 14:58:27 [DNN module] Getting active ports of the forwarders...
15-04-2019 14:58:27 [DNN module] Datapath: <ryu.controller.controller.Datapath object at 0x7f376bbf0110>
[3]: Requesting port stats...
15-04-2019 14:58:27 [DNN module] Datapath: <ryu.controller.controller.Datapath object at 0x7f376b016e50>
[1]: Requesting port stats...
15-04-2019 14:58:27 [DNN module] Datapath: <ryu.controller.controller.Datapath object at 0x7f376bbf01d0>
[2]: Requesting port stats...
[3]: Received port stats
[1]: Received port stats
[2]: Received port stats
15-04-2019 14:58:28 [DNN module] Forwarders: {<ryu.controller.controller.Datapath object at 0x7f376bbf0110>: [1, 4294967294], <ryu.controller.controller.Datapath object at 0x7f376b016e50>: [1, 4294967294], <ryu.controller.controller.Datapath object at 0x7f376bbf01d0>: [4294967294, 1, 2]}
[3]: Requesting flow stats...
[3]: Requesting flow stats...
[1]: Requesting flow stats...
[1]: Requesting flow stats...
[2]: Requesting flow stats...
[2]: Requesting flow stats...
[2]: Requesting flow stats...
[3]: Received flow stats
No flow stats received
[2]: Received flow stats
No flow stats received
[3]: Received flow stats
No flow stats received
[2]: Received flow stats
More flow stats replies are expected from port 1
[2]: Received flow stats
More flow stats replies are expected from port 1
[2]: Received flow stats
More flow stats replies are expected from port 1
[2]: Received flow stats
Number of received stats 1795 from port 1
[2]: Received flow stats
More flow stats replies are expected from port 2
[2]: Received flow stats
More flow stats replies are expected from port 2
[2]: Received flow stats
More flow stats replies are expected from port 2
[2]: Received flow stats
More flow stats replies are expected from port 2
[2]: Received flow stats
More flow stats replies are expected from port 2
[2]: Received flow stats
More flow stats replies are expected from port 2
[2]: Received flow stats
More flow stats replies are expected from port 2
[2]: Received flow stats
Number of received stats 4257 from port 2
[1]: Received flow stats
No flow stats received
[1]: Received flow stats
No flow stats received
15-04-2019 14:58:39 [DNN module] Processing 5380 packet_ins...
15-04-2019 14:58:50 [DNN module] After unifying we have 5380 packet_ins.
15-04-2019 14:58:58 [DNN module] Evaluation of the flows is going to be saved into ../results/pcap0-99_w20.dump
15-04-2019 14:58:58 [DNN module] Evaluation of the flows is successfully saved
15-04-2019 14:58:58 [DNN module] Number of saved flows is 328
15-04-2019 14:58:58 Warnings are 29
15-04-2019 14:58:58 Attacks are 10
15-04-2019 14:58:58 Applying warnings
15-04-2019 14:58:58 Warning: {'port_dst': 3071, 'ipv4_src': '59.166.0.6', 'dst_count': 44, 'packets_dst': 16, 'ipv4_dst': '149.171.126.1', 'proto': 6, 'bytes_src': 264, 'packets_src': 4, 'port_src': 47925, 'bytes_dst': 16656, 'srv_dst_count': 1}
15-04-2019 14:58:58 Meter ID: 1
15-04-2019 14:58:58 Params: {'ipv4_dst': '149.171.126.1', 'proto': 6, 'port_dst': 3071, 'ipv4_src': '59.166.0.6', 'eth_type': 2048, 'port_src': 47925}
15-04-2019 14:58:58 [DNN module] Exception during applying warnings
15-04-2019 14:58:58 'eth_dst'
15-04-2019 14:58:58 [DNN module] Actual MAC to port table:
15-04-2019 14:58:58 Switch 1:
15-04-2019 14:58:58 00:00:00:00:00:02 1
15-04-2019 14:58:58 Switch 2:
15-04-2019 14:58:58 00:00:00:00:00:02 2
15-04-2019 14:58:58 00:00:00:00:00:01 1
15-04-2019 14:58:58 Switch 3:
15-04-2019 14:58:58 00:00:00:00:00:01 1
15-04-2019 14:58:58 [DNN module] Iteration done.
15-04-2019 14:58:58  ************************************************************
MeterStats of 1: ['meter_id=0x00000001 len=56 flow_count=0 packet_in_count=0 byte_in_count=0 duration_sec=265 duration_nsec=167000000 band_stats=[OFPMeterBandStats(byte_band_count=0,packet_band_count=0)]', 'meter_id=0x00000002 len=56 flow_count=0 packet_in_count=0 byte_in_count=0 duration_sec=265 duration_nsec=167000000 band_stats=[OFPMeterBandStats(byte_band_count=0,packet_band_count=0)]']
MeterStats of 3: ['meter_id=0x00000001 len=56 flow_count=0 packet_in_count=0 byte_in_count=0 duration_sec=265 duration_nsec=204000000 band_stats=[OFPMeterBandStats(byte_band_count=0,packet_band_count=0)]', 'meter_id=0x00000002 len=56 flow_count=0 packet_in_count=0 byte_in_count=0 duration_sec=265 duration_nsec=204000000 band_stats=[OFPMeterBandStats(byte_band_count=0,packet_band_count=0)]']
MeterStats of 2: ['meter_id=0x00000001 len=56 flow_count=1 packet_in_count=0 byte_in_count=0 duration_sec=265 duration_nsec=237000000 band_stats=[OFPMeterBandStats(byte_band_count=0,packet_band_count=0)]', 'meter_id=0x00000002 len=56 flow_count=0 packet_in_count=0 byte_in_count=0 duration_sec=265 duration_nsec=237000000 band_stats=[OFPMeterBandStats(byte_band_count=0,packet_band_count=0)]']
15-04-2019 14:59:18 [DNN module] Starting new iteration...
15-04-2019 14:59:18 [DNN module] Updating the status of the forwarders...
15-04-2019 14:59:18 [DNN module] Getting active ports of the forwarders...
15-04-2019 14:59:18 [DNN module] Datapath: <ryu.controller.controller.Datapath object at 0x7f376aa6fd90>
[3]: Requesting port stats...
15-04-2019 14:59:18 [DNN module] Datapath: <ryu.controller.controller.Datapath object at 0x7f376aa6fcd0>
[1]: Requesting port stats...
15-04-2019 14:59:18 [DNN module] Datapath: <ryu.controller.controller.Datapath object at 0x7f376aa76210>
[2]: Requesting port stats...
[2]: Received port stats
[3]: Received port stats
[1]: Received port stats
15-04-2019 14:59:19 [DNN module] Forwarders: {<ryu.controller.controller.Datapath object at 0x7f376aa6fd90>: [1, 4294967294], <ryu.controller.controller.Datapath object at 0x7f376aa6fcd0>: [1, 4294967294], <ryu.controller.controller.Datapath object at 0x7f376aa76210>: [4294967294, 1, 2]}
[3]: Requesting flow stats...
[3]: Requesting flow stats...
[1]: Requesting flow stats...
[1]: Requesting flow stats...
[2]: Requesting flow stats...
[2]: Requesting flow stats...
[2]: Requesting flow stats...
[1]: Received flow stats
No flow stats received
[1]: Received flow stats
No flow stats received
[2]: Received flow stats
No flow stats received
[3]: Received flow stats
No flow stats received
[3]: Received flow stats
No flow stats received
[2]: Received flow stats
More flow stats replies are expected from port 1
[2]: Received flow stats
More flow stats replies are expected from port 1
[2]: Received flow stats
More flow stats replies are expected from port 1
[2]: Received flow stats
Number of received stats 1811 from port 1
[2]: Received flow stats
More flow stats replies are expected from port 2
[2]: Received flow stats
More flow stats replies are expected from port 2
[2]: Received flow stats
More flow stats replies are expected from port 2
[2]: Received flow stats
More flow stats replies are expected from port 2
[2]: Received flow stats
More flow stats replies are expected from port 2
[2]: Received flow stats
More flow stats replies are expected from port 2
[2]: Received flow stats
More flow stats replies are expected from port 2
[2]: Received flow stats
Number of received stats 4290 from port 2
15-04-2019 14:59:30 [DNN module] Processing 3232 packet_ins...
15-04-2019 14:59:34 [DNN module] After unifying we have 3232 packet_ins.
15-04-2019 14:59:39 [DNN module] Evaluation of the flows is going to be saved into ../results/pcap0-99_w20.dump
15-04-2019 14:59:39 [DNN module] Evaluation of the flows is successfully saved
15-04-2019 14:59:39 [DNN module] Number of saved flows is 73
15-04-2019 14:59:39 Warnings are 0
15-04-2019 14:59:39 Attacks are 5
15-04-2019 14:59:39 Applying warnings
15-04-2019 14:59:39 [DNN module] Actual MAC to port table:
15-04-2019 14:59:39 Switch 1:
15-04-2019 14:59:39 00:00:00:00:00:02 1
15-04-2019 14:59:39 Switch 2:
15-04-2019 14:59:39 00:00:00:00:00:02 2
15-04-2019 14:59:39 00:00:00:00:00:01 1
15-04-2019 14:59:39 Switch 3:
15-04-2019 14:59:39 00:00:00:00:00:01 1
15-04-2019 14:59:39 [DNN module] Iteration done.
15-04-2019 14:59:39  ************************************************************
MeterStats of 2: ['meter_id=0x00000001 len=56 flow_count=1 packet_in_count=0 byte_in_count=0 duration_sec=305 duration_nsec=459000000 band_stats=[OFPMeterBandStats(byte_band_count=0,packet_band_count=0)]', 'meter_id=0x00000002 len=56 flow_count=0 packet_in_count=0 byte_in_count=0 duration_sec=305 duration_nsec=459000000 band_stats=[OFPMeterBandStats(byte_band_count=0,packet_band_count=0)]']
MeterStats of 1: ['meter_id=0x00000001 len=56 flow_count=0 packet_in_count=0 byte_in_count=0 duration_sec=306 duration_nsec=288000000 band_stats=[OFPMeterBandStats(byte_band_count=0,packet_band_count=0)]', 'meter_id=0x00000002 len=56 flow_count=0 packet_in_count=0 byte_in_count=0 duration_sec=306 duration_nsec=288000000 band_stats=[OFPMeterBandStats(byte_band_count=0,packet_band_count=0)]']
MeterStats of 3: ['meter_id=0x00000001 len=56 flow_count=0 packet_in_count=0 byte_in_count=0 duration_sec=306 duration_nsec=223000000 band_stats=[OFPMeterBandStats(byte_band_count=0,packet_band_count=0)]', 'meter_id=0x00000002 len=56 flow_count=0 packet_in_count=0 byte_in_count=0 duration_sec=306 duration_nsec=223000000 band_stats=[OFPMeterBandStats(byte_band_count=0,packet_band_count=0)]']
15-04-2019 14:59:59 [DNN module] Starting new iteration...
15-04-2019 14:59:59 [DNN module] Updating the status of the forwarders...
15-04-2019 14:59:59 [DNN module] Getting active ports of the forwarders...
15-04-2019 14:59:59 [DNN module] Datapath: <ryu.controller.controller.Datapath object at 0x7f376b804f50>
[3]: Requesting port stats...
15-04-2019 14:59:59 [DNN module] Datapath: <ryu.controller.controller.Datapath object at 0x7f376b804310>
[1]: Requesting port stats...
15-04-2019 14:59:59 [DNN module] Datapath: <ryu.controller.controller.Datapath object at 0x7f376a700a90>
[2]: Requesting port stats...
[1]: Received port stats
[3]: Received port stats
[2]: Received port stats
15-04-2019 15:00:00 [DNN module] Forwarders: {<ryu.controller.controller.Datapath object at 0x7f376b804f50>: [1, 4294967294], <ryu.controller.controller.Datapath object at 0x7f376b804310>: [1, 4294967294], <ryu.controller.controller.Datapath object at 0x7f376a700a90>: [4294967294, 1, 2]}
[3]: Requesting flow stats...
[3]: Requesting flow stats...
[1]: Requesting flow stats...
[1]: Requesting flow stats...
[2]: Requesting flow stats...
[2]: Requesting flow stats...
[2]: Requesting flow stats...
[2]: Received flow stats
No flow stats received
[1]: Received flow stats
No flow stats received
[1]: Received flow stats
No flow stats received
[3]: Received flow stats
No flow stats received
[3]: Received flow stats
No flow stats received
[2]: Received flow stats
More flow stats replies are expected from port 1
[2]: Received flow stats
More flow stats replies are expected from port 1
[2]: Received flow stats
More flow stats replies are expected from port 1
[2]: Received flow stats
Number of received stats 1811 from port 1
[2]: Received flow stats
More flow stats replies are expected from port 2
[2]: Received flow stats
More flow stats replies are expected from port 2
[2]: Received flow stats
More flow stats replies are expected from port 2
[2]: Received flow stats
More flow stats replies are expected from port 2
[2]: Received flow stats
More flow stats replies are expected from port 2
[2]: Received flow stats
More flow stats replies are expected from port 2
[2]: Received flow stats
More flow stats replies are expected from port 2
[2]: Received flow stats
Number of received stats 4290 from port 2
15-04-2019 15:00:11 [DNN module] No new packet_ins.
15-04-2019 15:00:11 [DNN module] No flow stats available
15-04-2019 15:00:11 [DNN module] Actual MAC to port table:
15-04-2019 15:00:11 Switch 1:
15-04-2019 15:00:11 00:00:00:00:00:02 1
15-04-2019 15:00:11 Switch 2:
15-04-2019 15:00:11 00:00:00:00:00:02 2
15-04-2019 15:00:11 00:00:00:00:00:01 1
15-04-2019 15:00:11 Switch 3:
15-04-2019 15:00:11 00:00:00:00:00:01 1
15-04-2019 15:00:11 [DNN module] Iteration done.
15-04-2019 15:00:11  ************************************************************
MeterStats of 1: ['meter_id=0x00000001 len=56 flow_count=0 packet_in_count=0 byte_in_count=0 duration_sec=338 duration_nsec=267000000 band_stats=[OFPMeterBandStats(byte_band_count=0,packet_band_count=0)]', 'meter_id=0x00000002 len=56 flow_count=0 packet_in_count=0 byte_in_count=0 duration_sec=338 duration_nsec=267000000 band_stats=[OFPMeterBandStats(byte_band_count=0,packet_band_count=0)]']
MeterStats of 3: ['meter_id=0x00000001 len=56 flow_count=0 packet_in_count=0 byte_in_count=0 duration_sec=338 duration_nsec=202000000 band_stats=[OFPMeterBandStats(byte_band_count=0,packet_band_count=0)]', 'meter_id=0x00000002 len=56 flow_count=0 packet_in_count=0 byte_in_count=0 duration_sec=338 duration_nsec=202000000 band_stats=[OFPMeterBandStats(byte_band_count=0,packet_band_count=0)]']
15-04-2019 15:00:31 [DNN module] Starting new iteration...
15-04-2019 15:00:31 [DNN module] Updating the status of the forwarders...
15-04-2019 15:00:31 [DNN module] Getting active ports of the forwarders...
15-04-2019 15:00:31 [DNN module] Datapath: <ryu.controller.controller.Datapath object at 0x7f376bdca210>
[3]: Requesting port stats...
15-04-2019 15:00:31 [DNN module] Datapath: <ryu.controller.controller.Datapath object at 0x7f376bdbf650>
[1]: Requesting port stats...
15-04-2019 15:00:31 [DNN module] Datapath: <ryu.controller.controller.Datapath object at 0x7f376a700a90>
[2]: Requesting port stats...
[1]: Received port stats
[3]: Received port stats
[2]: Received port stats
15-04-2019 15:00:32 [DNN module] Forwarders: {<ryu.controller.controller.Datapath object at 0x7f376bdca210>: [1, 4294967294], <ryu.controller.controller.Datapath object at 0x7f376bdbf650>: [1, 4294967294], <ryu.controller.controller.Datapath object at 0x7f376a700a90>: [4294967294, 1, 2]}
[3]: Requesting flow stats...
[3]: Requesting flow stats...
[1]: Requesting flow stats...
[1]: Requesting flow stats...
[2]: Requesting flow stats...
[2]: Requesting flow stats...
[2]: Requesting flow stats...
[1]: Received flow stats
No flow stats received
[1]: Received flow stats
No flow stats received
[3]: Received flow stats
No flow stats received
[3]: Received flow stats
No flow stats received
[2]: Received flow stats
No flow stats received
[2]: Received flow stats
More flow stats replies are expected from port 1
[2]: Received flow stats
More flow stats replies are expected from port 1
[2]: Received flow stats
More flow stats replies are expected from port 1
[2]: Received flow stats
Number of received stats 1811 from port 1
[2]: Received flow stats
More flow stats replies are expected from port 2
[2]: Received flow stats
More flow stats replies are expected from port 2
[2]: Received flow stats
More flow stats replies are expected from port 2
[2]: Received flow stats
More flow stats replies are expected from port 2
[2]: Received flow stats
More flow stats replies are expected from port 2
[2]: Received flow stats
More flow stats replies are expected from port 2
[2]: Received flow stats
More flow stats replies are expected from port 2
[2]: Received flow stats
Number of received stats 4290 from port 2
15-04-2019 15:00:44 [DNN module] No new packet_ins.
15-04-2019 15:00:44 [DNN module] No flow stats available
15-04-2019 15:00:44 [DNN module] Actual MAC to port table:
15-04-2019 15:00:44 Switch 1:
15-04-2019 15:00:44 00:00:00:00:00:02 1
15-04-2019 15:00:44 Switch 2:
15-04-2019 15:00:44 00:00:00:00:00:02 2
15-04-2019 15:00:44 00:00:00:00:00:01 1
15-04-2019 15:00:44 Switch 3:
15-04-2019 15:00:44 00:00:00:00:00:01 1
15-04-2019 15:00:44 [DNN module] Iteration done.
15-04-2019 15:00:44  ************************************************************
MeterStats of 1: ['meter_id=0x00000001 len=56 flow_count=0 packet_in_count=0 byte_in_count=0 duration_sec=371 duration_nsec=289000000 band_stats=[OFPMeterBandStats(byte_band_count=0,packet_band_count=0)]', 'meter_id=0x00000002 len=56 flow_count=0 packet_in_count=0 byte_in_count=0 duration_sec=371 duration_nsec=289000000 band_stats=[OFPMeterBandStats(byte_band_count=0,packet_band_count=0)]']
MeterStats of 3: ['meter_id=0x00000001 len=56 flow_count=0 packet_in_count=0 byte_in_count=0 duration_sec=371 duration_nsec=224000000 band_stats=[OFPMeterBandStats(byte_band_count=0,packet_band_count=0)]', 'meter_id=0x00000002 len=56 flow_count=0 packet_in_count=0 byte_in_count=0 duration_sec=371 duration_nsec=224000000 band_stats=[OFPMeterBandStats(byte_band_count=0,packet_band_count=0)]']
15-04-2019 15:01:04 [DNN module] Starting new iteration...
15-04-2019 15:01:04 [DNN module] Updating the status of the forwarders...
15-04-2019 15:01:04 [DNN module] Getting active ports of the forwarders...
15-04-2019 15:01:04 [DNN module] Datapath: <ryu.controller.controller.Datapath object at 0x7f37692cb850>
[3]: Requesting port stats...
15-04-2019 15:01:04 [DNN module] Datapath: <ryu.controller.controller.Datapath object at 0x7f37692cb510>
[1]: Requesting port stats...
15-04-2019 15:01:04 [DNN module] Datapath: <ryu.controller.controller.Datapath object at 0x7f376a700a90>
[2]: Requesting port stats...
[2]: Received port stats
[1]: Received port stats
[3]: Received port stats
15-04-2019 15:01:05 [DNN module] Forwarders: {<ryu.controller.controller.Datapath object at 0x7f37692cb850>: [1, 4294967294], <ryu.controller.controller.Datapath object at 0x7f37692cb510>: [1, 4294967294], <ryu.controller.controller.Datapath object at 0x7f376a700a90>: [4294967294, 1, 2]}
[3]: Requesting flow stats...
[3]: Requesting flow stats...
[1]: Requesting flow stats...
[1]: Requesting flow stats...
[2]: Requesting flow stats...
[2]: Requesting flow stats...
[2]: Requesting flow stats...
[1]: Received flow stats
No flow stats received
[1]: Received flow stats
No flow stats received
[3]: Received flow stats
No flow stats received
[3]: Received flow stats
No flow stats received
[2]: Received flow stats
No flow stats received
[2]: Received flow stats
More flow stats replies are expected from port 1
[2]: Received flow stats
More flow stats replies are expected from port 1
[2]: Received flow stats
More flow stats replies are expected from port 1
[2]: Received flow stats
Number of received stats 1811 from port 1
[2]: Received flow stats
More flow stats replies are expected from port 2
[2]: Received flow stats
More flow stats replies are expected from port 2
[2]: Received flow stats
More flow stats replies are expected from port 2
[2]: Received flow stats
More flow stats replies are expected from port 2
[2]: Received flow stats
More flow stats replies are expected from port 2
[2]: Received flow stats
More flow stats replies are expected from port 2
[2]: Received flow stats
More flow stats replies are expected from port 2
[2]: Received flow stats
Number of received stats 4290 from port 2
15-04-2019 15:01:20 [DNN module] No new packet_ins.
15-04-2019 15:01:20 [DNN module] No flow stats available
15-04-2019 15:01:20 [DNN module] Actual MAC to port table:
15-04-2019 15:01:20 Switch 1:
15-04-2019 15:01:20 00:00:00:00:00:02 1
15-04-2019 15:01:20 Switch 2:
15-04-2019 15:01:20 00:00:00:00:00:02 2
15-04-2019 15:01:20 00:00:00:00:00:01 1
15-04-2019 15:01:20 Switch 3:
15-04-2019 15:01:20 00:00:00:00:00:01 1
15-04-2019 15:01:20 [DNN module] Iteration done.
15-04-2019 15:01:20  ************************************************************
MeterStats of 1: ['meter_id=0x00000001 len=56 flow_count=0 packet_in_count=0 byte_in_count=0 duration_sec=407 duration_nsec=376000000 band_stats=[OFPMeterBandStats(byte_band_count=0,packet_band_count=0)]', 'meter_id=0x00000002 len=56 flow_count=0 packet_in_count=0 byte_in_count=0 duration_sec=407 duration_nsec=376000000 band_stats=[OFPMeterBandStats(byte_band_count=0,packet_band_count=0)]']
MeterStats of 3: ['meter_id=0x00000001 len=56 flow_count=0 packet_in_count=0 byte_in_count=0 duration_sec=407 duration_nsec=312000000 band_stats=[OFPMeterBandStats(byte_band_count=0,packet_band_count=0)]', 'meter_id=0x00000002 len=56 flow_count=0 packet_in_count=0 byte_in_count=0 duration_sec=407 duration_nsec=312000000 band_stats=[OFPMeterBandStats(byte_band_count=0,packet_band_count=0)]']
MeterStats of 2: ['meter_id=0x00000001 len=56 flow_count=1 packet_in_count=0 byte_in_count=0 duration_sec=407 duration_nsec=345000000 band_stats=[OFPMeterBandStats(byte_band_count=0,packet_band_count=0)]', 'meter_id=0x00000002 len=56 flow_count=0 packet_in_count=0 byte_in_count=0 duration_sec=407 duration_nsec=345000000 band_stats=[OFPMeterBandStats(byte_band_count=0,packet_band_count=0)]']
